<?xml version="1.0" encoding="UTF-8"?>
<testsuite xmlns:xsi="http://www.w3.org/2001/XMLSchema-instance" xsi:noNamespaceSchemaLocation="https://maven.apache.org/surefire/maven-surefire-plugin/xsd/surefire-test-report.xsd" name="EvoMaster_successes_Test" time="9.946" tests="43" errors="0" skipped="0" failures="11">
  <properties>
    <property name="sun.desktop" value="gnome"/>
    <property name="awt.toolkit" value="sun.awt.X11.XToolkit"/>
    <property name="file.encoding.pkg" value="sun.io"/>
    <property name="java.specification.version" value="1.8"/>
    <property name="sun.cpu.isalist" value=""/>
    <property name="sun.jnu.encoding" value="UTF-8"/>
    <property name="java.class.path" value="/media/rincon/63999417195/eclipse-workspace/EMB-master/jdk_8_maven/cs/rest/original/restcountries/target/test-classes:/media/rincon/63999417195/eclipse-workspace/EMB-master/jdk_8_maven/cs/rest/original/restcountries/target/classes:/home/rincon/.m2/repository/org/jboss/resteasy/resteasy-jaxb-provider/4.5.8.Final/resteasy-jaxb-provider-4.5.8.Final.jar:/home/rincon/.m2/repository/org/jboss/spec/javax/xml/bind/jboss-jaxb-api_2.3_spec/1.0.1.Final/jboss-jaxb-api_2.3_spec-1.0.1.Final.jar:/home/rincon/.m2/repository/org/glassfish/jaxb/jaxb-runtime/2.3.3-b02/jaxb-runtime-2.3.3-b02.jar:/home/rincon/.m2/repository/org/glassfish/jaxb/txw2/2.3.3-b02/txw2-2.3.3-b02.jar:/home/rincon/.m2/repository/com/sun/istack/istack-commons-runtime/3.0.10/istack-commons-runtime-3.0.10.jar:/home/rincon/.m2/repository/com/sun/activation/jakarta.activation/1.2.1/jakarta.activation-1.2.1.jar:/home/rincon/.m2/repository/org/jboss/logging/jboss-logging/3.3.2.Final/jboss-logging-3.3.2.Final.jar:/home/rincon/.m2/repository/org/jboss/resteasy/resteasy-servlet-initializer/4.5.8.Final/resteasy-servlet-initializer-4.5.8.Final.jar:/home/rincon/.m2/repository/org/jboss/resteasy/resteasy-core/4.5.8.Final/resteasy-core-4.5.8.Final.jar:/home/rincon/.m2/repository/org/reactivestreams/reactive-streams/1.0.3/reactive-streams-1.0.3.jar:/home/rincon/.m2/repository/com/ibm/async/asyncutil/0.1.0/asyncutil-0.1.0.jar:/home/rincon/.m2/repository/org/jboss/spec/javax/annotation/jboss-annotations-api_1.3_spec/2.0.1.Final/jboss-annotations-api_1.3_spec-2.0.1.Final.jar:/home/rincon/.m2/repository/org/eclipse/microprofile/config/microprofile-config-api/1.4/microprofile-config-api-1.4.jar:/home/rincon/.m2/repository/io/smallrye/config/smallrye-config/1.6.1/smallrye-config-1.6.1.jar:/home/rincon/.m2/repository/io/smallrye/config/smallrye-config-common/1.6.1/smallrye-config-common-1.6.1.jar:/home/rincon/.m2/repository/org/jboss/spec/javax/ws/rs/jboss-jaxrs-api_2.1_spec/2.0.1.Final/jboss-jaxrs-api_2.1_spec-2.0.1.Final.jar:/home/rincon/.m2/repository/org/jboss/resteasy/resteasy-jackson2-provider/4.5.8.Final/resteasy-jackson2-provider-4.5.8.Final.jar:/home/rincon/.m2/repository/com/fasterxml/jackson/core/jackson-core/2.11.1/jackson-core-2.11.1.jar:/home/rincon/.m2/repository/com/fasterxml/jackson/core/jackson-databind/2.11.1/jackson-databind-2.11.1.jar:/home/rincon/.m2/repository/com/fasterxml/jackson/core/jackson-annotations/2.11.1/jackson-annotations-2.11.1.jar:/home/rincon/.m2/repository/com/fasterxml/jackson/jaxrs/jackson-jaxrs-json-provider/2.11.1/jackson-jaxrs-json-provider-2.11.1.jar:/home/rincon/.m2/repository/com/fasterxml/jackson/jaxrs/jackson-jaxrs-base/2.11.1/jackson-jaxrs-base-2.11.1.jar:/home/rincon/.m2/repository/com/fasterxml/jackson/module/jackson-module-jaxb-annotations/2.11.1/jackson-module-jaxb-annotations-2.11.1.jar:/home/rincon/.m2/repository/com/github/java-json-tools/json-patch/1.13/json-patch-1.13.jar:/home/rincon/.m2/repository/com/github/java-json-tools/msg-simple/1.2/msg-simple-1.2.jar:/home/rincon/.m2/repository/com/github/java-json-tools/btf/1.3/btf-1.3.jar:/home/rincon/.m2/repository/com/github/java-json-tools/jackson-coreutils/2.0/jackson-coreutils-2.0.jar:/home/rincon/.m2/repository/com/google/code/gson/gson/2.8.9/gson-2.8.9.jar:/home/rincon/.m2/repository/com/stripe/stripe-java/3.5.0/stripe-java-3.5.0.jar:/home/rincon/.m2/repository/org/slf4j/slf4j-api/1.7.25/slf4j-api-1.7.25.jar:/home/rincon/.m2/repository/org/slf4j/slf4j-log4j12/1.7.25/slf4j-log4j12-1.7.25.jar:/home/rincon/.m2/repository/log4j/log4j/1.2.17/log4j-1.2.17.jar:/home/rincon/.m2/repository/javax/servlet/javax.servlet-api/4.0.0/javax.servlet-api-4.0.0.jar:/home/rincon/.m2/repository/io/rest-assured/rest-assured/4.3.0/rest-assured-4.3.0.jar:/home/rincon/.m2/repository/org/apache/httpcomponents/httpclient/4.5.3/httpclient-4.5.3.jar:/home/rincon/.m2/repository/org/apache/httpcomponents/httpcore/4.4.6/httpcore-4.4.6.jar:/home/rincon/.m2/repository/commons-logging/commons-logging/1.2/commons-logging-1.2.jar:/home/rincon/.m2/repository/org/apache/httpcomponents/httpmime/4.5.3/httpmime-4.5.3.jar:/home/rincon/.m2/repository/org/hamcrest/hamcrest/2.1/hamcrest-2.1.jar:/home/rincon/.m2/repository/org/ccil/cowan/tagsoup/tagsoup/1.2.1/tagsoup-1.2.1.jar:/home/rincon/.m2/repository/io/rest-assured/xml-path/4.3.0/xml-path-4.3.0.jar:/home/rincon/.m2/repository/io/rest-assured/rest-assured-common/4.3.0/rest-assured-common-4.3.0.jar:/home/rincon/.m2/repository/org/apache/commons/commons-lang3/3.4/commons-lang3-3.4.jar:/home/rincon/.m2/repository/jakarta/xml/bind/jakarta.xml.bind-api/2.3.2/jakarta.xml.bind-api-2.3.2.jar:/home/rincon/.m2/repository/jakarta/activation/jakarta.activation-api/1.2.1/jakarta.activation-api-1.2.1.jar:/home/rincon/.m2/repository/com/sun/xml/bind/jaxb-osgi/2.3.0.1/jaxb-osgi-2.3.0.1.jar:/home/rincon/.m2/repository/org/apache/sling/org.apache.sling.javax.activation/0.1.0/org.apache.sling.javax.activation-0.1.0.jar:/home/rincon/.m2/repository/javax/activation/activation/1.1.1/activation-1.1.1.jar:/home/rincon/.m2/repository/io/rest-assured/json-path/4.3.0/json-path-4.3.0.jar:/home/rincon/.m2/repository/org/codehaus/groovy/groovy-json/3.0.2/groovy-json-3.0.2.jar:/home/rincon/.m2/repository/io/rest-assured/json-schema-validator/4.3.0/json-schema-validator-4.3.0.jar:/home/rincon/.m2/repository/com/github/java-json-tools/json-schema-validator/2.2.10/json-schema-validator-2.2.10.jar:/home/rincon/.m2/repository/com/github/java-json-tools/json-schema-core/1.2.10/json-schema-core-1.2.10.jar:/home/rincon/.m2/repository/com/github/fge/uri-template/0.9/uri-template-0.9.jar:/home/rincon/.m2/repository/com/github/fge/msg-simple/1.1/msg-simple-1.1.jar:/home/rincon/.m2/repository/com/github/fge/btf/1.2/btf-1.2.jar:/home/rincon/.m2/repository/org/mozilla/rhino/1.7.7.1/rhino-1.7.7.1.jar:/home/rincon/.m2/repository/javax/mail/mailapi/1.4.3/mailapi-1.4.3.jar:/home/rincon/.m2/repository/joda-time/joda-time/2.9.7/joda-time-2.9.7.jar:/home/rincon/.m2/repository/com/googlecode/libphonenumber/libphonenumber/8.0.0/libphonenumber-8.0.0.jar:/home/rincon/.m2/repository/com/google/code/findbugs/jsr305/3.0.1/jsr305-3.0.1.jar:/home/rincon/.m2/repository/net/sf/jopt-simple/jopt-simple/5.0.3/jopt-simple-5.0.3.jar:/home/rincon/.m2/repository/org/codehaus/groovy/groovy/3.0.9/groovy-3.0.9.jar:/home/rincon/.m2/repository/org/codehaus/groovy/groovy-xml/3.0.9/groovy-xml-3.0.9.jar:/home/rincon/.m2/repository/org/evomaster/evomaster-client-java-controller-api/3.0.0/evomaster-client-java-controller-api-3.0.0.jar:/home/rincon/.m2/repository/org/evomaster/evomaster-client-java-sql-dto/3.0.0/evomaster-client-java-sql-dto-3.0.0.jar:/home/rincon/.m2/repository/org/evomaster/evomaster-client-java-controller/3.0.0/evomaster-client-java-controller-3.0.0.jar:/home/rincon/.m2/repository/javax/annotation/javax.annotation-api/1.2/javax.annotation-api-1.2.jar:/home/rincon/.m2/repository/javax/inject/javax.inject/1/javax.inject-1.jar:/home/rincon/.m2/repository/javax/validation/validation-api/1.1.0.Final/validation-api-1.1.0.Final.jar:/home/rincon/.m2/repository/javax/ws/rs/javax.ws.rs-api/2.1.1/javax.ws.rs-api-2.1.1.jar:/home/rincon/.m2/repository/junit/junit/4.4/junit-4.4.jar:/home/rincon/.m2/repository/org/jboss/resteasy/resteasy-spring-boot-starter/4.6.4.Final/resteasy-spring-boot-starter-4.6.4.Final.jar:/home/rincon/.m2/repository/org/springframework/boot/spring-boot-starter/2.3.2.RELEASE/spring-boot-starter-2.3.2.RELEASE.jar:/home/rincon/.m2/repository/org/springframework/boot/spring-boot/2.3.2.RELEASE/spring-boot-2.3.2.RELEASE.jar:/home/rincon/.m2/repository/org/springframework/spring-context/5.2.8.RELEASE/spring-context-5.2.8.RELEASE.jar:/home/rincon/.m2/repository/org/springframework/boot/spring-boot-autoconfigure/2.3.2.RELEASE/spring-boot-autoconfigure-2.3.2.RELEASE.jar:/home/rincon/.m2/repository/jakarta/annotation/jakarta.annotation-api/1.3.5/jakarta.annotation-api-1.3.5.jar:/home/rincon/.m2/repository/org/springframework/spring-core/5.2.8.RELEASE/spring-core-5.2.8.RELEASE.jar:/home/rincon/.m2/repository/org/springframework/spring-jcl/5.2.8.RELEASE/spring-jcl-5.2.8.RELEASE.jar:/home/rincon/.m2/repository/org/yaml/snakeyaml/1.26/snakeyaml-1.26.jar:/home/rincon/.m2/repository/org/springframework/boot/spring-boot-starter-web/2.3.2.RELEASE/spring-boot-starter-web-2.3.2.RELEASE.jar:/home/rincon/.m2/repository/org/springframework/boot/spring-boot-starter-json/2.3.2.RELEASE/spring-boot-starter-json-2.3.2.RELEASE.jar:/home/rincon/.m2/repository/org/springframework/boot/spring-boot-starter-tomcat/2.3.2.RELEASE/spring-boot-starter-tomcat-2.3.2.RELEASE.jar:/home/rincon/.m2/repository/org/apache/tomcat/embed/tomcat-embed-core/9.0.37/tomcat-embed-core-9.0.37.jar:/home/rincon/.m2/repository/org/glassfish/jakarta.el/3.0.3/jakarta.el-3.0.3.jar:/home/rincon/.m2/repository/org/apache/tomcat/embed/tomcat-embed-websocket/9.0.37/tomcat-embed-websocket-9.0.37.jar:/home/rincon/.m2/repository/org/springframework/spring-web/5.2.8.RELEASE/spring-web-5.2.8.RELEASE.jar:/home/rincon/.m2/repository/org/springframework/spring-beans/5.2.8.RELEASE/spring-beans-5.2.8.RELEASE.jar:/home/rincon/.m2/repository/org/springframework/spring-webmvc/5.2.8.RELEASE/spring-webmvc-5.2.8.RELEASE.jar:/home/rincon/.m2/repository/org/springframework/spring-aop/5.2.8.RELEASE/spring-aop-5.2.8.RELEASE.jar:/home/rincon/.m2/repository/org/springframework/spring-expression/5.2.8.RELEASE/spring-expression-5.2.8.RELEASE.jar:/home/rincon/.m2/repository/org/jboss/resteasy/resteasy-core-spi/4.5.8.Final/resteasy-core-spi-4.5.8.Final.jar:/home/rincon/.m2/repository/org/jboss/resteasy/resteasy-spring/4.5.8.Final/resteasy-spring-4.5.8.Final.jar:/home/rincon/.m2/repository/org/jboss/resteasy/resteasy-client/4.5.8.Final/resteasy-client-4.5.8.Final.jar:/home/rincon/.m2/repository/org/jboss/resteasy/resteasy-client-api/4.5.8.Final/resteasy-client-api-4.5.8.Final.jar:/home/rincon/.m2/repository/commons-io/commons-io/2.5/commons-io-2.5.jar:/home/rincon/.m2/repository/org/glassfish/javax.json/1.1.2/javax.json-1.1.2.jar:/home/rincon/.m2/repository/javax/json/javax.json-api/1.1.2/javax.json-api-1.1.2.jar:/home/rincon/.m2/repository/com/fasterxml/jackson/datatype/jackson-datatype-jdk8/2.10.3/jackson-datatype-jdk8-2.10.3.jar:/home/rincon/.m2/repository/com/fasterxml/jackson/module/jackson-module-parameter-names/2.10.3/jackson-module-parameter-names-2.10.3.jar:/home/rincon/.m2/repository/com/fasterxml/jackson/datatype/jackson-datatype-jsr310/2.10.3/jackson-datatype-jsr310-2.10.3.jar:/home/rincon/.m2/repository/com/google/guava/guava/25.0-jre/guava-25.0-jre.jar:/home/rincon/.m2/repository/org/checkerframework/checker-compat-qual/2.0.0/checker-compat-qual-2.0.0.jar:/home/rincon/.m2/repository/com/google/errorprone/error_prone_annotations/2.1.3/error_prone_annotations-2.1.3.jar:/home/rincon/.m2/repository/com/google/j2objc/j2objc-annotations/1.1/j2objc-annotations-1.1.jar:/home/rincon/.m2/repository/org/codehaus/mojo/animal-sniffer-annotations/1.14/animal-sniffer-annotations-1.14.jar:/home/rincon/.m2/repository/jakarta/validation/jakarta.validation-api/2.0.2/jakarta.validation-api-2.0.2.jar:/home/rincon/.m2/repository/commons-codec/commons-codec/1.13/commons-codec-1.13.jar:/home/rincon/.m2/repository/org/junit/platform/junit-platform-commons/1.6.2/junit-platform-commons-1.6.2.jar:/home/rincon/.m2/repository/org/apiguardian/apiguardian-api/1.1.0/apiguardian-api-1.1.0.jar:/home/rincon/.m2/repository/org/springdoc/springdoc-openapi-ui/1.4.8/springdoc-openapi-ui-1.4.8.jar:/home/rincon/.m2/repository/org/springdoc/springdoc-openapi-webmvc-core/1.4.8/springdoc-openapi-webmvc-core-1.4.8.jar:/home/rincon/.m2/repository/org/springdoc/springdoc-openapi-common/1.4.8/springdoc-openapi-common-1.4.8.jar:/home/rincon/.m2/repository/io/swagger/core/v3/swagger-models/2.1.4/swagger-models-2.1.4.jar:/home/rincon/.m2/repository/io/swagger/core/v3/swagger-annotations/2.1.4/swagger-annotations-2.1.4.jar:/home/rincon/.m2/repository/io/swagger/core/v3/swagger-integration/2.1.4/swagger-integration-2.1.4.jar:/home/rincon/.m2/repository/io/swagger/core/v3/swagger-core/2.1.4/swagger-core-2.1.4.jar:/home/rincon/.m2/repository/com/fasterxml/jackson/dataformat/jackson-dataformat-yaml/2.11.1/jackson-dataformat-yaml-2.11.1.jar:/home/rincon/.m2/repository/io/github/classgraph/classgraph/4.8.69/classgraph-4.8.69.jar:/home/rincon/.m2/repository/org/webjars/swagger-ui/3.34.0/swagger-ui-3.34.0.jar:/home/rincon/.m2/repository/org/webjars/webjars-locator-core/0.45/webjars-locator-core-0.45.jar:"/>
    <property name="java.vm.vendor" value="Oracle Corporation"/>
    <property name="sun.arch.data.model" value="64"/>
    <property name="java.vendor.url" value="http://java.oracle.com/"/>
    <property name="user.timezone" value=""/>
    <property name="java.vm.specification.version" value="1.8"/>
    <property name="os.name" value="Linux"/>
    <property name="user.country" value="BR"/>
    <property name="sun.java.launcher" value="SUN_STANDARD"/>
    <property name="sun.boot.library.path" value="/home/rincon/apps/java/jdk-8/jre/lib/amd64"/>
    <property name="sun.java.command" value="/media/rincon/63999417195/eclipse-workspace/EMB-master/jdk_8_maven/cs/rest/original/restcountries/target/surefire/surefirebooter5057859301967689720.jar /media/rincon/63999417195/eclipse-workspace/EMB-master/jdk_8_maven/cs/rest/original/restcountries/target/surefire 2025-03-26T20-50-12_217-jvmRun1 surefire5547206328850564529tmp surefire_05001701463429988282tmp"/>
    <property name="surefire.test.class.path" value="/media/rincon/63999417195/eclipse-workspace/EMB-master/jdk_8_maven/cs/rest/original/restcountries/target/test-classes:/media/rincon/63999417195/eclipse-workspace/EMB-master/jdk_8_maven/cs/rest/original/restcountries/target/classes:/home/rincon/.m2/repository/org/jboss/resteasy/resteasy-jaxb-provider/4.5.8.Final/resteasy-jaxb-provider-4.5.8.Final.jar:/home/rincon/.m2/repository/org/jboss/spec/javax/xml/bind/jboss-jaxb-api_2.3_spec/1.0.1.Final/jboss-jaxb-api_2.3_spec-1.0.1.Final.jar:/home/rincon/.m2/repository/org/glassfish/jaxb/jaxb-runtime/2.3.3-b02/jaxb-runtime-2.3.3-b02.jar:/home/rincon/.m2/repository/org/glassfish/jaxb/txw2/2.3.3-b02/txw2-2.3.3-b02.jar:/home/rincon/.m2/repository/com/sun/istack/istack-commons-runtime/3.0.10/istack-commons-runtime-3.0.10.jar:/home/rincon/.m2/repository/com/sun/activation/jakarta.activation/1.2.1/jakarta.activation-1.2.1.jar:/home/rincon/.m2/repository/org/jboss/logging/jboss-logging/3.3.2.Final/jboss-logging-3.3.2.Final.jar:/home/rincon/.m2/repository/org/jboss/resteasy/resteasy-servlet-initializer/4.5.8.Final/resteasy-servlet-initializer-4.5.8.Final.jar:/home/rincon/.m2/repository/org/jboss/resteasy/resteasy-core/4.5.8.Final/resteasy-core-4.5.8.Final.jar:/home/rincon/.m2/repository/org/reactivestreams/reactive-streams/1.0.3/reactive-streams-1.0.3.jar:/home/rincon/.m2/repository/com/ibm/async/asyncutil/0.1.0/asyncutil-0.1.0.jar:/home/rincon/.m2/repository/org/jboss/spec/javax/annotation/jboss-annotations-api_1.3_spec/2.0.1.Final/jboss-annotations-api_1.3_spec-2.0.1.Final.jar:/home/rincon/.m2/repository/org/eclipse/microprofile/config/microprofile-config-api/1.4/microprofile-config-api-1.4.jar:/home/rincon/.m2/repository/io/smallrye/config/smallrye-config/1.6.1/smallrye-config-1.6.1.jar:/home/rincon/.m2/repository/io/smallrye/config/smallrye-config-common/1.6.1/smallrye-config-common-1.6.1.jar:/home/rincon/.m2/repository/org/jboss/spec/javax/ws/rs/jboss-jaxrs-api_2.1_spec/2.0.1.Final/jboss-jaxrs-api_2.1_spec-2.0.1.Final.jar:/home/rincon/.m2/repository/org/jboss/resteasy/resteasy-jackson2-provider/4.5.8.Final/resteasy-jackson2-provider-4.5.8.Final.jar:/home/rincon/.m2/repository/com/fasterxml/jackson/core/jackson-core/2.11.1/jackson-core-2.11.1.jar:/home/rincon/.m2/repository/com/fasterxml/jackson/core/jackson-databind/2.11.1/jackson-databind-2.11.1.jar:/home/rincon/.m2/repository/com/fasterxml/jackson/core/jackson-annotations/2.11.1/jackson-annotations-2.11.1.jar:/home/rincon/.m2/repository/com/fasterxml/jackson/jaxrs/jackson-jaxrs-json-provider/2.11.1/jackson-jaxrs-json-provider-2.11.1.jar:/home/rincon/.m2/repository/com/fasterxml/jackson/jaxrs/jackson-jaxrs-base/2.11.1/jackson-jaxrs-base-2.11.1.jar:/home/rincon/.m2/repository/com/fasterxml/jackson/module/jackson-module-jaxb-annotations/2.11.1/jackson-module-jaxb-annotations-2.11.1.jar:/home/rincon/.m2/repository/com/github/java-json-tools/json-patch/1.13/json-patch-1.13.jar:/home/rincon/.m2/repository/com/github/java-json-tools/msg-simple/1.2/msg-simple-1.2.jar:/home/rincon/.m2/repository/com/github/java-json-tools/btf/1.3/btf-1.3.jar:/home/rincon/.m2/repository/com/github/java-json-tools/jackson-coreutils/2.0/jackson-coreutils-2.0.jar:/home/rincon/.m2/repository/com/google/code/gson/gson/2.8.9/gson-2.8.9.jar:/home/rincon/.m2/repository/com/stripe/stripe-java/3.5.0/stripe-java-3.5.0.jar:/home/rincon/.m2/repository/org/slf4j/slf4j-api/1.7.25/slf4j-api-1.7.25.jar:/home/rincon/.m2/repository/org/slf4j/slf4j-log4j12/1.7.25/slf4j-log4j12-1.7.25.jar:/home/rincon/.m2/repository/log4j/log4j/1.2.17/log4j-1.2.17.jar:/home/rincon/.m2/repository/javax/servlet/javax.servlet-api/4.0.0/javax.servlet-api-4.0.0.jar:/home/rincon/.m2/repository/io/rest-assured/rest-assured/4.3.0/rest-assured-4.3.0.jar:/home/rincon/.m2/repository/org/apache/httpcomponents/httpclient/4.5.3/httpclient-4.5.3.jar:/home/rincon/.m2/repository/org/apache/httpcomponents/httpcore/4.4.6/httpcore-4.4.6.jar:/home/rincon/.m2/repository/commons-logging/commons-logging/1.2/commons-logging-1.2.jar:/home/rincon/.m2/repository/org/apache/httpcomponents/httpmime/4.5.3/httpmime-4.5.3.jar:/home/rincon/.m2/repository/org/hamcrest/hamcrest/2.1/hamcrest-2.1.jar:/home/rincon/.m2/repository/org/ccil/cowan/tagsoup/tagsoup/1.2.1/tagsoup-1.2.1.jar:/home/rincon/.m2/repository/io/rest-assured/xml-path/4.3.0/xml-path-4.3.0.jar:/home/rincon/.m2/repository/io/rest-assured/rest-assured-common/4.3.0/rest-assured-common-4.3.0.jar:/home/rincon/.m2/repository/org/apache/commons/commons-lang3/3.4/commons-lang3-3.4.jar:/home/rincon/.m2/repository/jakarta/xml/bind/jakarta.xml.bind-api/2.3.2/jakarta.xml.bind-api-2.3.2.jar:/home/rincon/.m2/repository/jakarta/activation/jakarta.activation-api/1.2.1/jakarta.activation-api-1.2.1.jar:/home/rincon/.m2/repository/com/sun/xml/bind/jaxb-osgi/2.3.0.1/jaxb-osgi-2.3.0.1.jar:/home/rincon/.m2/repository/org/apache/sling/org.apache.sling.javax.activation/0.1.0/org.apache.sling.javax.activation-0.1.0.jar:/home/rincon/.m2/repository/javax/activation/activation/1.1.1/activation-1.1.1.jar:/home/rincon/.m2/repository/io/rest-assured/json-path/4.3.0/json-path-4.3.0.jar:/home/rincon/.m2/repository/org/codehaus/groovy/groovy-json/3.0.2/groovy-json-3.0.2.jar:/home/rincon/.m2/repository/io/rest-assured/json-schema-validator/4.3.0/json-schema-validator-4.3.0.jar:/home/rincon/.m2/repository/com/github/java-json-tools/json-schema-validator/2.2.10/json-schema-validator-2.2.10.jar:/home/rincon/.m2/repository/com/github/java-json-tools/json-schema-core/1.2.10/json-schema-core-1.2.10.jar:/home/rincon/.m2/repository/com/github/fge/uri-template/0.9/uri-template-0.9.jar:/home/rincon/.m2/repository/com/github/fge/msg-simple/1.1/msg-simple-1.1.jar:/home/rincon/.m2/repository/com/github/fge/btf/1.2/btf-1.2.jar:/home/rincon/.m2/repository/org/mozilla/rhino/1.7.7.1/rhino-1.7.7.1.jar:/home/rincon/.m2/repository/javax/mail/mailapi/1.4.3/mailapi-1.4.3.jar:/home/rincon/.m2/repository/joda-time/joda-time/2.9.7/joda-time-2.9.7.jar:/home/rincon/.m2/repository/com/googlecode/libphonenumber/libphonenumber/8.0.0/libphonenumber-8.0.0.jar:/home/rincon/.m2/repository/com/google/code/findbugs/jsr305/3.0.1/jsr305-3.0.1.jar:/home/rincon/.m2/repository/net/sf/jopt-simple/jopt-simple/5.0.3/jopt-simple-5.0.3.jar:/home/rincon/.m2/repository/org/codehaus/groovy/groovy/3.0.9/groovy-3.0.9.jar:/home/rincon/.m2/repository/org/codehaus/groovy/groovy-xml/3.0.9/groovy-xml-3.0.9.jar:/home/rincon/.m2/repository/org/evomaster/evomaster-client-java-controller-api/3.0.0/evomaster-client-java-controller-api-3.0.0.jar:/home/rincon/.m2/repository/org/evomaster/evomaster-client-java-sql-dto/3.0.0/evomaster-client-java-sql-dto-3.0.0.jar:/home/rincon/.m2/repository/org/evomaster/evomaster-client-java-controller/3.0.0/evomaster-client-java-controller-3.0.0.jar:/home/rincon/.m2/repository/javax/annotation/javax.annotation-api/1.2/javax.annotation-api-1.2.jar:/home/rincon/.m2/repository/javax/inject/javax.inject/1/javax.inject-1.jar:/home/rincon/.m2/repository/javax/validation/validation-api/1.1.0.Final/validation-api-1.1.0.Final.jar:/home/rincon/.m2/repository/javax/ws/rs/javax.ws.rs-api/2.1.1/javax.ws.rs-api-2.1.1.jar:/home/rincon/.m2/repository/junit/junit/4.4/junit-4.4.jar:/home/rincon/.m2/repository/org/jboss/resteasy/resteasy-spring-boot-starter/4.6.4.Final/resteasy-spring-boot-starter-4.6.4.Final.jar:/home/rincon/.m2/repository/org/springframework/boot/spring-boot-starter/2.3.2.RELEASE/spring-boot-starter-2.3.2.RELEASE.jar:/home/rincon/.m2/repository/org/springframework/boot/spring-boot/2.3.2.RELEASE/spring-boot-2.3.2.RELEASE.jar:/home/rincon/.m2/repository/org/springframework/spring-context/5.2.8.RELEASE/spring-context-5.2.8.RELEASE.jar:/home/rincon/.m2/repository/org/springframework/boot/spring-boot-autoconfigure/2.3.2.RELEASE/spring-boot-autoconfigure-2.3.2.RELEASE.jar:/home/rincon/.m2/repository/jakarta/annotation/jakarta.annotation-api/1.3.5/jakarta.annotation-api-1.3.5.jar:/home/rincon/.m2/repository/org/springframework/spring-core/5.2.8.RELEASE/spring-core-5.2.8.RELEASE.jar:/home/rincon/.m2/repository/org/springframework/spring-jcl/5.2.8.RELEASE/spring-jcl-5.2.8.RELEASE.jar:/home/rincon/.m2/repository/org/yaml/snakeyaml/1.26/snakeyaml-1.26.jar:/home/rincon/.m2/repository/org/springframework/boot/spring-boot-starter-web/2.3.2.RELEASE/spring-boot-starter-web-2.3.2.RELEASE.jar:/home/rincon/.m2/repository/org/springframework/boot/spring-boot-starter-json/2.3.2.RELEASE/spring-boot-starter-json-2.3.2.RELEASE.jar:/home/rincon/.m2/repository/org/springframework/boot/spring-boot-starter-tomcat/2.3.2.RELEASE/spring-boot-starter-tomcat-2.3.2.RELEASE.jar:/home/rincon/.m2/repository/org/apache/tomcat/embed/tomcat-embed-core/9.0.37/tomcat-embed-core-9.0.37.jar:/home/rincon/.m2/repository/org/glassfish/jakarta.el/3.0.3/jakarta.el-3.0.3.jar:/home/rincon/.m2/repository/org/apache/tomcat/embed/tomcat-embed-websocket/9.0.37/tomcat-embed-websocket-9.0.37.jar:/home/rincon/.m2/repository/org/springframework/spring-web/5.2.8.RELEASE/spring-web-5.2.8.RELEASE.jar:/home/rincon/.m2/repository/org/springframework/spring-beans/5.2.8.RELEASE/spring-beans-5.2.8.RELEASE.jar:/home/rincon/.m2/repository/org/springframework/spring-webmvc/5.2.8.RELEASE/spring-webmvc-5.2.8.RELEASE.jar:/home/rincon/.m2/repository/org/springframework/spring-aop/5.2.8.RELEASE/spring-aop-5.2.8.RELEASE.jar:/home/rincon/.m2/repository/org/springframework/spring-expression/5.2.8.RELEASE/spring-expression-5.2.8.RELEASE.jar:/home/rincon/.m2/repository/org/jboss/resteasy/resteasy-core-spi/4.5.8.Final/resteasy-core-spi-4.5.8.Final.jar:/home/rincon/.m2/repository/org/jboss/resteasy/resteasy-spring/4.5.8.Final/resteasy-spring-4.5.8.Final.jar:/home/rincon/.m2/repository/org/jboss/resteasy/resteasy-client/4.5.8.Final/resteasy-client-4.5.8.Final.jar:/home/rincon/.m2/repository/org/jboss/resteasy/resteasy-client-api/4.5.8.Final/resteasy-client-api-4.5.8.Final.jar:/home/rincon/.m2/repository/commons-io/commons-io/2.5/commons-io-2.5.jar:/home/rincon/.m2/repository/org/glassfish/javax.json/1.1.2/javax.json-1.1.2.jar:/home/rincon/.m2/repository/javax/json/javax.json-api/1.1.2/javax.json-api-1.1.2.jar:/home/rincon/.m2/repository/com/fasterxml/jackson/datatype/jackson-datatype-jdk8/2.10.3/jackson-datatype-jdk8-2.10.3.jar:/home/rincon/.m2/repository/com/fasterxml/jackson/module/jackson-module-parameter-names/2.10.3/jackson-module-parameter-names-2.10.3.jar:/home/rincon/.m2/repository/com/fasterxml/jackson/datatype/jackson-datatype-jsr310/2.10.3/jackson-datatype-jsr310-2.10.3.jar:/home/rincon/.m2/repository/com/google/guava/guava/25.0-jre/guava-25.0-jre.jar:/home/rincon/.m2/repository/org/checkerframework/checker-compat-qual/2.0.0/checker-compat-qual-2.0.0.jar:/home/rincon/.m2/repository/com/google/errorprone/error_prone_annotations/2.1.3/error_prone_annotations-2.1.3.jar:/home/rincon/.m2/repository/com/google/j2objc/j2objc-annotations/1.1/j2objc-annotations-1.1.jar:/home/rincon/.m2/repository/org/codehaus/mojo/animal-sniffer-annotations/1.14/animal-sniffer-annotations-1.14.jar:/home/rincon/.m2/repository/jakarta/validation/jakarta.validation-api/2.0.2/jakarta.validation-api-2.0.2.jar:/home/rincon/.m2/repository/commons-codec/commons-codec/1.13/commons-codec-1.13.jar:/home/rincon/.m2/repository/org/junit/platform/junit-platform-commons/1.6.2/junit-platform-commons-1.6.2.jar:/home/rincon/.m2/repository/org/apiguardian/apiguardian-api/1.1.0/apiguardian-api-1.1.0.jar:/home/rincon/.m2/repository/org/springdoc/springdoc-openapi-ui/1.4.8/springdoc-openapi-ui-1.4.8.jar:/home/rincon/.m2/repository/org/springdoc/springdoc-openapi-webmvc-core/1.4.8/springdoc-openapi-webmvc-core-1.4.8.jar:/home/rincon/.m2/repository/org/springdoc/springdoc-openapi-common/1.4.8/springdoc-openapi-common-1.4.8.jar:/home/rincon/.m2/repository/io/swagger/core/v3/swagger-models/2.1.4/swagger-models-2.1.4.jar:/home/rincon/.m2/repository/io/swagger/core/v3/swagger-annotations/2.1.4/swagger-annotations-2.1.4.jar:/home/rincon/.m2/repository/io/swagger/core/v3/swagger-integration/2.1.4/swagger-integration-2.1.4.jar:/home/rincon/.m2/repository/io/swagger/core/v3/swagger-core/2.1.4/swagger-core-2.1.4.jar:/home/rincon/.m2/repository/com/fasterxml/jackson/dataformat/jackson-dataformat-yaml/2.11.1/jackson-dataformat-yaml-2.11.1.jar:/home/rincon/.m2/repository/io/github/classgraph/classgraph/4.8.69/classgraph-4.8.69.jar:/home/rincon/.m2/repository/org/webjars/swagger-ui/3.34.0/swagger-ui-3.34.0.jar:/home/rincon/.m2/repository/org/webjars/webjars-locator-core/0.45/webjars-locator-core-0.45.jar:"/>
    <property name="sun.cpu.endian" value="little"/>
    <property name="user.home" value="/home/rincon"/>
    <property name="user.language" value="pt"/>
    <property name="java.specification.vendor" value="Oracle Corporation"/>
    <property name="java.home" value="/home/rincon/apps/java/jdk-8/jre"/>
    <property name="basedir" value="/media/rincon/63999417195/eclipse-workspace/EMB-master/jdk_8_maven/cs/rest/original/restcountries"/>
    <property name="file.separator" value="/"/>
    <property name="line.separator" value="&#10;"/>
    <property name="java.vm.specification.vendor" value="Oracle Corporation"/>
    <property name="java.specification.name" value="Java Platform API Specification"/>
    <property name="java.awt.graphicsenv" value="sun.awt.X11GraphicsEnvironment"/>
    <property name="surefire.real.class.path" value="/media/rincon/63999417195/eclipse-workspace/EMB-master/jdk_8_maven/cs/rest/original/restcountries/target/surefire/surefirebooter5057859301967689720.jar:/home/rincon/.m2/repository/org/jacoco/org.jacoco.agent/0.8.7/org.jacoco.agent-0.8.7-runtime.jar"/>
    <property name="sun.boot.class.path" value="/home/rincon/apps/java/jdk-8/jre/lib/resources.jar:/home/rincon/apps/java/jdk-8/jre/lib/rt.jar:/home/rincon/apps/java/jdk-8/jre/lib/sunrsasign.jar:/home/rincon/apps/java/jdk-8/jre/lib/jsse.jar:/home/rincon/apps/java/jdk-8/jre/lib/jce.jar:/home/rincon/apps/java/jdk-8/jre/lib/charsets.jar:/home/rincon/apps/java/jdk-8/jre/lib/jfr.jar:/home/rincon/apps/java/jdk-8/jre/classes"/>
    <property name="sun.management.compiler" value="HotSpot 64-Bit Tiered Compilers"/>
    <property name="java.runtime.version" value="1.8.0_202-b08"/>
    <property name="user.name" value="rincon"/>
    <property name="path.separator" value=":"/>
    <property name="os.version" value="5.15.0-135-generic"/>
    <property name="java.endorsed.dirs" value="/home/rincon/apps/java/jdk-8/jre/lib/endorsed"/>
    <property name="java.runtime.name" value="Java(TM) SE Runtime Environment"/>
    <property name="file.encoding" value="UTF-8"/>
    <property name="java.vm.name" value="Java HotSpot(TM) 64-Bit Server VM"/>
    <property name="localRepository" value="/home/rincon/.m2/repository"/>
    <property name="java.vendor.url.bug" value="http://bugreport.sun.com/bugreport/"/>
    <property name="java.io.tmpdir" value="/tmp"/>
    <property name="java.version" value="1.8.0_202"/>
    <property name="user.dir" value="/media/rincon/63999417195/eclipse-workspace/EMB-master/jdk_8_maven/cs/rest/original/restcountries"/>
    <property name="os.arch" value="amd64"/>
    <property name="java.vm.specification.name" value="Java Virtual Machine Specification"/>
    <property name="java.awt.printerjob" value="sun.print.PSPrinterJob"/>
    <property name="sun.os.patch.level" value="unknown"/>
    <property name="java.library.path" value="/usr/java/packages/lib/amd64:/usr/lib64:/lib64:/lib:/usr/lib"/>
    <property name="java.vm.info" value="mixed mode"/>
    <property name="java.vendor" value="Oracle Corporation"/>
    <property name="java.vm.version" value="25.202-b08"/>
    <property name="java.ext.dirs" value="/home/rincon/apps/java/jdk-8/jre/lib/ext:/usr/java/packages/lib/ext"/>
    <property name="sun.io.unicode.encoding" value="UnicodeLittle"/>
    <property name="java.class.version" value="52.0"/>
    <property name="maven.test.failure.ignore" value="true"/>
  </properties>
  <testcase name="test_0" classname="EvoMaster_successes_Test" time="0.04"/>
  <testcase name="test_1" classname="EvoMaster_successes_Test" time="1.398"/>
  <testcase name="test_2" classname="EvoMaster_successes_Test" time="0.157"/>
  <testcase name="test_4" classname="EvoMaster_successes_Test" time="0.8"/>
  <testcase name="test_20" classname="EvoMaster_successes_Test" time="0.397"/>
  <testcase name="test_21" classname="EvoMaster_successes_Test" time="0.041">
    <failure message="1 expectation failed.&#10;JSON path &apos;[0]&apos;.isEmpty() doesn&apos;t match.&#10;Expected: is &lt;true&gt;&#10;  Actual: false&#10;" type="java.lang.AssertionError"><![CDATA[java.lang.AssertionError: 
1 expectation failed.
JSON path '[0]'.isEmpty() doesn't match.
Expected: is <true>
  Actual: false

	at EvoMaster_successes_Test.test_21(EvoMaster_successes_Test.java:1219)
]]></failure>
    <system-out><![CDATA[2025-03-26 20:50:40,966 INFO  [eu.fayder.restcountries.v2.rest.CountryRestV2:207] Getting by regional bloc CARICOM
Request method:	GET
Request URI:	http://localhost:37199/rest/v2/regionalbloc/CARICOM?fields=WSY
Proxy:			<none>
Request params:	<none>
Query params:	<none>
Form params:	<none>
Path params:	<none>
Headers:		Accept=*/*
				x-EMextraHeader123=_EM_153_XYZ_
Cookies:		<none>
Multiparts:		<none>
Body:			<none>

HTTP/1.1 200 
Content-Type: application/json;charset=utf-8
Content-Length: 46
Date: Wed, 26 Mar 2025 23:50:40 GMT
Keep-Alive: timeout=60
Connection: keep-alive

[
    {
        
    },
    {
        
    },
    {
        
    },
    {
        
    },
    {
        
    },
    {
        
    },
    {
        
    },
    {
        
    },
    {
        
    },
    {
        
    },
    {
        
    },
    {
        
    },
    {
        
    },
    {
        
    },
    {
        
    }
]
]]></system-out>
  </testcase>
  <testcase name="test_21" classname="EvoMaster_successes_Test" time="0.042"/>
  <testcase name="test_22" classname="EvoMaster_successes_Test" time="0.046">
    <failure message="1 expectation failed.&#10;JSON path &apos;[0]&apos;.isEmpty() doesn&apos;t match.&#10;Expected: is &lt;true&gt;&#10;  Actual: false&#10;" type="java.lang.AssertionError"><![CDATA[java.lang.AssertionError: 
1 expectation failed.
JSON path '[0]'.isEmpty() doesn't match.
Expected: is <true>
  Actual: false

	at EvoMaster_successes_Test.test_22(EvoMaster_successes_Test.java:1240)
]]></failure>
    <system-out><![CDATA[2025-03-26 20:50:41,011 INFO  [eu.fayder.restcountries.v2.rest.CountryRestV2:207] Getting by regional bloc EAEU
Request method:	GET
Request URI:	http://localhost:37199/rest/v2/regionalbloc/EAEU?fields=_EM_621_XYZ_&EMextraParam123=_EM_152_XYZ_
Proxy:			<none>
Request params:	<none>
Query params:	<none>
Form params:	<none>
Path params:	<none>
Headers:		Accept=*/*
				x-EMextraHeader123=
Cookies:		<none>
Multiparts:		<none>
Body:			<none>

HTTP/1.1 200 
Content-Type: application/json;charset=utf-8
Content-Length: 16
Date: Wed, 26 Mar 2025 23:50:40 GMT
Keep-Alive: timeout=60
Connection: keep-alive

[
    {
        
    },
    {
        
    },
    {
        
    },
    {
        
    },
    {
        
    }
]
]]></system-out>
  </testcase>
  <testcase name="test_22" classname="EvoMaster_successes_Test" time="0.046"/>
  <testcase name="test_23" classname="EvoMaster_successes_Test" time="0.581"/>
  <testcase name="test_24" classname="EvoMaster_successes_Test" time="0.446"/>
  <testcase name="test_25" classname="EvoMaster_successes_Test" time="0.033">
    <failure message="1 expectation failed.&#10;JSON path &apos;[0]&apos;.isEmpty() doesn&apos;t match.&#10;Expected: is &lt;true&gt;&#10;  Actual: false&#10;" type="java.lang.AssertionError"><![CDATA[java.lang.AssertionError: 
1 expectation failed.
JSON path '[0]'.isEmpty() doesn't match.
Expected: is <true>
  Actual: false

	at EvoMaster_successes_Test.test_25(EvoMaster_successes_Test.java:1412)
]]></failure>
    <system-out><![CDATA[2025-03-26 20:50:42,081 INFO  [eu.fayder.restcountries.v2.rest.CountryRestV2:76] Getting by currency CkD
Request method:	GET
Request URI:	http://localhost:37199/rest/v2/currency/CkD?fields=H7h01dUBrhuo3
Proxy:			<none>
Request params:	<none>
Query params:	<none>
Form params:	<none>
Path params:	<none>
Headers:		Accept=*/*
				x-EMextraHeader123=_EM_252_XYZ_
Cookies:		<none>
Multiparts:		<none>
Body:			<none>

HTTP/1.1 200 
Content-Type: application/json;charset=utf-8
Content-Length: 4
Date: Wed, 26 Mar 2025 23:50:42 GMT
Keep-Alive: timeout=60
Connection: keep-alive

[
    {
        
    }
]
]]></system-out>
  </testcase>
  <testcase name="test_25" classname="EvoMaster_successes_Test" time="0.033"/>
  <testcase name="test_26" classname="EvoMaster_successes_Test" time="0.362"/>
  <testcase name="test_27" classname="EvoMaster_successes_Test" time="0.284"/>
  <testcase name="test_28" classname="EvoMaster_successes_Test" time="0.035">
    <failure message="1 expectation failed.&#10;JSON path &apos;[0]&apos;.isEmpty() doesn&apos;t match.&#10;Expected: is &lt;true&gt;&#10;  Actual: false&#10;" type="java.lang.AssertionError"><![CDATA[java.lang.AssertionError: 
1 expectation failed.
JSON path '[0]'.isEmpty() doesn't match.
Expected: is <true>
  Actual: false

	at EvoMaster_successes_Test.test_28(EvoMaster_successes_Test.java:1531)
]]></failure>
    <system-out><![CDATA[2025-03-26 20:50:42,760 INFO  [eu.fayder.restcountries.v2.rest.CountryRestV2:57] Getting by list jE
Request method:	GET
Request URI:	http://localhost:37199/rest/v2/alpha?fields=_EM_715_XYZ_&codes=jE
Proxy:			<none>
Request params:	<none>
Query params:	<none>
Form params:	<none>
Path params:	<none>
Headers:		Accept=*/*
				x-EMextraHeader123=
Cookies:		<none>
Multiparts:		<none>
Body:			<none>

HTTP/1.1 200 
Content-Type: application/json;charset=utf-8
Content-Length: 4
Date: Wed, 26 Mar 2025 23:50:42 GMT
Keep-Alive: timeout=60
Connection: keep-alive

[
    {
        
    }
]
]]></system-out>
  </testcase>
  <testcase name="test_28" classname="EvoMaster_successes_Test" time="0.035"/>
  <testcase name="test_29" classname="EvoMaster_successes_Test" time="0.051">
    <failure message="1 expectation failed.&#10;JSON path &apos;[0]&apos;.isEmpty() doesn&apos;t match.&#10;Expected: is &lt;true&gt;&#10;  Actual: false&#10;" type="java.lang.AssertionError"><![CDATA[java.lang.AssertionError: 
1 expectation failed.
JSON path '[0]'.isEmpty() doesn't match.
Expected: is <true>
  Actual: false

	at EvoMaster_successes_Test.test_29(EvoMaster_successes_Test.java:1549)
]]></failure>
    <system-out><![CDATA[2025-03-26 20:50:42,798 INFO  [eu.fayder.restcountries.v2.rest.CountryRestV2:95] Getting by name argentine republic
Request method:	GET
Request URI:	http://localhost:37199/rest/v2/name/argentine%20republic?fields=_EM_410_XYZ_&fullText=true
Proxy:			<none>
Request params:	<none>
Query params:	<none>
Form params:	<none>
Path params:	<none>
Headers:		Accept=*/*
				x-EMextraHeader123=_EM_413_XYZ_
Cookies:		<none>
Multiparts:		<none>
Body:			<none>

HTTP/1.1 200 
Content-Type: application/json;charset=utf-8
Content-Length: 4
Date: Wed, 26 Mar 2025 23:50:42 GMT
Keep-Alive: timeout=60
Connection: keep-alive

[
    {
        
    }
]
]]></system-out>
  </testcase>
  <testcase name="test_29" classname="EvoMaster_successes_Test" time="0.051"/>
  <testcase name="test_30" classname="EvoMaster_successes_Test" time="0.411"/>
  <testcase name="test_31" classname="EvoMaster_successes_Test" time="0.444"/>
  <testcase name="test_3" classname="EvoMaster_successes_Test" time="0.301"/>
  <testcase name="test_11" classname="EvoMaster_successes_Test" time="0.232"/>
  <testcase name="test_12" classname="EvoMaster_successes_Test" time="0.017"/>
  <testcase name="test_13" classname="EvoMaster_successes_Test" time="0.042">
    <failure message="1 expectation failed.&#10;JSON path &apos;[0]&apos;.isEmpty() doesn&apos;t match.&#10;Expected: is &lt;true&gt;&#10;  Actual: false&#10;" type="java.lang.AssertionError"><![CDATA[java.lang.AssertionError: 
1 expectation failed.
JSON path '[0]'.isEmpty() doesn't match.
Expected: is <true>
  Actual: false

	at EvoMaster_successes_Test.test_13(EvoMaster_successes_Test.java:884)
]]></failure>
    <system-out><![CDATA[2025-03-26 20:50:44,252 INFO  [eu.fayder.restcountries.v2.rest.CountryRestV2:143] Getting by region oceania
Request method:	GET
Request URI:	http://localhost:37199/rest/v2/region/oceania?fields=_EM_352_XYZ_
Proxy:			<none>
Request params:	<none>
Query params:	<none>
Form params:	<none>
Path params:	<none>
Headers:		Accept=*/*
				x-EMextraHeader123=_EM_291_XYZ_
Cookies:		<none>
Multiparts:		<none>
Body:			<none>

HTTP/1.1 200 
Content-Type: application/json;charset=utf-8
Content-Length: 82
Date: Wed, 26 Mar 2025 23:50:43 GMT
Keep-Alive: timeout=60
Connection: keep-alive

[
    {
        
    },
    {
        
    },
    {
        
    },
    {
        
    },
    {
        
    },
    {
        
    },
    {
        
    },
    {
        
    },
    {
        
    },
    {
        
    },
    {
        
    },
    {
        
    },
    {
        
    },
    {
        
    },
    {
        
    },
    {
        
    },
    {
        
    },
    {
        
    },
    {
        
    },
    {
        
    },
    {
        
    },
    {
        
    },
    {
        
    },
    {
        
    },
    {
        
    },
    {
        
    },
    {
        
    }
]
]]></system-out>
  </testcase>
  <testcase name="test_13" classname="EvoMaster_successes_Test" time="0.042"/>
  <testcase name="test_5" classname="EvoMaster_successes_Test" time="0.261"/>
  <testcase name="test_8" classname="EvoMaster_successes_Test" time="1.269"/>
  <testcase name="test_7" classname="EvoMaster_successes_Test" time="0.248"/>
  <testcase name="test_9" classname="EvoMaster_successes_Test" time="0.023"/>
  <testcase name="test_10" classname="EvoMaster_successes_Test" time="0.228"/>
  <testcase name="test_6" classname="EvoMaster_successes_Test" time="0.252"/>
  <testcase name="test_14" classname="EvoMaster_successes_Test" time="0.034">
    <failure message="1 expectation failed.&#10;JSON path &apos;[0]&apos;.isEmpty() doesn&apos;t match.&#10;Expected: is &lt;true&gt;&#10;  Actual: false&#10;" type="java.lang.AssertionError"><![CDATA[java.lang.AssertionError: 
1 expectation failed.
JSON path '[0]'.isEmpty() doesn't match.
Expected: is <true>
  Actual: false

	at EvoMaster_successes_Test.test_14(EvoMaster_successes_Test.java:903)
]]></failure>
    <system-out><![CDATA[2025-03-26 20:50:46,575 INFO  [eu.fayder.restcountries.v2.rest.CountryRestV2:111] Getting by calling code 375
Request method:	GET
Request URI:	http://localhost:37199/rest/v2/callingcode/375?fields=_EM_135_XYZ_
Proxy:			<none>
Request params:	<none>
Query params:	<none>
Form params:	<none>
Path params:	<none>
Headers:		Accept=*/*
				x-EMextraHeader123=
Cookies:		<none>
Multiparts:		<none>
Body:			<none>

HTTP/1.1 200 
Content-Type: application/json;charset=utf-8
Content-Length: 4
Date: Wed, 26 Mar 2025 23:50:45 GMT
Keep-Alive: timeout=60
Connection: keep-alive

[
    {
        
    }
]
]]></system-out>
  </testcase>
  <testcase name="test_14" classname="EvoMaster_successes_Test" time="0.034"/>
  <testcase name="test_15" classname="EvoMaster_successes_Test" time="0.045">
    <failure message="1 expectation failed.&#10;JSON path &apos;[0]&apos;.isEmpty() doesn&apos;t match.&#10;Expected: is &lt;true&gt;&#10;  Actual: false&#10;" type="java.lang.AssertionError"><![CDATA[java.lang.AssertionError: 
1 expectation failed.
JSON path '[0]'.isEmpty() doesn't match.
Expected: is <true>
  Actual: false

	at EvoMaster_successes_Test.test_15(EvoMaster_successes_Test.java:921)
]]></failure>
    <system-out><![CDATA[2025-03-26 20:50:46,612 INFO  [eu.fayder.restcountries.v2.rest.CountryRestV2:191] Getting by demonym bahamian
Request method:	GET
Request URI:	http://localhost:37199/rest/v2/demonym/bahamian?fields=_EM_62_XYZ_&EMextraParam123=_EM_64_XYZ_
Proxy:			<none>
Request params:	<none>
Query params:	<none>
Form params:	<none>
Path params:	<none>
Headers:		Accept=*/*
				x-EMextraHeader123=
Cookies:		<none>
Multiparts:		<none>
Body:			<none>

HTTP/1.1 200 
Content-Type: application/json;charset=utf-8
Content-Length: 4
Date: Wed, 26 Mar 2025 23:50:45 GMT
Keep-Alive: timeout=60
Connection: keep-alive

[
    {
        
    }
]
]]></system-out>
  </testcase>
  <testcase name="test_15" classname="EvoMaster_successes_Test" time="0.045"/>
  <testcase name="test_16" classname="EvoMaster_successes_Test" time="0.043">
    <failure message="1 expectation failed.&#10;JSON path &apos;[0]&apos;.isEmpty() doesn&apos;t match.&#10;Expected: is &lt;true&gt;&#10;  Actual: false&#10;" type="java.lang.AssertionError"><![CDATA[java.lang.AssertionError: 
1 expectation failed.
JSON path '[0]'.isEmpty() doesn't match.
Expected: is <true>
  Actual: false

	at EvoMaster_successes_Test.test_16(EvoMaster_successes_Test.java:939)
]]></failure>
    <system-out><![CDATA[2025-03-26 20:50:46,653 INFO  [eu.fayder.restcountries.v2.rest.CountryRestV2:127] Getting by capital f
Request method:	GET
Request URI:	http://localhost:37199/rest/v2/capital/f?fields=_EM_865_XYZ_&EMextraParam123=_EM_866_XYZ_
Proxy:			<none>
Request params:	<none>
Query params:	<none>
Form params:	<none>
Path params:	<none>
Headers:		Accept=*/*
				x-EMextraHeader123=_EM_867_XYZ_
Cookies:		<none>
Multiparts:		<none>
Body:			<none>

HTTP/1.1 200 
Content-Type: application/json;charset=utf-8
Content-Length: 37
Date: Wed, 26 Mar 2025 23:50:45 GMT
Keep-Alive: timeout=60
Connection: keep-alive

[
    {
        
    },
    {
        
    },
    {
        
    },
    {
        
    },
    {
        
    },
    {
        
    },
    {
        
    },
    {
        
    },
    {
        
    },
    {
        
    },
    {
        
    },
    {
        
    }
]
]]></system-out>
  </testcase>
  <testcase name="test_16" classname="EvoMaster_successes_Test" time="0.043"/>
  <testcase name="test_17" classname="EvoMaster_successes_Test" time="0.033">
    <failure message="1 expectation failed.&#10;JSON path &apos;[0]&apos;.isEmpty() doesn&apos;t match.&#10;Expected: is &lt;true&gt;&#10;  Actual: false&#10;" type="java.lang.AssertionError"><![CDATA[java.lang.AssertionError: 
1 expectation failed.
JSON path '[0]'.isEmpty() doesn't match.
Expected: is <true>
  Actual: false

	at EvoMaster_successes_Test.test_17(EvoMaster_successes_Test.java:960)
]]></failure>
    <system-out><![CDATA[2025-03-26 20:50:46,696 INFO  [eu.fayder.restcountries.v2.rest.CountryRestV2:175] Getting by language mn
Request method:	GET
Request URI:	http://localhost:37199/rest/v2/lang/mn?fields=_EM_280_XYZ_&EMextraParam123=_EM_282_XYZ_
Proxy:			<none>
Request params:	<none>
Query params:	<none>
Form params:	<none>
Path params:	<none>
Headers:		Accept=*/*
				x-EMextraHeader123=
Cookies:		<none>
Multiparts:		<none>
Body:			<none>

HTTP/1.1 200 
Content-Type: application/json;charset=utf-8
Content-Length: 4
Date: Wed, 26 Mar 2025 23:50:45 GMT
Keep-Alive: timeout=60
Connection: keep-alive

[
    {
        
    }
]
]]></system-out>
  </testcase>
  <testcase name="test_17" classname="EvoMaster_successes_Test" time="0.033"/>
  <testcase name="test_18" classname="EvoMaster_successes_Test" time="0.038">
    <failure message="1 expectation failed.&#10;JSON path &apos;[0]&apos;.isEmpty() doesn&apos;t match.&#10;Expected: is &lt;true&gt;&#10;  Actual: false&#10;" type="java.lang.AssertionError"><![CDATA[java.lang.AssertionError: 
1 expectation failed.
JSON path '[0]'.isEmpty() doesn't match.
Expected: is <true>
  Actual: false

	at EvoMaster_successes_Test.test_18(EvoMaster_successes_Test.java:976)
]]></failure>
    <system-out><![CDATA[2025-03-26 20:50:46,729 INFO  [eu.fayder.restcountries.v2.rest.CountryRestV2:175] Getting by language kiR
Request method:	GET
Request URI:	http://localhost:37199/rest/v2/lang/kiR?fields=_EM_23701_XYZ_
Proxy:			<none>
Request params:	<none>
Query params:	<none>
Form params:	<none>
Path params:	<none>
Headers:		Accept=*/*
				x-EMextraHeader123=
Cookies:		<none>
Multiparts:		<none>
Body:			<none>

HTTP/1.1 200 
Content-Type: application/json;charset=utf-8
Content-Length: 4
Date: Wed, 26 Mar 2025 23:50:45 GMT
Keep-Alive: timeout=60
Connection: keep-alive

[
    {
        
    }
]
]]></system-out>
  </testcase>
  <testcase name="test_18" classname="EvoMaster_successes_Test" time="0.038"/>
  <testcase name="test_19" classname="EvoMaster_successes_Test" time="0.94"/>
</testsuite>