<?xml version="1.0" encoding="UTF-8"?>
<testsuite xmlns:xsi="http://www.w3.org/2001/XMLSchema-instance" xsi:noNamespaceSchemaLocation="https://maven.apache.org/surefire/maven-surefire-plugin/xsd/surefire-test-report.xsd" name="org.zalando.catwatch.backend.seed01_EvoMaster_others_Test" time="11.498" tests="47" errors="0" skipped="1" failures="13">
  <properties>
    <property name="sun.desktop" value="gnome"/>
    <property name="awt.toolkit" value="sun.awt.X11.XToolkit"/>
    <property name="file.encoding.pkg" value="sun.io"/>
    <property name="java.specification.version" value="1.8"/>
    <property name="sun.cpu.isalist" value=""/>
    <property name="sun.jnu.encoding" value="UTF-8"/>
    <property name="java.class.path" value="/media/rincon/63999417195/eclipse-workspace/EMB-master/jdk_8_maven/cs/rest/original/catwatch/catwatch-backend/target/test-classes:/media/rincon/63999417195/eclipse-workspace/EMB-master/jdk_8_maven/cs/rest/original/catwatch/catwatch-backend/target/classes:/home/rincon/.m2/repository/org/kohsuke/github-api/1.77/github-api-1.77.jar:/home/rincon/.m2/repository/commons-lang/commons-lang/2.6/commons-lang-2.6.jar:/home/rincon/.m2/repository/commons-codec/commons-codec/1.10/commons-codec-1.10.jar:/home/rincon/.m2/repository/com/fasterxml/jackson/core/jackson-databind/2.8.8/jackson-databind-2.8.8.jar:/home/rincon/.m2/repository/commons-io/commons-io/1.4/commons-io-1.4.jar:/home/rincon/.m2/repository/com/infradna/tool/bridge-method-annotation/1.14/bridge-method-annotation-1.14.jar:/home/rincon/.m2/repository/com/squareup/okhttp/okhttp/2.4.0/okhttp-2.4.0.jar:/home/rincon/.m2/repository/com/squareup/okio/okio/1.4.0/okio-1.4.0.jar:/home/rincon/.m2/repository/com/squareup/okhttp/okhttp-urlconnection/2.4.0/okhttp-urlconnection-2.4.0.jar:/home/rincon/.m2/repository/org/springframework/boot/spring-boot-starter-web/1.5.4.RELEASE/spring-boot-starter-web-1.5.4.RELEASE.jar:/home/rincon/.m2/repository/org/springframework/boot/spring-boot-starter/1.5.4.RELEASE/spring-boot-starter-1.5.4.RELEASE.jar:/home/rincon/.m2/repository/org/springframework/boot/spring-boot/1.5.4.RELEASE/spring-boot-1.5.4.RELEASE.jar:/home/rincon/.m2/repository/org/springframework/boot/spring-boot-autoconfigure/1.5.4.RELEASE/spring-boot-autoconfigure-1.5.4.RELEASE.jar:/home/rincon/.m2/repository/org/springframework/boot/spring-boot-starter-logging/1.5.4.RELEASE/spring-boot-starter-logging-1.5.4.RELEASE.jar:/home/rincon/.m2/repository/ch/qos/logback/logback-classic/1.1.11/logback-classic-1.1.11.jar:/home/rincon/.m2/repository/ch/qos/logback/logback-core/1.1.11/logback-core-1.1.11.jar:/home/rincon/.m2/repository/org/slf4j/jul-to-slf4j/1.7.25/jul-to-slf4j-1.7.25.jar:/home/rincon/.m2/repository/org/slf4j/log4j-over-slf4j/1.7.25/log4j-over-slf4j-1.7.25.jar:/home/rincon/.m2/repository/org/springframework/boot/spring-boot-starter-tomcat/1.5.4.RELEASE/spring-boot-starter-tomcat-1.5.4.RELEASE.jar:/home/rincon/.m2/repository/org/apache/tomcat/embed/tomcat-embed-core/8.5.15/tomcat-embed-core-8.5.15.jar:/home/rincon/.m2/repository/org/apache/tomcat/embed/tomcat-embed-el/8.5.15/tomcat-embed-el-8.5.15.jar:/home/rincon/.m2/repository/org/apache/tomcat/embed/tomcat-embed-websocket/8.5.15/tomcat-embed-websocket-8.5.15.jar:/home/rincon/.m2/repository/org/hibernate/hibernate-validator/5.3.5.Final/hibernate-validator-5.3.5.Final.jar:/home/rincon/.m2/repository/org/jboss/logging/jboss-logging/3.3.1.Final/jboss-logging-3.3.1.Final.jar:/home/rincon/.m2/repository/org/springframework/spring-web/4.3.9.RELEASE/spring-web-4.3.9.RELEASE.jar:/home/rincon/.m2/repository/org/springframework/spring-webmvc/4.3.9.RELEASE/spring-webmvc-4.3.9.RELEASE.jar:/home/rincon/.m2/repository/org/springframework/spring-expression/4.3.9.RELEASE/spring-expression-4.3.9.RELEASE.jar:/home/rincon/.m2/repository/org/springframework/retry/spring-retry/1.2.0.RELEASE/spring-retry-1.2.0.RELEASE.jar:/home/rincon/.m2/repository/org/springframework/spring-core/4.3.9.RELEASE/spring-core-4.3.9.RELEASE.jar:/home/rincon/.m2/repository/io/swagger/swagger-annotations/1.5.3/swagger-annotations-1.5.3.jar:/home/rincon/.m2/repository/com/fasterxml/jackson/core/jackson-annotations/2.8.0/jackson-annotations-2.8.0.jar:/home/rincon/.m2/repository/org/springframework/boot/spring-boot-starter-security/1.5.4.RELEASE/spring-boot-starter-security-1.5.4.RELEASE.jar:/home/rincon/.m2/repository/org/springframework/spring-aop/4.3.9.RELEASE/spring-aop-4.3.9.RELEASE.jar:/home/rincon/.m2/repository/org/springframework/security/spring-security-config/4.2.3.RELEASE/spring-security-config-4.2.3.RELEASE.jar:/home/rincon/.m2/repository/org/springframework/security/spring-security-core/4.2.3.RELEASE/spring-security-core-4.2.3.RELEASE.jar:/home/rincon/.m2/repository/org/springframework/security/spring-security-web/4.2.3.RELEASE/spring-security-web-4.2.3.RELEASE.jar:/home/rincon/.m2/repository/org/zalando/stups/stups-spring-oauth2-server/1.0.0/stups-spring-oauth2-server-1.0.0.jar:/home/rincon/.m2/repository/org/springframework/security/oauth/spring-security-oauth2/2.0.14.RELEASE/spring-security-oauth2-2.0.14.RELEASE.jar:/home/rincon/.m2/repository/org/codehaus/jackson/jackson-mapper-asl/1.9.13/jackson-mapper-asl-1.9.13.jar:/home/rincon/.m2/repository/org/codehaus/jackson/jackson-core-asl/1.9.13/jackson-core-asl-1.9.13.jar:/home/rincon/.m2/repository/org/slf4j/slf4j-api/1.7.25/slf4j-api-1.7.25.jar:/home/rincon/.m2/repository/org/springframework/boot/spring-boot-starter-data-jpa/1.5.4.RELEASE/spring-boot-starter-data-jpa-1.5.4.RELEASE.jar:/home/rincon/.m2/repository/org/springframework/boot/spring-boot-starter-aop/1.5.4.RELEASE/spring-boot-starter-aop-1.5.4.RELEASE.jar:/home/rincon/.m2/repository/org/aspectj/aspectjweaver/1.8.10/aspectjweaver-1.8.10.jar:/home/rincon/.m2/repository/org/springframework/boot/spring-boot-starter-jdbc/1.5.4.RELEASE/spring-boot-starter-jdbc-1.5.4.RELEASE.jar:/home/rincon/.m2/repository/org/apache/tomcat/tomcat-jdbc/8.5.15/tomcat-jdbc-8.5.15.jar:/home/rincon/.m2/repository/org/apache/tomcat/tomcat-juli/8.5.15/tomcat-juli-8.5.15.jar:/home/rincon/.m2/repository/org/springframework/spring-jdbc/4.3.9.RELEASE/spring-jdbc-4.3.9.RELEASE.jar:/home/rincon/.m2/repository/org/hibernate/hibernate-core/5.0.12.Final/hibernate-core-5.0.12.Final.jar:/home/rincon/.m2/repository/org/hibernate/javax/persistence/hibernate-jpa-2.1-api/1.0.0.Final/hibernate-jpa-2.1-api-1.0.0.Final.jar:/home/rincon/.m2/repository/org/javassist/javassist/3.21.0-GA/javassist-3.21.0-GA.jar:/home/rincon/.m2/repository/antlr/antlr/2.7.7/antlr-2.7.7.jar:/home/rincon/.m2/repository/org/jboss/jandex/2.0.0.Final/jandex-2.0.0.Final.jar:/home/rincon/.m2/repository/dom4j/dom4j/1.6.1/dom4j-1.6.1.jar:/home/rincon/.m2/repository/org/hibernate/common/hibernate-commons-annotations/5.0.1.Final/hibernate-commons-annotations-5.0.1.Final.jar:/home/rincon/.m2/repository/org/hibernate/hibernate-entitymanager/5.0.12.Final/hibernate-entitymanager-5.0.12.Final.jar:/home/rincon/.m2/repository/javax/transaction/javax.transaction-api/1.2/javax.transaction-api-1.2.jar:/home/rincon/.m2/repository/org/springframework/data/spring-data-jpa/1.11.4.RELEASE/spring-data-jpa-1.11.4.RELEASE.jar:/home/rincon/.m2/repository/org/springframework/data/spring-data-commons/1.13.4.RELEASE/spring-data-commons-1.13.4.RELEASE.jar:/home/rincon/.m2/repository/org/springframework/spring-orm/4.3.9.RELEASE/spring-orm-4.3.9.RELEASE.jar:/home/rincon/.m2/repository/org/springframework/spring-tx/4.3.9.RELEASE/spring-tx-4.3.9.RELEASE.jar:/home/rincon/.m2/repository/org/slf4j/jcl-over-slf4j/1.7.25/jcl-over-slf4j-1.7.25.jar:/home/rincon/.m2/repository/org/springframework/spring-aspects/4.3.9.RELEASE/spring-aspects-4.3.9.RELEASE.jar:/home/rincon/.m2/repository/com/mysema/querydsl/querydsl-jpa/3.6.5/querydsl-jpa-3.6.5.jar:/home/rincon/.m2/repository/com/mysema/querydsl/querydsl-core/3.6.5/querydsl-core-3.6.5.jar:/home/rincon/.m2/repository/com/mysema/commons/mysema-commons-lang/0.2.4/mysema-commons-lang-0.2.4.jar:/home/rincon/.m2/repository/org/flywaydb/flyway-core/3.2.1/flyway-core-3.2.1.jar:/home/rincon/.m2/repository/com/h2database/h2/1.4.195/h2-1.4.195.jar:/home/rincon/.m2/repository/org/postgresql/postgresql/9.4-1201-jdbc41/postgresql-9.4-1201-jdbc41.jar:/home/rincon/.m2/repository/org/springframework/boot/spring-boot-starter-actuator/1.5.4.RELEASE/spring-boot-starter-actuator-1.5.4.RELEASE.jar:/home/rincon/.m2/repository/org/springframework/boot/spring-boot-actuator/1.5.4.RELEASE/spring-boot-actuator-1.5.4.RELEASE.jar:/home/rincon/.m2/repository/com/google/guava/guava/19.0/guava-19.0.jar:/home/rincon/.m2/repository/commons-beanutils/commons-beanutils/1.9.2/commons-beanutils-1.9.2.jar:/home/rincon/.m2/repository/commons-logging/commons-logging/1.1.1/commons-logging-1.1.1.jar:/home/rincon/.m2/repository/commons-collections/commons-collections/3.2.2/commons-collections-3.2.2.jar:/home/rincon/.m2/repository/javax/mail/mail/1.4.7/mail-1.4.7.jar:/home/rincon/.m2/repository/javax/activation/activation/1.1/activation-1.1.jar:/home/rincon/.m2/repository/org/springframework/spring-context-support/4.3.9.RELEASE/spring-context-support-4.3.9.RELEASE.jar:/home/rincon/.m2/repository/org/springframework/spring-beans/4.3.9.RELEASE/spring-beans-4.3.9.RELEASE.jar:/home/rincon/.m2/repository/org/springframework/spring-context/4.3.9.RELEASE/spring-context-4.3.9.RELEASE.jar:/home/rincon/.m2/repository/org/springframework/boot/spring-boot-starter-test/1.5.4.RELEASE/spring-boot-starter-test-1.5.4.RELEASE.jar:/home/rincon/.m2/repository/org/springframework/boot/spring-boot-test/1.5.4.RELEASE/spring-boot-test-1.5.4.RELEASE.jar:/home/rincon/.m2/repository/org/springframework/boot/spring-boot-test-autoconfigure/1.5.4.RELEASE/spring-boot-test-autoconfigure-1.5.4.RELEASE.jar:/home/rincon/.m2/repository/org/assertj/assertj-core/2.6.0/assertj-core-2.6.0.jar:/home/rincon/.m2/repository/org/mockito/mockito-core/1.10.19/mockito-core-1.10.19.jar:/home/rincon/.m2/repository/org/objenesis/objenesis/2.1/objenesis-2.1.jar:/home/rincon/.m2/repository/org/hamcrest/hamcrest-core/1.3/hamcrest-core-1.3.jar:/home/rincon/.m2/repository/org/hamcrest/hamcrest-library/1.3/hamcrest-library-1.3.jar:/home/rincon/.m2/repository/org/skyscreamer/jsonassert/1.4.0/jsonassert-1.4.0.jar:/home/rincon/.m2/repository/com/vaadin/external/google/android-json/0.0.20131108.vaadin1/android-json-0.0.20131108.vaadin1.jar:/home/rincon/.m2/repository/org/springframework/spring-test/4.3.9.RELEASE/spring-test-4.3.9.RELEASE.jar:/home/rincon/.m2/repository/com/jayway/jsonpath/json-path/2.2.0/json-path-2.2.0.jar:/home/rincon/.m2/repository/net/minidev/json-smart/2.2.1/json-smart-2.2.1.jar:/home/rincon/.m2/repository/net/minidev/accessors-smart/1.1/accessors-smart-1.1.jar:/home/rincon/.m2/repository/org/ow2/asm/asm/5.0.3/asm-5.0.3.jar:/home/rincon/.m2/repository/org/subethamail/subethasmtp/3.1.7/subethasmtp-3.1.7.jar:/home/rincon/.m2/repository/com/google/code/findbugs/jsr305/1.3.9/jsr305-1.3.9.jar:/home/rincon/.m2/repository/com/fasterxml/jackson/dataformat/jackson-dataformat-yaml/2.8.8/jackson-dataformat-yaml-2.8.8.jar:/home/rincon/.m2/repository/com/fasterxml/jackson/core/jackson-core/2.8.8/jackson-core-2.8.8.jar:/home/rincon/.m2/repository/org/yaml/snakeyaml/1.17/snakeyaml-1.17.jar:/home/rincon/.m2/repository/io/springfox/springfox-spring-web/2.7.0/springfox-spring-web-2.7.0.jar:/home/rincon/.m2/repository/org/reflections/reflections/0.9.11/reflections-0.9.11.jar:/home/rincon/.m2/repository/com/fasterxml/classmate/1.3.3/classmate-1.3.3.jar:/home/rincon/.m2/repository/org/springframework/plugin/spring-plugin-core/1.2.0.RELEASE/spring-plugin-core-1.2.0.RELEASE.jar:/home/rincon/.m2/repository/org/springframework/plugin/spring-plugin-metadata/1.2.0.RELEASE/spring-plugin-metadata-1.2.0.RELEASE.jar:/home/rincon/.m2/repository/io/springfox/springfox-spi/2.7.0/springfox-spi-2.7.0.jar:/home/rincon/.m2/repository/io/springfox/springfox-core/2.7.0/springfox-core-2.7.0.jar:/home/rincon/.m2/repository/net/bytebuddy/byte-buddy/1.6.14/byte-buddy-1.6.14.jar:/home/rincon/.m2/repository/io/springfox/springfox-swagger2/2.7.0/springfox-swagger2-2.7.0.jar:/home/rincon/.m2/repository/io/swagger/swagger-models/1.5.13/swagger-models-1.5.13.jar:/home/rincon/.m2/repository/io/springfox/springfox-schema/2.7.0/springfox-schema-2.7.0.jar:/home/rincon/.m2/repository/io/springfox/springfox-swagger-common/2.7.0/springfox-swagger-common-2.7.0.jar:/home/rincon/.m2/repository/org/mapstruct/mapstruct/1.1.0.Final/mapstruct-1.1.0.Final.jar:/home/rincon/.m2/repository/io/rest-assured/rest-assured/4.3.0/rest-assured-4.3.0.jar:/home/rincon/.m2/repository/org/apache/httpcomponents/httpclient/4.5.3/httpclient-4.5.3.jar:/home/rincon/.m2/repository/org/apache/httpcomponents/httpcore/4.4.6/httpcore-4.4.6.jar:/home/rincon/.m2/repository/org/apache/httpcomponents/httpmime/4.5.3/httpmime-4.5.3.jar:/home/rincon/.m2/repository/org/hamcrest/hamcrest/2.1/hamcrest-2.1.jar:/home/rincon/.m2/repository/org/ccil/cowan/tagsoup/tagsoup/1.2.1/tagsoup-1.2.1.jar:/home/rincon/.m2/repository/io/rest-assured/xml-path/4.3.0/xml-path-4.3.0.jar:/home/rincon/.m2/repository/io/rest-assured/rest-assured-common/4.3.0/rest-assured-common-4.3.0.jar:/home/rincon/.m2/repository/org/apache/commons/commons-lang3/3.4/commons-lang3-3.4.jar:/home/rincon/.m2/repository/jakarta/xml/bind/jakarta.xml.bind-api/2.3.2/jakarta.xml.bind-api-2.3.2.jar:/home/rincon/.m2/repository/jakarta/activation/jakarta.activation-api/1.2.1/jakarta.activation-api-1.2.1.jar:/home/rincon/.m2/repository/com/sun/xml/bind/jaxb-osgi/2.3.0.1/jaxb-osgi-2.3.0.1.jar:/home/rincon/.m2/repository/org/apache/sling/org.apache.sling.javax.activation/0.1.0/org.apache.sling.javax.activation-0.1.0.jar:/home/rincon/.m2/repository/io/rest-assured/json-path/4.3.0/json-path-4.3.0.jar:/home/rincon/.m2/repository/org/codehaus/groovy/groovy-json/2.4.11/groovy-json-2.4.11.jar:/home/rincon/.m2/repository/io/rest-assured/json-schema-validator/4.3.0/json-schema-validator-4.3.0.jar:/home/rincon/.m2/repository/com/github/java-json-tools/json-schema-validator/2.2.10/json-schema-validator-2.2.10.jar:/home/rincon/.m2/repository/com/github/java-json-tools/json-schema-core/1.2.10/json-schema-core-1.2.10.jar:/home/rincon/.m2/repository/com/github/java-json-tools/jackson-coreutils/1.9/jackson-coreutils-1.9.jar:/home/rincon/.m2/repository/com/github/fge/msg-simple/1.1/msg-simple-1.1.jar:/home/rincon/.m2/repository/com/github/fge/btf/1.2/btf-1.2.jar:/home/rincon/.m2/repository/com/github/fge/uri-template/0.9/uri-template-0.9.jar:/home/rincon/.m2/repository/org/mozilla/rhino/1.7.7.1/rhino-1.7.7.1.jar:/home/rincon/.m2/repository/javax/mail/mailapi/1.4.3/mailapi-1.4.3.jar:/home/rincon/.m2/repository/joda-time/joda-time/2.9.9/joda-time-2.9.9.jar:/home/rincon/.m2/repository/com/googlecode/libphonenumber/libphonenumber/8.0.0/libphonenumber-8.0.0.jar:/home/rincon/.m2/repository/net/sf/jopt-simple/jopt-simple/5.0.3/jopt-simple-5.0.3.jar:/home/rincon/.m2/repository/com/google/code/gson/gson/2.8.9/gson-2.8.9.jar:/home/rincon/.m2/repository/org/codehaus/groovy/groovy/3.0.9/groovy-3.0.9.jar:/home/rincon/.m2/repository/org/codehaus/groovy/groovy-xml/3.0.9/groovy-xml-3.0.9.jar:/home/rincon/.m2/repository/org/evomaster/evomaster-client-java-controller-api/3.0.0/evomaster-client-java-controller-api-3.0.0.jar:/home/rincon/.m2/repository/org/evomaster/evomaster-client-java-sql-dto/3.0.0/evomaster-client-java-sql-dto-3.0.0.jar:/home/rincon/.m2/repository/org/evomaster/evomaster-client-java-controller/3.0.0/evomaster-client-java-controller-3.0.0.jar:/home/rincon/.m2/repository/javax/annotation/javax.annotation-api/1.2/javax.annotation-api-1.2.jar:/home/rincon/.m2/repository/javax/inject/javax.inject/1/javax.inject-1.jar:/home/rincon/.m2/repository/javax/validation/validation-api/1.1.0.Final/validation-api-1.1.0.Final.jar:/home/rincon/.m2/repository/javax/servlet/javax.servlet-api/3.1.0/javax.servlet-api-3.1.0.jar:/home/rincon/.m2/repository/javax/ws/rs/javax.ws.rs-api/2.1.1/javax.ws.rs-api-2.1.1.jar:/home/rincon/.m2/repository/junit/junit/4.4/junit-4.4.jar:"/>
    <property name="java.vm.vendor" value="Oracle Corporation"/>
    <property name="sun.arch.data.model" value="64"/>
    <property name="java.vendor.url" value="http://java.oracle.com/"/>
    <property name="user.timezone" value=""/>
    <property name="java.vm.specification.version" value="1.8"/>
    <property name="os.name" value="Linux"/>
    <property name="user.country" value="BR"/>
    <property name="sun.java.launcher" value="SUN_STANDARD"/>
    <property name="sun.boot.library.path" value="/home/rincon/apps/java/jdk-8/jre/lib/amd64"/>
    <property name="sun.java.command" value="/media/rincon/63999417195/eclipse-workspace/EMB-master/jdk_8_maven/cs/rest/original/catwatch/catwatch-backend/target/surefire/surefirebooter7217941014639182883.jar /media/rincon/63999417195/eclipse-workspace/EMB-master/jdk_8_maven/cs/rest/original/catwatch/catwatch-backend/target/surefire 2025-04-04T11-38-34_244-jvmRun1 surefire7200062740810291717tmp surefire_01454344631139014436tmp"/>
    <property name="surefire.test.class.path" value="/media/rincon/63999417195/eclipse-workspace/EMB-master/jdk_8_maven/cs/rest/original/catwatch/catwatch-backend/target/test-classes:/media/rincon/63999417195/eclipse-workspace/EMB-master/jdk_8_maven/cs/rest/original/catwatch/catwatch-backend/target/classes:/home/rincon/.m2/repository/org/kohsuke/github-api/1.77/github-api-1.77.jar:/home/rincon/.m2/repository/commons-lang/commons-lang/2.6/commons-lang-2.6.jar:/home/rincon/.m2/repository/commons-codec/commons-codec/1.10/commons-codec-1.10.jar:/home/rincon/.m2/repository/com/fasterxml/jackson/core/jackson-databind/2.8.8/jackson-databind-2.8.8.jar:/home/rincon/.m2/repository/commons-io/commons-io/1.4/commons-io-1.4.jar:/home/rincon/.m2/repository/com/infradna/tool/bridge-method-annotation/1.14/bridge-method-annotation-1.14.jar:/home/rincon/.m2/repository/com/squareup/okhttp/okhttp/2.4.0/okhttp-2.4.0.jar:/home/rincon/.m2/repository/com/squareup/okio/okio/1.4.0/okio-1.4.0.jar:/home/rincon/.m2/repository/com/squareup/okhttp/okhttp-urlconnection/2.4.0/okhttp-urlconnection-2.4.0.jar:/home/rincon/.m2/repository/org/springframework/boot/spring-boot-starter-web/1.5.4.RELEASE/spring-boot-starter-web-1.5.4.RELEASE.jar:/home/rincon/.m2/repository/org/springframework/boot/spring-boot-starter/1.5.4.RELEASE/spring-boot-starter-1.5.4.RELEASE.jar:/home/rincon/.m2/repository/org/springframework/boot/spring-boot/1.5.4.RELEASE/spring-boot-1.5.4.RELEASE.jar:/home/rincon/.m2/repository/org/springframework/boot/spring-boot-autoconfigure/1.5.4.RELEASE/spring-boot-autoconfigure-1.5.4.RELEASE.jar:/home/rincon/.m2/repository/org/springframework/boot/spring-boot-starter-logging/1.5.4.RELEASE/spring-boot-starter-logging-1.5.4.RELEASE.jar:/home/rincon/.m2/repository/ch/qos/logback/logback-classic/1.1.11/logback-classic-1.1.11.jar:/home/rincon/.m2/repository/ch/qos/logback/logback-core/1.1.11/logback-core-1.1.11.jar:/home/rincon/.m2/repository/org/slf4j/jul-to-slf4j/1.7.25/jul-to-slf4j-1.7.25.jar:/home/rincon/.m2/repository/org/slf4j/log4j-over-slf4j/1.7.25/log4j-over-slf4j-1.7.25.jar:/home/rincon/.m2/repository/org/springframework/boot/spring-boot-starter-tomcat/1.5.4.RELEASE/spring-boot-starter-tomcat-1.5.4.RELEASE.jar:/home/rincon/.m2/repository/org/apache/tomcat/embed/tomcat-embed-core/8.5.15/tomcat-embed-core-8.5.15.jar:/home/rincon/.m2/repository/org/apache/tomcat/embed/tomcat-embed-el/8.5.15/tomcat-embed-el-8.5.15.jar:/home/rincon/.m2/repository/org/apache/tomcat/embed/tomcat-embed-websocket/8.5.15/tomcat-embed-websocket-8.5.15.jar:/home/rincon/.m2/repository/org/hibernate/hibernate-validator/5.3.5.Final/hibernate-validator-5.3.5.Final.jar:/home/rincon/.m2/repository/org/jboss/logging/jboss-logging/3.3.1.Final/jboss-logging-3.3.1.Final.jar:/home/rincon/.m2/repository/org/springframework/spring-web/4.3.9.RELEASE/spring-web-4.3.9.RELEASE.jar:/home/rincon/.m2/repository/org/springframework/spring-webmvc/4.3.9.RELEASE/spring-webmvc-4.3.9.RELEASE.jar:/home/rincon/.m2/repository/org/springframework/spring-expression/4.3.9.RELEASE/spring-expression-4.3.9.RELEASE.jar:/home/rincon/.m2/repository/org/springframework/retry/spring-retry/1.2.0.RELEASE/spring-retry-1.2.0.RELEASE.jar:/home/rincon/.m2/repository/org/springframework/spring-core/4.3.9.RELEASE/spring-core-4.3.9.RELEASE.jar:/home/rincon/.m2/repository/io/swagger/swagger-annotations/1.5.3/swagger-annotations-1.5.3.jar:/home/rincon/.m2/repository/com/fasterxml/jackson/core/jackson-annotations/2.8.0/jackson-annotations-2.8.0.jar:/home/rincon/.m2/repository/org/springframework/boot/spring-boot-starter-security/1.5.4.RELEASE/spring-boot-starter-security-1.5.4.RELEASE.jar:/home/rincon/.m2/repository/org/springframework/spring-aop/4.3.9.RELEASE/spring-aop-4.3.9.RELEASE.jar:/home/rincon/.m2/repository/org/springframework/security/spring-security-config/4.2.3.RELEASE/spring-security-config-4.2.3.RELEASE.jar:/home/rincon/.m2/repository/org/springframework/security/spring-security-core/4.2.3.RELEASE/spring-security-core-4.2.3.RELEASE.jar:/home/rincon/.m2/repository/org/springframework/security/spring-security-web/4.2.3.RELEASE/spring-security-web-4.2.3.RELEASE.jar:/home/rincon/.m2/repository/org/zalando/stups/stups-spring-oauth2-server/1.0.0/stups-spring-oauth2-server-1.0.0.jar:/home/rincon/.m2/repository/org/springframework/security/oauth/spring-security-oauth2/2.0.14.RELEASE/spring-security-oauth2-2.0.14.RELEASE.jar:/home/rincon/.m2/repository/org/codehaus/jackson/jackson-mapper-asl/1.9.13/jackson-mapper-asl-1.9.13.jar:/home/rincon/.m2/repository/org/codehaus/jackson/jackson-core-asl/1.9.13/jackson-core-asl-1.9.13.jar:/home/rincon/.m2/repository/org/slf4j/slf4j-api/1.7.25/slf4j-api-1.7.25.jar:/home/rincon/.m2/repository/org/springframework/boot/spring-boot-starter-data-jpa/1.5.4.RELEASE/spring-boot-starter-data-jpa-1.5.4.RELEASE.jar:/home/rincon/.m2/repository/org/springframework/boot/spring-boot-starter-aop/1.5.4.RELEASE/spring-boot-starter-aop-1.5.4.RELEASE.jar:/home/rincon/.m2/repository/org/aspectj/aspectjweaver/1.8.10/aspectjweaver-1.8.10.jar:/home/rincon/.m2/repository/org/springframework/boot/spring-boot-starter-jdbc/1.5.4.RELEASE/spring-boot-starter-jdbc-1.5.4.RELEASE.jar:/home/rincon/.m2/repository/org/apache/tomcat/tomcat-jdbc/8.5.15/tomcat-jdbc-8.5.15.jar:/home/rincon/.m2/repository/org/apache/tomcat/tomcat-juli/8.5.15/tomcat-juli-8.5.15.jar:/home/rincon/.m2/repository/org/springframework/spring-jdbc/4.3.9.RELEASE/spring-jdbc-4.3.9.RELEASE.jar:/home/rincon/.m2/repository/org/hibernate/hibernate-core/5.0.12.Final/hibernate-core-5.0.12.Final.jar:/home/rincon/.m2/repository/org/hibernate/javax/persistence/hibernate-jpa-2.1-api/1.0.0.Final/hibernate-jpa-2.1-api-1.0.0.Final.jar:/home/rincon/.m2/repository/org/javassist/javassist/3.21.0-GA/javassist-3.21.0-GA.jar:/home/rincon/.m2/repository/antlr/antlr/2.7.7/antlr-2.7.7.jar:/home/rincon/.m2/repository/org/jboss/jandex/2.0.0.Final/jandex-2.0.0.Final.jar:/home/rincon/.m2/repository/dom4j/dom4j/1.6.1/dom4j-1.6.1.jar:/home/rincon/.m2/repository/org/hibernate/common/hibernate-commons-annotations/5.0.1.Final/hibernate-commons-annotations-5.0.1.Final.jar:/home/rincon/.m2/repository/org/hibernate/hibernate-entitymanager/5.0.12.Final/hibernate-entitymanager-5.0.12.Final.jar:/home/rincon/.m2/repository/javax/transaction/javax.transaction-api/1.2/javax.transaction-api-1.2.jar:/home/rincon/.m2/repository/org/springframework/data/spring-data-jpa/1.11.4.RELEASE/spring-data-jpa-1.11.4.RELEASE.jar:/home/rincon/.m2/repository/org/springframework/data/spring-data-commons/1.13.4.RELEASE/spring-data-commons-1.13.4.RELEASE.jar:/home/rincon/.m2/repository/org/springframework/spring-orm/4.3.9.RELEASE/spring-orm-4.3.9.RELEASE.jar:/home/rincon/.m2/repository/org/springframework/spring-tx/4.3.9.RELEASE/spring-tx-4.3.9.RELEASE.jar:/home/rincon/.m2/repository/org/slf4j/jcl-over-slf4j/1.7.25/jcl-over-slf4j-1.7.25.jar:/home/rincon/.m2/repository/org/springframework/spring-aspects/4.3.9.RELEASE/spring-aspects-4.3.9.RELEASE.jar:/home/rincon/.m2/repository/com/mysema/querydsl/querydsl-jpa/3.6.5/querydsl-jpa-3.6.5.jar:/home/rincon/.m2/repository/com/mysema/querydsl/querydsl-core/3.6.5/querydsl-core-3.6.5.jar:/home/rincon/.m2/repository/com/mysema/commons/mysema-commons-lang/0.2.4/mysema-commons-lang-0.2.4.jar:/home/rincon/.m2/repository/org/flywaydb/flyway-core/3.2.1/flyway-core-3.2.1.jar:/home/rincon/.m2/repository/com/h2database/h2/1.4.195/h2-1.4.195.jar:/home/rincon/.m2/repository/org/postgresql/postgresql/9.4-1201-jdbc41/postgresql-9.4-1201-jdbc41.jar:/home/rincon/.m2/repository/org/springframework/boot/spring-boot-starter-actuator/1.5.4.RELEASE/spring-boot-starter-actuator-1.5.4.RELEASE.jar:/home/rincon/.m2/repository/org/springframework/boot/spring-boot-actuator/1.5.4.RELEASE/spring-boot-actuator-1.5.4.RELEASE.jar:/home/rincon/.m2/repository/com/google/guava/guava/19.0/guava-19.0.jar:/home/rincon/.m2/repository/commons-beanutils/commons-beanutils/1.9.2/commons-beanutils-1.9.2.jar:/home/rincon/.m2/repository/commons-logging/commons-logging/1.1.1/commons-logging-1.1.1.jar:/home/rincon/.m2/repository/commons-collections/commons-collections/3.2.2/commons-collections-3.2.2.jar:/home/rincon/.m2/repository/javax/mail/mail/1.4.7/mail-1.4.7.jar:/home/rincon/.m2/repository/javax/activation/activation/1.1/activation-1.1.jar:/home/rincon/.m2/repository/org/springframework/spring-context-support/4.3.9.RELEASE/spring-context-support-4.3.9.RELEASE.jar:/home/rincon/.m2/repository/org/springframework/spring-beans/4.3.9.RELEASE/spring-beans-4.3.9.RELEASE.jar:/home/rincon/.m2/repository/org/springframework/spring-context/4.3.9.RELEASE/spring-context-4.3.9.RELEASE.jar:/home/rincon/.m2/repository/org/springframework/boot/spring-boot-starter-test/1.5.4.RELEASE/spring-boot-starter-test-1.5.4.RELEASE.jar:/home/rincon/.m2/repository/org/springframework/boot/spring-boot-test/1.5.4.RELEASE/spring-boot-test-1.5.4.RELEASE.jar:/home/rincon/.m2/repository/org/springframework/boot/spring-boot-test-autoconfigure/1.5.4.RELEASE/spring-boot-test-autoconfigure-1.5.4.RELEASE.jar:/home/rincon/.m2/repository/org/assertj/assertj-core/2.6.0/assertj-core-2.6.0.jar:/home/rincon/.m2/repository/org/mockito/mockito-core/1.10.19/mockito-core-1.10.19.jar:/home/rincon/.m2/repository/org/objenesis/objenesis/2.1/objenesis-2.1.jar:/home/rincon/.m2/repository/org/hamcrest/hamcrest-core/1.3/hamcrest-core-1.3.jar:/home/rincon/.m2/repository/org/hamcrest/hamcrest-library/1.3/hamcrest-library-1.3.jar:/home/rincon/.m2/repository/org/skyscreamer/jsonassert/1.4.0/jsonassert-1.4.0.jar:/home/rincon/.m2/repository/com/vaadin/external/google/android-json/0.0.20131108.vaadin1/android-json-0.0.20131108.vaadin1.jar:/home/rincon/.m2/repository/org/springframework/spring-test/4.3.9.RELEASE/spring-test-4.3.9.RELEASE.jar:/home/rincon/.m2/repository/com/jayway/jsonpath/json-path/2.2.0/json-path-2.2.0.jar:/home/rincon/.m2/repository/net/minidev/json-smart/2.2.1/json-smart-2.2.1.jar:/home/rincon/.m2/repository/net/minidev/accessors-smart/1.1/accessors-smart-1.1.jar:/home/rincon/.m2/repository/org/ow2/asm/asm/5.0.3/asm-5.0.3.jar:/home/rincon/.m2/repository/org/subethamail/subethasmtp/3.1.7/subethasmtp-3.1.7.jar:/home/rincon/.m2/repository/com/google/code/findbugs/jsr305/1.3.9/jsr305-1.3.9.jar:/home/rincon/.m2/repository/com/fasterxml/jackson/dataformat/jackson-dataformat-yaml/2.8.8/jackson-dataformat-yaml-2.8.8.jar:/home/rincon/.m2/repository/com/fasterxml/jackson/core/jackson-core/2.8.8/jackson-core-2.8.8.jar:/home/rincon/.m2/repository/org/yaml/snakeyaml/1.17/snakeyaml-1.17.jar:/home/rincon/.m2/repository/io/springfox/springfox-spring-web/2.7.0/springfox-spring-web-2.7.0.jar:/home/rincon/.m2/repository/org/reflections/reflections/0.9.11/reflections-0.9.11.jar:/home/rincon/.m2/repository/com/fasterxml/classmate/1.3.3/classmate-1.3.3.jar:/home/rincon/.m2/repository/org/springframework/plugin/spring-plugin-core/1.2.0.RELEASE/spring-plugin-core-1.2.0.RELEASE.jar:/home/rincon/.m2/repository/org/springframework/plugin/spring-plugin-metadata/1.2.0.RELEASE/spring-plugin-metadata-1.2.0.RELEASE.jar:/home/rincon/.m2/repository/io/springfox/springfox-spi/2.7.0/springfox-spi-2.7.0.jar:/home/rincon/.m2/repository/io/springfox/springfox-core/2.7.0/springfox-core-2.7.0.jar:/home/rincon/.m2/repository/net/bytebuddy/byte-buddy/1.6.14/byte-buddy-1.6.14.jar:/home/rincon/.m2/repository/io/springfox/springfox-swagger2/2.7.0/springfox-swagger2-2.7.0.jar:/home/rincon/.m2/repository/io/swagger/swagger-models/1.5.13/swagger-models-1.5.13.jar:/home/rincon/.m2/repository/io/springfox/springfox-schema/2.7.0/springfox-schema-2.7.0.jar:/home/rincon/.m2/repository/io/springfox/springfox-swagger-common/2.7.0/springfox-swagger-common-2.7.0.jar:/home/rincon/.m2/repository/org/mapstruct/mapstruct/1.1.0.Final/mapstruct-1.1.0.Final.jar:/home/rincon/.m2/repository/io/rest-assured/rest-assured/4.3.0/rest-assured-4.3.0.jar:/home/rincon/.m2/repository/org/apache/httpcomponents/httpclient/4.5.3/httpclient-4.5.3.jar:/home/rincon/.m2/repository/org/apache/httpcomponents/httpcore/4.4.6/httpcore-4.4.6.jar:/home/rincon/.m2/repository/org/apache/httpcomponents/httpmime/4.5.3/httpmime-4.5.3.jar:/home/rincon/.m2/repository/org/hamcrest/hamcrest/2.1/hamcrest-2.1.jar:/home/rincon/.m2/repository/org/ccil/cowan/tagsoup/tagsoup/1.2.1/tagsoup-1.2.1.jar:/home/rincon/.m2/repository/io/rest-assured/xml-path/4.3.0/xml-path-4.3.0.jar:/home/rincon/.m2/repository/io/rest-assured/rest-assured-common/4.3.0/rest-assured-common-4.3.0.jar:/home/rincon/.m2/repository/org/apache/commons/commons-lang3/3.4/commons-lang3-3.4.jar:/home/rincon/.m2/repository/jakarta/xml/bind/jakarta.xml.bind-api/2.3.2/jakarta.xml.bind-api-2.3.2.jar:/home/rincon/.m2/repository/jakarta/activation/jakarta.activation-api/1.2.1/jakarta.activation-api-1.2.1.jar:/home/rincon/.m2/repository/com/sun/xml/bind/jaxb-osgi/2.3.0.1/jaxb-osgi-2.3.0.1.jar:/home/rincon/.m2/repository/org/apache/sling/org.apache.sling.javax.activation/0.1.0/org.apache.sling.javax.activation-0.1.0.jar:/home/rincon/.m2/repository/io/rest-assured/json-path/4.3.0/json-path-4.3.0.jar:/home/rincon/.m2/repository/org/codehaus/groovy/groovy-json/2.4.11/groovy-json-2.4.11.jar:/home/rincon/.m2/repository/io/rest-assured/json-schema-validator/4.3.0/json-schema-validator-4.3.0.jar:/home/rincon/.m2/repository/com/github/java-json-tools/json-schema-validator/2.2.10/json-schema-validator-2.2.10.jar:/home/rincon/.m2/repository/com/github/java-json-tools/json-schema-core/1.2.10/json-schema-core-1.2.10.jar:/home/rincon/.m2/repository/com/github/java-json-tools/jackson-coreutils/1.9/jackson-coreutils-1.9.jar:/home/rincon/.m2/repository/com/github/fge/msg-simple/1.1/msg-simple-1.1.jar:/home/rincon/.m2/repository/com/github/fge/btf/1.2/btf-1.2.jar:/home/rincon/.m2/repository/com/github/fge/uri-template/0.9/uri-template-0.9.jar:/home/rincon/.m2/repository/org/mozilla/rhino/1.7.7.1/rhino-1.7.7.1.jar:/home/rincon/.m2/repository/javax/mail/mailapi/1.4.3/mailapi-1.4.3.jar:/home/rincon/.m2/repository/joda-time/joda-time/2.9.9/joda-time-2.9.9.jar:/home/rincon/.m2/repository/com/googlecode/libphonenumber/libphonenumber/8.0.0/libphonenumber-8.0.0.jar:/home/rincon/.m2/repository/net/sf/jopt-simple/jopt-simple/5.0.3/jopt-simple-5.0.3.jar:/home/rincon/.m2/repository/com/google/code/gson/gson/2.8.9/gson-2.8.9.jar:/home/rincon/.m2/repository/org/codehaus/groovy/groovy/3.0.9/groovy-3.0.9.jar:/home/rincon/.m2/repository/org/codehaus/groovy/groovy-xml/3.0.9/groovy-xml-3.0.9.jar:/home/rincon/.m2/repository/org/evomaster/evomaster-client-java-controller-api/3.0.0/evomaster-client-java-controller-api-3.0.0.jar:/home/rincon/.m2/repository/org/evomaster/evomaster-client-java-sql-dto/3.0.0/evomaster-client-java-sql-dto-3.0.0.jar:/home/rincon/.m2/repository/org/evomaster/evomaster-client-java-controller/3.0.0/evomaster-client-java-controller-3.0.0.jar:/home/rincon/.m2/repository/javax/annotation/javax.annotation-api/1.2/javax.annotation-api-1.2.jar:/home/rincon/.m2/repository/javax/inject/javax.inject/1/javax.inject-1.jar:/home/rincon/.m2/repository/javax/validation/validation-api/1.1.0.Final/validation-api-1.1.0.Final.jar:/home/rincon/.m2/repository/javax/servlet/javax.servlet-api/3.1.0/javax.servlet-api-3.1.0.jar:/home/rincon/.m2/repository/javax/ws/rs/javax.ws.rs-api/2.1.1/javax.ws.rs-api-2.1.1.jar:/home/rincon/.m2/repository/junit/junit/4.4/junit-4.4.jar:"/>
    <property name="sun.cpu.endian" value="little"/>
    <property name="user.home" value="/home/rincon"/>
    <property name="user.language" value="pt"/>
    <property name="java.specification.vendor" value="Oracle Corporation"/>
    <property name="java.home" value="/home/rincon/apps/java/jdk-8/jre"/>
    <property name="basedir" value="/media/rincon/63999417195/eclipse-workspace/EMB-master/jdk_8_maven/cs/rest/original/catwatch/catwatch-backend"/>
    <property name="file.separator" value="/"/>
    <property name="line.separator" value="&#10;"/>
    <property name="java.vm.specification.vendor" value="Oracle Corporation"/>
    <property name="java.specification.name" value="Java Platform API Specification"/>
    <property name="java.awt.graphicsenv" value="sun.awt.X11GraphicsEnvironment"/>
    <property name="surefire.real.class.path" value="/media/rincon/63999417195/eclipse-workspace/EMB-master/jdk_8_maven/cs/rest/original/catwatch/catwatch-backend/target/surefire/surefirebooter7217941014639182883.jar:/home/rincon/.m2/repository/org/jacoco/org.jacoco.agent/0.8.7/org.jacoco.agent-0.8.7-runtime.jar"/>
    <property name="sun.boot.class.path" value="/home/rincon/apps/java/jdk-8/jre/lib/resources.jar:/home/rincon/apps/java/jdk-8/jre/lib/rt.jar:/home/rincon/apps/java/jdk-8/jre/lib/sunrsasign.jar:/home/rincon/apps/java/jdk-8/jre/lib/jsse.jar:/home/rincon/apps/java/jdk-8/jre/lib/jce.jar:/home/rincon/apps/java/jdk-8/jre/lib/charsets.jar:/home/rincon/apps/java/jdk-8/jre/lib/jfr.jar:/home/rincon/apps/java/jdk-8/jre/classes"/>
    <property name="sun.management.compiler" value="HotSpot 64-Bit Tiered Compilers"/>
    <property name="java.runtime.version" value="1.8.0_202-b08"/>
    <property name="user.name" value="rincon"/>
    <property name="path.separator" value=":"/>
    <property name="os.version" value="5.15.0-135-generic"/>
    <property name="java.endorsed.dirs" value="/home/rincon/apps/java/jdk-8/jre/lib/endorsed"/>
    <property name="java.runtime.name" value="Java(TM) SE Runtime Environment"/>
    <property name="file.encoding" value="UTF-8"/>
    <property name="java.vm.name" value="Java HotSpot(TM) 64-Bit Server VM"/>
    <property name="localRepository" value="/home/rincon/.m2/repository"/>
    <property name="java.vendor.url.bug" value="http://bugreport.sun.com/bugreport/"/>
    <property name="java.io.tmpdir" value="/tmp"/>
    <property name="java.version" value="1.8.0_202"/>
    <property name="user.dir" value="/media/rincon/63999417195/eclipse-workspace/EMB-master/jdk_8_maven/cs/rest/original/catwatch/catwatch-backend"/>
    <property name="os.arch" value="amd64"/>
    <property name="java.vm.specification.name" value="Java Virtual Machine Specification"/>
    <property name="java.awt.printerjob" value="sun.print.PSPrinterJob"/>
    <property name="sun.os.patch.level" value="unknown"/>
    <property name="java.library.path" value="/usr/java/packages/lib/amd64:/usr/lib64:/lib64:/lib:/usr/lib"/>
    <property name="java.vm.info" value="mixed mode"/>
    <property name="java.vendor" value="Oracle Corporation"/>
    <property name="java.vm.version" value="25.202-b08"/>
    <property name="java.ext.dirs" value="/home/rincon/apps/java/jdk-8/jre/lib/ext:/usr/java/packages/lib/ext"/>
    <property name="sun.io.unicode.encoding" value="UnicodeLittle"/>
    <property name="java.class.version" value="52.0"/>
    <property name="maven.test.failure.ignore" value="true"/>
  </properties>
  <testcase name="test_4" classname="org.zalando.catwatch.backend.seed01_EvoMaster_others_Test" time="1.269"/>
  <testcase name="test_0" classname="org.zalando.catwatch.backend.seed01_EvoMaster_others_Test" time="0">
    <skipped/>
  </testcase>
  <testcase name="test_2" classname="org.zalando.catwatch.backend.seed01_EvoMaster_others_Test" time="0.329"/>
  <testcase name="test_5" classname="org.zalando.catwatch.backend.seed01_EvoMaster_others_Test" time="0.432"/>
  <testcase name="test_1" classname="org.zalando.catwatch.backend.seed01_EvoMaster_others_Test" time="0.434"/>
  <testcase name="test_12" classname="org.zalando.catwatch.backend.seed01_EvoMaster_others_Test" time="0.028"/>
  <testcase name="test_3" classname="org.zalando.catwatch.backend.seed01_EvoMaster_others_Test" time="0.322"/>
  <testcase name="test_9" classname="org.zalando.catwatch.backend.seed01_EvoMaster_others_Test" time="0.076">
    <failure message="1 expectation failed.&#10;JSON path &apos;message&apos; doesn&apos;t match.&#10;Expected: a string containing &quot;Failed to convert value of type &apos;java.lang.String&apos; to required type &apos;java.util.Date&apos;; nested exception is org.springframework.core.convert.ConversionFailedException: Failed to convert from type [java.lang.String] to type [@io.swagger.annotations.ApiParam @org.springframework.web.bind.annotation.RequestParam @org.springframework.format.annotation.DateTimeFormat java.util.Date] for value &apos;2053-04-13T04:60:34&apos;; nested exception is java.lang.IllegalArgumentException: Parse attempt failed for value [2053-04-13T04:60:34]&quot;&#10;  Actual: Failed to convert value of type &apos;java.lang.String&apos; to required type &apos;java.util.Date&apos;; nested exception is org.springframework.core.convert.ConversionFailedException: Failed to convert from type [java.lang.String] to type [@io.swagger.annotations.ApiParam @org.springframework.web.bind.annotation.RequestParam @org.springframework.format.annotation.DateTimeFormat java.util.Date] for value &apos;2053-04-13T04:60:34&apos;; nested exception is org.joda.time.IllegalFieldValueException: Cannot parse &quot;2053-04-13T04:60:34&quot;: Value 60 for minuteOfHour must be in the range [0,59]&#10;" type="java.lang.AssertionError">java.lang.AssertionError: 
1 expectation failed.
JSON path 'message' doesn't match.
Expected: a string containing "Failed to convert value of type 'java.lang.String' to required type 'java.util.Date'; nested exception is org.springframework.core.convert.ConversionFailedException: Failed to convert from type [java.lang.String] to type [@io.swagger.annotations.ApiParam @org.springframework.web.bind.annotation.RequestParam @org.springframework.format.annotation.DateTimeFormat java.util.Date] for value '2053-04-13T04:60:34'; nested exception is java.lang.IllegalArgumentException: Parse attempt failed for value [2053-04-13T04:60:34]"
  Actual: Failed to convert value of type 'java.lang.String' to required type 'java.util.Date'; nested exception is org.springframework.core.convert.ConversionFailedException: Failed to convert from type [java.lang.String] to type [@io.swagger.annotations.ApiParam @org.springframework.web.bind.annotation.RequestParam @org.springframework.format.annotation.DateTimeFormat java.util.Date] for value '2053-04-13T04:60:34'; nested exception is org.joda.time.IllegalFieldValueException: Cannot parse "2053-04-13T04:60:34": Value 60 for minuteOfHour must be in the range [0,59]

	at org.zalando.catwatch.backend.seed01_EvoMaster_others_Test.test_9(seed01_EvoMaster_others_Test.java:373)
</failure>
    <system-out><![CDATA[11:39:08.996 [http-nio-auto-4-exec-7] WARN  o.s.w.s.m.s.DefaultHandlerExceptionResolver - Failed to bind request element: org.springframework.web.method.annotation.MethodArgumentTypeMismatchException: Failed to convert value of type 'java.lang.String' to required type 'java.util.Date'; nested exception is org.springframework.core.convert.ConversionFailedException: Failed to convert from type [java.lang.String] to type [@io.swagger.annotations.ApiParam @org.springframework.web.bind.annotation.RequestParam @org.springframework.format.annotation.DateTimeFormat java.util.Date] for value '2053-04-13T04:60:34'; nested exception is org.joda.time.IllegalFieldValueException: Cannot parse "2053-04-13T04:60:34": Value 60 for minuteOfHour must be in the range [0,59]
Request method:	GET
Request URI:	http://localhost:43347/projects?organizations=Hh1&offset=695&start_date=1999-05-14T22%3A57%3A06&end_date=2053-04-13T04%3A60%3A34&sortBy=_EM_785_XYZ_&language=6uTnw
Proxy:			<none>
Request params:	<none>
Query params:	<none>
Form params:	<none>
Path params:	<none>
Headers:		Accept=application/json
				x-EMextraHeader123=a3N9XaT44EAzL2
Cookies:		<none>
Multiparts:		<none>
Body:			<none>

HTTP/1.1 400 
X-Content-Type-Options: nosniff
X-XSS-Protection: 1; mode=block
Cache-Control: no-cache, no-store, max-age=0, must-revalidate
Pragma: no-cache
Expires: 0
X-Frame-Options: DENY
Access-Control-Allow-Origin: *
Access-Control-Allow-Methods: POST, GET, OPTIONS, DELETE
Access-Control-Max-Age: 3600
Access-Control-Allow-Headers: x-requested-with
X-Application-Context: application:0
Content-Type: application/json;charset=UTF-8
Transfer-Encoding: chunked
Date: Fri, 04 Apr 2025 14:39:08 GMT
Connection: close

{
    "timestamp": 1743777548999,
    "status": 400,
    "error": "Bad Request",
    "exception": "org.springframework.web.method.annotation.MethodArgumentTypeMismatchException",
    "message": "Failed to convert value of type 'java.lang.String' to required type 'java.util.Date'; nested exception is org.springframework.core.convert.ConversionFailedException: Failed to convert from type [java.lang.String] to type [@io.swagger.annotations.ApiParam @org.springframework.web.bind.annotation.RequestParam @org.springframework.format.annotation.DateTimeFormat java.util.Date] for value '2053-04-13T04:60:34'; nested exception is org.joda.time.IllegalFieldValueException: Cannot parse \"2053-04-13T04:60:34\": Value 60 for minuteOfHour must be in the range [0,59]",
    "path": "/projects"
}
]]></system-out>
  </testcase>
  <testcase name="test_9" classname="org.zalando.catwatch.backend.seed01_EvoMaster_others_Test" time="0.076"/>
  <testcase name="test_8" classname="org.zalando.catwatch.backend.seed01_EvoMaster_others_Test" time="0.444"/>
  <testcase name="test_17" classname="org.zalando.catwatch.backend.seed01_EvoMaster_others_Test" time="0.034"/>
  <testcase name="test_18" classname="org.zalando.catwatch.backend.seed01_EvoMaster_others_Test" time="0.027"/>
  <testcase name="test_19" classname="org.zalando.catwatch.backend.seed01_EvoMaster_others_Test" time="0.387">
    <failure message="1 expectation failed.&#10;JSON path &apos;error_description&apos; doesn&apos;t match.&#10;Expected: a string containing &quot;Unable to obtain a new access token for resource &apos;null&apos;. The provider manager is not configured to support it.&quot;&#10;  Actual: Unable to obtain a new access token for resource &amp;#39;null&amp;#39;. The provider manager is not configured to support it.&#10;" type="java.lang.AssertionError"><![CDATA[java.lang.AssertionError: 
1 expectation failed.
JSON path 'error_description' doesn't match.
Expected: a string containing "Unable to obtain a new access token for resource 'null'. The provider manager is not configured to support it."
  Actual: Unable to obtain a new access token for resource &#39;null&#39;. The provider manager is not configured to support it.

	at org.zalando.catwatch.backend.seed01_EvoMaster_others_Test.test_19(seed01_EvoMaster_others_Test.java:603)
]]></failure>
    <system-out><![CDATA[11:39:09.569 [http-nio-auto-4-exec-1] INFO  o.z.s.o.s.s.TokenInfoResourceServerTokenServices - Getting token info from: https://info.services.auth.zalando.com/oauth2/tokeninfo
Request method:	GET
Request URI:	http://localhost:43347/export?access_token=_EM_812_XYZ_
Proxy:			<none>
Request params:	<none>
Query params:	<none>
Form params:	<none>
Path params:	<none>
Headers:		Accept=application/json;charset=utf-8
				x-EMextraHeader123=_EM_25_XYZ_
Cookies:		<none>
Multiparts:		<none>
Body:			<none>

HTTP/1.1 403 
X-Content-Type-Options: nosniff
X-XSS-Protection: 1; mode=block
Cache-Control: no-cache, no-store, max-age=0, must-revalidate
Pragma: no-cache
Expires: 0
X-Frame-Options: DENY
Cache-Control: no-store
Pragma: no-cache
WWW-Authenticate: Bearer realm="oauth2-resource"
Content-Type: application/json;charset=UTF-8
Transfer-Encoding: chunked
Date: Fri, 04 Apr 2025 14:39:09 GMT

{
    "error": "access_denied",
    "error_description": "Unable to obtain a new access token for resource &#39;null&#39;. The provider manager is not configured to support it."
}
]]></system-out>
  </testcase>
  <testcase name="test_19" classname="org.zalando.catwatch.backend.seed01_EvoMaster_others_Test" time="0.387"/>
  <testcase name="test_20" classname="org.zalando.catwatch.backend.seed01_EvoMaster_others_Test" time="0.314">
    <failure message="1 expectation failed.&#10;JSON path &apos;error_description&apos; doesn&apos;t match.&#10;Expected: a string containing &quot;Unable to obtain a new access token for resource &apos;null&apos;. The provider manager is not configured to support it.&quot;&#10;  Actual: Unable to obtain a new access token for resource &amp;#39;null&amp;#39;. The provider manager is not configured to support it.&#10;" type="java.lang.AssertionError"><![CDATA[java.lang.AssertionError: 
1 expectation failed.
JSON path 'error_description' doesn't match.
Expected: a string containing "Unable to obtain a new access token for resource 'null'. The provider manager is not configured to support it."
  Actual: Unable to obtain a new access token for resource &#39;null&#39;. The provider manager is not configured to support it.

	at org.zalando.catwatch.backend.seed01_EvoMaster_others_Test.test_20(seed01_EvoMaster_others_Test.java:643)
]]></failure>
    <system-out><![CDATA[11:39:09.956 [http-nio-auto-4-exec-2] INFO  o.z.s.o.s.s.TokenInfoResourceServerTokenServices - Getting token info from: https://info.services.auth.zalando.com/oauth2/tokeninfo
Request method:	GET
Request URI:	http://localhost:43347/projects?offset=942&sortBy=_EM_673_XYZ_&q=_nnX1va2eHqaFS&language=v&access_token=_EM_675_XYZ_
Proxy:			<none>
Request params:	<none>
Query params:	<none>
Form params:	<none>
Path params:	<none>
Headers:		Accept=application/json
				x-EMextraHeader123=_EM_38_XYZ_
Cookies:		<none>
Multiparts:		<none>
Body:			<none>

HTTP/1.1 403 
X-Content-Type-Options: nosniff
X-XSS-Protection: 1; mode=block
Cache-Control: no-cache, no-store, max-age=0, must-revalidate
Pragma: no-cache
Expires: 0
X-Frame-Options: DENY
Cache-Control: no-store
Pragma: no-cache
WWW-Authenticate: Bearer realm="oauth2-resource"
Content-Type: application/json;charset=UTF-8
Transfer-Encoding: chunked
Date: Fri, 04 Apr 2025 14:39:09 GMT

{
    "error": "access_denied",
    "error_description": "Unable to obtain a new access token for resource &#39;null&#39;. The provider manager is not configured to support it."
}
]]></system-out>
  </testcase>
  <testcase name="test_20" classname="org.zalando.catwatch.backend.seed01_EvoMaster_others_Test" time="0.314"/>
  <testcase name="test_21" classname="org.zalando.catwatch.backend.seed01_EvoMaster_others_Test" time="0.03"/>
  <testcase name="test_22" classname="org.zalando.catwatch.backend.seed01_EvoMaster_others_Test" time="0.072"/>
  <testcase name="test_23" classname="org.zalando.catwatch.backend.seed01_EvoMaster_others_Test" time="0.017"/>
  <testcase name="test_24" classname="org.zalando.catwatch.backend.seed01_EvoMaster_others_Test" time="0.355">
    <failure message="1 expectation failed.&#10;JSON path &apos;error_description&apos; doesn&apos;t match.&#10;Expected: a string containing &quot;Unable to obtain a new access token for resource &apos;null&apos;. The provider manager is not configured to support it.&quot;&#10;  Actual: Unable to obtain a new access token for resource &amp;#39;null&amp;#39;. The provider manager is not configured to support it.&#10;" type="java.lang.AssertionError"><![CDATA[java.lang.AssertionError: 
1 expectation failed.
JSON path 'error_description' doesn't match.
Expected: a string containing "Unable to obtain a new access token for resource 'null'. The provider manager is not configured to support it."
  Actual: Unable to obtain a new access token for resource &#39;null&#39;. The provider manager is not configured to support it.

	at org.zalando.catwatch.backend.seed01_EvoMaster_others_Test.test_24(seed01_EvoMaster_others_Test.java:868)
]]></failure>
    <system-out><![CDATA[11:39:10.391 [http-nio-auto-4-exec-6] INFO  o.z.s.o.s.s.TokenInfoResourceServerTokenServices - Getting token info from: https://info.services.auth.zalando.com/oauth2/tokeninfo
Request method:	GET
Request URI:	http://localhost:43347/languages?organizations=_EM_579_XYZ_&access_token=_EM_581_XYZ_
Proxy:			<none>
Request params:	<none>
Query params:	<none>
Form params:	<none>
Path params:	<none>
Headers:		Accept=application/json
				x-EMextraHeader123=
Cookies:		<none>
Multiparts:		<none>
Body:			<none>

HTTP/1.1 403 
X-Content-Type-Options: nosniff
X-XSS-Protection: 1; mode=block
Cache-Control: no-cache, no-store, max-age=0, must-revalidate
Pragma: no-cache
Expires: 0
X-Frame-Options: DENY
Cache-Control: no-store
Pragma: no-cache
WWW-Authenticate: Bearer realm="oauth2-resource"
Content-Type: application/json;charset=UTF-8
Transfer-Encoding: chunked
Date: Fri, 04 Apr 2025 14:39:09 GMT

{
    "error": "access_denied",
    "error_description": "Unable to obtain a new access token for resource &#39;null&#39;. The provider manager is not configured to support it."
}
]]></system-out>
  </testcase>
  <testcase name="test_24" classname="org.zalando.catwatch.backend.seed01_EvoMaster_others_Test" time="0.355"/>
  <testcase name="test_25" classname="org.zalando.catwatch.backend.seed01_EvoMaster_others_Test" time="0.436">
    <failure message="1 expectation failed.&#10;JSON path &apos;error_description&apos; doesn&apos;t match.&#10;Expected: a string containing &quot;Unable to obtain a new access token for resource &apos;null&apos;. The provider manager is not configured to support it.&quot;&#10;  Actual: Unable to obtain a new access token for resource &amp;#39;null&amp;#39;. The provider manager is not configured to support it.&#10;" type="java.lang.AssertionError"><![CDATA[java.lang.AssertionError: 
1 expectation failed.
JSON path 'error_description' doesn't match.
Expected: a string containing "Unable to obtain a new access token for resource 'null'. The provider manager is not configured to support it."
  Actual: Unable to obtain a new access token for resource &#39;null&#39;. The provider manager is not configured to support it.

	at org.zalando.catwatch.backend.seed01_EvoMaster_others_Test.test_25(seed01_EvoMaster_others_Test.java:884)
]]></failure>
    <system-out><![CDATA[11:39:10.742 [http-nio-auto-4-exec-7] INFO  o.z.s.o.s.s.TokenInfoResourceServerTokenServices - Getting token info from: https://info.services.auth.zalando.com/oauth2/tokeninfo
Request method:	GET
Request URI:	http://localhost:43347/statistics/projects?access_token=_EM_248_XYZ_
Proxy:			<none>
Request params:	<none>
Query params:	<none>
Form params:	<none>
Path params:	<none>
Headers:		Accept=application/json
				x-EMextraHeader123=
Cookies:		<none>
Multiparts:		<none>
Body:			<none>

HTTP/1.1 403 
X-Content-Type-Options: nosniff
X-XSS-Protection: 1; mode=block
Cache-Control: no-cache, no-store, max-age=0, must-revalidate
Pragma: no-cache
Expires: 0
X-Frame-Options: DENY
Cache-Control: no-store
Pragma: no-cache
WWW-Authenticate: Bearer realm="oauth2-resource"
Content-Type: application/json;charset=UTF-8
Transfer-Encoding: chunked
Date: Fri, 04 Apr 2025 14:39:11 GMT

{
    "error": "access_denied",
    "error_description": "Unable to obtain a new access token for resource &#39;null&#39;. The provider manager is not configured to support it."
}
]]></system-out>
  </testcase>
  <testcase name="test_25" classname="org.zalando.catwatch.backend.seed01_EvoMaster_others_Test" time="0.436"/>
  <testcase name="test_26" classname="org.zalando.catwatch.backend.seed01_EvoMaster_others_Test" time="0.331">
    <failure message="1 expectation failed.&#10;JSON path &apos;error_description&apos; doesn&apos;t match.&#10;Expected: a string containing &quot;Unable to obtain a new access token for resource &apos;null&apos;. The provider manager is not configured to support it.&quot;&#10;  Actual: Unable to obtain a new access token for resource &amp;#39;null&amp;#39;. The provider manager is not configured to support it.&#10;" type="java.lang.AssertionError"><![CDATA[java.lang.AssertionError: 
1 expectation failed.
JSON path 'error_description' doesn't match.
Expected: a string containing "Unable to obtain a new access token for resource 'null'. The provider manager is not configured to support it."
  Actual: Unable to obtain a new access token for resource &#39;null&#39;. The provider manager is not configured to support it.

	at org.zalando.catwatch.backend.seed01_EvoMaster_others_Test.test_26(seed01_EvoMaster_others_Test.java:904)
]]></failure>
    <system-out><![CDATA[11:39:11.181 [http-nio-auto-4-exec-8] INFO  o.z.s.o.s.s.TokenInfoResourceServerTokenServices - Getting token info from: https://info.services.auth.zalando.com/oauth2/tokeninfo
Request method:	GET
Request URI:	http://localhost:43347/statistics/contributors?organizations=_EM_0_XYZ_&start_date=xUEXkh2vb9&EMextraParam123=_EM_2_XYZ_&access_token=m
Proxy:			<none>
Request params:	<none>
Query params:	<none>
Form params:	<none>
Path params:	<none>
Headers:		Accept=application/json
				x-EMextraHeader123=_EM_3_XYZ_
Cookies:		<none>
Multiparts:		<none>
Body:			<none>

HTTP/1.1 403 
X-Content-Type-Options: nosniff
X-XSS-Protection: 1; mode=block
Cache-Control: no-cache, no-store, max-age=0, must-revalidate
Pragma: no-cache
Expires: 0
X-Frame-Options: DENY
Cache-Control: no-store
Pragma: no-cache
WWW-Authenticate: Bearer realm="oauth2-resource"
Content-Type: application/json;charset=UTF-8
Transfer-Encoding: chunked
Date: Fri, 04 Apr 2025 14:39:11 GMT

{
    "error": "access_denied",
    "error_description": "Unable to obtain a new access token for resource &#39;null&#39;. The provider manager is not configured to support it."
}
]]></system-out>
  </testcase>
  <testcase name="test_26" classname="org.zalando.catwatch.backend.seed01_EvoMaster_others_Test" time="0.331"/>
  <testcase name="test_27" classname="org.zalando.catwatch.backend.seed01_EvoMaster_others_Test" time="0.356">
    <failure message="1 expectation failed.&#10;JSON path &apos;error_description&apos; doesn&apos;t match.&#10;Expected: a string containing &quot;Unable to obtain a new access token for resource &apos;null&apos;. The provider manager is not configured to support it.&quot;&#10;  Actual: Unable to obtain a new access token for resource &amp;#39;null&amp;#39;. The provider manager is not configured to support it.&#10;" type="java.lang.AssertionError"><![CDATA[java.lang.AssertionError: 
1 expectation failed.
JSON path 'error_description' doesn't match.
Expected: a string containing "Unable to obtain a new access token for resource 'null'. The provider manager is not configured to support it."
  Actual: Unable to obtain a new access token for resource &#39;null&#39;. The provider manager is not configured to support it.

	at org.zalando.catwatch.backend.seed01_EvoMaster_others_Test.test_27(seed01_EvoMaster_others_Test.java:920)
]]></failure>
    <system-out><![CDATA[11:39:11.524 [http-nio-auto-4-exec-9] INFO  o.z.s.o.s.s.TokenInfoResourceServerTokenServices - Getting token info from: https://info.services.auth.zalando.com/oauth2/tokeninfo
Request method:	GET
Request URI:	http://localhost:43347/init?access_token=HOvNkmxD
Proxy:			<none>
Request params:	<none>
Query params:	<none>
Form params:	<none>
Path params:	<none>
Headers:		Accept=application/json;charset=utf-8
				x-EMextraHeader123=_EM_240_XYZ_
Cookies:		<none>
Multiparts:		<none>
Body:			<none>

HTTP/1.1 403 
X-Content-Type-Options: nosniff
X-XSS-Protection: 1; mode=block
Cache-Control: no-cache, no-store, max-age=0, must-revalidate
Pragma: no-cache
Expires: 0
X-Frame-Options: DENY
Cache-Control: no-store
Pragma: no-cache
WWW-Authenticate: Bearer realm="oauth2-resource"
Content-Type: application/json;charset=UTF-8
Transfer-Encoding: chunked
Date: Fri, 04 Apr 2025 14:39:11 GMT

{
    "error": "access_denied",
    "error_description": "Unable to obtain a new access token for resource &#39;null&#39;. The provider manager is not configured to support it."
}
]]></system-out>
  </testcase>
  <testcase name="test_27" classname="org.zalando.catwatch.backend.seed01_EvoMaster_others_Test" time="0.356"/>
  <testcase name="test_28" classname="org.zalando.catwatch.backend.seed01_EvoMaster_others_Test" time="0.409">
    <failure message="1 expectation failed.&#10;JSON path &apos;error_description&apos; doesn&apos;t match.&#10;Expected: a string containing &quot;Unable to obtain a new access token for resource &apos;null&apos;. The provider manager is not configured to support it.&quot;&#10;  Actual: Unable to obtain a new access token for resource &amp;#39;null&amp;#39;. The provider manager is not configured to support it.&#10;" type="java.lang.AssertionError"><![CDATA[java.lang.AssertionError: 
1 expectation failed.
JSON path 'error_description' doesn't match.
Expected: a string containing "Unable to obtain a new access token for resource 'null'. The provider manager is not configured to support it."
  Actual: Unable to obtain a new access token for resource &#39;null&#39;. The provider manager is not configured to support it.

	at org.zalando.catwatch.backend.seed01_EvoMaster_others_Test.test_28(seed01_EvoMaster_others_Test.java:936)
]]></failure>
    <system-out><![CDATA[11:39:11.868 [http-nio-auto-4-exec-10] INFO  o.z.s.o.s.s.TokenInfoResourceServerTokenServices - Getting token info from: https://info.services.auth.zalando.com/oauth2/tokeninfo
Request method:	GET
Request URI:	http://localhost:43347/fetch?access_token=nvrMI1D1
Proxy:			<none>
Request params:	<none>
Query params:	<none>
Form params:	<none>
Path params:	<none>
Headers:		Accept=application/json;charset=utf-8
				x-EMextraHeader123=
Cookies:		<none>
Multiparts:		<none>
Body:			<none>

HTTP/1.1 403 
X-Content-Type-Options: nosniff
X-XSS-Protection: 1; mode=block
Cache-Control: no-cache, no-store, max-age=0, must-revalidate
Pragma: no-cache
Expires: 0
X-Frame-Options: DENY
Cache-Control: no-store
Pragma: no-cache
WWW-Authenticate: Bearer realm="oauth2-resource"
Content-Type: application/json;charset=UTF-8
Transfer-Encoding: chunked
Date: Fri, 04 Apr 2025 14:39:12 GMT

{
    "error": "access_denied",
    "error_description": "Unable to obtain a new access token for resource &#39;null&#39;. The provider manager is not configured to support it."
}
]]></system-out>
  </testcase>
  <testcase name="test_28" classname="org.zalando.catwatch.backend.seed01_EvoMaster_others_Test" time="0.409"/>
  <testcase name="test_29" classname="org.zalando.catwatch.backend.seed01_EvoMaster_others_Test" time="0.384">
    <failure message="1 expectation failed.&#10;JSON path &apos;error_description&apos; doesn&apos;t match.&#10;Expected: a string containing &quot;Unable to obtain a new access token for resource &apos;null&apos;. The provider manager is not configured to support it.&quot;&#10;  Actual: Unable to obtain a new access token for resource &amp;#39;null&amp;#39;. The provider manager is not configured to support it.&#10;" type="java.lang.AssertionError"><![CDATA[java.lang.AssertionError: 
1 expectation failed.
JSON path 'error_description' doesn't match.
Expected: a string containing "Unable to obtain a new access token for resource 'null'. The provider manager is not configured to support it."
  Actual: Unable to obtain a new access token for resource &#39;null&#39;. The provider manager is not configured to support it.

	at org.zalando.catwatch.backend.seed01_EvoMaster_others_Test.test_29(seed01_EvoMaster_others_Test.java:961)
]]></failure>
    <system-out><![CDATA[11:39:12.276 [http-nio-auto-4-exec-1] INFO  o.z.s.o.s.s.TokenInfoResourceServerTokenServices - Getting token info from: https://info.services.auth.zalando.com/oauth2/tokeninfo
Request method:	GET
Request URI:	http://localhost:43347/contributors?organizations=glpe5JhUa&limit=290&offset=706&start_date=H9bk4&end_date=SmI&sortBy=uNuvHkREKM&q=k81LxlsJcs3&EMextraParam123=_EM_20_XYZ_&access_token=z1LyUs
Proxy:			<none>
Request params:	<none>
Query params:	<none>
Form params:	<none>
Path params:	<none>
Headers:		Accept=application/json
				x-EMextraHeader123=
Cookies:		<none>
Multiparts:		<none>
Body:			<none>

HTTP/1.1 403 
X-Content-Type-Options: nosniff
X-XSS-Protection: 1; mode=block
Cache-Control: no-cache, no-store, max-age=0, must-revalidate
Pragma: no-cache
Expires: 0
X-Frame-Options: DENY
Cache-Control: no-store
Pragma: no-cache
WWW-Authenticate: Bearer realm="oauth2-resource"
Content-Type: application/json;charset=UTF-8
Transfer-Encoding: chunked
Date: Fri, 04 Apr 2025 14:39:12 GMT

{
    "error": "access_denied",
    "error_description": "Unable to obtain a new access token for resource &#39;null&#39;. The provider manager is not configured to support it."
}
]]></system-out>
  </testcase>
  <testcase name="test_29" classname="org.zalando.catwatch.backend.seed01_EvoMaster_others_Test" time="0.384"/>
  <testcase name="test_30" classname="org.zalando.catwatch.backend.seed01_EvoMaster_others_Test" time="0.333">
    <failure message="1 expectation failed.&#10;JSON path &apos;error_description&apos; doesn&apos;t match.&#10;Expected: a string containing &quot;Unable to obtain a new access token for resource &apos;null&apos;. The provider manager is not configured to support it.&quot;&#10;  Actual: Unable to obtain a new access token for resource &amp;#39;null&amp;#39;. The provider manager is not configured to support it.&#10;" type="java.lang.AssertionError"><![CDATA[java.lang.AssertionError: 
1 expectation failed.
JSON path 'error_description' doesn't match.
Expected: a string containing "Unable to obtain a new access token for resource 'null'. The provider manager is not configured to support it."
  Actual: Unable to obtain a new access token for resource &#39;null&#39;. The provider manager is not configured to support it.

	at org.zalando.catwatch.backend.seed01_EvoMaster_others_Test.test_30(seed01_EvoMaster_others_Test.java:979)
]]></failure>
    <system-out><![CDATA[11:39:12.661 [http-nio-auto-4-exec-2] INFO  o.z.s.o.s.s.TokenInfoResourceServerTokenServices - Getting token info from: https://info.services.auth.zalando.com/oauth2/tokeninfo
Request method:	GET
Request URI:	http://localhost:43347/statistics?EMextraParam123=_EM_41_XYZ_&access_token=YIzCbG_L
Proxy:			<none>
Request params:	<none>
Query params:	<none>
Form params:	<none>
Path params:	<none>
Headers:		Accept=application/json
				x-EMextraHeader123=
Cookies:		<none>
Multiparts:		<none>
Body:			<none>

HTTP/1.1 403 
X-Content-Type-Options: nosniff
X-XSS-Protection: 1; mode=block
Cache-Control: no-cache, no-store, max-age=0, must-revalidate
Pragma: no-cache
Expires: 0
X-Frame-Options: DENY
Cache-Control: no-store
Pragma: no-cache
WWW-Authenticate: Bearer realm="oauth2-resource"
Content-Type: application/json;charset=UTF-8
Transfer-Encoding: chunked
Date: Fri, 04 Apr 2025 14:39:12 GMT

{
    "error": "access_denied",
    "error_description": "Unable to obtain a new access token for resource &#39;null&#39;. The provider manager is not configured to support it."
}
]]></system-out>
  </testcase>
  <testcase name="test_30" classname="org.zalando.catwatch.backend.seed01_EvoMaster_others_Test" time="0.333"/>
  <testcase name="test_31" classname="org.zalando.catwatch.backend.seed01_EvoMaster_others_Test" time="0.382">
    <failure message="1 expectation failed.&#10;JSON path &apos;error_description&apos; doesn&apos;t match.&#10;Expected: a string containing &quot;Unable to obtain a new access token for resource &apos;null&apos;. The provider manager is not configured to support it.&quot;&#10;  Actual: Unable to obtain a new access token for resource &amp;#39;null&amp;#39;. The provider manager is not configured to support it.&#10;" type="java.lang.AssertionError"><![CDATA[java.lang.AssertionError: 
1 expectation failed.
JSON path 'error_description' doesn't match.
Expected: a string containing "Unable to obtain a new access token for resource 'null'. The provider manager is not configured to support it."
  Actual: Unable to obtain a new access token for resource &#39;null&#39;. The provider manager is not configured to support it.

	at org.zalando.catwatch.backend.seed01_EvoMaster_others_Test.test_31(seed01_EvoMaster_others_Test.java:995)
]]></failure>
    <system-out><![CDATA[11:39:12.993 [http-nio-auto-4-exec-3] INFO  o.z.s.o.s.s.TokenInfoResourceServerTokenServices - Getting token info from: https://info.services.auth.zalando.com/oauth2/tokeninfo
Request method:	GET
Request URI:	http://localhost:43347/delete?access_token=rRZM0umMw9
Proxy:			<none>
Request params:	<none>
Query params:	<none>
Form params:	<none>
Path params:	<none>
Headers:		Accept=application/json;charset=utf-8
				x-EMextraHeader123=_EM_23_XYZ_
Cookies:		<none>
Multiparts:		<none>
Body:			<none>

HTTP/1.1 403 
X-Content-Type-Options: nosniff
X-XSS-Protection: 1; mode=block
Cache-Control: no-cache, no-store, max-age=0, must-revalidate
Pragma: no-cache
Expires: 0
X-Frame-Options: DENY
Cache-Control: no-store
Pragma: no-cache
WWW-Authenticate: Bearer realm="oauth2-resource"
Content-Type: application/json;charset=UTF-8
Transfer-Encoding: chunked
Date: Fri, 04 Apr 2025 14:39:13 GMT

{
    "error": "access_denied",
    "error_description": "Unable to obtain a new access token for resource &#39;null&#39;. The provider manager is not configured to support it."
}
]]></system-out>
  </testcase>
  <testcase name="test_31" classname="org.zalando.catwatch.backend.seed01_EvoMaster_others_Test" time="0.382"/>
  <testcase name="test_32" classname="org.zalando.catwatch.backend.seed01_EvoMaster_others_Test" time="0.332">
    <failure message="1 expectation failed.&#10;JSON path &apos;error_description&apos; doesn&apos;t match.&#10;Expected: a string containing &quot;Unable to obtain a new access token for resource &apos;null&apos;. The provider manager is not configured to support it.&quot;&#10;  Actual: Unable to obtain a new access token for resource &amp;#39;null&amp;#39;. The provider manager is not configured to support it.&#10;" type="java.lang.AssertionError"><![CDATA[java.lang.AssertionError: 
1 expectation failed.
JSON path 'error_description' doesn't match.
Expected: a string containing "Unable to obtain a new access token for resource 'null'. The provider manager is not configured to support it."
  Actual: Unable to obtain a new access token for resource &#39;null&#39;. The provider manager is not configured to support it.

	at org.zalando.catwatch.backend.seed01_EvoMaster_others_Test.test_32(seed01_EvoMaster_others_Test.java:1016)
]]></failure>
    <system-out><![CDATA[11:39:13.375 [http-nio-auto-4-exec-4] INFO  o.z.s.o.s.s.TokenInfoResourceServerTokenServices - Getting token info from: https://info.services.auth.zalando.com/oauth2/tokeninfo
Request method:	GET
Request URI:	http://localhost:43347/statistics/languages?organizations=l87&start_date=_EM_4_XYZ_&end_date=_EM_5_XYZ_&EMextraParam123=_EM_6_XYZ_&access_token=SQccnpemvpBFc6Sf
Proxy:			<none>
Request params:	<none>
Query params:	<none>
Form params:	<none>
Path params:	<none>
Headers:		Accept=application/json
				x-EMextraHeader123=
Cookies:		<none>
Multiparts:		<none>
Body:			<none>

HTTP/1.1 403 
X-Content-Type-Options: nosniff
X-XSS-Protection: 1; mode=block
Cache-Control: no-cache, no-store, max-age=0, must-revalidate
Pragma: no-cache
Expires: 0
X-Frame-Options: DENY
Cache-Control: no-store
Pragma: no-cache
WWW-Authenticate: Bearer realm="oauth2-resource"
Content-Type: application/json;charset=UTF-8
Transfer-Encoding: chunked
Date: Fri, 04 Apr 2025 14:39:13 GMT

{
    "error": "access_denied",
    "error_description": "Unable to obtain a new access token for resource &#39;null&#39;. The provider manager is not configured to support it."
}
]]></system-out>
  </testcase>
  <testcase name="test_32" classname="org.zalando.catwatch.backend.seed01_EvoMaster_others_Test" time="0.332"/>
  <testcase name="test_33" classname="org.zalando.catwatch.backend.seed01_EvoMaster_others_Test" time="0.293">
    <failure message="1 expectation failed.&#10;JSON path &apos;error_description&apos; doesn&apos;t match.&#10;Expected: a string containing &quot;Unable to obtain a new access token for resource &apos;null&apos;. The provider manager is not configured to support it.&quot;&#10;  Actual: Unable to obtain a new access token for resource &amp;#39;null&amp;#39;. The provider manager is not configured to support it.&#10;" type="java.lang.AssertionError"><![CDATA[java.lang.AssertionError: 
1 expectation failed.
JSON path 'error_description' doesn't match.
Expected: a string containing "Unable to obtain a new access token for resource 'null'. The provider manager is not configured to support it."
  Actual: Unable to obtain a new access token for resource &#39;null&#39;. The provider manager is not configured to support it.

	at org.zalando.catwatch.backend.seed01_EvoMaster_others_Test.test_33(seed01_EvoMaster_others_Test.java:1032)
]]></failure>
    <system-out><![CDATA[11:39:13.707 [http-nio-auto-4-exec-5] INFO  o.z.s.o.s.s.TokenInfoResourceServerTokenServices - Getting token info from: https://info.services.auth.zalando.com/oauth2/tokeninfo
Request method:	GET
Request URI:	http://localhost:43347/config?access_token=_EM_400_XYZ_
Proxy:			<none>
Request params:	<none>
Query params:	<none>
Form params:	<none>
Path params:	<none>
Headers:		Accept=application/json
				x-EMextraHeader123=
Cookies:		<none>
Multiparts:		<none>
Body:			<none>

HTTP/1.1 403 
X-Content-Type-Options: nosniff
X-XSS-Protection: 1; mode=block
Cache-Control: no-cache, no-store, max-age=0, must-revalidate
Pragma: no-cache
Expires: 0
X-Frame-Options: DENY
Cache-Control: no-store
Pragma: no-cache
WWW-Authenticate: Bearer realm="oauth2-resource"
Content-Type: application/json;charset=UTF-8
Transfer-Encoding: chunked
Date: Fri, 04 Apr 2025 14:39:13 GMT

{
    "error": "access_denied",
    "error_description": "Unable to obtain a new access token for resource &#39;null&#39;. The provider manager is not configured to support it."
}
]]></system-out>
  </testcase>
  <testcase name="test_33" classname="org.zalando.catwatch.backend.seed01_EvoMaster_others_Test" time="0.293"/>
  <testcase name="test_15" classname="org.zalando.catwatch.backend.seed01_EvoMaster_others_Test" time="0.012"/>
  <testcase name="test_16" classname="org.zalando.catwatch.backend.seed01_EvoMaster_others_Test" time="0.018"/>
  <testcase name="test_11" classname="org.zalando.catwatch.backend.seed01_EvoMaster_others_Test" time="0.014"/>
  <testcase name="test_6" classname="org.zalando.catwatch.backend.seed01_EvoMaster_others_Test" time="0.33"/>
  <testcase name="test_13" classname="org.zalando.catwatch.backend.seed01_EvoMaster_others_Test" time="0.014"/>
  <testcase name="test_10" classname="org.zalando.catwatch.backend.seed01_EvoMaster_others_Test" time="0.337"/>
  <testcase name="test_7" classname="org.zalando.catwatch.backend.seed01_EvoMaster_others_Test" time="0.31"/>
  <testcase name="test_14" classname="org.zalando.catwatch.backend.seed01_EvoMaster_others_Test" time="0.014"/>
</testsuite>