<?xml version="1.0" encoding="UTF-8"?>
<testsuite xmlns:xsi="http://www.w3.org/2001/XMLSchema-instance" xsi:noNamespaceSchemaLocation="https://maven.apache.org/surefire/maven-surefire-plugin/xsd/surefire-test-report.xsd" name="eu.fayder.restcountries.sonnet35_run01_CountryServiceBaseTest" time="0.714" tests="8" errors="0" skipped="0" failures="4">
  <properties>
    <property name="sun.desktop" value="gnome"/>
    <property name="awt.toolkit" value="sun.awt.X11.XToolkit"/>
    <property name="file.encoding.pkg" value="sun.io"/>
    <property name="java.specification.version" value="1.8"/>
    <property name="sun.cpu.isalist" value=""/>
    <property name="sun.jnu.encoding" value="UTF-8"/>
    <property name="java.class.path" value="/media/rincon/63999417195/eclipse-workspace/EMB-master/jdk_8_maven/cs/rest/original/restcountries/target/test-classes:/media/rincon/63999417195/eclipse-workspace/EMB-master/jdk_8_maven/cs/rest/original/restcountries/target/classes:/home/rincon/.m2/repository/org/jboss/resteasy/resteasy-jaxb-provider/4.5.8.Final/resteasy-jaxb-provider-4.5.8.Final.jar:/home/rincon/.m2/repository/org/jboss/spec/javax/xml/bind/jboss-jaxb-api_2.3_spec/1.0.1.Final/jboss-jaxb-api_2.3_spec-1.0.1.Final.jar:/home/rincon/.m2/repository/org/glassfish/jaxb/jaxb-runtime/2.3.3-b02/jaxb-runtime-2.3.3-b02.jar:/home/rincon/.m2/repository/org/glassfish/jaxb/txw2/2.3.3-b02/txw2-2.3.3-b02.jar:/home/rincon/.m2/repository/com/sun/istack/istack-commons-runtime/3.0.10/istack-commons-runtime-3.0.10.jar:/home/rincon/.m2/repository/com/sun/activation/jakarta.activation/1.2.1/jakarta.activation-1.2.1.jar:/home/rincon/.m2/repository/org/jboss/logging/jboss-logging/3.3.2.Final/jboss-logging-3.3.2.Final.jar:/home/rincon/.m2/repository/org/jboss/resteasy/resteasy-servlet-initializer/4.5.8.Final/resteasy-servlet-initializer-4.5.8.Final.jar:/home/rincon/.m2/repository/org/jboss/resteasy/resteasy-core/4.5.8.Final/resteasy-core-4.5.8.Final.jar:/home/rincon/.m2/repository/org/reactivestreams/reactive-streams/1.0.3/reactive-streams-1.0.3.jar:/home/rincon/.m2/repository/com/ibm/async/asyncutil/0.1.0/asyncutil-0.1.0.jar:/home/rincon/.m2/repository/org/jboss/spec/javax/annotation/jboss-annotations-api_1.3_spec/2.0.1.Final/jboss-annotations-api_1.3_spec-2.0.1.Final.jar:/home/rincon/.m2/repository/org/eclipse/microprofile/config/microprofile-config-api/1.4/microprofile-config-api-1.4.jar:/home/rincon/.m2/repository/io/smallrye/config/smallrye-config/1.6.1/smallrye-config-1.6.1.jar:/home/rincon/.m2/repository/io/smallrye/config/smallrye-config-common/1.6.1/smallrye-config-common-1.6.1.jar:/home/rincon/.m2/repository/org/jboss/spec/javax/ws/rs/jboss-jaxrs-api_2.1_spec/2.0.1.Final/jboss-jaxrs-api_2.1_spec-2.0.1.Final.jar:/home/rincon/.m2/repository/org/jboss/resteasy/resteasy-jackson2-provider/4.5.8.Final/resteasy-jackson2-provider-4.5.8.Final.jar:/home/rincon/.m2/repository/com/fasterxml/jackson/core/jackson-core/2.11.1/jackson-core-2.11.1.jar:/home/rincon/.m2/repository/com/fasterxml/jackson/core/jackson-databind/2.11.1/jackson-databind-2.11.1.jar:/home/rincon/.m2/repository/com/fasterxml/jackson/core/jackson-annotations/2.11.1/jackson-annotations-2.11.1.jar:/home/rincon/.m2/repository/com/fasterxml/jackson/jaxrs/jackson-jaxrs-json-provider/2.11.1/jackson-jaxrs-json-provider-2.11.1.jar:/home/rincon/.m2/repository/com/fasterxml/jackson/jaxrs/jackson-jaxrs-base/2.11.1/jackson-jaxrs-base-2.11.1.jar:/home/rincon/.m2/repository/com/fasterxml/jackson/module/jackson-module-jaxb-annotations/2.11.1/jackson-module-jaxb-annotations-2.11.1.jar:/home/rincon/.m2/repository/com/github/java-json-tools/json-patch/1.13/json-patch-1.13.jar:/home/rincon/.m2/repository/com/github/java-json-tools/msg-simple/1.2/msg-simple-1.2.jar:/home/rincon/.m2/repository/com/github/java-json-tools/btf/1.3/btf-1.3.jar:/home/rincon/.m2/repository/com/github/java-json-tools/jackson-coreutils/2.0/jackson-coreutils-2.0.jar:/home/rincon/.m2/repository/com/google/code/gson/gson/2.8.9/gson-2.8.9.jar:/home/rincon/.m2/repository/com/stripe/stripe-java/3.5.0/stripe-java-3.5.0.jar:/home/rincon/.m2/repository/org/slf4j/slf4j-api/1.7.25/slf4j-api-1.7.25.jar:/home/rincon/.m2/repository/org/slf4j/slf4j-log4j12/1.7.25/slf4j-log4j12-1.7.25.jar:/home/rincon/.m2/repository/log4j/log4j/1.2.17/log4j-1.2.17.jar:/home/rincon/.m2/repository/javax/servlet/javax.servlet-api/4.0.0/javax.servlet-api-4.0.0.jar:/home/rincon/.m2/repository/io/rest-assured/rest-assured/4.3.0/rest-assured-4.3.0.jar:/home/rincon/.m2/repository/org/apache/httpcomponents/httpclient/4.5.3/httpclient-4.5.3.jar:/home/rincon/.m2/repository/org/apache/httpcomponents/httpcore/4.4.6/httpcore-4.4.6.jar:/home/rincon/.m2/repository/commons-logging/commons-logging/1.2/commons-logging-1.2.jar:/home/rincon/.m2/repository/org/apache/httpcomponents/httpmime/4.5.3/httpmime-4.5.3.jar:/home/rincon/.m2/repository/org/hamcrest/hamcrest/2.1/hamcrest-2.1.jar:/home/rincon/.m2/repository/org/ccil/cowan/tagsoup/tagsoup/1.2.1/tagsoup-1.2.1.jar:/home/rincon/.m2/repository/io/rest-assured/xml-path/4.3.0/xml-path-4.3.0.jar:/home/rincon/.m2/repository/io/rest-assured/rest-assured-common/4.3.0/rest-assured-common-4.3.0.jar:/home/rincon/.m2/repository/org/apache/commons/commons-lang3/3.4/commons-lang3-3.4.jar:/home/rincon/.m2/repository/jakarta/xml/bind/jakarta.xml.bind-api/2.3.2/jakarta.xml.bind-api-2.3.2.jar:/home/rincon/.m2/repository/jakarta/activation/jakarta.activation-api/1.2.1/jakarta.activation-api-1.2.1.jar:/home/rincon/.m2/repository/com/sun/xml/bind/jaxb-osgi/2.3.0.1/jaxb-osgi-2.3.0.1.jar:/home/rincon/.m2/repository/org/apache/sling/org.apache.sling.javax.activation/0.1.0/org.apache.sling.javax.activation-0.1.0.jar:/home/rincon/.m2/repository/javax/activation/activation/1.1.1/activation-1.1.1.jar:/home/rincon/.m2/repository/io/rest-assured/json-path/4.3.0/json-path-4.3.0.jar:/home/rincon/.m2/repository/org/codehaus/groovy/groovy-json/3.0.2/groovy-json-3.0.2.jar:/home/rincon/.m2/repository/io/rest-assured/json-schema-validator/4.3.0/json-schema-validator-4.3.0.jar:/home/rincon/.m2/repository/com/github/java-json-tools/json-schema-validator/2.2.10/json-schema-validator-2.2.10.jar:/home/rincon/.m2/repository/com/github/java-json-tools/json-schema-core/1.2.10/json-schema-core-1.2.10.jar:/home/rincon/.m2/repository/com/github/fge/uri-template/0.9/uri-template-0.9.jar:/home/rincon/.m2/repository/com/github/fge/msg-simple/1.1/msg-simple-1.1.jar:/home/rincon/.m2/repository/com/github/fge/btf/1.2/btf-1.2.jar:/home/rincon/.m2/repository/org/mozilla/rhino/1.7.7.1/rhino-1.7.7.1.jar:/home/rincon/.m2/repository/javax/mail/mailapi/1.4.3/mailapi-1.4.3.jar:/home/rincon/.m2/repository/joda-time/joda-time/2.9.7/joda-time-2.9.7.jar:/home/rincon/.m2/repository/com/googlecode/libphonenumber/libphonenumber/8.0.0/libphonenumber-8.0.0.jar:/home/rincon/.m2/repository/com/google/code/findbugs/jsr305/3.0.1/jsr305-3.0.1.jar:/home/rincon/.m2/repository/net/sf/jopt-simple/jopt-simple/5.0.3/jopt-simple-5.0.3.jar:/home/rincon/.m2/repository/org/codehaus/groovy/groovy/3.0.9/groovy-3.0.9.jar:/home/rincon/.m2/repository/org/codehaus/groovy/groovy-xml/3.0.9/groovy-xml-3.0.9.jar:/home/rincon/.m2/repository/org/evomaster/evomaster-client-java-controller-api/3.0.0/evomaster-client-java-controller-api-3.0.0.jar:/home/rincon/.m2/repository/org/evomaster/evomaster-client-java-sql-dto/3.0.0/evomaster-client-java-sql-dto-3.0.0.jar:/home/rincon/.m2/repository/org/evomaster/evomaster-client-java-controller/3.0.0/evomaster-client-java-controller-3.0.0.jar:/home/rincon/.m2/repository/javax/annotation/javax.annotation-api/1.2/javax.annotation-api-1.2.jar:/home/rincon/.m2/repository/javax/inject/javax.inject/1/javax.inject-1.jar:/home/rincon/.m2/repository/javax/validation/validation-api/1.1.0.Final/validation-api-1.1.0.Final.jar:/home/rincon/.m2/repository/javax/ws/rs/javax.ws.rs-api/2.1.1/javax.ws.rs-api-2.1.1.jar:/home/rincon/.m2/repository/junit/junit/4.4/junit-4.4.jar:/home/rincon/.m2/repository/org/jboss/resteasy/resteasy-spring-boot-starter/4.6.4.Final/resteasy-spring-boot-starter-4.6.4.Final.jar:/home/rincon/.m2/repository/org/springframework/boot/spring-boot-starter/2.3.2.RELEASE/spring-boot-starter-2.3.2.RELEASE.jar:/home/rincon/.m2/repository/org/springframework/boot/spring-boot/2.3.2.RELEASE/spring-boot-2.3.2.RELEASE.jar:/home/rincon/.m2/repository/org/springframework/spring-context/5.2.8.RELEASE/spring-context-5.2.8.RELEASE.jar:/home/rincon/.m2/repository/org/springframework/boot/spring-boot-autoconfigure/2.3.2.RELEASE/spring-boot-autoconfigure-2.3.2.RELEASE.jar:/home/rincon/.m2/repository/jakarta/annotation/jakarta.annotation-api/1.3.5/jakarta.annotation-api-1.3.5.jar:/home/rincon/.m2/repository/org/springframework/spring-core/5.2.8.RELEASE/spring-core-5.2.8.RELEASE.jar:/home/rincon/.m2/repository/org/springframework/spring-jcl/5.2.8.RELEASE/spring-jcl-5.2.8.RELEASE.jar:/home/rincon/.m2/repository/org/yaml/snakeyaml/1.26/snakeyaml-1.26.jar:/home/rincon/.m2/repository/org/springframework/boot/spring-boot-starter-web/2.3.2.RELEASE/spring-boot-starter-web-2.3.2.RELEASE.jar:/home/rincon/.m2/repository/org/springframework/boot/spring-boot-starter-json/2.3.2.RELEASE/spring-boot-starter-json-2.3.2.RELEASE.jar:/home/rincon/.m2/repository/org/springframework/boot/spring-boot-starter-tomcat/2.3.2.RELEASE/spring-boot-starter-tomcat-2.3.2.RELEASE.jar:/home/rincon/.m2/repository/org/apache/tomcat/embed/tomcat-embed-core/9.0.37/tomcat-embed-core-9.0.37.jar:/home/rincon/.m2/repository/org/glassfish/jakarta.el/3.0.3/jakarta.el-3.0.3.jar:/home/rincon/.m2/repository/org/apache/tomcat/embed/tomcat-embed-websocket/9.0.37/tomcat-embed-websocket-9.0.37.jar:/home/rincon/.m2/repository/org/springframework/spring-web/5.2.8.RELEASE/spring-web-5.2.8.RELEASE.jar:/home/rincon/.m2/repository/org/springframework/spring-beans/5.2.8.RELEASE/spring-beans-5.2.8.RELEASE.jar:/home/rincon/.m2/repository/org/springframework/spring-webmvc/5.2.8.RELEASE/spring-webmvc-5.2.8.RELEASE.jar:/home/rincon/.m2/repository/org/springframework/spring-aop/5.2.8.RELEASE/spring-aop-5.2.8.RELEASE.jar:/home/rincon/.m2/repository/org/springframework/spring-expression/5.2.8.RELEASE/spring-expression-5.2.8.RELEASE.jar:/home/rincon/.m2/repository/org/jboss/resteasy/resteasy-core-spi/4.5.8.Final/resteasy-core-spi-4.5.8.Final.jar:/home/rincon/.m2/repository/org/jboss/resteasy/resteasy-spring/4.5.8.Final/resteasy-spring-4.5.8.Final.jar:/home/rincon/.m2/repository/org/jboss/resteasy/resteasy-client/4.5.8.Final/resteasy-client-4.5.8.Final.jar:/home/rincon/.m2/repository/org/jboss/resteasy/resteasy-client-api/4.5.8.Final/resteasy-client-api-4.5.8.Final.jar:/home/rincon/.m2/repository/commons-io/commons-io/2.5/commons-io-2.5.jar:/home/rincon/.m2/repository/org/glassfish/javax.json/1.1.2/javax.json-1.1.2.jar:/home/rincon/.m2/repository/javax/json/javax.json-api/1.1.2/javax.json-api-1.1.2.jar:/home/rincon/.m2/repository/com/fasterxml/jackson/datatype/jackson-datatype-jdk8/2.10.3/jackson-datatype-jdk8-2.10.3.jar:/home/rincon/.m2/repository/com/fasterxml/jackson/module/jackson-module-parameter-names/2.10.3/jackson-module-parameter-names-2.10.3.jar:/home/rincon/.m2/repository/com/fasterxml/jackson/datatype/jackson-datatype-jsr310/2.10.3/jackson-datatype-jsr310-2.10.3.jar:/home/rincon/.m2/repository/com/google/guava/guava/25.0-jre/guava-25.0-jre.jar:/home/rincon/.m2/repository/org/checkerframework/checker-compat-qual/2.0.0/checker-compat-qual-2.0.0.jar:/home/rincon/.m2/repository/com/google/errorprone/error_prone_annotations/2.1.3/error_prone_annotations-2.1.3.jar:/home/rincon/.m2/repository/com/google/j2objc/j2objc-annotations/1.1/j2objc-annotations-1.1.jar:/home/rincon/.m2/repository/org/codehaus/mojo/animal-sniffer-annotations/1.14/animal-sniffer-annotations-1.14.jar:/home/rincon/.m2/repository/jakarta/validation/jakarta.validation-api/2.0.2/jakarta.validation-api-2.0.2.jar:/home/rincon/.m2/repository/commons-codec/commons-codec/1.13/commons-codec-1.13.jar:/home/rincon/.m2/repository/org/junit/platform/junit-platform-commons/1.6.2/junit-platform-commons-1.6.2.jar:/home/rincon/.m2/repository/org/apiguardian/apiguardian-api/1.1.0/apiguardian-api-1.1.0.jar:/home/rincon/.m2/repository/org/springdoc/springdoc-openapi-ui/1.4.8/springdoc-openapi-ui-1.4.8.jar:/home/rincon/.m2/repository/org/springdoc/springdoc-openapi-webmvc-core/1.4.8/springdoc-openapi-webmvc-core-1.4.8.jar:/home/rincon/.m2/repository/org/springdoc/springdoc-openapi-common/1.4.8/springdoc-openapi-common-1.4.8.jar:/home/rincon/.m2/repository/io/swagger/core/v3/swagger-models/2.1.4/swagger-models-2.1.4.jar:/home/rincon/.m2/repository/io/swagger/core/v3/swagger-annotations/2.1.4/swagger-annotations-2.1.4.jar:/home/rincon/.m2/repository/io/swagger/core/v3/swagger-integration/2.1.4/swagger-integration-2.1.4.jar:/home/rincon/.m2/repository/io/swagger/core/v3/swagger-core/2.1.4/swagger-core-2.1.4.jar:/home/rincon/.m2/repository/com/fasterxml/jackson/dataformat/jackson-dataformat-yaml/2.11.1/jackson-dataformat-yaml-2.11.1.jar:/home/rincon/.m2/repository/io/github/classgraph/classgraph/4.8.69/classgraph-4.8.69.jar:/home/rincon/.m2/repository/org/webjars/swagger-ui/3.34.0/swagger-ui-3.34.0.jar:/home/rincon/.m2/repository/org/webjars/webjars-locator-core/0.45/webjars-locator-core-0.45.jar:"/>
    <property name="java.vm.vendor" value="Oracle Corporation"/>
    <property name="sun.arch.data.model" value="64"/>
    <property name="java.vendor.url" value="http://java.oracle.com/"/>
    <property name="user.timezone" value=""/>
    <property name="java.vm.specification.version" value="1.8"/>
    <property name="os.name" value="Linux"/>
    <property name="user.country" value="BR"/>
    <property name="sun.java.launcher" value="SUN_STANDARD"/>
    <property name="sun.boot.library.path" value="/home/rincon/apps/java/jdk-8/jre/lib/amd64"/>
    <property name="sun.java.command" value="/media/rincon/63999417195/eclipse-workspace/EMB-master/jdk_8_maven/cs/rest/original/restcountries/target/surefire/surefirebooter4945393770471034176.jar /media/rincon/63999417195/eclipse-workspace/EMB-master/jdk_8_maven/cs/rest/original/restcountries/target/surefire 2025-03-26T20-19-49_538-jvmRun1 surefire422089104825686806tmp surefire_08813924307206420970tmp"/>
    <property name="surefire.test.class.path" value="/media/rincon/63999417195/eclipse-workspace/EMB-master/jdk_8_maven/cs/rest/original/restcountries/target/test-classes:/media/rincon/63999417195/eclipse-workspace/EMB-master/jdk_8_maven/cs/rest/original/restcountries/target/classes:/home/rincon/.m2/repository/org/jboss/resteasy/resteasy-jaxb-provider/4.5.8.Final/resteasy-jaxb-provider-4.5.8.Final.jar:/home/rincon/.m2/repository/org/jboss/spec/javax/xml/bind/jboss-jaxb-api_2.3_spec/1.0.1.Final/jboss-jaxb-api_2.3_spec-1.0.1.Final.jar:/home/rincon/.m2/repository/org/glassfish/jaxb/jaxb-runtime/2.3.3-b02/jaxb-runtime-2.3.3-b02.jar:/home/rincon/.m2/repository/org/glassfish/jaxb/txw2/2.3.3-b02/txw2-2.3.3-b02.jar:/home/rincon/.m2/repository/com/sun/istack/istack-commons-runtime/3.0.10/istack-commons-runtime-3.0.10.jar:/home/rincon/.m2/repository/com/sun/activation/jakarta.activation/1.2.1/jakarta.activation-1.2.1.jar:/home/rincon/.m2/repository/org/jboss/logging/jboss-logging/3.3.2.Final/jboss-logging-3.3.2.Final.jar:/home/rincon/.m2/repository/org/jboss/resteasy/resteasy-servlet-initializer/4.5.8.Final/resteasy-servlet-initializer-4.5.8.Final.jar:/home/rincon/.m2/repository/org/jboss/resteasy/resteasy-core/4.5.8.Final/resteasy-core-4.5.8.Final.jar:/home/rincon/.m2/repository/org/reactivestreams/reactive-streams/1.0.3/reactive-streams-1.0.3.jar:/home/rincon/.m2/repository/com/ibm/async/asyncutil/0.1.0/asyncutil-0.1.0.jar:/home/rincon/.m2/repository/org/jboss/spec/javax/annotation/jboss-annotations-api_1.3_spec/2.0.1.Final/jboss-annotations-api_1.3_spec-2.0.1.Final.jar:/home/rincon/.m2/repository/org/eclipse/microprofile/config/microprofile-config-api/1.4/microprofile-config-api-1.4.jar:/home/rincon/.m2/repository/io/smallrye/config/smallrye-config/1.6.1/smallrye-config-1.6.1.jar:/home/rincon/.m2/repository/io/smallrye/config/smallrye-config-common/1.6.1/smallrye-config-common-1.6.1.jar:/home/rincon/.m2/repository/org/jboss/spec/javax/ws/rs/jboss-jaxrs-api_2.1_spec/2.0.1.Final/jboss-jaxrs-api_2.1_spec-2.0.1.Final.jar:/home/rincon/.m2/repository/org/jboss/resteasy/resteasy-jackson2-provider/4.5.8.Final/resteasy-jackson2-provider-4.5.8.Final.jar:/home/rincon/.m2/repository/com/fasterxml/jackson/core/jackson-core/2.11.1/jackson-core-2.11.1.jar:/home/rincon/.m2/repository/com/fasterxml/jackson/core/jackson-databind/2.11.1/jackson-databind-2.11.1.jar:/home/rincon/.m2/repository/com/fasterxml/jackson/core/jackson-annotations/2.11.1/jackson-annotations-2.11.1.jar:/home/rincon/.m2/repository/com/fasterxml/jackson/jaxrs/jackson-jaxrs-json-provider/2.11.1/jackson-jaxrs-json-provider-2.11.1.jar:/home/rincon/.m2/repository/com/fasterxml/jackson/jaxrs/jackson-jaxrs-base/2.11.1/jackson-jaxrs-base-2.11.1.jar:/home/rincon/.m2/repository/com/fasterxml/jackson/module/jackson-module-jaxb-annotations/2.11.1/jackson-module-jaxb-annotations-2.11.1.jar:/home/rincon/.m2/repository/com/github/java-json-tools/json-patch/1.13/json-patch-1.13.jar:/home/rincon/.m2/repository/com/github/java-json-tools/msg-simple/1.2/msg-simple-1.2.jar:/home/rincon/.m2/repository/com/github/java-json-tools/btf/1.3/btf-1.3.jar:/home/rincon/.m2/repository/com/github/java-json-tools/jackson-coreutils/2.0/jackson-coreutils-2.0.jar:/home/rincon/.m2/repository/com/google/code/gson/gson/2.8.9/gson-2.8.9.jar:/home/rincon/.m2/repository/com/stripe/stripe-java/3.5.0/stripe-java-3.5.0.jar:/home/rincon/.m2/repository/org/slf4j/slf4j-api/1.7.25/slf4j-api-1.7.25.jar:/home/rincon/.m2/repository/org/slf4j/slf4j-log4j12/1.7.25/slf4j-log4j12-1.7.25.jar:/home/rincon/.m2/repository/log4j/log4j/1.2.17/log4j-1.2.17.jar:/home/rincon/.m2/repository/javax/servlet/javax.servlet-api/4.0.0/javax.servlet-api-4.0.0.jar:/home/rincon/.m2/repository/io/rest-assured/rest-assured/4.3.0/rest-assured-4.3.0.jar:/home/rincon/.m2/repository/org/apache/httpcomponents/httpclient/4.5.3/httpclient-4.5.3.jar:/home/rincon/.m2/repository/org/apache/httpcomponents/httpcore/4.4.6/httpcore-4.4.6.jar:/home/rincon/.m2/repository/commons-logging/commons-logging/1.2/commons-logging-1.2.jar:/home/rincon/.m2/repository/org/apache/httpcomponents/httpmime/4.5.3/httpmime-4.5.3.jar:/home/rincon/.m2/repository/org/hamcrest/hamcrest/2.1/hamcrest-2.1.jar:/home/rincon/.m2/repository/org/ccil/cowan/tagsoup/tagsoup/1.2.1/tagsoup-1.2.1.jar:/home/rincon/.m2/repository/io/rest-assured/xml-path/4.3.0/xml-path-4.3.0.jar:/home/rincon/.m2/repository/io/rest-assured/rest-assured-common/4.3.0/rest-assured-common-4.3.0.jar:/home/rincon/.m2/repository/org/apache/commons/commons-lang3/3.4/commons-lang3-3.4.jar:/home/rincon/.m2/repository/jakarta/xml/bind/jakarta.xml.bind-api/2.3.2/jakarta.xml.bind-api-2.3.2.jar:/home/rincon/.m2/repository/jakarta/activation/jakarta.activation-api/1.2.1/jakarta.activation-api-1.2.1.jar:/home/rincon/.m2/repository/com/sun/xml/bind/jaxb-osgi/2.3.0.1/jaxb-osgi-2.3.0.1.jar:/home/rincon/.m2/repository/org/apache/sling/org.apache.sling.javax.activation/0.1.0/org.apache.sling.javax.activation-0.1.0.jar:/home/rincon/.m2/repository/javax/activation/activation/1.1.1/activation-1.1.1.jar:/home/rincon/.m2/repository/io/rest-assured/json-path/4.3.0/json-path-4.3.0.jar:/home/rincon/.m2/repository/org/codehaus/groovy/groovy-json/3.0.2/groovy-json-3.0.2.jar:/home/rincon/.m2/repository/io/rest-assured/json-schema-validator/4.3.0/json-schema-validator-4.3.0.jar:/home/rincon/.m2/repository/com/github/java-json-tools/json-schema-validator/2.2.10/json-schema-validator-2.2.10.jar:/home/rincon/.m2/repository/com/github/java-json-tools/json-schema-core/1.2.10/json-schema-core-1.2.10.jar:/home/rincon/.m2/repository/com/github/fge/uri-template/0.9/uri-template-0.9.jar:/home/rincon/.m2/repository/com/github/fge/msg-simple/1.1/msg-simple-1.1.jar:/home/rincon/.m2/repository/com/github/fge/btf/1.2/btf-1.2.jar:/home/rincon/.m2/repository/org/mozilla/rhino/1.7.7.1/rhino-1.7.7.1.jar:/home/rincon/.m2/repository/javax/mail/mailapi/1.4.3/mailapi-1.4.3.jar:/home/rincon/.m2/repository/joda-time/joda-time/2.9.7/joda-time-2.9.7.jar:/home/rincon/.m2/repository/com/googlecode/libphonenumber/libphonenumber/8.0.0/libphonenumber-8.0.0.jar:/home/rincon/.m2/repository/com/google/code/findbugs/jsr305/3.0.1/jsr305-3.0.1.jar:/home/rincon/.m2/repository/net/sf/jopt-simple/jopt-simple/5.0.3/jopt-simple-5.0.3.jar:/home/rincon/.m2/repository/org/codehaus/groovy/groovy/3.0.9/groovy-3.0.9.jar:/home/rincon/.m2/repository/org/codehaus/groovy/groovy-xml/3.0.9/groovy-xml-3.0.9.jar:/home/rincon/.m2/repository/org/evomaster/evomaster-client-java-controller-api/3.0.0/evomaster-client-java-controller-api-3.0.0.jar:/home/rincon/.m2/repository/org/evomaster/evomaster-client-java-sql-dto/3.0.0/evomaster-client-java-sql-dto-3.0.0.jar:/home/rincon/.m2/repository/org/evomaster/evomaster-client-java-controller/3.0.0/evomaster-client-java-controller-3.0.0.jar:/home/rincon/.m2/repository/javax/annotation/javax.annotation-api/1.2/javax.annotation-api-1.2.jar:/home/rincon/.m2/repository/javax/inject/javax.inject/1/javax.inject-1.jar:/home/rincon/.m2/repository/javax/validation/validation-api/1.1.0.Final/validation-api-1.1.0.Final.jar:/home/rincon/.m2/repository/javax/ws/rs/javax.ws.rs-api/2.1.1/javax.ws.rs-api-2.1.1.jar:/home/rincon/.m2/repository/junit/junit/4.4/junit-4.4.jar:/home/rincon/.m2/repository/org/jboss/resteasy/resteasy-spring-boot-starter/4.6.4.Final/resteasy-spring-boot-starter-4.6.4.Final.jar:/home/rincon/.m2/repository/org/springframework/boot/spring-boot-starter/2.3.2.RELEASE/spring-boot-starter-2.3.2.RELEASE.jar:/home/rincon/.m2/repository/org/springframework/boot/spring-boot/2.3.2.RELEASE/spring-boot-2.3.2.RELEASE.jar:/home/rincon/.m2/repository/org/springframework/spring-context/5.2.8.RELEASE/spring-context-5.2.8.RELEASE.jar:/home/rincon/.m2/repository/org/springframework/boot/spring-boot-autoconfigure/2.3.2.RELEASE/spring-boot-autoconfigure-2.3.2.RELEASE.jar:/home/rincon/.m2/repository/jakarta/annotation/jakarta.annotation-api/1.3.5/jakarta.annotation-api-1.3.5.jar:/home/rincon/.m2/repository/org/springframework/spring-core/5.2.8.RELEASE/spring-core-5.2.8.RELEASE.jar:/home/rincon/.m2/repository/org/springframework/spring-jcl/5.2.8.RELEASE/spring-jcl-5.2.8.RELEASE.jar:/home/rincon/.m2/repository/org/yaml/snakeyaml/1.26/snakeyaml-1.26.jar:/home/rincon/.m2/repository/org/springframework/boot/spring-boot-starter-web/2.3.2.RELEASE/spring-boot-starter-web-2.3.2.RELEASE.jar:/home/rincon/.m2/repository/org/springframework/boot/spring-boot-starter-json/2.3.2.RELEASE/spring-boot-starter-json-2.3.2.RELEASE.jar:/home/rincon/.m2/repository/org/springframework/boot/spring-boot-starter-tomcat/2.3.2.RELEASE/spring-boot-starter-tomcat-2.3.2.RELEASE.jar:/home/rincon/.m2/repository/org/apache/tomcat/embed/tomcat-embed-core/9.0.37/tomcat-embed-core-9.0.37.jar:/home/rincon/.m2/repository/org/glassfish/jakarta.el/3.0.3/jakarta.el-3.0.3.jar:/home/rincon/.m2/repository/org/apache/tomcat/embed/tomcat-embed-websocket/9.0.37/tomcat-embed-websocket-9.0.37.jar:/home/rincon/.m2/repository/org/springframework/spring-web/5.2.8.RELEASE/spring-web-5.2.8.RELEASE.jar:/home/rincon/.m2/repository/org/springframework/spring-beans/5.2.8.RELEASE/spring-beans-5.2.8.RELEASE.jar:/home/rincon/.m2/repository/org/springframework/spring-webmvc/5.2.8.RELEASE/spring-webmvc-5.2.8.RELEASE.jar:/home/rincon/.m2/repository/org/springframework/spring-aop/5.2.8.RELEASE/spring-aop-5.2.8.RELEASE.jar:/home/rincon/.m2/repository/org/springframework/spring-expression/5.2.8.RELEASE/spring-expression-5.2.8.RELEASE.jar:/home/rincon/.m2/repository/org/jboss/resteasy/resteasy-core-spi/4.5.8.Final/resteasy-core-spi-4.5.8.Final.jar:/home/rincon/.m2/repository/org/jboss/resteasy/resteasy-spring/4.5.8.Final/resteasy-spring-4.5.8.Final.jar:/home/rincon/.m2/repository/org/jboss/resteasy/resteasy-client/4.5.8.Final/resteasy-client-4.5.8.Final.jar:/home/rincon/.m2/repository/org/jboss/resteasy/resteasy-client-api/4.5.8.Final/resteasy-client-api-4.5.8.Final.jar:/home/rincon/.m2/repository/commons-io/commons-io/2.5/commons-io-2.5.jar:/home/rincon/.m2/repository/org/glassfish/javax.json/1.1.2/javax.json-1.1.2.jar:/home/rincon/.m2/repository/javax/json/javax.json-api/1.1.2/javax.json-api-1.1.2.jar:/home/rincon/.m2/repository/com/fasterxml/jackson/datatype/jackson-datatype-jdk8/2.10.3/jackson-datatype-jdk8-2.10.3.jar:/home/rincon/.m2/repository/com/fasterxml/jackson/module/jackson-module-parameter-names/2.10.3/jackson-module-parameter-names-2.10.3.jar:/home/rincon/.m2/repository/com/fasterxml/jackson/datatype/jackson-datatype-jsr310/2.10.3/jackson-datatype-jsr310-2.10.3.jar:/home/rincon/.m2/repository/com/google/guava/guava/25.0-jre/guava-25.0-jre.jar:/home/rincon/.m2/repository/org/checkerframework/checker-compat-qual/2.0.0/checker-compat-qual-2.0.0.jar:/home/rincon/.m2/repository/com/google/errorprone/error_prone_annotations/2.1.3/error_prone_annotations-2.1.3.jar:/home/rincon/.m2/repository/com/google/j2objc/j2objc-annotations/1.1/j2objc-annotations-1.1.jar:/home/rincon/.m2/repository/org/codehaus/mojo/animal-sniffer-annotations/1.14/animal-sniffer-annotations-1.14.jar:/home/rincon/.m2/repository/jakarta/validation/jakarta.validation-api/2.0.2/jakarta.validation-api-2.0.2.jar:/home/rincon/.m2/repository/commons-codec/commons-codec/1.13/commons-codec-1.13.jar:/home/rincon/.m2/repository/org/junit/platform/junit-platform-commons/1.6.2/junit-platform-commons-1.6.2.jar:/home/rincon/.m2/repository/org/apiguardian/apiguardian-api/1.1.0/apiguardian-api-1.1.0.jar:/home/rincon/.m2/repository/org/springdoc/springdoc-openapi-ui/1.4.8/springdoc-openapi-ui-1.4.8.jar:/home/rincon/.m2/repository/org/springdoc/springdoc-openapi-webmvc-core/1.4.8/springdoc-openapi-webmvc-core-1.4.8.jar:/home/rincon/.m2/repository/org/springdoc/springdoc-openapi-common/1.4.8/springdoc-openapi-common-1.4.8.jar:/home/rincon/.m2/repository/io/swagger/core/v3/swagger-models/2.1.4/swagger-models-2.1.4.jar:/home/rincon/.m2/repository/io/swagger/core/v3/swagger-annotations/2.1.4/swagger-annotations-2.1.4.jar:/home/rincon/.m2/repository/io/swagger/core/v3/swagger-integration/2.1.4/swagger-integration-2.1.4.jar:/home/rincon/.m2/repository/io/swagger/core/v3/swagger-core/2.1.4/swagger-core-2.1.4.jar:/home/rincon/.m2/repository/com/fasterxml/jackson/dataformat/jackson-dataformat-yaml/2.11.1/jackson-dataformat-yaml-2.11.1.jar:/home/rincon/.m2/repository/io/github/classgraph/classgraph/4.8.69/classgraph-4.8.69.jar:/home/rincon/.m2/repository/org/webjars/swagger-ui/3.34.0/swagger-ui-3.34.0.jar:/home/rincon/.m2/repository/org/webjars/webjars-locator-core/0.45/webjars-locator-core-0.45.jar:"/>
    <property name="sun.cpu.endian" value="little"/>
    <property name="user.home" value="/home/rincon"/>
    <property name="user.language" value="pt"/>
    <property name="java.specification.vendor" value="Oracle Corporation"/>
    <property name="java.home" value="/home/rincon/apps/java/jdk-8/jre"/>
    <property name="basedir" value="/media/rincon/63999417195/eclipse-workspace/EMB-master/jdk_8_maven/cs/rest/original/restcountries"/>
    <property name="file.separator" value="/"/>
    <property name="line.separator" value="&#10;"/>
    <property name="java.vm.specification.vendor" value="Oracle Corporation"/>
    <property name="java.specification.name" value="Java Platform API Specification"/>
    <property name="java.awt.graphicsenv" value="sun.awt.X11GraphicsEnvironment"/>
    <property name="surefire.real.class.path" value="/media/rincon/63999417195/eclipse-workspace/EMB-master/jdk_8_maven/cs/rest/original/restcountries/target/surefire/surefirebooter4945393770471034176.jar:/home/rincon/.m2/repository/org/jacoco/org.jacoco.agent/0.8.7/org.jacoco.agent-0.8.7-runtime.jar"/>
    <property name="sun.boot.class.path" value="/home/rincon/apps/java/jdk-8/jre/lib/resources.jar:/home/rincon/apps/java/jdk-8/jre/lib/rt.jar:/home/rincon/apps/java/jdk-8/jre/lib/sunrsasign.jar:/home/rincon/apps/java/jdk-8/jre/lib/jsse.jar:/home/rincon/apps/java/jdk-8/jre/lib/jce.jar:/home/rincon/apps/java/jdk-8/jre/lib/charsets.jar:/home/rincon/apps/java/jdk-8/jre/lib/jfr.jar:/home/rincon/apps/java/jdk-8/jre/classes"/>
    <property name="sun.management.compiler" value="HotSpot 64-Bit Tiered Compilers"/>
    <property name="java.runtime.version" value="1.8.0_202-b08"/>
    <property name="user.name" value="rincon"/>
    <property name="path.separator" value=":"/>
    <property name="os.version" value="5.15.0-135-generic"/>
    <property name="java.endorsed.dirs" value="/home/rincon/apps/java/jdk-8/jre/lib/endorsed"/>
    <property name="java.runtime.name" value="Java(TM) SE Runtime Environment"/>
    <property name="file.encoding" value="UTF-8"/>
    <property name="java.vm.name" value="Java HotSpot(TM) 64-Bit Server VM"/>
    <property name="localRepository" value="/home/rincon/.m2/repository"/>
    <property name="java.vendor.url.bug" value="http://bugreport.sun.com/bugreport/"/>
    <property name="java.io.tmpdir" value="/tmp"/>
    <property name="java.version" value="1.8.0_202"/>
    <property name="user.dir" value="/media/rincon/63999417195/eclipse-workspace/EMB-master/jdk_8_maven/cs/rest/original/restcountries"/>
    <property name="os.arch" value="amd64"/>
    <property name="java.vm.specification.name" value="Java Virtual Machine Specification"/>
    <property name="java.awt.printerjob" value="sun.print.PSPrinterJob"/>
    <property name="sun.os.patch.level" value="unknown"/>
    <property name="java.library.path" value="/usr/java/packages/lib/amd64:/usr/lib64:/lib64:/lib:/usr/lib"/>
    <property name="java.vm.info" value="mixed mode"/>
    <property name="java.vendor" value="Oracle Corporation"/>
    <property name="java.vm.version" value="25.202-b08"/>
    <property name="java.ext.dirs" value="/home/rincon/apps/java/jdk-8/jre/lib/ext:/usr/java/packages/lib/ext"/>
    <property name="sun.io.unicode.encoding" value="UnicodeLittle"/>
    <property name="java.class.version" value="52.0"/>
    <property name="maven.test.failure.ignore" value="true"/>
  </properties>
  <testcase name="testGetByCodeListWithInvalidCode" classname="eu.fayder.restcountries.sonnet35_run01_CountryServiceBaseTest" time="0.105">
    <failure message="1 expectation failed.&#10;JSON path [0].alpha2Code doesn&apos;t match.&#10;Expected: US&#10;  Actual: null&#10;" type="java.lang.AssertionError">java.lang.AssertionError: 
1 expectation failed.
JSON path [0].alpha2Code doesn't match.
Expected: US
  Actual: null

	at eu.fayder.restcountries.sonnet35_run01_CountryServiceBaseTest.testGetByCodeListWithInvalidCode(sonnet35_run01_CountryServiceBaseTest.java:77)
</failure>
    <system-out><![CDATA[
  .   ____          _            __ _ _
 /\\ / ___'_ __ _ _(_)_ __  __ _ \ \ \ \
( ( )\___ | '_ | '_| | '_ \/ _` | \ \ \ \
 \\/  ___)| |_)| | | | | || (_| |  ) ) ) )
  '  |____| .__|_| |_|_| |_\__, | / / / /
 =========|_|==============|___/=/_/_/_/
 :: Spring Boot ::        (v2.3.2.RELEASE)

2025-03-26 20:20:09,128 INFO  [org.apache.maven.surefire.booter.ForkedBooter:55] Starting ForkedBooter v2.22.0 on IFTO-PROBOOK with PID 85536 (started by rincon in /media/rincon/63999417195/eclipse-workspace/EMB-master/jdk_8_maven/cs/rest/original/restcountries)
2025-03-26 20:20:09,129 INFO  [org.apache.maven.surefire.booter.ForkedBooter:651] No active profile set, falling back to default profiles: default
2025-03-26 20:20:09,238 INFO  [org.jboss.resteasy.springboot.ResteasyEmbeddedServletInitializer:74] Finding JAX-RS Application classes
2025-03-26 20:20:09,239 INFO  [org.jboss.resteasy.springboot.ResteasyEmbeddedServletInitializer:111] Property resteasy.jaxrs.app.registration has been set to property
2025-03-26 20:20:09,239 INFO  [org.jboss.resteasy.springboot.ResteasyEmbeddedServletInitializer:154] Property resteasy.jaxrs.app.classes has been set to eu.fayder.restcountries.servlet.RestApplication
2025-03-26 20:20:09,240 INFO  [org.jboss.resteasy.springboot.ResteasyEmbeddedServletInitializer:99] JAX-RS Application class found: eu.fayder.restcountries.servlet.RestApplication
2025-03-26 20:20:09,259 INFO  [org.springframework.boot.web.embedded.tomcat.TomcatWebServer:108] Tomcat initialized with port(s): 0 (http)
2025-03-26 20:20:09,264 INFO  [org.springframework.boot.web.servlet.context.ServletWebServerApplicationContext:285] Root WebApplicationContext: initialization completed in 133 ms
2025-03-26 20:20:09,328 INFO  [org.springframework.scheduling.concurrent.ThreadPoolTaskExecutor:181] Initializing ExecutorService 'applicationTaskExecutor'
2025-03-26 20:20:09,341 INFO  [org.springframework.boot.autoconfigure.web.servlet.WelcomePageHandlerMapping:54] Adding welcome page: ServletContext resource [/index.html]
2025-03-26 20:20:09,536 INFO  [org.jboss.resteasy.resteasy_jaxrs.i18n:160] RESTEASY002225: Deploying javax.ws.rs.core.Application: class eu.fayder.restcountries.servlet.RestApplication
2025-03-26 20:20:09,536 INFO  [org.jboss.resteasy.resteasy_jaxrs.i18n:187] RESTEASY002220: Adding singleton resource eu.fayder.restcountries.v2.rest.CountryRestV2 from Application class eu.fayder.restcountries.servlet.RestApplication
2025-03-26 20:20:09,537 INFO  [org.jboss.resteasy.resteasy_jaxrs.i18n:187] RESTEASY002220: Adding singleton resource eu.fayder.restcountries.v1.rest.CountryRestV1 from Application class eu.fayder.restcountries.servlet.RestApplication
2025-03-26 20:20:09,537 INFO  [org.jboss.resteasy.resteasy_jaxrs.i18n:187] RESTEASY002220: Adding singleton resource eu.fayder.restcountries.v2.rest.StripeRest from Application class eu.fayder.restcountries.servlet.RestApplication
2025-03-26 20:20:09,543 INFO  [org.springframework.boot.web.embedded.tomcat.TomcatWebServer:220] Tomcat started on port(s): 42613 (http) with context path ''
2025-03-26 20:20:09,548 INFO  [org.apache.maven.surefire.booter.ForkedBooter:61] Started ForkedBooter in 0.44 seconds (JVM running for 19.868)
2025-03-26 20:20:09,561 INFO  [org.springframework.web.servlet.DispatcherServlet:525] Initializing Servlet 'dispatcherServlet'
2025-03-26 20:20:09,564 INFO  [org.springframework.web.servlet.DispatcherServlet:547] Completed initialization in 3 ms
Request method:	GET
Request URI:	http://localhost:42613/v2/alpha?codes=US;XX;CA
Proxy:			<none>
Request params:	<none>
Query params:	<none>
Form params:	<none>
Path params:	<none>
Headers:		Accept=application/json
Cookies:		<none>
Multiparts:		<none>
Body:			<none>

HTTP/1.1 404 
Vary: Origin
Vary: Access-Control-Request-Method
Vary: Access-Control-Request-Headers
Content-Type: application/json
Transfer-Encoding: chunked
Date: Wed, 26 Mar 2025 23:20:08 GMT
Keep-Alive: timeout=60
Connection: keep-alive

{
    "timestamp": "2025-03-26T23:20:09.567+00:00",
    "status": 404,
    "error": "Not Found",
    "message": "",
    "path": "/v2/alpha"
}
]]></system-out>
    <system-err><![CDATA[[2025-03-26 20:20:09.260] - 85536 INFORMAÇÕES [main] --- org.apache.catalina.core.StandardService: Starting service [Tomcat]
[2025-03-26 20:20:09.261] - 85536 INFORMAÇÕES [main] --- org.apache.catalina.core.StandardEngine: Starting Servlet engine: [Apache Tomcat/9.0.37]
[2025-03-26 20:20:09.264] - 85536 INFORMAÇÕES [main] --- org.apache.catalina.core.ContainerBase.[Tomcat].[localhost].[/]: Initializing Spring embedded WebApplicationContext
[2025-03-26 20:20:09.560] - 85536 INFORMAÇÕES [http-nio-auto-15-exec-1] --- org.apache.catalina.core.ContainerBase.[Tomcat].[localhost].[/]: Initializing Spring DispatcherServlet 'dispatcherServlet'
]]></system-err>
  </testcase>
  <testcase name="testLoadJson" classname="eu.fayder.restcountries.sonnet35_run01_CountryServiceBaseTest" time="0.025"/>
  <testcase name="testGetByCodeList" classname="eu.fayder.restcountries.sonnet35_run01_CountryServiceBaseTest" time="0.042">
    <failure message="1 expectation failed.&#10;JSON path [0].alpha2Code doesn&apos;t match.&#10;Expected: US&#10;  Actual: null&#10;" type="java.lang.AssertionError">java.lang.AssertionError: 
1 expectation failed.
JSON path [0].alpha2Code doesn't match.
Expected: US
  Actual: null

	at eu.fayder.restcountries.sonnet35_run01_CountryServiceBaseTest.testGetByCodeList(sonnet35_run01_CountryServiceBaseTest.java:64)
</failure>
    <system-out><![CDATA[Request method:	GET
Request URI:	http://localhost:42613/v2/alpha?codes=US;CA;MX
Proxy:			<none>
Request params:	<none>
Query params:	<none>
Form params:	<none>
Path params:	<none>
Headers:		Accept=application/json
Cookies:		<none>
Multiparts:		<none>
Body:			<none>

HTTP/1.1 404 
Vary: Origin
Vary: Access-Control-Request-Method
Vary: Access-Control-Request-Headers
Content-Type: application/json
Transfer-Encoding: chunked
Date: Wed, 26 Mar 2025 23:20:09 GMT
Keep-Alive: timeout=60
Connection: keep-alive

{
    "timestamp": "2025-03-26T23:20:09.691+00:00",
    "status": 404,
    "error": "Not Found",
    "message": "",
    "path": "/v2/alpha"
}
]]></system-out>
  </testcase>
  <testcase name="testFulltextSearch" classname="eu.fayder.restcountries.sonnet35_run01_CountryServiceBaseTest" time="0.036">
    <failure message="1 expectation failed.&#10;JSON path [0].name doesn&apos;t match.&#10;Expected: United Arab Emirates&#10;  Actual: null&#10;" type="java.lang.AssertionError">java.lang.AssertionError: 
1 expectation failed.
JSON path [0].name doesn't match.
Expected: United Arab Emirates
  Actual: null

	at eu.fayder.restcountries.sonnet35_run01_CountryServiceBaseTest.testFulltextSearch(sonnet35_run01_CountryServiceBaseTest.java:98)
</failure>
    <system-out><![CDATA[Request method:	GET
Request URI:	http://localhost:42613/v2/name/united?fullText=true
Proxy:			<none>
Request params:	<none>
Query params:	<none>
Form params:	<none>
Path params:	<none>
Headers:		Accept=application/json
Cookies:		<none>
Multiparts:		<none>
Body:			<none>

HTTP/1.1 404 
Vary: Origin
Vary: Access-Control-Request-Method
Vary: Access-Control-Request-Headers
Content-Type: application/json
Transfer-Encoding: chunked
Date: Wed, 26 Mar 2025 23:20:09 GMT
Keep-Alive: timeout=60
Connection: keep-alive

{
    "timestamp": "2025-03-26T23:20:09.730+00:00",
    "status": 404,
    "error": "Not Found",
    "message": "",
    "path": "/v2/name/united"
}
]]></system-out>
  </testcase>
  <testcase name="testConstructor" classname="eu.fayder.restcountries.sonnet35_run01_CountryServiceBaseTest" time="0"/>
  <testcase name="testGetByCodeListWithNullInput" classname="eu.fayder.restcountries.sonnet35_run01_CountryServiceBaseTest" time="0.01"/>
  <testcase name="testFulltextSearchWithAlternativeSpelling" classname="eu.fayder.restcountries.sonnet35_run01_CountryServiceBaseTest" time="0.036">
    <failure message="1 expectation failed.&#10;JSON path [0].name doesn&apos;t match.&#10;Expected: Switzerland&#10;  Actual: null&#10;" type="java.lang.AssertionError">java.lang.AssertionError: 
1 expectation failed.
JSON path [0].name doesn't match.
Expected: Switzerland
  Actual: null

	at eu.fayder.restcountries.sonnet35_run01_CountryServiceBaseTest.testFulltextSearchWithAlternativeSpelling(sonnet35_run01_CountryServiceBaseTest.java:110)
</failure>
    <system-out><![CDATA[Request method:	GET
Request URI:	http://localhost:42613/v2/name/schweiz?fullText=true
Proxy:			<none>
Request params:	<none>
Query params:	<none>
Form params:	<none>
Path params:	<none>
Headers:		Accept=application/json
Cookies:		<none>
Multiparts:		<none>
Body:			<none>

HTTP/1.1 404 
Vary: Origin
Vary: Access-Control-Request-Method
Vary: Access-Control-Request-Headers
Content-Type: application/json
Transfer-Encoding: chunked
Date: Wed, 26 Mar 2025 23:20:09 GMT
Keep-Alive: timeout=60
Connection: keep-alive

{
    "timestamp": "2025-03-26T23:20:09.776+00:00",
    "status": 404,
    "error": "Not Found",
    "message": "",
    "path": "/v2/name/schweiz"
}
]]></system-out>
  </testcase>
  <testcase name="testFulltextSearchWithNoMatch" classname="eu.fayder.restcountries.sonnet35_run01_CountryServiceBaseTest" time="0.015"/>
</testsuite>