<?xml version="1.0" encoding="UTF-8"?>
<testsuite xmlns:xsi="http://www.w3.org/2001/XMLSchema-instance" xsi:noNamespaceSchemaLocation="https://maven.apache.org/surefire/maven-surefire-plugin/xsd/surefire-test-report.xsd" name="org.zalando.catwatch.backend.seed01_EvoMaster_others_Test" time="10.154" tests="47" errors="0" skipped="1" failures="13">
  <properties>
    <property name="sun.desktop" value="gnome"/>
    <property name="awt.toolkit" value="sun.awt.X11.XToolkit"/>
    <property name="file.encoding.pkg" value="sun.io"/>
    <property name="java.specification.version" value="1.8"/>
    <property name="sun.cpu.isalist" value=""/>
    <property name="sun.jnu.encoding" value="UTF-8"/>
    <property name="java.class.path" value="/media/rincon/63999417195/eclipse-workspace/EMB-master/jdk_8_maven/cs/rest/original/catwatch/catwatch-backend/target/test-classes:/media/rincon/63999417195/eclipse-workspace/EMB-master/jdk_8_maven/cs/rest/original/catwatch/catwatch-backend/target/classes:/home/rincon/.m2/repository/org/kohsuke/github-api/1.77/github-api-1.77.jar:/home/rincon/.m2/repository/commons-lang/commons-lang/2.6/commons-lang-2.6.jar:/home/rincon/.m2/repository/commons-codec/commons-codec/1.10/commons-codec-1.10.jar:/home/rincon/.m2/repository/com/fasterxml/jackson/core/jackson-databind/2.8.8/jackson-databind-2.8.8.jar:/home/rincon/.m2/repository/commons-io/commons-io/1.4/commons-io-1.4.jar:/home/rincon/.m2/repository/com/infradna/tool/bridge-method-annotation/1.14/bridge-method-annotation-1.14.jar:/home/rincon/.m2/repository/com/squareup/okhttp/okhttp/2.4.0/okhttp-2.4.0.jar:/home/rincon/.m2/repository/com/squareup/okio/okio/1.4.0/okio-1.4.0.jar:/home/rincon/.m2/repository/com/squareup/okhttp/okhttp-urlconnection/2.4.0/okhttp-urlconnection-2.4.0.jar:/home/rincon/.m2/repository/org/springframework/boot/spring-boot-starter-web/1.5.4.RELEASE/spring-boot-starter-web-1.5.4.RELEASE.jar:/home/rincon/.m2/repository/org/springframework/boot/spring-boot-starter/1.5.4.RELEASE/spring-boot-starter-1.5.4.RELEASE.jar:/home/rincon/.m2/repository/org/springframework/boot/spring-boot/1.5.4.RELEASE/spring-boot-1.5.4.RELEASE.jar:/home/rincon/.m2/repository/org/springframework/boot/spring-boot-autoconfigure/1.5.4.RELEASE/spring-boot-autoconfigure-1.5.4.RELEASE.jar:/home/rincon/.m2/repository/org/springframework/boot/spring-boot-starter-logging/1.5.4.RELEASE/spring-boot-starter-logging-1.5.4.RELEASE.jar:/home/rincon/.m2/repository/ch/qos/logback/logback-classic/1.1.11/logback-classic-1.1.11.jar:/home/rincon/.m2/repository/ch/qos/logback/logback-core/1.1.11/logback-core-1.1.11.jar:/home/rincon/.m2/repository/org/slf4j/jul-to-slf4j/1.7.25/jul-to-slf4j-1.7.25.jar:/home/rincon/.m2/repository/org/slf4j/log4j-over-slf4j/1.7.25/log4j-over-slf4j-1.7.25.jar:/home/rincon/.m2/repository/org/springframework/boot/spring-boot-starter-tomcat/1.5.4.RELEASE/spring-boot-starter-tomcat-1.5.4.RELEASE.jar:/home/rincon/.m2/repository/org/apache/tomcat/embed/tomcat-embed-core/8.5.15/tomcat-embed-core-8.5.15.jar:/home/rincon/.m2/repository/org/apache/tomcat/embed/tomcat-embed-el/8.5.15/tomcat-embed-el-8.5.15.jar:/home/rincon/.m2/repository/org/apache/tomcat/embed/tomcat-embed-websocket/8.5.15/tomcat-embed-websocket-8.5.15.jar:/home/rincon/.m2/repository/org/hibernate/hibernate-validator/5.3.5.Final/hibernate-validator-5.3.5.Final.jar:/home/rincon/.m2/repository/org/jboss/logging/jboss-logging/3.3.1.Final/jboss-logging-3.3.1.Final.jar:/home/rincon/.m2/repository/org/springframework/spring-web/4.3.9.RELEASE/spring-web-4.3.9.RELEASE.jar:/home/rincon/.m2/repository/org/springframework/spring-webmvc/4.3.9.RELEASE/spring-webmvc-4.3.9.RELEASE.jar:/home/rincon/.m2/repository/org/springframework/spring-expression/4.3.9.RELEASE/spring-expression-4.3.9.RELEASE.jar:/home/rincon/.m2/repository/org/springframework/retry/spring-retry/1.2.0.RELEASE/spring-retry-1.2.0.RELEASE.jar:/home/rincon/.m2/repository/org/springframework/spring-core/4.3.9.RELEASE/spring-core-4.3.9.RELEASE.jar:/home/rincon/.m2/repository/io/swagger/swagger-annotations/1.5.3/swagger-annotations-1.5.3.jar:/home/rincon/.m2/repository/com/fasterxml/jackson/core/jackson-annotations/2.8.0/jackson-annotations-2.8.0.jar:/home/rincon/.m2/repository/org/springframework/boot/spring-boot-starter-security/1.5.4.RELEASE/spring-boot-starter-security-1.5.4.RELEASE.jar:/home/rincon/.m2/repository/org/springframework/spring-aop/4.3.9.RELEASE/spring-aop-4.3.9.RELEASE.jar:/home/rincon/.m2/repository/org/springframework/security/spring-security-config/4.2.3.RELEASE/spring-security-config-4.2.3.RELEASE.jar:/home/rincon/.m2/repository/org/springframework/security/spring-security-core/4.2.3.RELEASE/spring-security-core-4.2.3.RELEASE.jar:/home/rincon/.m2/repository/org/springframework/security/spring-security-web/4.2.3.RELEASE/spring-security-web-4.2.3.RELEASE.jar:/home/rincon/.m2/repository/org/zalando/stups/stups-spring-oauth2-server/1.0.0/stups-spring-oauth2-server-1.0.0.jar:/home/rincon/.m2/repository/org/springframework/security/oauth/spring-security-oauth2/2.0.14.RELEASE/spring-security-oauth2-2.0.14.RELEASE.jar:/home/rincon/.m2/repository/org/codehaus/jackson/jackson-mapper-asl/1.9.13/jackson-mapper-asl-1.9.13.jar:/home/rincon/.m2/repository/org/codehaus/jackson/jackson-core-asl/1.9.13/jackson-core-asl-1.9.13.jar:/home/rincon/.m2/repository/org/slf4j/slf4j-api/1.7.25/slf4j-api-1.7.25.jar:/home/rincon/.m2/repository/org/springframework/boot/spring-boot-starter-data-jpa/1.5.4.RELEASE/spring-boot-starter-data-jpa-1.5.4.RELEASE.jar:/home/rincon/.m2/repository/org/springframework/boot/spring-boot-starter-aop/1.5.4.RELEASE/spring-boot-starter-aop-1.5.4.RELEASE.jar:/home/rincon/.m2/repository/org/aspectj/aspectjweaver/1.8.10/aspectjweaver-1.8.10.jar:/home/rincon/.m2/repository/org/springframework/boot/spring-boot-starter-jdbc/1.5.4.RELEASE/spring-boot-starter-jdbc-1.5.4.RELEASE.jar:/home/rincon/.m2/repository/org/apache/tomcat/tomcat-jdbc/8.5.15/tomcat-jdbc-8.5.15.jar:/home/rincon/.m2/repository/org/apache/tomcat/tomcat-juli/8.5.15/tomcat-juli-8.5.15.jar:/home/rincon/.m2/repository/org/springframework/spring-jdbc/4.3.9.RELEASE/spring-jdbc-4.3.9.RELEASE.jar:/home/rincon/.m2/repository/org/hibernate/hibernate-core/5.0.12.Final/hibernate-core-5.0.12.Final.jar:/home/rincon/.m2/repository/org/hibernate/javax/persistence/hibernate-jpa-2.1-api/1.0.0.Final/hibernate-jpa-2.1-api-1.0.0.Final.jar:/home/rincon/.m2/repository/org/javassist/javassist/3.21.0-GA/javassist-3.21.0-GA.jar:/home/rincon/.m2/repository/antlr/antlr/2.7.7/antlr-2.7.7.jar:/home/rincon/.m2/repository/org/jboss/jandex/2.0.0.Final/jandex-2.0.0.Final.jar:/home/rincon/.m2/repository/dom4j/dom4j/1.6.1/dom4j-1.6.1.jar:/home/rincon/.m2/repository/org/hibernate/common/hibernate-commons-annotations/5.0.1.Final/hibernate-commons-annotations-5.0.1.Final.jar:/home/rincon/.m2/repository/org/hibernate/hibernate-entitymanager/5.0.12.Final/hibernate-entitymanager-5.0.12.Final.jar:/home/rincon/.m2/repository/javax/transaction/javax.transaction-api/1.2/javax.transaction-api-1.2.jar:/home/rincon/.m2/repository/org/springframework/data/spring-data-jpa/1.11.4.RELEASE/spring-data-jpa-1.11.4.RELEASE.jar:/home/rincon/.m2/repository/org/springframework/data/spring-data-commons/1.13.4.RELEASE/spring-data-commons-1.13.4.RELEASE.jar:/home/rincon/.m2/repository/org/springframework/spring-orm/4.3.9.RELEASE/spring-orm-4.3.9.RELEASE.jar:/home/rincon/.m2/repository/org/springframework/spring-tx/4.3.9.RELEASE/spring-tx-4.3.9.RELEASE.jar:/home/rincon/.m2/repository/org/slf4j/jcl-over-slf4j/1.7.25/jcl-over-slf4j-1.7.25.jar:/home/rincon/.m2/repository/org/springframework/spring-aspects/4.3.9.RELEASE/spring-aspects-4.3.9.RELEASE.jar:/home/rincon/.m2/repository/com/mysema/querydsl/querydsl-jpa/3.6.5/querydsl-jpa-3.6.5.jar:/home/rincon/.m2/repository/com/mysema/querydsl/querydsl-core/3.6.5/querydsl-core-3.6.5.jar:/home/rincon/.m2/repository/com/mysema/commons/mysema-commons-lang/0.2.4/mysema-commons-lang-0.2.4.jar:/home/rincon/.m2/repository/org/flywaydb/flyway-core/3.2.1/flyway-core-3.2.1.jar:/home/rincon/.m2/repository/com/h2database/h2/1.4.195/h2-1.4.195.jar:/home/rincon/.m2/repository/org/postgresql/postgresql/9.4-1201-jdbc41/postgresql-9.4-1201-jdbc41.jar:/home/rincon/.m2/repository/org/springframework/boot/spring-boot-starter-actuator/1.5.4.RELEASE/spring-boot-starter-actuator-1.5.4.RELEASE.jar:/home/rincon/.m2/repository/org/springframework/boot/spring-boot-actuator/1.5.4.RELEASE/spring-boot-actuator-1.5.4.RELEASE.jar:/home/rincon/.m2/repository/com/google/guava/guava/19.0/guava-19.0.jar:/home/rincon/.m2/repository/commons-beanutils/commons-beanutils/1.9.2/commons-beanutils-1.9.2.jar:/home/rincon/.m2/repository/commons-logging/commons-logging/1.1.1/commons-logging-1.1.1.jar:/home/rincon/.m2/repository/commons-collections/commons-collections/3.2.2/commons-collections-3.2.2.jar:/home/rincon/.m2/repository/javax/mail/mail/1.4.7/mail-1.4.7.jar:/home/rincon/.m2/repository/javax/activation/activation/1.1/activation-1.1.jar:/home/rincon/.m2/repository/org/springframework/spring-context-support/4.3.9.RELEASE/spring-context-support-4.3.9.RELEASE.jar:/home/rincon/.m2/repository/org/springframework/spring-beans/4.3.9.RELEASE/spring-beans-4.3.9.RELEASE.jar:/home/rincon/.m2/repository/org/springframework/spring-context/4.3.9.RELEASE/spring-context-4.3.9.RELEASE.jar:/home/rincon/.m2/repository/org/springframework/boot/spring-boot-starter-test/1.5.4.RELEASE/spring-boot-starter-test-1.5.4.RELEASE.jar:/home/rincon/.m2/repository/org/springframework/boot/spring-boot-test/1.5.4.RELEASE/spring-boot-test-1.5.4.RELEASE.jar:/home/rincon/.m2/repository/org/springframework/boot/spring-boot-test-autoconfigure/1.5.4.RELEASE/spring-boot-test-autoconfigure-1.5.4.RELEASE.jar:/home/rincon/.m2/repository/org/assertj/assertj-core/2.6.0/assertj-core-2.6.0.jar:/home/rincon/.m2/repository/org/mockito/mockito-core/1.10.19/mockito-core-1.10.19.jar:/home/rincon/.m2/repository/org/objenesis/objenesis/2.1/objenesis-2.1.jar:/home/rincon/.m2/repository/org/hamcrest/hamcrest-core/1.3/hamcrest-core-1.3.jar:/home/rincon/.m2/repository/org/hamcrest/hamcrest-library/1.3/hamcrest-library-1.3.jar:/home/rincon/.m2/repository/org/skyscreamer/jsonassert/1.4.0/jsonassert-1.4.0.jar:/home/rincon/.m2/repository/com/vaadin/external/google/android-json/0.0.20131108.vaadin1/android-json-0.0.20131108.vaadin1.jar:/home/rincon/.m2/repository/org/springframework/spring-test/4.3.9.RELEASE/spring-test-4.3.9.RELEASE.jar:/home/rincon/.m2/repository/com/jayway/jsonpath/json-path/2.2.0/json-path-2.2.0.jar:/home/rincon/.m2/repository/net/minidev/json-smart/2.2.1/json-smart-2.2.1.jar:/home/rincon/.m2/repository/net/minidev/accessors-smart/1.1/accessors-smart-1.1.jar:/home/rincon/.m2/repository/org/ow2/asm/asm/5.0.3/asm-5.0.3.jar:/home/rincon/.m2/repository/org/subethamail/subethasmtp/3.1.7/subethasmtp-3.1.7.jar:/home/rincon/.m2/repository/com/google/code/findbugs/jsr305/1.3.9/jsr305-1.3.9.jar:/home/rincon/.m2/repository/com/fasterxml/jackson/dataformat/jackson-dataformat-yaml/2.8.8/jackson-dataformat-yaml-2.8.8.jar:/home/rincon/.m2/repository/com/fasterxml/jackson/core/jackson-core/2.8.8/jackson-core-2.8.8.jar:/home/rincon/.m2/repository/org/yaml/snakeyaml/1.17/snakeyaml-1.17.jar:/home/rincon/.m2/repository/io/springfox/springfox-spring-web/2.7.0/springfox-spring-web-2.7.0.jar:/home/rincon/.m2/repository/org/reflections/reflections/0.9.11/reflections-0.9.11.jar:/home/rincon/.m2/repository/com/fasterxml/classmate/1.3.3/classmate-1.3.3.jar:/home/rincon/.m2/repository/org/springframework/plugin/spring-plugin-core/1.2.0.RELEASE/spring-plugin-core-1.2.0.RELEASE.jar:/home/rincon/.m2/repository/org/springframework/plugin/spring-plugin-metadata/1.2.0.RELEASE/spring-plugin-metadata-1.2.0.RELEASE.jar:/home/rincon/.m2/repository/io/springfox/springfox-spi/2.7.0/springfox-spi-2.7.0.jar:/home/rincon/.m2/repository/io/springfox/springfox-core/2.7.0/springfox-core-2.7.0.jar:/home/rincon/.m2/repository/net/bytebuddy/byte-buddy/1.6.14/byte-buddy-1.6.14.jar:/home/rincon/.m2/repository/io/springfox/springfox-swagger2/2.7.0/springfox-swagger2-2.7.0.jar:/home/rincon/.m2/repository/io/swagger/swagger-models/1.5.13/swagger-models-1.5.13.jar:/home/rincon/.m2/repository/io/springfox/springfox-schema/2.7.0/springfox-schema-2.7.0.jar:/home/rincon/.m2/repository/io/springfox/springfox-swagger-common/2.7.0/springfox-swagger-common-2.7.0.jar:/home/rincon/.m2/repository/org/mapstruct/mapstruct/1.1.0.Final/mapstruct-1.1.0.Final.jar:/home/rincon/.m2/repository/io/rest-assured/rest-assured/4.3.0/rest-assured-4.3.0.jar:/home/rincon/.m2/repository/org/apache/httpcomponents/httpclient/4.5.3/httpclient-4.5.3.jar:/home/rincon/.m2/repository/org/apache/httpcomponents/httpcore/4.4.6/httpcore-4.4.6.jar:/home/rincon/.m2/repository/org/apache/httpcomponents/httpmime/4.5.3/httpmime-4.5.3.jar:/home/rincon/.m2/repository/org/hamcrest/hamcrest/2.1/hamcrest-2.1.jar:/home/rincon/.m2/repository/org/ccil/cowan/tagsoup/tagsoup/1.2.1/tagsoup-1.2.1.jar:/home/rincon/.m2/repository/io/rest-assured/xml-path/4.3.0/xml-path-4.3.0.jar:/home/rincon/.m2/repository/io/rest-assured/rest-assured-common/4.3.0/rest-assured-common-4.3.0.jar:/home/rincon/.m2/repository/org/apache/commons/commons-lang3/3.4/commons-lang3-3.4.jar:/home/rincon/.m2/repository/jakarta/xml/bind/jakarta.xml.bind-api/2.3.2/jakarta.xml.bind-api-2.3.2.jar:/home/rincon/.m2/repository/jakarta/activation/jakarta.activation-api/1.2.1/jakarta.activation-api-1.2.1.jar:/home/rincon/.m2/repository/com/sun/xml/bind/jaxb-osgi/2.3.0.1/jaxb-osgi-2.3.0.1.jar:/home/rincon/.m2/repository/org/apache/sling/org.apache.sling.javax.activation/0.1.0/org.apache.sling.javax.activation-0.1.0.jar:/home/rincon/.m2/repository/io/rest-assured/json-path/4.3.0/json-path-4.3.0.jar:/home/rincon/.m2/repository/org/codehaus/groovy/groovy-json/2.4.11/groovy-json-2.4.11.jar:/home/rincon/.m2/repository/io/rest-assured/json-schema-validator/4.3.0/json-schema-validator-4.3.0.jar:/home/rincon/.m2/repository/com/github/java-json-tools/json-schema-validator/2.2.10/json-schema-validator-2.2.10.jar:/home/rincon/.m2/repository/com/github/java-json-tools/json-schema-core/1.2.10/json-schema-core-1.2.10.jar:/home/rincon/.m2/repository/com/github/java-json-tools/jackson-coreutils/1.9/jackson-coreutils-1.9.jar:/home/rincon/.m2/repository/com/github/fge/msg-simple/1.1/msg-simple-1.1.jar:/home/rincon/.m2/repository/com/github/fge/btf/1.2/btf-1.2.jar:/home/rincon/.m2/repository/com/github/fge/uri-template/0.9/uri-template-0.9.jar:/home/rincon/.m2/repository/org/mozilla/rhino/1.7.7.1/rhino-1.7.7.1.jar:/home/rincon/.m2/repository/javax/mail/mailapi/1.4.3/mailapi-1.4.3.jar:/home/rincon/.m2/repository/joda-time/joda-time/2.9.9/joda-time-2.9.9.jar:/home/rincon/.m2/repository/com/googlecode/libphonenumber/libphonenumber/8.0.0/libphonenumber-8.0.0.jar:/home/rincon/.m2/repository/net/sf/jopt-simple/jopt-simple/5.0.3/jopt-simple-5.0.3.jar:/home/rincon/.m2/repository/com/google/code/gson/gson/2.8.9/gson-2.8.9.jar:/home/rincon/.m2/repository/org/codehaus/groovy/groovy/3.0.9/groovy-3.0.9.jar:/home/rincon/.m2/repository/org/codehaus/groovy/groovy-xml/3.0.9/groovy-xml-3.0.9.jar:/home/rincon/.m2/repository/org/evomaster/evomaster-client-java-controller-api/3.0.0/evomaster-client-java-controller-api-3.0.0.jar:/home/rincon/.m2/repository/org/evomaster/evomaster-client-java-sql-dto/3.0.0/evomaster-client-java-sql-dto-3.0.0.jar:/home/rincon/.m2/repository/org/evomaster/evomaster-client-java-controller/3.0.0/evomaster-client-java-controller-3.0.0.jar:/home/rincon/.m2/repository/javax/annotation/javax.annotation-api/1.2/javax.annotation-api-1.2.jar:/home/rincon/.m2/repository/javax/inject/javax.inject/1/javax.inject-1.jar:/home/rincon/.m2/repository/javax/validation/validation-api/1.1.0.Final/validation-api-1.1.0.Final.jar:/home/rincon/.m2/repository/javax/servlet/javax.servlet-api/3.1.0/javax.servlet-api-3.1.0.jar:/home/rincon/.m2/repository/javax/ws/rs/javax.ws.rs-api/2.1.1/javax.ws.rs-api-2.1.1.jar:/home/rincon/.m2/repository/junit/junit/4.4/junit-4.4.jar:"/>
    <property name="java.vm.vendor" value="Oracle Corporation"/>
    <property name="sun.arch.data.model" value="64"/>
    <property name="java.vendor.url" value="http://java.oracle.com/"/>
    <property name="user.timezone" value=""/>
    <property name="java.vm.specification.version" value="1.8"/>
    <property name="os.name" value="Linux"/>
    <property name="user.country" value="BR"/>
    <property name="sun.java.launcher" value="SUN_STANDARD"/>
    <property name="sun.boot.library.path" value="/home/rincon/apps/java/jdk-8/jre/lib/amd64"/>
    <property name="sun.java.command" value="/media/rincon/63999417195/eclipse-workspace/EMB-master/jdk_8_maven/cs/rest/original/catwatch/catwatch-backend/target/surefire/surefirebooter3030137397456040167.jar /media/rincon/63999417195/eclipse-workspace/EMB-master/jdk_8_maven/cs/rest/original/catwatch/catwatch-backend/target/surefire 2025-04-07T14-01-56_096-jvmRun1 surefire4006497413176816660tmp surefire_02998058800083987415tmp"/>
    <property name="surefire.test.class.path" value="/media/rincon/63999417195/eclipse-workspace/EMB-master/jdk_8_maven/cs/rest/original/catwatch/catwatch-backend/target/test-classes:/media/rincon/63999417195/eclipse-workspace/EMB-master/jdk_8_maven/cs/rest/original/catwatch/catwatch-backend/target/classes:/home/rincon/.m2/repository/org/kohsuke/github-api/1.77/github-api-1.77.jar:/home/rincon/.m2/repository/commons-lang/commons-lang/2.6/commons-lang-2.6.jar:/home/rincon/.m2/repository/commons-codec/commons-codec/1.10/commons-codec-1.10.jar:/home/rincon/.m2/repository/com/fasterxml/jackson/core/jackson-databind/2.8.8/jackson-databind-2.8.8.jar:/home/rincon/.m2/repository/commons-io/commons-io/1.4/commons-io-1.4.jar:/home/rincon/.m2/repository/com/infradna/tool/bridge-method-annotation/1.14/bridge-method-annotation-1.14.jar:/home/rincon/.m2/repository/com/squareup/okhttp/okhttp/2.4.0/okhttp-2.4.0.jar:/home/rincon/.m2/repository/com/squareup/okio/okio/1.4.0/okio-1.4.0.jar:/home/rincon/.m2/repository/com/squareup/okhttp/okhttp-urlconnection/2.4.0/okhttp-urlconnection-2.4.0.jar:/home/rincon/.m2/repository/org/springframework/boot/spring-boot-starter-web/1.5.4.RELEASE/spring-boot-starter-web-1.5.4.RELEASE.jar:/home/rincon/.m2/repository/org/springframework/boot/spring-boot-starter/1.5.4.RELEASE/spring-boot-starter-1.5.4.RELEASE.jar:/home/rincon/.m2/repository/org/springframework/boot/spring-boot/1.5.4.RELEASE/spring-boot-1.5.4.RELEASE.jar:/home/rincon/.m2/repository/org/springframework/boot/spring-boot-autoconfigure/1.5.4.RELEASE/spring-boot-autoconfigure-1.5.4.RELEASE.jar:/home/rincon/.m2/repository/org/springframework/boot/spring-boot-starter-logging/1.5.4.RELEASE/spring-boot-starter-logging-1.5.4.RELEASE.jar:/home/rincon/.m2/repository/ch/qos/logback/logback-classic/1.1.11/logback-classic-1.1.11.jar:/home/rincon/.m2/repository/ch/qos/logback/logback-core/1.1.11/logback-core-1.1.11.jar:/home/rincon/.m2/repository/org/slf4j/jul-to-slf4j/1.7.25/jul-to-slf4j-1.7.25.jar:/home/rincon/.m2/repository/org/slf4j/log4j-over-slf4j/1.7.25/log4j-over-slf4j-1.7.25.jar:/home/rincon/.m2/repository/org/springframework/boot/spring-boot-starter-tomcat/1.5.4.RELEASE/spring-boot-starter-tomcat-1.5.4.RELEASE.jar:/home/rincon/.m2/repository/org/apache/tomcat/embed/tomcat-embed-core/8.5.15/tomcat-embed-core-8.5.15.jar:/home/rincon/.m2/repository/org/apache/tomcat/embed/tomcat-embed-el/8.5.15/tomcat-embed-el-8.5.15.jar:/home/rincon/.m2/repository/org/apache/tomcat/embed/tomcat-embed-websocket/8.5.15/tomcat-embed-websocket-8.5.15.jar:/home/rincon/.m2/repository/org/hibernate/hibernate-validator/5.3.5.Final/hibernate-validator-5.3.5.Final.jar:/home/rincon/.m2/repository/org/jboss/logging/jboss-logging/3.3.1.Final/jboss-logging-3.3.1.Final.jar:/home/rincon/.m2/repository/org/springframework/spring-web/4.3.9.RELEASE/spring-web-4.3.9.RELEASE.jar:/home/rincon/.m2/repository/org/springframework/spring-webmvc/4.3.9.RELEASE/spring-webmvc-4.3.9.RELEASE.jar:/home/rincon/.m2/repository/org/springframework/spring-expression/4.3.9.RELEASE/spring-expression-4.3.9.RELEASE.jar:/home/rincon/.m2/repository/org/springframework/retry/spring-retry/1.2.0.RELEASE/spring-retry-1.2.0.RELEASE.jar:/home/rincon/.m2/repository/org/springframework/spring-core/4.3.9.RELEASE/spring-core-4.3.9.RELEASE.jar:/home/rincon/.m2/repository/io/swagger/swagger-annotations/1.5.3/swagger-annotations-1.5.3.jar:/home/rincon/.m2/repository/com/fasterxml/jackson/core/jackson-annotations/2.8.0/jackson-annotations-2.8.0.jar:/home/rincon/.m2/repository/org/springframework/boot/spring-boot-starter-security/1.5.4.RELEASE/spring-boot-starter-security-1.5.4.RELEASE.jar:/home/rincon/.m2/repository/org/springframework/spring-aop/4.3.9.RELEASE/spring-aop-4.3.9.RELEASE.jar:/home/rincon/.m2/repository/org/springframework/security/spring-security-config/4.2.3.RELEASE/spring-security-config-4.2.3.RELEASE.jar:/home/rincon/.m2/repository/org/springframework/security/spring-security-core/4.2.3.RELEASE/spring-security-core-4.2.3.RELEASE.jar:/home/rincon/.m2/repository/org/springframework/security/spring-security-web/4.2.3.RELEASE/spring-security-web-4.2.3.RELEASE.jar:/home/rincon/.m2/repository/org/zalando/stups/stups-spring-oauth2-server/1.0.0/stups-spring-oauth2-server-1.0.0.jar:/home/rincon/.m2/repository/org/springframework/security/oauth/spring-security-oauth2/2.0.14.RELEASE/spring-security-oauth2-2.0.14.RELEASE.jar:/home/rincon/.m2/repository/org/codehaus/jackson/jackson-mapper-asl/1.9.13/jackson-mapper-asl-1.9.13.jar:/home/rincon/.m2/repository/org/codehaus/jackson/jackson-core-asl/1.9.13/jackson-core-asl-1.9.13.jar:/home/rincon/.m2/repository/org/slf4j/slf4j-api/1.7.25/slf4j-api-1.7.25.jar:/home/rincon/.m2/repository/org/springframework/boot/spring-boot-starter-data-jpa/1.5.4.RELEASE/spring-boot-starter-data-jpa-1.5.4.RELEASE.jar:/home/rincon/.m2/repository/org/springframework/boot/spring-boot-starter-aop/1.5.4.RELEASE/spring-boot-starter-aop-1.5.4.RELEASE.jar:/home/rincon/.m2/repository/org/aspectj/aspectjweaver/1.8.10/aspectjweaver-1.8.10.jar:/home/rincon/.m2/repository/org/springframework/boot/spring-boot-starter-jdbc/1.5.4.RELEASE/spring-boot-starter-jdbc-1.5.4.RELEASE.jar:/home/rincon/.m2/repository/org/apache/tomcat/tomcat-jdbc/8.5.15/tomcat-jdbc-8.5.15.jar:/home/rincon/.m2/repository/org/apache/tomcat/tomcat-juli/8.5.15/tomcat-juli-8.5.15.jar:/home/rincon/.m2/repository/org/springframework/spring-jdbc/4.3.9.RELEASE/spring-jdbc-4.3.9.RELEASE.jar:/home/rincon/.m2/repository/org/hibernate/hibernate-core/5.0.12.Final/hibernate-core-5.0.12.Final.jar:/home/rincon/.m2/repository/org/hibernate/javax/persistence/hibernate-jpa-2.1-api/1.0.0.Final/hibernate-jpa-2.1-api-1.0.0.Final.jar:/home/rincon/.m2/repository/org/javassist/javassist/3.21.0-GA/javassist-3.21.0-GA.jar:/home/rincon/.m2/repository/antlr/antlr/2.7.7/antlr-2.7.7.jar:/home/rincon/.m2/repository/org/jboss/jandex/2.0.0.Final/jandex-2.0.0.Final.jar:/home/rincon/.m2/repository/dom4j/dom4j/1.6.1/dom4j-1.6.1.jar:/home/rincon/.m2/repository/org/hibernate/common/hibernate-commons-annotations/5.0.1.Final/hibernate-commons-annotations-5.0.1.Final.jar:/home/rincon/.m2/repository/org/hibernate/hibernate-entitymanager/5.0.12.Final/hibernate-entitymanager-5.0.12.Final.jar:/home/rincon/.m2/repository/javax/transaction/javax.transaction-api/1.2/javax.transaction-api-1.2.jar:/home/rincon/.m2/repository/org/springframework/data/spring-data-jpa/1.11.4.RELEASE/spring-data-jpa-1.11.4.RELEASE.jar:/home/rincon/.m2/repository/org/springframework/data/spring-data-commons/1.13.4.RELEASE/spring-data-commons-1.13.4.RELEASE.jar:/home/rincon/.m2/repository/org/springframework/spring-orm/4.3.9.RELEASE/spring-orm-4.3.9.RELEASE.jar:/home/rincon/.m2/repository/org/springframework/spring-tx/4.3.9.RELEASE/spring-tx-4.3.9.RELEASE.jar:/home/rincon/.m2/repository/org/slf4j/jcl-over-slf4j/1.7.25/jcl-over-slf4j-1.7.25.jar:/home/rincon/.m2/repository/org/springframework/spring-aspects/4.3.9.RELEASE/spring-aspects-4.3.9.RELEASE.jar:/home/rincon/.m2/repository/com/mysema/querydsl/querydsl-jpa/3.6.5/querydsl-jpa-3.6.5.jar:/home/rincon/.m2/repository/com/mysema/querydsl/querydsl-core/3.6.5/querydsl-core-3.6.5.jar:/home/rincon/.m2/repository/com/mysema/commons/mysema-commons-lang/0.2.4/mysema-commons-lang-0.2.4.jar:/home/rincon/.m2/repository/org/flywaydb/flyway-core/3.2.1/flyway-core-3.2.1.jar:/home/rincon/.m2/repository/com/h2database/h2/1.4.195/h2-1.4.195.jar:/home/rincon/.m2/repository/org/postgresql/postgresql/9.4-1201-jdbc41/postgresql-9.4-1201-jdbc41.jar:/home/rincon/.m2/repository/org/springframework/boot/spring-boot-starter-actuator/1.5.4.RELEASE/spring-boot-starter-actuator-1.5.4.RELEASE.jar:/home/rincon/.m2/repository/org/springframework/boot/spring-boot-actuator/1.5.4.RELEASE/spring-boot-actuator-1.5.4.RELEASE.jar:/home/rincon/.m2/repository/com/google/guava/guava/19.0/guava-19.0.jar:/home/rincon/.m2/repository/commons-beanutils/commons-beanutils/1.9.2/commons-beanutils-1.9.2.jar:/home/rincon/.m2/repository/commons-logging/commons-logging/1.1.1/commons-logging-1.1.1.jar:/home/rincon/.m2/repository/commons-collections/commons-collections/3.2.2/commons-collections-3.2.2.jar:/home/rincon/.m2/repository/javax/mail/mail/1.4.7/mail-1.4.7.jar:/home/rincon/.m2/repository/javax/activation/activation/1.1/activation-1.1.jar:/home/rincon/.m2/repository/org/springframework/spring-context-support/4.3.9.RELEASE/spring-context-support-4.3.9.RELEASE.jar:/home/rincon/.m2/repository/org/springframework/spring-beans/4.3.9.RELEASE/spring-beans-4.3.9.RELEASE.jar:/home/rincon/.m2/repository/org/springframework/spring-context/4.3.9.RELEASE/spring-context-4.3.9.RELEASE.jar:/home/rincon/.m2/repository/org/springframework/boot/spring-boot-starter-test/1.5.4.RELEASE/spring-boot-starter-test-1.5.4.RELEASE.jar:/home/rincon/.m2/repository/org/springframework/boot/spring-boot-test/1.5.4.RELEASE/spring-boot-test-1.5.4.RELEASE.jar:/home/rincon/.m2/repository/org/springframework/boot/spring-boot-test-autoconfigure/1.5.4.RELEASE/spring-boot-test-autoconfigure-1.5.4.RELEASE.jar:/home/rincon/.m2/repository/org/assertj/assertj-core/2.6.0/assertj-core-2.6.0.jar:/home/rincon/.m2/repository/org/mockito/mockito-core/1.10.19/mockito-core-1.10.19.jar:/home/rincon/.m2/repository/org/objenesis/objenesis/2.1/objenesis-2.1.jar:/home/rincon/.m2/repository/org/hamcrest/hamcrest-core/1.3/hamcrest-core-1.3.jar:/home/rincon/.m2/repository/org/hamcrest/hamcrest-library/1.3/hamcrest-library-1.3.jar:/home/rincon/.m2/repository/org/skyscreamer/jsonassert/1.4.0/jsonassert-1.4.0.jar:/home/rincon/.m2/repository/com/vaadin/external/google/android-json/0.0.20131108.vaadin1/android-json-0.0.20131108.vaadin1.jar:/home/rincon/.m2/repository/org/springframework/spring-test/4.3.9.RELEASE/spring-test-4.3.9.RELEASE.jar:/home/rincon/.m2/repository/com/jayway/jsonpath/json-path/2.2.0/json-path-2.2.0.jar:/home/rincon/.m2/repository/net/minidev/json-smart/2.2.1/json-smart-2.2.1.jar:/home/rincon/.m2/repository/net/minidev/accessors-smart/1.1/accessors-smart-1.1.jar:/home/rincon/.m2/repository/org/ow2/asm/asm/5.0.3/asm-5.0.3.jar:/home/rincon/.m2/repository/org/subethamail/subethasmtp/3.1.7/subethasmtp-3.1.7.jar:/home/rincon/.m2/repository/com/google/code/findbugs/jsr305/1.3.9/jsr305-1.3.9.jar:/home/rincon/.m2/repository/com/fasterxml/jackson/dataformat/jackson-dataformat-yaml/2.8.8/jackson-dataformat-yaml-2.8.8.jar:/home/rincon/.m2/repository/com/fasterxml/jackson/core/jackson-core/2.8.8/jackson-core-2.8.8.jar:/home/rincon/.m2/repository/org/yaml/snakeyaml/1.17/snakeyaml-1.17.jar:/home/rincon/.m2/repository/io/springfox/springfox-spring-web/2.7.0/springfox-spring-web-2.7.0.jar:/home/rincon/.m2/repository/org/reflections/reflections/0.9.11/reflections-0.9.11.jar:/home/rincon/.m2/repository/com/fasterxml/classmate/1.3.3/classmate-1.3.3.jar:/home/rincon/.m2/repository/org/springframework/plugin/spring-plugin-core/1.2.0.RELEASE/spring-plugin-core-1.2.0.RELEASE.jar:/home/rincon/.m2/repository/org/springframework/plugin/spring-plugin-metadata/1.2.0.RELEASE/spring-plugin-metadata-1.2.0.RELEASE.jar:/home/rincon/.m2/repository/io/springfox/springfox-spi/2.7.0/springfox-spi-2.7.0.jar:/home/rincon/.m2/repository/io/springfox/springfox-core/2.7.0/springfox-core-2.7.0.jar:/home/rincon/.m2/repository/net/bytebuddy/byte-buddy/1.6.14/byte-buddy-1.6.14.jar:/home/rincon/.m2/repository/io/springfox/springfox-swagger2/2.7.0/springfox-swagger2-2.7.0.jar:/home/rincon/.m2/repository/io/swagger/swagger-models/1.5.13/swagger-models-1.5.13.jar:/home/rincon/.m2/repository/io/springfox/springfox-schema/2.7.0/springfox-schema-2.7.0.jar:/home/rincon/.m2/repository/io/springfox/springfox-swagger-common/2.7.0/springfox-swagger-common-2.7.0.jar:/home/rincon/.m2/repository/org/mapstruct/mapstruct/1.1.0.Final/mapstruct-1.1.0.Final.jar:/home/rincon/.m2/repository/io/rest-assured/rest-assured/4.3.0/rest-assured-4.3.0.jar:/home/rincon/.m2/repository/org/apache/httpcomponents/httpclient/4.5.3/httpclient-4.5.3.jar:/home/rincon/.m2/repository/org/apache/httpcomponents/httpcore/4.4.6/httpcore-4.4.6.jar:/home/rincon/.m2/repository/org/apache/httpcomponents/httpmime/4.5.3/httpmime-4.5.3.jar:/home/rincon/.m2/repository/org/hamcrest/hamcrest/2.1/hamcrest-2.1.jar:/home/rincon/.m2/repository/org/ccil/cowan/tagsoup/tagsoup/1.2.1/tagsoup-1.2.1.jar:/home/rincon/.m2/repository/io/rest-assured/xml-path/4.3.0/xml-path-4.3.0.jar:/home/rincon/.m2/repository/io/rest-assured/rest-assured-common/4.3.0/rest-assured-common-4.3.0.jar:/home/rincon/.m2/repository/org/apache/commons/commons-lang3/3.4/commons-lang3-3.4.jar:/home/rincon/.m2/repository/jakarta/xml/bind/jakarta.xml.bind-api/2.3.2/jakarta.xml.bind-api-2.3.2.jar:/home/rincon/.m2/repository/jakarta/activation/jakarta.activation-api/1.2.1/jakarta.activation-api-1.2.1.jar:/home/rincon/.m2/repository/com/sun/xml/bind/jaxb-osgi/2.3.0.1/jaxb-osgi-2.3.0.1.jar:/home/rincon/.m2/repository/org/apache/sling/org.apache.sling.javax.activation/0.1.0/org.apache.sling.javax.activation-0.1.0.jar:/home/rincon/.m2/repository/io/rest-assured/json-path/4.3.0/json-path-4.3.0.jar:/home/rincon/.m2/repository/org/codehaus/groovy/groovy-json/2.4.11/groovy-json-2.4.11.jar:/home/rincon/.m2/repository/io/rest-assured/json-schema-validator/4.3.0/json-schema-validator-4.3.0.jar:/home/rincon/.m2/repository/com/github/java-json-tools/json-schema-validator/2.2.10/json-schema-validator-2.2.10.jar:/home/rincon/.m2/repository/com/github/java-json-tools/json-schema-core/1.2.10/json-schema-core-1.2.10.jar:/home/rincon/.m2/repository/com/github/java-json-tools/jackson-coreutils/1.9/jackson-coreutils-1.9.jar:/home/rincon/.m2/repository/com/github/fge/msg-simple/1.1/msg-simple-1.1.jar:/home/rincon/.m2/repository/com/github/fge/btf/1.2/btf-1.2.jar:/home/rincon/.m2/repository/com/github/fge/uri-template/0.9/uri-template-0.9.jar:/home/rincon/.m2/repository/org/mozilla/rhino/1.7.7.1/rhino-1.7.7.1.jar:/home/rincon/.m2/repository/javax/mail/mailapi/1.4.3/mailapi-1.4.3.jar:/home/rincon/.m2/repository/joda-time/joda-time/2.9.9/joda-time-2.9.9.jar:/home/rincon/.m2/repository/com/googlecode/libphonenumber/libphonenumber/8.0.0/libphonenumber-8.0.0.jar:/home/rincon/.m2/repository/net/sf/jopt-simple/jopt-simple/5.0.3/jopt-simple-5.0.3.jar:/home/rincon/.m2/repository/com/google/code/gson/gson/2.8.9/gson-2.8.9.jar:/home/rincon/.m2/repository/org/codehaus/groovy/groovy/3.0.9/groovy-3.0.9.jar:/home/rincon/.m2/repository/org/codehaus/groovy/groovy-xml/3.0.9/groovy-xml-3.0.9.jar:/home/rincon/.m2/repository/org/evomaster/evomaster-client-java-controller-api/3.0.0/evomaster-client-java-controller-api-3.0.0.jar:/home/rincon/.m2/repository/org/evomaster/evomaster-client-java-sql-dto/3.0.0/evomaster-client-java-sql-dto-3.0.0.jar:/home/rincon/.m2/repository/org/evomaster/evomaster-client-java-controller/3.0.0/evomaster-client-java-controller-3.0.0.jar:/home/rincon/.m2/repository/javax/annotation/javax.annotation-api/1.2/javax.annotation-api-1.2.jar:/home/rincon/.m2/repository/javax/inject/javax.inject/1/javax.inject-1.jar:/home/rincon/.m2/repository/javax/validation/validation-api/1.1.0.Final/validation-api-1.1.0.Final.jar:/home/rincon/.m2/repository/javax/servlet/javax.servlet-api/3.1.0/javax.servlet-api-3.1.0.jar:/home/rincon/.m2/repository/javax/ws/rs/javax.ws.rs-api/2.1.1/javax.ws.rs-api-2.1.1.jar:/home/rincon/.m2/repository/junit/junit/4.4/junit-4.4.jar:"/>
    <property name="sun.cpu.endian" value="little"/>
    <property name="user.home" value="/home/rincon"/>
    <property name="user.language" value="pt"/>
    <property name="java.specification.vendor" value="Oracle Corporation"/>
    <property name="java.home" value="/home/rincon/apps/java/jdk-8/jre"/>
    <property name="basedir" value="/media/rincon/63999417195/eclipse-workspace/EMB-master/jdk_8_maven/cs/rest/original/catwatch/catwatch-backend"/>
    <property name="file.separator" value="/"/>
    <property name="line.separator" value="&#10;"/>
    <property name="java.vm.specification.vendor" value="Oracle Corporation"/>
    <property name="java.specification.name" value="Java Platform API Specification"/>
    <property name="java.awt.graphicsenv" value="sun.awt.X11GraphicsEnvironment"/>
    <property name="surefire.real.class.path" value="/media/rincon/63999417195/eclipse-workspace/EMB-master/jdk_8_maven/cs/rest/original/catwatch/catwatch-backend/target/surefire/surefirebooter3030137397456040167.jar:/home/rincon/.m2/repository/org/jacoco/org.jacoco.agent/0.8.7/org.jacoco.agent-0.8.7-runtime.jar"/>
    <property name="sun.boot.class.path" value="/home/rincon/apps/java/jdk-8/jre/lib/resources.jar:/home/rincon/apps/java/jdk-8/jre/lib/rt.jar:/home/rincon/apps/java/jdk-8/jre/lib/sunrsasign.jar:/home/rincon/apps/java/jdk-8/jre/lib/jsse.jar:/home/rincon/apps/java/jdk-8/jre/lib/jce.jar:/home/rincon/apps/java/jdk-8/jre/lib/charsets.jar:/home/rincon/apps/java/jdk-8/jre/lib/jfr.jar:/home/rincon/apps/java/jdk-8/jre/classes"/>
    <property name="sun.management.compiler" value="HotSpot 64-Bit Tiered Compilers"/>
    <property name="java.runtime.version" value="1.8.0_202-b08"/>
    <property name="user.name" value="rincon"/>
    <property name="path.separator" value=":"/>
    <property name="os.version" value="5.15.0-136-generic"/>
    <property name="java.endorsed.dirs" value="/home/rincon/apps/java/jdk-8/jre/lib/endorsed"/>
    <property name="java.runtime.name" value="Java(TM) SE Runtime Environment"/>
    <property name="file.encoding" value="UTF-8"/>
    <property name="java.vm.name" value="Java HotSpot(TM) 64-Bit Server VM"/>
    <property name="localRepository" value="/home/rincon/.m2/repository"/>
    <property name="java.vendor.url.bug" value="http://bugreport.sun.com/bugreport/"/>
    <property name="java.io.tmpdir" value="/tmp"/>
    <property name="java.version" value="1.8.0_202"/>
    <property name="user.dir" value="/media/rincon/63999417195/eclipse-workspace/EMB-master/jdk_8_maven/cs/rest/original/catwatch/catwatch-backend"/>
    <property name="os.arch" value="amd64"/>
    <property name="java.vm.specification.name" value="Java Virtual Machine Specification"/>
    <property name="java.awt.printerjob" value="sun.print.PSPrinterJob"/>
    <property name="sun.os.patch.level" value="unknown"/>
    <property name="java.library.path" value="/usr/java/packages/lib/amd64:/usr/lib64:/lib64:/lib:/usr/lib"/>
    <property name="java.vm.info" value="mixed mode"/>
    <property name="java.vendor" value="Oracle Corporation"/>
    <property name="java.vm.version" value="25.202-b08"/>
    <property name="java.ext.dirs" value="/home/rincon/apps/java/jdk-8/jre/lib/ext:/usr/java/packages/lib/ext"/>
    <property name="sun.io.unicode.encoding" value="UnicodeLittle"/>
    <property name="java.class.version" value="52.0"/>
    <property name="maven.test.failure.ignore" value="true"/>
  </properties>
  <testcase name="test_0" classname="org.zalando.catwatch.backend.seed01_EvoMaster_others_Test" time="0">
    <skipped/>
    <system-out><![CDATA[
  .   ____          _            __ _ _
 /\\ / ___'_ __ _ _(_)_ __  __ _ \ \ \ \
( ( )\___ | '_ | '_| | '_ \/ _` | \ \ \ \
 \\/  ___)| |_)| | | | | || (_| |  ) ) ) )
  '  |____| .__|_| |_|_| |_\__, | / / / /
 =========|_|==============|___/=/_/_/_/
 :: Spring Boot ::        (v1.5.4.RELEASE)

14:03:30.700 [main] INFO  o.a.m.surefire.booter.ForkedBooter - Starting ForkedBooter v2.22.0 on IFTO-PROBOOK with PID 17196 (started by rincon in /media/rincon/63999417195/eclipse-workspace/EMB-master/jdk_8_maven/cs/rest/original/catwatch/catwatch-backend)
14:03:30.700 [main] INFO  o.a.m.surefire.booter.ForkedBooter - No active profile set, falling back to default profiles: default
14:03:30.701 [main] INFO  o.s.b.c.e.AnnotationConfigEmbeddedWebApplicationContext - Refreshing org.springframework.boot.context.embedded.AnnotationConfigEmbeddedWebApplicationContext@71ce7f40: startup date [Mon Apr 07 14:03:30 BRT 2025]; root of context hierarchy
14:03:31.050 [main] INFO  o.s.b.f.a.AutowiredAnnotationBeanPostProcessor - JSR-330 'javax.inject.Inject' annotation found and supported for autowiring
14:03:31.098 [main] INFO  o.s.c.s.PostProcessorRegistrationDelegate$BeanPostProcessorChecker - Bean 'org.springframework.retry.annotation.RetryConfiguration' of type [org.springframework.retry.annotation.RetryConfiguration$$EnhancerBySpringCGLIB$$b289758e] is not eligible for getting processed by all BeanPostProcessors (for example: not eligible for auto-proxying)
14:03:31.104 [main] INFO  o.s.c.s.PostProcessorRegistrationDelegate$BeanPostProcessorChecker - Bean 'org.springframework.transaction.annotation.ProxyTransactionManagementConfiguration' of type [org.springframework.transaction.annotation.ProxyTransactionManagementConfiguration$$EnhancerBySpringCGLIB$$bcc5dd69] is not eligible for getting processed by all BeanPostProcessors (for example: not eligible for auto-proxying)
14:03:31.171 [main] INFO  o.s.b.c.e.t.TomcatEmbeddedServletContainer - Tomcat initialized with port(s): 0 (http)
14:03:31.172 [main] INFO  o.a.catalina.core.StandardService - Starting service [Tomcat]
14:03:31.172 [main] INFO  o.a.catalina.core.StandardEngine - Starting Servlet Engine: Apache Tomcat/8.5.15
14:03:31.176 [localhost-startStop-1] INFO  o.a.c.c.C.[.[localhost].[/] - Initializing Spring embedded WebApplicationContext
14:03:31.176 [localhost-startStop-1] INFO  o.s.web.context.ContextLoader - Root WebApplicationContext: initialization completed in 475 ms
14:03:31.292 [localhost-startStop-1] INFO  o.s.b.w.s.FilterRegistrationBean - Mapping filter: 'metricsFilter' to: [/*]
14:03:31.292 [localhost-startStop-1] INFO  o.s.b.w.s.FilterRegistrationBean - Mapping filter: 'characterEncodingFilter' to: [/*]
14:03:31.292 [localhost-startStop-1] INFO  o.s.b.w.s.FilterRegistrationBean - Mapping filter: 'hiddenHttpMethodFilter' to: [/*]
14:03:31.292 [localhost-startStop-1] INFO  o.s.b.w.s.FilterRegistrationBean - Mapping filter: 'httpPutFormContentFilter' to: [/*]
14:03:31.292 [localhost-startStop-1] INFO  o.s.b.w.s.FilterRegistrationBean - Mapping filter: 'requestContextFilter' to: [/*]
14:03:31.292 [localhost-startStop-1] INFO  o.s.b.w.s.DelegatingFilterProxyRegistrationBean - Mapping filter: 'springSecurityFilterChain' to: [/*]
14:03:31.292 [localhost-startStop-1] INFO  o.s.b.w.s.FilterRegistrationBean - Mapping filter: 'webRequestLoggingFilter' to: [/*]
14:03:31.292 [localhost-startStop-1] INFO  o.s.b.w.s.FilterRegistrationBean - Mapping filter: 'corsFilter' to: [/*]
14:03:31.292 [localhost-startStop-1] INFO  o.s.b.w.s.FilterRegistrationBean - Mapping filter: 'applicationContextIdFilter' to: [/*]
14:03:31.293 [localhost-startStop-1] INFO  o.s.b.w.s.ServletRegistrationBean - Mapping servlet: 'dispatcherServlet' to [/]
14:03:31.368 [main] INFO  o.f.c.i.dbsupport.DbSupportFactory - Database: jdbc:h2:mem:testdb (H2 1.4)
14:03:31.371 [main] INFO  o.f.core.internal.command.DbValidate - Validated 6 migrations (execution time 00:00.002s)
14:03:31.373 [main] INFO  o.f.core.internal.command.DbMigrate - Current version of schema "PUBLIC": 006
14:03:31.374 [main] INFO  o.f.core.internal.command.DbMigrate - Schema "PUBLIC" is up to date. No migration necessary.
14:03:31.422 [main] INFO  o.s.o.j.LocalContainerEntityManagerFactoryBean - Building JPA container EntityManagerFactory for persistence unit 'default'
14:03:31.422 [main] INFO  o.h.jpa.internal.util.LogHelper - HHH000204: Processing PersistenceUnitInfo [
	name: default
	...]
14:03:31.430 [main] INFO  org.hibernate.dialect.Dialect - HHH000400: Using dialect: org.hibernate.dialect.H2Dialect
14:03:31.438 [main] WARN  org.hibernate.mapping.RootClass - HHH000038: Composite-id class does not override equals(): org.zalando.catwatch.backend.model.StatisticsKey
14:03:31.438 [main] WARN  org.hibernate.mapping.RootClass - HHH000039: Composite-id class does not override hashCode(): org.zalando.catwatch.backend.model.StatisticsKey
14:03:31.438 [main] WARN  org.hibernate.mapping.RootClass - HHH000038: Composite-id class does not override equals(): org.zalando.catwatch.backend.model.ContributorKey
14:03:31.438 [main] WARN  org.hibernate.mapping.RootClass - HHH000039: Composite-id class does not override hashCode(): org.zalando.catwatch.backend.model.ContributorKey
14:03:31.452 [main] INFO  o.h.tool.hbm2ddl.SchemaUpdate - HHH000228: Running hbm2ddl schema update
14:03:31.466 [main] WARN  o.h.j.i.EntityManagerFactoryRegistry - HHH000436: Entity manager factory name (default) is already registered.  If entity manager will be clustered or passivated, specify a unique value for property 'hibernate.ejb.entitymanager_factory_name'
14:03:31.466 [main] INFO  o.s.o.j.LocalContainerEntityManagerFactoryBean - Initialized JPA EntityManagerFactory for persistence unit 'default'
14:03:31.475 [main] INFO  o.z.c.b.github.SnapshotProvider - Cache directory found: /media/rincon/63999417195/eclipse-workspace/EMB-master/jdk_8_maven/cs/rest/original/catwatch/catwatch-backend/target/cache
14:03:31.475 [main] INFO  o.z.c.b.github.SnapshotProvider - Initialized http client with 50 mb cache.
14:03:31.511 [main] INFO  o.h.h.i.QueryTranslatorFactoryInitiator - HHH000397: Using ASTQueryTranslatorFactory
14:03:31.709 [main] INFO  o.s.w.s.m.m.a.RequestMappingHandlerMapping - Mapped "{[/contributors],methods=[GET],produces=[application/json]}" onto public java.util.List<org.zalando.catwatch.backend.model.Contributor> org.zalando.catwatch.backend.web.ContributorsApi.contributorsGet(java.lang.String,java.lang.Integer,java.lang.Integer,java.lang.String,java.lang.String,java.lang.String,java.lang.String)
14:03:31.709 [main] INFO  o.s.w.s.m.m.a.RequestMappingHandlerMapping - Mapped "{[/languages],methods=[GET],produces=[application/json]}" onto public org.springframework.http.ResponseEntity<java.util.Collection<org.zalando.catwatch.backend.model.Language>> org.zalando.catwatch.backend.web.LanguagesApi.languagesGet(java.lang.String,java.lang.Integer,java.lang.Integer,java.lang.String)
14:03:31.709 [main] INFO  o.s.w.s.m.m.a.RequestMappingHandlerMapping - Mapped "{[/projects],methods=[GET],produces=[application/json]}" onto public org.springframework.http.ResponseEntity<java.util.Collection<org.zalando.catwatch.backend.model.Project>> org.zalando.catwatch.backend.web.ProjectsApi.projectsGet(java.lang.String,java.lang.Integer,java.lang.Integer,java.util.Date,java.util.Date,java.lang.String,java.lang.String,java.lang.String)
14:03:31.710 [main] INFO  o.s.w.s.m.m.a.RequestMappingHandlerMapping - Mapped "{[/statistics/projects],methods=[GET],produces=[application/json]}" onto public org.springframework.http.ResponseEntity<java.util.Collection<org.zalando.catwatch.backend.util.ProjectStats>> org.zalando.catwatch.backend.web.StatisticsApi.statisticsProjectGet(java.lang.String,java.lang.String,java.lang.String) throws java.text.ParseException
14:03:31.710 [main] INFO  o.s.w.s.m.m.a.RequestMappingHandlerMapping - Mapped "{[/statistics/contributors],methods=[GET],produces=[application/json]}" onto public org.springframework.http.ResponseEntity<java.util.Collection<org.zalando.catwatch.backend.util.ContributorStats>> org.zalando.catwatch.backend.web.StatisticsApi.statisticsContributorGet(java.lang.String,java.lang.String,java.lang.String) throws java.text.ParseException
14:03:31.710 [main] INFO  o.s.w.s.m.m.a.RequestMappingHandlerMapping - Mapped "{[/statistics/languages],methods=[GET],produces=[application/json]}" onto public org.springframework.http.ResponseEntity<java.util.Collection<org.zalando.catwatch.backend.util.LanguageStats>> org.zalando.catwatch.backend.web.StatisticsApi.statisticsLanguagesGet(java.lang.String,java.lang.String,java.lang.String)
14:03:31.710 [main] INFO  o.s.w.s.m.m.a.RequestMappingHandlerMapping - Mapped "{[/statistics],methods=[GET],produces=[application/json]}" onto public org.springframework.http.ResponseEntity<java.util.Collection<org.zalando.catwatch.backend.model.Statistics>> org.zalando.catwatch.backend.web.StatisticsApi.statisticsGet(java.lang.String,java.lang.String,java.lang.String)
14:03:31.711 [main] INFO  o.s.w.s.m.m.a.RequestMappingHandlerMapping - Mapped "{[/delete],methods=[GET],produces=[application/json;charset=utf-8]}" onto public java.lang.String org.zalando.catwatch.backend.web.admin.AdminController.deleteAll()
14:03:31.711 [main] INFO  o.s.w.s.m.m.a.RequestMappingHandlerMapping - Mapped "{[/import],methods=[POST],produces=[application/json;charset=utf-8]}" onto public java.lang.String org.zalando.catwatch.backend.web.admin.AdminController.importJson(org.zalando.catwatch.backend.web.admin.DatabaseDto)
14:03:31.711 [main] INFO  o.s.w.s.m.m.a.RequestMappingHandlerMapping - Mapped "{[/export],methods=[GET],produces=[application/json;charset=utf-8]}" onto public org.zalando.catwatch.backend.web.admin.DatabaseDto org.zalando.catwatch.backend.web.admin.AdminController.exportJson()
14:03:31.711 [main] INFO  o.s.w.s.m.m.a.RequestMappingHandlerMapping - Mapped "{[/config/scoring.project],methods=[POST],produces=[application/json;charset=utf-8]}" onto public java.util.List<java.lang.String> org.zalando.catwatch.backend.web.admin.AdminController.configScoringProjects(java.lang.String,java.lang.String)
14:03:31.711 [main] INFO  o.s.w.s.m.m.a.RequestMappingHandlerMapping - Mapped "{[/init],methods=[GET],produces=[application/json;charset=utf-8]}" onto public java.lang.String org.zalando.catwatch.backend.web.admin.AdminController.init()
14:03:31.711 [main] INFO  o.s.w.s.m.m.a.RequestMappingHandlerMapping - Mapped "{[/config],methods=[GET],produces=[application/json]}" onto public java.util.Map<java.lang.String, java.lang.String> org.zalando.catwatch.backend.web.config.ConfigController.config() throws java.lang.Exception
14:03:31.711 [main] INFO  o.s.w.s.m.m.a.RequestMappingHandlerMapping - Mapped "{[/fetch],methods=[GET],produces=[application/json;charset=utf-8]}" onto public java.lang.String org.zalando.catwatch.backend.web.fetch.FetchController.fetch() throws java.lang.Exception
14:03:31.712 [main] INFO  o.s.w.s.m.m.a.RequestMappingHandlerMapping - Mapped "{[/swagger-resources/configuration/ui]}" onto public org.springframework.http.ResponseEntity<springfox.documentation.swagger.web.UiConfiguration> springfox.documentation.swagger.web.ApiResourceController.uiConfiguration()
14:03:31.712 [main] INFO  o.s.w.s.m.m.a.RequestMappingHandlerMapping - Mapped "{[/swagger-resources/configuration/security]}" onto public org.springframework.http.ResponseEntity<springfox.documentation.swagger.web.SecurityConfiguration> springfox.documentation.swagger.web.ApiResourceController.securityConfiguration()
14:03:31.713 [main] INFO  o.s.w.s.m.m.a.RequestMappingHandlerMapping - Mapped "{[/swagger-resources]}" onto public org.springframework.http.ResponseEntity<java.util.List<springfox.documentation.swagger.web.SwaggerResource>> springfox.documentation.swagger.web.ApiResourceController.swaggerResources()
14:03:31.714 [main] INFO  o.s.w.s.m.m.a.RequestMappingHandlerMapping - Mapped "{[/error],produces=[text/html]}" onto public org.springframework.web.servlet.ModelAndView org.springframework.boot.autoconfigure.web.BasicErrorController.errorHtml(javax.servlet.http.HttpServletRequest,javax.servlet.http.HttpServletResponse)
14:03:31.714 [main] INFO  o.s.w.s.m.m.a.RequestMappingHandlerMapping - Mapped "{[/error]}" onto public org.springframework.http.ResponseEntity<java.util.Map<java.lang.String, java.lang.Object>> org.springframework.boot.autoconfigure.web.BasicErrorController.error(javax.servlet.http.HttpServletRequest)
14:03:31.856 [main] INFO  o.s.b.a.e.mvc.EndpointHandlerMapping - Mapped "{[/health || /health.json],methods=[GET],produces=[application/vnd.spring-boot.actuator.v1+json || application/json]}" onto public java.lang.Object org.springframework.boot.actuate.endpoint.mvc.HealthMvcEndpoint.invoke(javax.servlet.http.HttpServletRequest,java.security.Principal)
14:03:31.969 [main] INFO  o.s.b.a.s.AuthenticationManagerConfiguration - 

Using default security password: e2f5de66-7cfd-4cd7-998f-34a1e8b295a6

14:03:32.025 [main] INFO  o.s.s.web.DefaultSecurityFilterChain - Creating filter chain: org.springframework.security.web.util.matcher.AnyRequestMatcher@1, [org.springframework.security.web.context.request.async.WebAsyncManagerIntegrationFilter@564ffdc5, org.springframework.security.web.context.SecurityContextPersistenceFilter@18549241, org.springframework.security.web.header.HeaderWriterFilter@31fbe808, org.springframework.security.web.authentication.logout.LogoutFilter@2808717, org.springframework.security.oauth2.provider.authentication.OAuth2AuthenticationProcessingFilter@3611935c, org.springframework.security.web.savedrequest.RequestCacheAwareFilter@555aeb3e, org.springframework.security.web.servletapi.SecurityContextHolderAwareRequestFilter@3b0ff235, org.springframework.security.web.authentication.AnonymousAuthenticationFilter@5411858c, org.springframework.security.web.session.SessionManagementFilter@e56ec17, org.springframework.security.web.access.ExceptionTranslationFilter@278d49dc, org.springframework.security.web.access.intercept.FilterSecurityInterceptor@64b3f05a]
14:03:32.037 [main] INFO  o.s.s.web.DefaultSecurityFilterChain - Creating filter chain: org.springframework.boot.actuate.autoconfigure.ManagementWebSecurityAutoConfiguration$LazyEndpointPathRequestMatcher@59505b3a, [org.springframework.security.web.context.request.async.WebAsyncManagerIntegrationFilter@5f686316, org.springframework.security.web.context.SecurityContextPersistenceFilter@62287cec, org.springframework.security.web.header.HeaderWriterFilter@4d0f3610, org.springframework.security.web.authentication.logout.LogoutFilter@11f9cc03, org.springframework.security.web.authentication.www.BasicAuthenticationFilter@590fd210, org.springframework.security.web.savedrequest.RequestCacheAwareFilter@3b666d31, org.springframework.security.web.servletapi.SecurityContextHolderAwareRequestFilter@f6d63fb, org.springframework.security.web.authentication.AnonymousAuthenticationFilter@3c8dde75, org.springframework.security.web.session.SessionManagementFilter@63efbca1, org.springframework.security.web.access.ExceptionTranslationFilter@65c78a02, org.springframework.security.web.access.intercept.FilterSecurityInterceptor@5907403e]
14:03:32.058 [main] INFO  s.d.s.w.PropertySourcedRequestMappingHandlerMapping - Mapped URL path [/v2/api-docs] onto method [public org.springframework.http.ResponseEntity<springfox.documentation.spring.web.json.Json> springfox.documentation.swagger2.web.Swagger2Controller.getDocumentation(java.lang.String,javax.servlet.http.HttpServletRequest)]
14:03:32.154 [main] INFO  o.s.w.s.m.m.a.RequestMappingHandlerAdapter - Looking for @ControllerAdvice: org.springframework.boot.context.embedded.AnnotationConfigEmbeddedWebApplicationContext@71ce7f40: startup date [Mon Apr 07 14:03:30 BRT 2025]; root of context hierarchy
14:03:32.174 [main] INFO  o.s.w.s.h.SimpleUrlHandlerMapping - Mapped URL path [/webjars/**] onto handler of type [class org.springframework.web.servlet.resource.ResourceHttpRequestHandler]
14:03:32.174 [main] INFO  o.s.w.s.h.SimpleUrlHandlerMapping - Mapped URL path [/**] onto handler of type [class org.springframework.web.servlet.resource.ResourceHttpRequestHandler]
14:03:32.196 [main] INFO  o.s.w.s.h.SimpleUrlHandlerMapping - Mapped URL path [/**/favicon.ico] onto handler of type [class org.springframework.web.servlet.resource.ResourceHttpRequestHandler]
14:03:32.206 [main] INFO  o.s.b.a.w.WebMvcAutoConfiguration$WelcomePageHandlerMapping - Adding welcome page: class path resource [static/index.html]
14:03:32.358 [main] INFO  o.s.j.e.a.AnnotationMBeanExporter - Registering beans for JMX exposure on startup
14:03:32.360 [main] INFO  o.s.b.a.e.jmx.EndpointMBeanExporter - Registering beans for JMX exposure on startup
14:03:32.361 [main] INFO  o.s.c.s.DefaultLifecycleProcessor - Starting beans in phase 0
14:03:32.363 [main] INFO  o.s.b.a.e.jmx.EndpointMBeanExporter - Located managed bean 'healthEndpoint': registering with JMX server as MBean [org.springframework.boot:type=Endpoint,name=healthEndpoint]
14:03:32.367 [main] ERROR o.s.b.a.e.jmx.EndpointMBeanExporter - Could not register MBean for endpoint [healthEndpoint]
org.springframework.jmx.export.UnableToRegisterMBeanException: Unable to register MBean [org.springframework.boot.actuate.endpoint.jmx.DataEndpointMBean@2b289d99] with key 'healthEndpoint'; nested exception is javax.management.InstanceAlreadyExistsException: org.springframework.boot:type=Endpoint,name=healthEndpoint
	at org.springframework.jmx.export.MBeanExporter.registerBeanNameOrInstance(MBeanExporter.java:628)
	at org.springframework.boot.actuate.endpoint.jmx.EndpointMBeanExporter.registerEndpoint(EndpointMBeanExporter.java:214)
	at org.springframework.boot.actuate.endpoint.jmx.EndpointMBeanExporter.registerEndpoints(EndpointMBeanExporter.java:191)
	at org.springframework.boot.actuate.endpoint.jmx.EndpointMBeanExporter.locateAndRegisterEndpoints(EndpointMBeanExporter.java:163)
	at org.springframework.boot.actuate.endpoint.jmx.EndpointMBeanExporter.doStart(EndpointMBeanExporter.java:158)
	at org.springframework.boot.actuate.endpoint.jmx.EndpointMBeanExporter.start(EndpointMBeanExporter.java:337)
	at org.springframework.context.support.DefaultLifecycleProcessor.doStart(DefaultLifecycleProcessor.java:175)
	at org.springframework.context.support.DefaultLifecycleProcessor.access$200(DefaultLifecycleProcessor.java:50)
	at org.springframework.context.support.DefaultLifecycleProcessor$LifecycleGroup.start(DefaultLifecycleProcessor.java:348)
	at org.springframework.context.support.DefaultLifecycleProcessor.startBeans(DefaultLifecycleProcessor.java:151)
	at org.springframework.context.support.DefaultLifecycleProcessor.onRefresh(DefaultLifecycleProcessor.java:114)
	at org.springframework.context.support.AbstractApplicationContext.finishRefresh(AbstractApplicationContext.java:880)
	at org.springframework.boot.context.embedded.EmbeddedWebApplicationContext.finishRefresh(EmbeddedWebApplicationContext.java:144)
	at org.springframework.context.support.AbstractApplicationContext.refresh(AbstractApplicationContext.java:546)
	at org.springframework.boot.context.embedded.EmbeddedWebApplicationContext.refresh(EmbeddedWebApplicationContext.java:122)
	at org.springframework.boot.SpringApplication.refresh(SpringApplication.java:693)
	at org.springframework.boot.SpringApplication.refreshContext(SpringApplication.java:360)
	at org.springframework.boot.SpringApplication.run(SpringApplication.java:303)
	at org.springframework.boot.SpringApplication.run(SpringApplication.java:1118)
	at org.springframework.boot.SpringApplication.run(SpringApplication.java:1107)
	at em.embedded.org.zalando.EmbeddedEvoMasterController.startSut(EmbeddedEvoMasterController.java:62)
	at org.zalando.catwatch.backend.seed01_EvoMaster_others_Test.initClass(seed01_EvoMaster_others_Test.java:65)
	at sun.reflect.NativeMethodAccessorImpl.invoke0(Native Method)
	at sun.reflect.NativeMethodAccessorImpl.invoke(NativeMethodAccessorImpl.java:62)
	at sun.reflect.DelegatingMethodAccessorImpl.invoke(DelegatingMethodAccessorImpl.java:43)
	at java.lang.reflect.Method.invoke(Method.java:498)
	at org.junit.internal.runners.ClassRoadie.runBefores(ClassRoadie.java:49)
	at org.junit.internal.runners.ClassRoadie.runProtected(ClassRoadie.java:36)
	at org.junit.internal.runners.JUnit4ClassRunner.run(JUnit4ClassRunner.java:42)
	at org.apache.maven.surefire.junit4.JUnit4Provider.execute(JUnit4Provider.java:365)
	at org.apache.maven.surefire.junit4.JUnit4Provider.executeWithRerun(JUnit4Provider.java:273)
	at org.apache.maven.surefire.junit4.JUnit4Provider.executeTestSet(JUnit4Provider.java:238)
	at org.apache.maven.surefire.junit4.JUnit4Provider.invoke(JUnit4Provider.java:159)
	at org.apache.maven.surefire.booter.ForkedBooter.invokeProviderInSameClassLoader(ForkedBooter.java:383)
	at org.apache.maven.surefire.booter.ForkedBooter.runSuitesInProcess(ForkedBooter.java:344)
	at org.apache.maven.surefire.booter.ForkedBooter.execute(ForkedBooter.java:125)
	at org.apache.maven.surefire.booter.ForkedBooter.main(ForkedBooter.java:417)
Caused by: javax.management.InstanceAlreadyExistsException: org.springframework.boot:type=Endpoint,name=healthEndpoint
	at com.sun.jmx.mbeanserver.Repository.addMBean(Repository.java:437)
	at com.sun.jmx.interceptor.DefaultMBeanServerInterceptor.registerWithRepository(DefaultMBeanServerInterceptor.java:1898)
	at com.sun.jmx.interceptor.DefaultMBeanServerInterceptor.registerDynamicMBean(DefaultMBeanServerInterceptor.java:966)
	at com.sun.jmx.interceptor.DefaultMBeanServerInterceptor.registerObject(DefaultMBeanServerInterceptor.java:900)
	at com.sun.jmx.interceptor.DefaultMBeanServerInterceptor.registerMBean(DefaultMBeanServerInterceptor.java:324)
	at com.sun.jmx.mbeanserver.JmxMBeanServer.registerMBean(JmxMBeanServer.java:522)
	at org.springframework.jmx.support.MBeanRegistrationSupport.doRegister(MBeanRegistrationSupport.java:195)
	at org.springframework.jmx.export.MBeanExporter.registerBeanInstance(MBeanExporter.java:682)
	at org.springframework.jmx.export.MBeanExporter.registerBeanNameOrInstance(MBeanExporter.java:624)
	... 36 common frames omitted
14:03:32.367 [main] INFO  o.s.c.s.DefaultLifecycleProcessor - Starting beans in phase 2147483647
14:03:32.367 [main] INFO  s.d.s.w.p.DocumentationPluginsBootstrapper - Context refreshed
14:03:32.368 [main] INFO  s.d.s.w.p.DocumentationPluginsBootstrapper - Found 1 custom documentation plugin(s)
14:03:32.373 [main] INFO  s.d.s.w.s.ApiListingReferenceScanner - Scanning for api listing references
14:03:32.434 [main] INFO  s.d.s.w.r.o.CachingOperationNameGenerator - Generating unique operation named: invokeUsingGET_1
14:03:32.463 [main] INFO  o.s.s.a.ScheduledAnnotationBeanPostProcessor - No TaskScheduler/ScheduledExecutorService bean found for scheduled processing
14:03:32.465 [main] INFO  o.a.coyote.http11.Http11NioProtocol - Initializing ProtocolHandler ["http-nio-auto-35"]
14:03:32.465 [main] INFO  o.a.coyote.http11.Http11NioProtocol - Starting ProtocolHandler ["http-nio-auto-35"]
14:03:32.465 [main] INFO  o.a.tomcat.util.net.NioSelectorPool - Using a shared selector for servlet write/read
14:03:32.469 [main] INFO  o.s.b.c.e.t.TomcatEmbeddedServletContainer - Tomcat started on port(s): 42449 (http)
14:03:32.472 [main] INFO  o.a.m.surefire.booter.ForkedBooter - Started ForkedBooter in 1.793 seconds (JVM running for 96.221)
]]></system-out>
  </testcase>
  <testcase name="test_1" classname="org.zalando.catwatch.backend.seed01_EvoMaster_others_Test" time="1.401"/>
  <testcase name="test_2" classname="org.zalando.catwatch.backend.seed01_EvoMaster_others_Test" time="0.397"/>
  <testcase name="test_3" classname="org.zalando.catwatch.backend.seed01_EvoMaster_others_Test" time="0.312"/>
  <testcase name="test_4" classname="org.zalando.catwatch.backend.seed01_EvoMaster_others_Test" time="0.328"/>
  <testcase name="test_5" classname="org.zalando.catwatch.backend.seed01_EvoMaster_others_Test" time="0.388"/>
  <testcase name="test_6" classname="org.zalando.catwatch.backend.seed01_EvoMaster_others_Test" time="0.316"/>
  <testcase name="test_7" classname="org.zalando.catwatch.backend.seed01_EvoMaster_others_Test" time="0.326"/>
  <testcase name="test_8" classname="org.zalando.catwatch.backend.seed01_EvoMaster_others_Test" time="0.38"/>
  <testcase name="test_9" classname="org.zalando.catwatch.backend.seed01_EvoMaster_others_Test" time="0.066">
    <failure message="1 expectation failed.&#10;JSON path &apos;message&apos; doesn&apos;t match.&#10;Expected: a string containing &quot;Failed to convert value of type &apos;java.lang.String&apos; to required type &apos;java.util.Date&apos;; nested exception is org.springframework.core.convert.ConversionFailedException: Failed to convert from type [java.lang.String] to type [@io.swagger.annotations.ApiParam @org.springframework.web.bind.annotation.RequestParam @org.springframework.format.annotation.DateTimeFormat java.util.Date] for value &apos;2053-04-13T04:60:34&apos;; nested exception is java.lang.IllegalArgumentException: Parse attempt failed for value [2053-04-13T04:60:34]&quot;&#10;  Actual: Failed to convert value of type &apos;java.lang.String&apos; to required type &apos;java.util.Date&apos;; nested exception is org.springframework.core.convert.ConversionFailedException: Failed to convert from type [java.lang.String] to type [@io.swagger.annotations.ApiParam @org.springframework.web.bind.annotation.RequestParam @org.springframework.format.annotation.DateTimeFormat java.util.Date] for value &apos;2053-04-13T04:60:34&apos;; nested exception is org.joda.time.IllegalFieldValueException: Cannot parse &quot;2053-04-13T04:60:34&quot;: Value 60 for minuteOfHour must be in the range [0,59]&#10;" type="java.lang.AssertionError">java.lang.AssertionError: 
1 expectation failed.
JSON path 'message' doesn't match.
Expected: a string containing "Failed to convert value of type 'java.lang.String' to required type 'java.util.Date'; nested exception is org.springframework.core.convert.ConversionFailedException: Failed to convert from type [java.lang.String] to type [@io.swagger.annotations.ApiParam @org.springframework.web.bind.annotation.RequestParam @org.springframework.format.annotation.DateTimeFormat java.util.Date] for value '2053-04-13T04:60:34'; nested exception is java.lang.IllegalArgumentException: Parse attempt failed for value [2053-04-13T04:60:34]"
  Actual: Failed to convert value of type 'java.lang.String' to required type 'java.util.Date'; nested exception is org.springframework.core.convert.ConversionFailedException: Failed to convert from type [java.lang.String] to type [@io.swagger.annotations.ApiParam @org.springframework.web.bind.annotation.RequestParam @org.springframework.format.annotation.DateTimeFormat java.util.Date] for value '2053-04-13T04:60:34'; nested exception is org.joda.time.IllegalFieldValueException: Cannot parse "2053-04-13T04:60:34": Value 60 for minuteOfHour must be in the range [0,59]

	at org.zalando.catwatch.backend.seed01_EvoMaster_others_Test.test_9(seed01_EvoMaster_others_Test.java:373)
</failure>
    <system-out><![CDATA[14:03:36.339 [http-nio-auto-35-exec-9] WARN  o.s.w.s.m.s.DefaultHandlerExceptionResolver - Failed to bind request element: org.springframework.web.method.annotation.MethodArgumentTypeMismatchException: Failed to convert value of type 'java.lang.String' to required type 'java.util.Date'; nested exception is org.springframework.core.convert.ConversionFailedException: Failed to convert from type [java.lang.String] to type [@io.swagger.annotations.ApiParam @org.springframework.web.bind.annotation.RequestParam @org.springframework.format.annotation.DateTimeFormat java.util.Date] for value '2053-04-13T04:60:34'; nested exception is org.joda.time.IllegalFieldValueException: Cannot parse "2053-04-13T04:60:34": Value 60 for minuteOfHour must be in the range [0,59]
Request method:	GET
Request URI:	http://localhost:42449/projects?organizations=Hh1&offset=695&start_date=1999-05-14T22%3A57%3A06&end_date=2053-04-13T04%3A60%3A34&sortBy=_EM_785_XYZ_&language=6uTnw
Proxy:			<none>
Request params:	<none>
Query params:	<none>
Form params:	<none>
Path params:	<none>
Headers:		Accept=application/json
				x-EMextraHeader123=a3N9XaT44EAzL2
Cookies:		<none>
Multiparts:		<none>
Body:			<none>

HTTP/1.1 400 
X-Content-Type-Options: nosniff
X-XSS-Protection: 1; mode=block
Cache-Control: no-cache, no-store, max-age=0, must-revalidate
Pragma: no-cache
Expires: 0
X-Frame-Options: DENY
Access-Control-Allow-Origin: *
Access-Control-Allow-Methods: POST, GET, OPTIONS, DELETE
Access-Control-Max-Age: 3600
Access-Control-Allow-Headers: x-requested-with
X-Application-Context: application:0
Content-Type: application/json;charset=UTF-8
Transfer-Encoding: chunked
Date: Mon, 07 Apr 2025 17:03:35 GMT
Connection: close

{
    "timestamp": 1744045416340,
    "status": 400,
    "error": "Bad Request",
    "exception": "org.springframework.web.method.annotation.MethodArgumentTypeMismatchException",
    "message": "Failed to convert value of type 'java.lang.String' to required type 'java.util.Date'; nested exception is org.springframework.core.convert.ConversionFailedException: Failed to convert from type [java.lang.String] to type [@io.swagger.annotations.ApiParam @org.springframework.web.bind.annotation.RequestParam @org.springframework.format.annotation.DateTimeFormat java.util.Date] for value '2053-04-13T04:60:34'; nested exception is org.joda.time.IllegalFieldValueException: Cannot parse \"2053-04-13T04:60:34\": Value 60 for minuteOfHour must be in the range [0,59]",
    "path": "/projects"
}
]]></system-out>
  </testcase>
  <testcase name="test_9" classname="org.zalando.catwatch.backend.seed01_EvoMaster_others_Test" time="0.066"/>
  <testcase name="test_10" classname="org.zalando.catwatch.backend.seed01_EvoMaster_others_Test" time="0.339"/>
  <testcase name="test_11" classname="org.zalando.catwatch.backend.seed01_EvoMaster_others_Test" time="0.027"/>
  <testcase name="test_16" classname="org.zalando.catwatch.backend.seed01_EvoMaster_others_Test" time="0.012"/>
  <testcase name="test_12" classname="org.zalando.catwatch.backend.seed01_EvoMaster_others_Test" time="0.012"/>
  <testcase name="test_15" classname="org.zalando.catwatch.backend.seed01_EvoMaster_others_Test" time="0.013"/>
  <testcase name="test_13" classname="org.zalando.catwatch.backend.seed01_EvoMaster_others_Test" time="0.014"/>
  <testcase name="test_14" classname="org.zalando.catwatch.backend.seed01_EvoMaster_others_Test" time="0.014"/>
  <testcase name="test_17" classname="org.zalando.catwatch.backend.seed01_EvoMaster_others_Test" time="0.033"/>
  <testcase name="test_18" classname="org.zalando.catwatch.backend.seed01_EvoMaster_others_Test" time="0.026"/>
  <testcase name="test_19" classname="org.zalando.catwatch.backend.seed01_EvoMaster_others_Test" time="0.362">
    <failure message="1 expectation failed.&#10;JSON path &apos;error_description&apos; doesn&apos;t match.&#10;Expected: a string containing &quot;Unable to obtain a new access token for resource &apos;null&apos;. The provider manager is not configured to support it.&quot;&#10;  Actual: Unable to obtain a new access token for resource &amp;#39;null&amp;#39;. The provider manager is not configured to support it.&#10;" type="java.lang.AssertionError"><![CDATA[java.lang.AssertionError: 
1 expectation failed.
JSON path 'error_description' doesn't match.
Expected: a string containing "Unable to obtain a new access token for resource 'null'. The provider manager is not configured to support it."
  Actual: Unable to obtain a new access token for resource &#39;null&#39;. The provider manager is not configured to support it.

	at org.zalando.catwatch.backend.seed01_EvoMaster_others_Test.test_19(seed01_EvoMaster_others_Test.java:603)
]]></failure>
    <system-out><![CDATA[14:03:36.886 [http-nio-auto-35-exec-9] INFO  o.z.s.o.s.s.TokenInfoResourceServerTokenServices - Getting token info from: https://info.services.auth.zalando.com/oauth2/tokeninfo
Request method:	GET
Request URI:	http://localhost:42449/export?access_token=_EM_812_XYZ_
Proxy:			<none>
Request params:	<none>
Query params:	<none>
Form params:	<none>
Path params:	<none>
Headers:		Accept=application/json;charset=utf-8
				x-EMextraHeader123=_EM_25_XYZ_
Cookies:		<none>
Multiparts:		<none>
Body:			<none>

HTTP/1.1 403 
X-Content-Type-Options: nosniff
X-XSS-Protection: 1; mode=block
Cache-Control: no-cache, no-store, max-age=0, must-revalidate
Pragma: no-cache
Expires: 0
X-Frame-Options: DENY
Cache-Control: no-store
Pragma: no-cache
WWW-Authenticate: Bearer realm="oauth2-resource"
Content-Type: application/json;charset=UTF-8
Transfer-Encoding: chunked
Date: Mon, 07 Apr 2025 17:03:37 GMT

{
    "error": "access_denied",
    "error_description": "Unable to obtain a new access token for resource &#39;null&#39;. The provider manager is not configured to support it."
}
]]></system-out>
  </testcase>
  <testcase name="test_19" classname="org.zalando.catwatch.backend.seed01_EvoMaster_others_Test" time="0.362"/>
  <testcase name="test_20" classname="org.zalando.catwatch.backend.seed01_EvoMaster_others_Test" time="0.312">
    <failure message="1 expectation failed.&#10;JSON path &apos;error_description&apos; doesn&apos;t match.&#10;Expected: a string containing &quot;Unable to obtain a new access token for resource &apos;null&apos;. The provider manager is not configured to support it.&quot;&#10;  Actual: Unable to obtain a new access token for resource &amp;#39;null&amp;#39;. The provider manager is not configured to support it.&#10;" type="java.lang.AssertionError"><![CDATA[java.lang.AssertionError: 
1 expectation failed.
JSON path 'error_description' doesn't match.
Expected: a string containing "Unable to obtain a new access token for resource 'null'. The provider manager is not configured to support it."
  Actual: Unable to obtain a new access token for resource &#39;null&#39;. The provider manager is not configured to support it.

	at org.zalando.catwatch.backend.seed01_EvoMaster_others_Test.test_20(seed01_EvoMaster_others_Test.java:643)
]]></failure>
    <system-out><![CDATA[14:03:37.259 [http-nio-auto-35-exec-10] INFO  o.z.s.o.s.s.TokenInfoResourceServerTokenServices - Getting token info from: https://info.services.auth.zalando.com/oauth2/tokeninfo
Request method:	GET
Request URI:	http://localhost:42449/projects?offset=942&sortBy=_EM_673_XYZ_&q=_nnX1va2eHqaFS&language=v&access_token=_EM_675_XYZ_
Proxy:			<none>
Request params:	<none>
Query params:	<none>
Form params:	<none>
Path params:	<none>
Headers:		Accept=application/json
				x-EMextraHeader123=_EM_38_XYZ_
Cookies:		<none>
Multiparts:		<none>
Body:			<none>

HTTP/1.1 403 
X-Content-Type-Options: nosniff
X-XSS-Protection: 1; mode=block
Cache-Control: no-cache, no-store, max-age=0, must-revalidate
Pragma: no-cache
Expires: 0
X-Frame-Options: DENY
Cache-Control: no-store
Pragma: no-cache
WWW-Authenticate: Bearer realm="oauth2-resource"
Content-Type: application/json;charset=UTF-8
Transfer-Encoding: chunked
Date: Mon, 07 Apr 2025 17:03:37 GMT

{
    "error": "access_denied",
    "error_description": "Unable to obtain a new access token for resource &#39;null&#39;. The provider manager is not configured to support it."
}
]]></system-out>
  </testcase>
  <testcase name="test_20" classname="org.zalando.catwatch.backend.seed01_EvoMaster_others_Test" time="0.312"/>
  <testcase name="test_21" classname="org.zalando.catwatch.backend.seed01_EvoMaster_others_Test" time="0.023"/>
  <testcase name="test_22" classname="org.zalando.catwatch.backend.seed01_EvoMaster_others_Test" time="0.07"/>
  <testcase name="test_23" classname="org.zalando.catwatch.backend.seed01_EvoMaster_others_Test" time="0.017"/>
  <testcase name="test_24" classname="org.zalando.catwatch.backend.seed01_EvoMaster_others_Test" time="0.301">
    <failure message="1 expectation failed.&#10;JSON path &apos;error_description&apos; doesn&apos;t match.&#10;Expected: a string containing &quot;Unable to obtain a new access token for resource &apos;null&apos;. The provider manager is not configured to support it.&quot;&#10;  Actual: Unable to obtain a new access token for resource &amp;#39;null&amp;#39;. The provider manager is not configured to support it.&#10;" type="java.lang.AssertionError"><![CDATA[java.lang.AssertionError: 
1 expectation failed.
JSON path 'error_description' doesn't match.
Expected: a string containing "Unable to obtain a new access token for resource 'null'. The provider manager is not configured to support it."
  Actual: Unable to obtain a new access token for resource &#39;null&#39;. The provider manager is not configured to support it.

	at org.zalando.catwatch.backend.seed01_EvoMaster_others_Test.test_24(seed01_EvoMaster_others_Test.java:868)
]]></failure>
    <system-out><![CDATA[14:03:37.670 [http-nio-auto-35-exec-4] INFO  o.z.s.o.s.s.TokenInfoResourceServerTokenServices - Getting token info from: https://info.services.auth.zalando.com/oauth2/tokeninfo
Request method:	GET
Request URI:	http://localhost:42449/languages?organizations=_EM_579_XYZ_&access_token=_EM_581_XYZ_
Proxy:			<none>
Request params:	<none>
Query params:	<none>
Form params:	<none>
Path params:	<none>
Headers:		Accept=application/json
				x-EMextraHeader123=
Cookies:		<none>
Multiparts:		<none>
Body:			<none>

HTTP/1.1 403 
X-Content-Type-Options: nosniff
X-XSS-Protection: 1; mode=block
Cache-Control: no-cache, no-store, max-age=0, must-revalidate
Pragma: no-cache
Expires: 0
X-Frame-Options: DENY
Cache-Control: no-store
Pragma: no-cache
WWW-Authenticate: Bearer realm="oauth2-resource"
Content-Type: application/json;charset=UTF-8
Transfer-Encoding: chunked
Date: Mon, 07 Apr 2025 17:03:37 GMT

{
    "error": "access_denied",
    "error_description": "Unable to obtain a new access token for resource &#39;null&#39;. The provider manager is not configured to support it."
}
]]></system-out>
  </testcase>
  <testcase name="test_24" classname="org.zalando.catwatch.backend.seed01_EvoMaster_others_Test" time="0.301"/>
  <testcase name="test_25" classname="org.zalando.catwatch.backend.seed01_EvoMaster_others_Test" time="0.306">
    <failure message="1 expectation failed.&#10;JSON path &apos;error_description&apos; doesn&apos;t match.&#10;Expected: a string containing &quot;Unable to obtain a new access token for resource &apos;null&apos;. The provider manager is not configured to support it.&quot;&#10;  Actual: Unable to obtain a new access token for resource &amp;#39;null&amp;#39;. The provider manager is not configured to support it.&#10;" type="java.lang.AssertionError"><![CDATA[java.lang.AssertionError: 
1 expectation failed.
JSON path 'error_description' doesn't match.
Expected: a string containing "Unable to obtain a new access token for resource 'null'. The provider manager is not configured to support it."
  Actual: Unable to obtain a new access token for resource &#39;null&#39;. The provider manager is not configured to support it.

	at org.zalando.catwatch.backend.seed01_EvoMaster_others_Test.test_25(seed01_EvoMaster_others_Test.java:884)
]]></failure>
    <system-out><![CDATA[14:03:37.970 [http-nio-auto-35-exec-5] INFO  o.z.s.o.s.s.TokenInfoResourceServerTokenServices - Getting token info from: https://info.services.auth.zalando.com/oauth2/tokeninfo
Request method:	GET
Request URI:	http://localhost:42449/statistics/projects?access_token=_EM_248_XYZ_
Proxy:			<none>
Request params:	<none>
Query params:	<none>
Form params:	<none>
Path params:	<none>
Headers:		Accept=application/json
				x-EMextraHeader123=
Cookies:		<none>
Multiparts:		<none>
Body:			<none>

HTTP/1.1 403 
X-Content-Type-Options: nosniff
X-XSS-Protection: 1; mode=block
Cache-Control: no-cache, no-store, max-age=0, must-revalidate
Pragma: no-cache
Expires: 0
X-Frame-Options: DENY
Cache-Control: no-store
Pragma: no-cache
WWW-Authenticate: Bearer realm="oauth2-resource"
Content-Type: application/json;charset=UTF-8
Transfer-Encoding: chunked
Date: Mon, 07 Apr 2025 17:03:38 GMT

{
    "error": "access_denied",
    "error_description": "Unable to obtain a new access token for resource &#39;null&#39;. The provider manager is not configured to support it."
}
]]></system-out>
  </testcase>
  <testcase name="test_25" classname="org.zalando.catwatch.backend.seed01_EvoMaster_others_Test" time="0.306"/>
  <testcase name="test_26" classname="org.zalando.catwatch.backend.seed01_EvoMaster_others_Test" time="0.312">
    <failure message="1 expectation failed.&#10;JSON path &apos;error_description&apos; doesn&apos;t match.&#10;Expected: a string containing &quot;Unable to obtain a new access token for resource &apos;null&apos;. The provider manager is not configured to support it.&quot;&#10;  Actual: Unable to obtain a new access token for resource &amp;#39;null&amp;#39;. The provider manager is not configured to support it.&#10;" type="java.lang.AssertionError"><![CDATA[java.lang.AssertionError: 
1 expectation failed.
JSON path 'error_description' doesn't match.
Expected: a string containing "Unable to obtain a new access token for resource 'null'. The provider manager is not configured to support it."
  Actual: Unable to obtain a new access token for resource &#39;null&#39;. The provider manager is not configured to support it.

	at org.zalando.catwatch.backend.seed01_EvoMaster_others_Test.test_26(seed01_EvoMaster_others_Test.java:904)
]]></failure>
    <system-out><![CDATA[14:03:38.277 [http-nio-auto-35-exec-6] INFO  o.z.s.o.s.s.TokenInfoResourceServerTokenServices - Getting token info from: https://info.services.auth.zalando.com/oauth2/tokeninfo
Request method:	GET
Request URI:	http://localhost:42449/statistics/contributors?organizations=_EM_0_XYZ_&start_date=xUEXkh2vb9&EMextraParam123=_EM_2_XYZ_&access_token=m
Proxy:			<none>
Request params:	<none>
Query params:	<none>
Form params:	<none>
Path params:	<none>
Headers:		Accept=application/json
				x-EMextraHeader123=_EM_3_XYZ_
Cookies:		<none>
Multiparts:		<none>
Body:			<none>

HTTP/1.1 403 
X-Content-Type-Options: nosniff
X-XSS-Protection: 1; mode=block
Cache-Control: no-cache, no-store, max-age=0, must-revalidate
Pragma: no-cache
Expires: 0
X-Frame-Options: DENY
Cache-Control: no-store
Pragma: no-cache
WWW-Authenticate: Bearer realm="oauth2-resource"
Content-Type: application/json;charset=UTF-8
Transfer-Encoding: chunked
Date: Mon, 07 Apr 2025 17:03:38 GMT

{
    "error": "access_denied",
    "error_description": "Unable to obtain a new access token for resource &#39;null&#39;. The provider manager is not configured to support it."
}
]]></system-out>
  </testcase>
  <testcase name="test_26" classname="org.zalando.catwatch.backend.seed01_EvoMaster_others_Test" time="0.312"/>
  <testcase name="test_27" classname="org.zalando.catwatch.backend.seed01_EvoMaster_others_Test" time="0.308">
    <failure message="1 expectation failed.&#10;JSON path &apos;error_description&apos; doesn&apos;t match.&#10;Expected: a string containing &quot;Unable to obtain a new access token for resource &apos;null&apos;. The provider manager is not configured to support it.&quot;&#10;  Actual: Unable to obtain a new access token for resource &amp;#39;null&amp;#39;. The provider manager is not configured to support it.&#10;" type="java.lang.AssertionError"><![CDATA[java.lang.AssertionError: 
1 expectation failed.
JSON path 'error_description' doesn't match.
Expected: a string containing "Unable to obtain a new access token for resource 'null'. The provider manager is not configured to support it."
  Actual: Unable to obtain a new access token for resource &#39;null&#39;. The provider manager is not configured to support it.

	at org.zalando.catwatch.backend.seed01_EvoMaster_others_Test.test_27(seed01_EvoMaster_others_Test.java:920)
]]></failure>
    <system-out><![CDATA[14:03:38.586 [http-nio-auto-35-exec-7] INFO  o.z.s.o.s.s.TokenInfoResourceServerTokenServices - Getting token info from: https://info.services.auth.zalando.com/oauth2/tokeninfo
Request method:	GET
Request URI:	http://localhost:42449/init?access_token=HOvNkmxD
Proxy:			<none>
Request params:	<none>
Query params:	<none>
Form params:	<none>
Path params:	<none>
Headers:		Accept=application/json;charset=utf-8
				x-EMextraHeader123=_EM_240_XYZ_
Cookies:		<none>
Multiparts:		<none>
Body:			<none>

HTTP/1.1 403 
X-Content-Type-Options: nosniff
X-XSS-Protection: 1; mode=block
Cache-Control: no-cache, no-store, max-age=0, must-revalidate
Pragma: no-cache
Expires: 0
X-Frame-Options: DENY
Cache-Control: no-store
Pragma: no-cache
WWW-Authenticate: Bearer realm="oauth2-resource"
Content-Type: application/json;charset=UTF-8
Transfer-Encoding: chunked
Date: Mon, 07 Apr 2025 17:03:38 GMT

{
    "error": "access_denied",
    "error_description": "Unable to obtain a new access token for resource &#39;null&#39;. The provider manager is not configured to support it."
}
]]></system-out>
  </testcase>
  <testcase name="test_27" classname="org.zalando.catwatch.backend.seed01_EvoMaster_others_Test" time="0.308"/>
  <testcase name="test_28" classname="org.zalando.catwatch.backend.seed01_EvoMaster_others_Test" time="0.305">
    <failure message="1 expectation failed.&#10;JSON path &apos;error_description&apos; doesn&apos;t match.&#10;Expected: a string containing &quot;Unable to obtain a new access token for resource &apos;null&apos;. The provider manager is not configured to support it.&quot;&#10;  Actual: Unable to obtain a new access token for resource &amp;#39;null&amp;#39;. The provider manager is not configured to support it.&#10;" type="java.lang.AssertionError"><![CDATA[java.lang.AssertionError: 
1 expectation failed.
JSON path 'error_description' doesn't match.
Expected: a string containing "Unable to obtain a new access token for resource 'null'. The provider manager is not configured to support it."
  Actual: Unable to obtain a new access token for resource &#39;null&#39;. The provider manager is not configured to support it.

	at org.zalando.catwatch.backend.seed01_EvoMaster_others_Test.test_28(seed01_EvoMaster_others_Test.java:936)
]]></failure>
    <system-out><![CDATA[14:03:38.898 [http-nio-auto-35-exec-8] INFO  o.z.s.o.s.s.TokenInfoResourceServerTokenServices - Getting token info from: https://info.services.auth.zalando.com/oauth2/tokeninfo
Request method:	GET
Request URI:	http://localhost:42449/fetch?access_token=nvrMI1D1
Proxy:			<none>
Request params:	<none>
Query params:	<none>
Form params:	<none>
Path params:	<none>
Headers:		Accept=application/json;charset=utf-8
				x-EMextraHeader123=
Cookies:		<none>
Multiparts:		<none>
Body:			<none>

HTTP/1.1 403 
X-Content-Type-Options: nosniff
X-XSS-Protection: 1; mode=block
Cache-Control: no-cache, no-store, max-age=0, must-revalidate
Pragma: no-cache
Expires: 0
X-Frame-Options: DENY
Cache-Control: no-store
Pragma: no-cache
WWW-Authenticate: Bearer realm="oauth2-resource"
Content-Type: application/json;charset=UTF-8
Transfer-Encoding: chunked
Date: Mon, 07 Apr 2025 17:03:38 GMT

{
    "error": "access_denied",
    "error_description": "Unable to obtain a new access token for resource &#39;null&#39;. The provider manager is not configured to support it."
}
]]></system-out>
  </testcase>
  <testcase name="test_28" classname="org.zalando.catwatch.backend.seed01_EvoMaster_others_Test" time="0.305"/>
  <testcase name="test_29" classname="org.zalando.catwatch.backend.seed01_EvoMaster_others_Test" time="0.306">
    <failure message="1 expectation failed.&#10;JSON path &apos;error_description&apos; doesn&apos;t match.&#10;Expected: a string containing &quot;Unable to obtain a new access token for resource &apos;null&apos;. The provider manager is not configured to support it.&quot;&#10;  Actual: Unable to obtain a new access token for resource &amp;#39;null&amp;#39;. The provider manager is not configured to support it.&#10;" type="java.lang.AssertionError"><![CDATA[java.lang.AssertionError: 
1 expectation failed.
JSON path 'error_description' doesn't match.
Expected: a string containing "Unable to obtain a new access token for resource 'null'. The provider manager is not configured to support it."
  Actual: Unable to obtain a new access token for resource &#39;null&#39;. The provider manager is not configured to support it.

	at org.zalando.catwatch.backend.seed01_EvoMaster_others_Test.test_29(seed01_EvoMaster_others_Test.java:961)
]]></failure>
    <system-out><![CDATA[14:03:39.206 [http-nio-auto-35-exec-9] INFO  o.z.s.o.s.s.TokenInfoResourceServerTokenServices - Getting token info from: https://info.services.auth.zalando.com/oauth2/tokeninfo
Request method:	GET
Request URI:	http://localhost:42449/contributors?organizations=glpe5JhUa&limit=290&offset=706&start_date=H9bk4&end_date=SmI&sortBy=uNuvHkREKM&q=k81LxlsJcs3&EMextraParam123=_EM_20_XYZ_&access_token=z1LyUs
Proxy:			<none>
Request params:	<none>
Query params:	<none>
Form params:	<none>
Path params:	<none>
Headers:		Accept=application/json
				x-EMextraHeader123=
Cookies:		<none>
Multiparts:		<none>
Body:			<none>

HTTP/1.1 403 
X-Content-Type-Options: nosniff
X-XSS-Protection: 1; mode=block
Cache-Control: no-cache, no-store, max-age=0, must-revalidate
Pragma: no-cache
Expires: 0
X-Frame-Options: DENY
Cache-Control: no-store
Pragma: no-cache
WWW-Authenticate: Bearer realm="oauth2-resource"
Content-Type: application/json;charset=UTF-8
Transfer-Encoding: chunked
Date: Mon, 07 Apr 2025 17:03:39 GMT

{
    "error": "access_denied",
    "error_description": "Unable to obtain a new access token for resource &#39;null&#39;. The provider manager is not configured to support it."
}
]]></system-out>
  </testcase>
  <testcase name="test_29" classname="org.zalando.catwatch.backend.seed01_EvoMaster_others_Test" time="0.306"/>
  <testcase name="test_30" classname="org.zalando.catwatch.backend.seed01_EvoMaster_others_Test" time="0.306">
    <failure message="1 expectation failed.&#10;JSON path &apos;error_description&apos; doesn&apos;t match.&#10;Expected: a string containing &quot;Unable to obtain a new access token for resource &apos;null&apos;. The provider manager is not configured to support it.&quot;&#10;  Actual: Unable to obtain a new access token for resource &amp;#39;null&amp;#39;. The provider manager is not configured to support it.&#10;" type="java.lang.AssertionError"><![CDATA[java.lang.AssertionError: 
1 expectation failed.
JSON path 'error_description' doesn't match.
Expected: a string containing "Unable to obtain a new access token for resource 'null'. The provider manager is not configured to support it."
  Actual: Unable to obtain a new access token for resource &#39;null&#39;. The provider manager is not configured to support it.

	at org.zalando.catwatch.backend.seed01_EvoMaster_others_Test.test_30(seed01_EvoMaster_others_Test.java:979)
]]></failure>
    <system-out><![CDATA[14:03:39.508 [http-nio-auto-35-exec-10] INFO  o.z.s.o.s.s.TokenInfoResourceServerTokenServices - Getting token info from: https://info.services.auth.zalando.com/oauth2/tokeninfo
Request method:	GET
Request URI:	http://localhost:42449/statistics?EMextraParam123=_EM_41_XYZ_&access_token=YIzCbG_L
Proxy:			<none>
Request params:	<none>
Query params:	<none>
Form params:	<none>
Path params:	<none>
Headers:		Accept=application/json
				x-EMextraHeader123=
Cookies:		<none>
Multiparts:		<none>
Body:			<none>

HTTP/1.1 403 
X-Content-Type-Options: nosniff
X-XSS-Protection: 1; mode=block
Cache-Control: no-cache, no-store, max-age=0, must-revalidate
Pragma: no-cache
Expires: 0
X-Frame-Options: DENY
Cache-Control: no-store
Pragma: no-cache
WWW-Authenticate: Bearer realm="oauth2-resource"
Content-Type: application/json;charset=UTF-8
Transfer-Encoding: chunked
Date: Mon, 07 Apr 2025 17:03:39 GMT

{
    "error": "access_denied",
    "error_description": "Unable to obtain a new access token for resource &#39;null&#39;. The provider manager is not configured to support it."
}
]]></system-out>
  </testcase>
  <testcase name="test_30" classname="org.zalando.catwatch.backend.seed01_EvoMaster_others_Test" time="0.306"/>
  <testcase name="test_31" classname="org.zalando.catwatch.backend.seed01_EvoMaster_others_Test" time="0.31">
    <failure message="1 expectation failed.&#10;JSON path &apos;error_description&apos; doesn&apos;t match.&#10;Expected: a string containing &quot;Unable to obtain a new access token for resource &apos;null&apos;. The provider manager is not configured to support it.&quot;&#10;  Actual: Unable to obtain a new access token for resource &amp;#39;null&amp;#39;. The provider manager is not configured to support it.&#10;" type="java.lang.AssertionError"><![CDATA[java.lang.AssertionError: 
1 expectation failed.
JSON path 'error_description' doesn't match.
Expected: a string containing "Unable to obtain a new access token for resource 'null'. The provider manager is not configured to support it."
  Actual: Unable to obtain a new access token for resource &#39;null&#39;. The provider manager is not configured to support it.

	at org.zalando.catwatch.backend.seed01_EvoMaster_others_Test.test_31(seed01_EvoMaster_others_Test.java:995)
]]></failure>
    <system-out><![CDATA[14:03:39.811 [http-nio-auto-35-exec-1] INFO  o.z.s.o.s.s.TokenInfoResourceServerTokenServices - Getting token info from: https://info.services.auth.zalando.com/oauth2/tokeninfo
Request method:	GET
Request URI:	http://localhost:42449/delete?access_token=rRZM0umMw9
Proxy:			<none>
Request params:	<none>
Query params:	<none>
Form params:	<none>
Path params:	<none>
Headers:		Accept=application/json;charset=utf-8
				x-EMextraHeader123=_EM_23_XYZ_
Cookies:		<none>
Multiparts:		<none>
Body:			<none>

HTTP/1.1 403 
X-Content-Type-Options: nosniff
X-XSS-Protection: 1; mode=block
Cache-Control: no-cache, no-store, max-age=0, must-revalidate
Pragma: no-cache
Expires: 0
X-Frame-Options: DENY
Cache-Control: no-store
Pragma: no-cache
WWW-Authenticate: Bearer realm="oauth2-resource"
Content-Type: application/json;charset=UTF-8
Transfer-Encoding: chunked
Date: Mon, 07 Apr 2025 17:03:39 GMT

{
    "error": "access_denied",
    "error_description": "Unable to obtain a new access token for resource &#39;null&#39;. The provider manager is not configured to support it."
}
]]></system-out>
  </testcase>
  <testcase name="test_31" classname="org.zalando.catwatch.backend.seed01_EvoMaster_others_Test" time="0.31"/>
  <testcase name="test_32" classname="org.zalando.catwatch.backend.seed01_EvoMaster_others_Test" time="0.409">
    <failure message="1 expectation failed.&#10;JSON path &apos;error_description&apos; doesn&apos;t match.&#10;Expected: a string containing &quot;Unable to obtain a new access token for resource &apos;null&apos;. The provider manager is not configured to support it.&quot;&#10;  Actual: Unable to obtain a new access token for resource &amp;#39;null&amp;#39;. The provider manager is not configured to support it.&#10;" type="java.lang.AssertionError"><![CDATA[java.lang.AssertionError: 
1 expectation failed.
JSON path 'error_description' doesn't match.
Expected: a string containing "Unable to obtain a new access token for resource 'null'. The provider manager is not configured to support it."
  Actual: Unable to obtain a new access token for resource &#39;null&#39;. The provider manager is not configured to support it.

	at org.zalando.catwatch.backend.seed01_EvoMaster_others_Test.test_32(seed01_EvoMaster_others_Test.java:1016)
]]></failure>
    <system-out><![CDATA[14:03:40.176 [http-nio-auto-35-exec-5] INFO  o.z.s.o.s.s.TokenInfoResourceServerTokenServices - Getting token info from: https://info.services.auth.zalando.com/oauth2/tokeninfo
Request method:	GET
Request URI:	http://localhost:42449/statistics/languages?organizations=l87&start_date=_EM_4_XYZ_&end_date=_EM_5_XYZ_&EMextraParam123=_EM_6_XYZ_&access_token=SQccnpemvpBFc6Sf
Proxy:			<none>
Request params:	<none>
Query params:	<none>
Form params:	<none>
Path params:	<none>
Headers:		Accept=application/json
				x-EMextraHeader123=
Cookies:		<none>
Multiparts:		<none>
Body:			<none>

HTTP/1.1 403 
X-Content-Type-Options: nosniff
X-XSS-Protection: 1; mode=block
Cache-Control: no-cache, no-store, max-age=0, must-revalidate
Pragma: no-cache
Expires: 0
X-Frame-Options: DENY
Cache-Control: no-store
Pragma: no-cache
WWW-Authenticate: Bearer realm="oauth2-resource"
Content-Type: application/json;charset=UTF-8
Transfer-Encoding: chunked
Date: Mon, 07 Apr 2025 17:03:40 GMT

{
    "error": "access_denied",
    "error_description": "Unable to obtain a new access token for resource &#39;null&#39;. The provider manager is not configured to support it."
}
]]></system-out>
  </testcase>
  <testcase name="test_32" classname="org.zalando.catwatch.backend.seed01_EvoMaster_others_Test" time="0.409"/>
  <testcase name="test_33" classname="org.zalando.catwatch.backend.seed01_EvoMaster_others_Test" time="0.305">
    <failure message="1 expectation failed.&#10;JSON path &apos;error_description&apos; doesn&apos;t match.&#10;Expected: a string containing &quot;Unable to obtain a new access token for resource &apos;null&apos;. The provider manager is not configured to support it.&quot;&#10;  Actual: Unable to obtain a new access token for resource &amp;#39;null&amp;#39;. The provider manager is not configured to support it.&#10;" type="java.lang.AssertionError"><![CDATA[java.lang.AssertionError: 
1 expectation failed.
JSON path 'error_description' doesn't match.
Expected: a string containing "Unable to obtain a new access token for resource 'null'. The provider manager is not configured to support it."
  Actual: Unable to obtain a new access token for resource &#39;null&#39;. The provider manager is not configured to support it.

	at org.zalando.catwatch.backend.seed01_EvoMaster_others_Test.test_33(seed01_EvoMaster_others_Test.java:1032)
]]></failure>
    <system-out><![CDATA[14:03:40.532 [http-nio-auto-35-exec-6] INFO  o.z.s.o.s.s.TokenInfoResourceServerTokenServices - Getting token info from: https://info.services.auth.zalando.com/oauth2/tokeninfo
Request method:	GET
Request URI:	http://localhost:42449/config?access_token=_EM_400_XYZ_
Proxy:			<none>
Request params:	<none>
Query params:	<none>
Form params:	<none>
Path params:	<none>
Headers:		Accept=application/json
				x-EMextraHeader123=
Cookies:		<none>
Multiparts:		<none>
Body:			<none>

HTTP/1.1 403 
X-Content-Type-Options: nosniff
X-XSS-Protection: 1; mode=block
Cache-Control: no-cache, no-store, max-age=0, must-revalidate
Pragma: no-cache
Expires: 0
X-Frame-Options: DENY
Cache-Control: no-store
Pragma: no-cache
WWW-Authenticate: Bearer realm="oauth2-resource"
Content-Type: application/json;charset=UTF-8
Transfer-Encoding: chunked
Date: Mon, 07 Apr 2025 17:03:40 GMT

{
    "error": "access_denied",
    "error_description": "Unable to obtain a new access token for resource &#39;null&#39;. The provider manager is not configured to support it."
}
]]></system-out>
  </testcase>
  <testcase name="test_33" classname="org.zalando.catwatch.backend.seed01_EvoMaster_others_Test" time="0.305"/>
</testsuite>