<?xml version="1.0" encoding="UTF-8"?>
<testsuite xmlns:xsi="http://www.w3.org/2001/XMLSchema-instance" xsi:noNamespaceSchemaLocation="https://maven.apache.org/surefire/maven-surefire-plugin/xsd/surefire-test-report.xsd" name="org.zalando.catwatch.backend.sonnet35_run01_ProjectTest" time="2.126" tests="18" errors="0" skipped="0" failures="0">
  <properties>
    <property name="sun.desktop" value="gnome"/>
    <property name="awt.toolkit" value="sun.awt.X11.XToolkit"/>
    <property name="file.encoding.pkg" value="sun.io"/>
    <property name="java.specification.version" value="1.8"/>
    <property name="sun.cpu.isalist" value=""/>
    <property name="sun.jnu.encoding" value="UTF-8"/>
    <property name="java.class.path" value="/media/rincon/63999417195/eclipse-workspace/EMB-master/jdk_8_maven/cs/rest/original/catwatch/catwatch-backend/target/test-classes:/media/rincon/63999417195/eclipse-workspace/EMB-master/jdk_8_maven/cs/rest/original/catwatch/catwatch-backend/target/classes:/home/rincon/.m2/repository/org/kohsuke/github-api/1.77/github-api-1.77.jar:/home/rincon/.m2/repository/commons-lang/commons-lang/2.6/commons-lang-2.6.jar:/home/rincon/.m2/repository/commons-codec/commons-codec/1.10/commons-codec-1.10.jar:/home/rincon/.m2/repository/com/fasterxml/jackson/core/jackson-databind/2.8.8/jackson-databind-2.8.8.jar:/home/rincon/.m2/repository/commons-io/commons-io/1.4/commons-io-1.4.jar:/home/rincon/.m2/repository/com/infradna/tool/bridge-method-annotation/1.14/bridge-method-annotation-1.14.jar:/home/rincon/.m2/repository/com/squareup/okhttp/okhttp/2.4.0/okhttp-2.4.0.jar:/home/rincon/.m2/repository/com/squareup/okio/okio/1.4.0/okio-1.4.0.jar:/home/rincon/.m2/repository/com/squareup/okhttp/okhttp-urlconnection/2.4.0/okhttp-urlconnection-2.4.0.jar:/home/rincon/.m2/repository/org/springframework/boot/spring-boot-starter-web/1.5.4.RELEASE/spring-boot-starter-web-1.5.4.RELEASE.jar:/home/rincon/.m2/repository/org/springframework/boot/spring-boot-starter/1.5.4.RELEASE/spring-boot-starter-1.5.4.RELEASE.jar:/home/rincon/.m2/repository/org/springframework/boot/spring-boot/1.5.4.RELEASE/spring-boot-1.5.4.RELEASE.jar:/home/rincon/.m2/repository/org/springframework/boot/spring-boot-autoconfigure/1.5.4.RELEASE/spring-boot-autoconfigure-1.5.4.RELEASE.jar:/home/rincon/.m2/repository/org/springframework/boot/spring-boot-starter-logging/1.5.4.RELEASE/spring-boot-starter-logging-1.5.4.RELEASE.jar:/home/rincon/.m2/repository/ch/qos/logback/logback-classic/1.1.11/logback-classic-1.1.11.jar:/home/rincon/.m2/repository/ch/qos/logback/logback-core/1.1.11/logback-core-1.1.11.jar:/home/rincon/.m2/repository/org/slf4j/jul-to-slf4j/1.7.25/jul-to-slf4j-1.7.25.jar:/home/rincon/.m2/repository/org/slf4j/log4j-over-slf4j/1.7.25/log4j-over-slf4j-1.7.25.jar:/home/rincon/.m2/repository/org/springframework/boot/spring-boot-starter-tomcat/1.5.4.RELEASE/spring-boot-starter-tomcat-1.5.4.RELEASE.jar:/home/rincon/.m2/repository/org/apache/tomcat/embed/tomcat-embed-core/8.5.15/tomcat-embed-core-8.5.15.jar:/home/rincon/.m2/repository/org/apache/tomcat/embed/tomcat-embed-el/8.5.15/tomcat-embed-el-8.5.15.jar:/home/rincon/.m2/repository/org/apache/tomcat/embed/tomcat-embed-websocket/8.5.15/tomcat-embed-websocket-8.5.15.jar:/home/rincon/.m2/repository/org/hibernate/hibernate-validator/5.3.5.Final/hibernate-validator-5.3.5.Final.jar:/home/rincon/.m2/repository/org/jboss/logging/jboss-logging/3.3.1.Final/jboss-logging-3.3.1.Final.jar:/home/rincon/.m2/repository/org/springframework/spring-web/4.3.9.RELEASE/spring-web-4.3.9.RELEASE.jar:/home/rincon/.m2/repository/org/springframework/spring-webmvc/4.3.9.RELEASE/spring-webmvc-4.3.9.RELEASE.jar:/home/rincon/.m2/repository/org/springframework/spring-expression/4.3.9.RELEASE/spring-expression-4.3.9.RELEASE.jar:/home/rincon/.m2/repository/org/springframework/retry/spring-retry/1.2.0.RELEASE/spring-retry-1.2.0.RELEASE.jar:/home/rincon/.m2/repository/org/springframework/spring-core/4.3.9.RELEASE/spring-core-4.3.9.RELEASE.jar:/home/rincon/.m2/repository/io/swagger/swagger-annotations/1.5.3/swagger-annotations-1.5.3.jar:/home/rincon/.m2/repository/com/fasterxml/jackson/core/jackson-annotations/2.8.0/jackson-annotations-2.8.0.jar:/home/rincon/.m2/repository/org/springframework/boot/spring-boot-starter-security/1.5.4.RELEASE/spring-boot-starter-security-1.5.4.RELEASE.jar:/home/rincon/.m2/repository/org/springframework/spring-aop/4.3.9.RELEASE/spring-aop-4.3.9.RELEASE.jar:/home/rincon/.m2/repository/org/springframework/security/spring-security-config/4.2.3.RELEASE/spring-security-config-4.2.3.RELEASE.jar:/home/rincon/.m2/repository/org/springframework/security/spring-security-core/4.2.3.RELEASE/spring-security-core-4.2.3.RELEASE.jar:/home/rincon/.m2/repository/org/springframework/security/spring-security-web/4.2.3.RELEASE/spring-security-web-4.2.3.RELEASE.jar:/home/rincon/.m2/repository/org/zalando/stups/stups-spring-oauth2-server/1.0.0/stups-spring-oauth2-server-1.0.0.jar:/home/rincon/.m2/repository/org/springframework/security/oauth/spring-security-oauth2/2.0.14.RELEASE/spring-security-oauth2-2.0.14.RELEASE.jar:/home/rincon/.m2/repository/org/codehaus/jackson/jackson-mapper-asl/1.9.13/jackson-mapper-asl-1.9.13.jar:/home/rincon/.m2/repository/org/codehaus/jackson/jackson-core-asl/1.9.13/jackson-core-asl-1.9.13.jar:/home/rincon/.m2/repository/org/slf4j/slf4j-api/1.7.25/slf4j-api-1.7.25.jar:/home/rincon/.m2/repository/org/springframework/boot/spring-boot-starter-data-jpa/1.5.4.RELEASE/spring-boot-starter-data-jpa-1.5.4.RELEASE.jar:/home/rincon/.m2/repository/org/springframework/boot/spring-boot-starter-aop/1.5.4.RELEASE/spring-boot-starter-aop-1.5.4.RELEASE.jar:/home/rincon/.m2/repository/org/aspectj/aspectjweaver/1.8.10/aspectjweaver-1.8.10.jar:/home/rincon/.m2/repository/org/springframework/boot/spring-boot-starter-jdbc/1.5.4.RELEASE/spring-boot-starter-jdbc-1.5.4.RELEASE.jar:/home/rincon/.m2/repository/org/apache/tomcat/tomcat-jdbc/8.5.15/tomcat-jdbc-8.5.15.jar:/home/rincon/.m2/repository/org/apache/tomcat/tomcat-juli/8.5.15/tomcat-juli-8.5.15.jar:/home/rincon/.m2/repository/org/springframework/spring-jdbc/4.3.9.RELEASE/spring-jdbc-4.3.9.RELEASE.jar:/home/rincon/.m2/repository/org/hibernate/hibernate-core/5.0.12.Final/hibernate-core-5.0.12.Final.jar:/home/rincon/.m2/repository/org/hibernate/javax/persistence/hibernate-jpa-2.1-api/1.0.0.Final/hibernate-jpa-2.1-api-1.0.0.Final.jar:/home/rincon/.m2/repository/org/javassist/javassist/3.21.0-GA/javassist-3.21.0-GA.jar:/home/rincon/.m2/repository/antlr/antlr/2.7.7/antlr-2.7.7.jar:/home/rincon/.m2/repository/org/jboss/jandex/2.0.0.Final/jandex-2.0.0.Final.jar:/home/rincon/.m2/repository/dom4j/dom4j/1.6.1/dom4j-1.6.1.jar:/home/rincon/.m2/repository/org/hibernate/common/hibernate-commons-annotations/5.0.1.Final/hibernate-commons-annotations-5.0.1.Final.jar:/home/rincon/.m2/repository/org/hibernate/hibernate-entitymanager/5.0.12.Final/hibernate-entitymanager-5.0.12.Final.jar:/home/rincon/.m2/repository/javax/transaction/javax.transaction-api/1.2/javax.transaction-api-1.2.jar:/home/rincon/.m2/repository/org/springframework/data/spring-data-jpa/1.11.4.RELEASE/spring-data-jpa-1.11.4.RELEASE.jar:/home/rincon/.m2/repository/org/springframework/data/spring-data-commons/1.13.4.RELEASE/spring-data-commons-1.13.4.RELEASE.jar:/home/rincon/.m2/repository/org/springframework/spring-orm/4.3.9.RELEASE/spring-orm-4.3.9.RELEASE.jar:/home/rincon/.m2/repository/org/springframework/spring-tx/4.3.9.RELEASE/spring-tx-4.3.9.RELEASE.jar:/home/rincon/.m2/repository/org/slf4j/jcl-over-slf4j/1.7.25/jcl-over-slf4j-1.7.25.jar:/home/rincon/.m2/repository/org/springframework/spring-aspects/4.3.9.RELEASE/spring-aspects-4.3.9.RELEASE.jar:/home/rincon/.m2/repository/com/mysema/querydsl/querydsl-jpa/3.6.5/querydsl-jpa-3.6.5.jar:/home/rincon/.m2/repository/com/mysema/querydsl/querydsl-core/3.6.5/querydsl-core-3.6.5.jar:/home/rincon/.m2/repository/com/mysema/commons/mysema-commons-lang/0.2.4/mysema-commons-lang-0.2.4.jar:/home/rincon/.m2/repository/org/flywaydb/flyway-core/3.2.1/flyway-core-3.2.1.jar:/home/rincon/.m2/repository/com/h2database/h2/1.4.195/h2-1.4.195.jar:/home/rincon/.m2/repository/org/postgresql/postgresql/9.4-1201-jdbc41/postgresql-9.4-1201-jdbc41.jar:/home/rincon/.m2/repository/org/springframework/boot/spring-boot-starter-actuator/1.5.4.RELEASE/spring-boot-starter-actuator-1.5.4.RELEASE.jar:/home/rincon/.m2/repository/org/springframework/boot/spring-boot-actuator/1.5.4.RELEASE/spring-boot-actuator-1.5.4.RELEASE.jar:/home/rincon/.m2/repository/com/google/guava/guava/19.0/guava-19.0.jar:/home/rincon/.m2/repository/commons-beanutils/commons-beanutils/1.9.2/commons-beanutils-1.9.2.jar:/home/rincon/.m2/repository/commons-logging/commons-logging/1.1.1/commons-logging-1.1.1.jar:/home/rincon/.m2/repository/commons-collections/commons-collections/3.2.2/commons-collections-3.2.2.jar:/home/rincon/.m2/repository/javax/mail/mail/1.4.7/mail-1.4.7.jar:/home/rincon/.m2/repository/javax/activation/activation/1.1/activation-1.1.jar:/home/rincon/.m2/repository/org/springframework/spring-context-support/4.3.9.RELEASE/spring-context-support-4.3.9.RELEASE.jar:/home/rincon/.m2/repository/org/springframework/spring-beans/4.3.9.RELEASE/spring-beans-4.3.9.RELEASE.jar:/home/rincon/.m2/repository/org/springframework/spring-context/4.3.9.RELEASE/spring-context-4.3.9.RELEASE.jar:/home/rincon/.m2/repository/org/springframework/boot/spring-boot-starter-test/1.5.4.RELEASE/spring-boot-starter-test-1.5.4.RELEASE.jar:/home/rincon/.m2/repository/org/springframework/boot/spring-boot-test/1.5.4.RELEASE/spring-boot-test-1.5.4.RELEASE.jar:/home/rincon/.m2/repository/org/springframework/boot/spring-boot-test-autoconfigure/1.5.4.RELEASE/spring-boot-test-autoconfigure-1.5.4.RELEASE.jar:/home/rincon/.m2/repository/org/assertj/assertj-core/2.6.0/assertj-core-2.6.0.jar:/home/rincon/.m2/repository/org/mockito/mockito-core/1.10.19/mockito-core-1.10.19.jar:/home/rincon/.m2/repository/org/objenesis/objenesis/2.1/objenesis-2.1.jar:/home/rincon/.m2/repository/org/hamcrest/hamcrest-core/1.3/hamcrest-core-1.3.jar:/home/rincon/.m2/repository/org/hamcrest/hamcrest-library/1.3/hamcrest-library-1.3.jar:/home/rincon/.m2/repository/org/skyscreamer/jsonassert/1.4.0/jsonassert-1.4.0.jar:/home/rincon/.m2/repository/com/vaadin/external/google/android-json/0.0.20131108.vaadin1/android-json-0.0.20131108.vaadin1.jar:/home/rincon/.m2/repository/org/springframework/spring-test/4.3.9.RELEASE/spring-test-4.3.9.RELEASE.jar:/home/rincon/.m2/repository/com/jayway/jsonpath/json-path/2.2.0/json-path-2.2.0.jar:/home/rincon/.m2/repository/net/minidev/json-smart/2.2.1/json-smart-2.2.1.jar:/home/rincon/.m2/repository/net/minidev/accessors-smart/1.1/accessors-smart-1.1.jar:/home/rincon/.m2/repository/org/ow2/asm/asm/5.0.3/asm-5.0.3.jar:/home/rincon/.m2/repository/org/subethamail/subethasmtp/3.1.7/subethasmtp-3.1.7.jar:/home/rincon/.m2/repository/com/google/code/findbugs/jsr305/1.3.9/jsr305-1.3.9.jar:/home/rincon/.m2/repository/com/fasterxml/jackson/dataformat/jackson-dataformat-yaml/2.8.8/jackson-dataformat-yaml-2.8.8.jar:/home/rincon/.m2/repository/com/fasterxml/jackson/core/jackson-core/2.8.8/jackson-core-2.8.8.jar:/home/rincon/.m2/repository/org/yaml/snakeyaml/1.17/snakeyaml-1.17.jar:/home/rincon/.m2/repository/io/springfox/springfox-spring-web/2.7.0/springfox-spring-web-2.7.0.jar:/home/rincon/.m2/repository/org/reflections/reflections/0.9.11/reflections-0.9.11.jar:/home/rincon/.m2/repository/com/fasterxml/classmate/1.3.3/classmate-1.3.3.jar:/home/rincon/.m2/repository/org/springframework/plugin/spring-plugin-core/1.2.0.RELEASE/spring-plugin-core-1.2.0.RELEASE.jar:/home/rincon/.m2/repository/org/springframework/plugin/spring-plugin-metadata/1.2.0.RELEASE/spring-plugin-metadata-1.2.0.RELEASE.jar:/home/rincon/.m2/repository/io/springfox/springfox-spi/2.7.0/springfox-spi-2.7.0.jar:/home/rincon/.m2/repository/io/springfox/springfox-core/2.7.0/springfox-core-2.7.0.jar:/home/rincon/.m2/repository/net/bytebuddy/byte-buddy/1.6.14/byte-buddy-1.6.14.jar:/home/rincon/.m2/repository/io/springfox/springfox-swagger2/2.7.0/springfox-swagger2-2.7.0.jar:/home/rincon/.m2/repository/io/swagger/swagger-models/1.5.13/swagger-models-1.5.13.jar:/home/rincon/.m2/repository/io/springfox/springfox-schema/2.7.0/springfox-schema-2.7.0.jar:/home/rincon/.m2/repository/io/springfox/springfox-swagger-common/2.7.0/springfox-swagger-common-2.7.0.jar:/home/rincon/.m2/repository/org/mapstruct/mapstruct/1.1.0.Final/mapstruct-1.1.0.Final.jar:/home/rincon/.m2/repository/io/rest-assured/rest-assured/4.3.0/rest-assured-4.3.0.jar:/home/rincon/.m2/repository/org/apache/httpcomponents/httpclient/4.5.3/httpclient-4.5.3.jar:/home/rincon/.m2/repository/org/apache/httpcomponents/httpcore/4.4.6/httpcore-4.4.6.jar:/home/rincon/.m2/repository/org/apache/httpcomponents/httpmime/4.5.3/httpmime-4.5.3.jar:/home/rincon/.m2/repository/org/hamcrest/hamcrest/2.1/hamcrest-2.1.jar:/home/rincon/.m2/repository/org/ccil/cowan/tagsoup/tagsoup/1.2.1/tagsoup-1.2.1.jar:/home/rincon/.m2/repository/io/rest-assured/xml-path/4.3.0/xml-path-4.3.0.jar:/home/rincon/.m2/repository/io/rest-assured/rest-assured-common/4.3.0/rest-assured-common-4.3.0.jar:/home/rincon/.m2/repository/org/apache/commons/commons-lang3/3.4/commons-lang3-3.4.jar:/home/rincon/.m2/repository/jakarta/xml/bind/jakarta.xml.bind-api/2.3.2/jakarta.xml.bind-api-2.3.2.jar:/home/rincon/.m2/repository/jakarta/activation/jakarta.activation-api/1.2.1/jakarta.activation-api-1.2.1.jar:/home/rincon/.m2/repository/com/sun/xml/bind/jaxb-osgi/2.3.0.1/jaxb-osgi-2.3.0.1.jar:/home/rincon/.m2/repository/org/apache/sling/org.apache.sling.javax.activation/0.1.0/org.apache.sling.javax.activation-0.1.0.jar:/home/rincon/.m2/repository/io/rest-assured/json-path/4.3.0/json-path-4.3.0.jar:/home/rincon/.m2/repository/org/codehaus/groovy/groovy-json/2.4.11/groovy-json-2.4.11.jar:/home/rincon/.m2/repository/io/rest-assured/json-schema-validator/4.3.0/json-schema-validator-4.3.0.jar:/home/rincon/.m2/repository/com/github/java-json-tools/json-schema-validator/2.2.10/json-schema-validator-2.2.10.jar:/home/rincon/.m2/repository/com/github/java-json-tools/json-schema-core/1.2.10/json-schema-core-1.2.10.jar:/home/rincon/.m2/repository/com/github/java-json-tools/jackson-coreutils/1.9/jackson-coreutils-1.9.jar:/home/rincon/.m2/repository/com/github/fge/msg-simple/1.1/msg-simple-1.1.jar:/home/rincon/.m2/repository/com/github/fge/btf/1.2/btf-1.2.jar:/home/rincon/.m2/repository/com/github/fge/uri-template/0.9/uri-template-0.9.jar:/home/rincon/.m2/repository/org/mozilla/rhino/1.7.7.1/rhino-1.7.7.1.jar:/home/rincon/.m2/repository/javax/mail/mailapi/1.4.3/mailapi-1.4.3.jar:/home/rincon/.m2/repository/joda-time/joda-time/2.9.9/joda-time-2.9.9.jar:/home/rincon/.m2/repository/com/googlecode/libphonenumber/libphonenumber/8.0.0/libphonenumber-8.0.0.jar:/home/rincon/.m2/repository/net/sf/jopt-simple/jopt-simple/5.0.3/jopt-simple-5.0.3.jar:/home/rincon/.m2/repository/com/google/code/gson/gson/2.8.9/gson-2.8.9.jar:/home/rincon/.m2/repository/org/codehaus/groovy/groovy/3.0.9/groovy-3.0.9.jar:/home/rincon/.m2/repository/org/codehaus/groovy/groovy-xml/3.0.9/groovy-xml-3.0.9.jar:/home/rincon/.m2/repository/org/evomaster/evomaster-client-java-controller-api/3.0.0/evomaster-client-java-controller-api-3.0.0.jar:/home/rincon/.m2/repository/org/evomaster/evomaster-client-java-sql-dto/3.0.0/evomaster-client-java-sql-dto-3.0.0.jar:/home/rincon/.m2/repository/org/evomaster/evomaster-client-java-controller/3.0.0/evomaster-client-java-controller-3.0.0.jar:/home/rincon/.m2/repository/javax/annotation/javax.annotation-api/1.2/javax.annotation-api-1.2.jar:/home/rincon/.m2/repository/javax/inject/javax.inject/1/javax.inject-1.jar:/home/rincon/.m2/repository/javax/validation/validation-api/1.1.0.Final/validation-api-1.1.0.Final.jar:/home/rincon/.m2/repository/javax/servlet/javax.servlet-api/3.1.0/javax.servlet-api-3.1.0.jar:/home/rincon/.m2/repository/javax/ws/rs/javax.ws.rs-api/2.1.1/javax.ws.rs-api-2.1.1.jar:/home/rincon/.m2/repository/junit/junit/4.4/junit-4.4.jar:"/>
    <property name="java.vm.vendor" value="Oracle Corporation"/>
    <property name="sun.arch.data.model" value="64"/>
    <property name="java.vendor.url" value="http://java.oracle.com/"/>
    <property name="user.timezone" value=""/>
    <property name="java.vm.specification.version" value="1.8"/>
    <property name="os.name" value="Linux"/>
    <property name="user.country" value="BR"/>
    <property name="sun.java.launcher" value="SUN_STANDARD"/>
    <property name="sun.boot.library.path" value="/home/rincon/apps/java/jdk-8/jre/lib/amd64"/>
    <property name="sun.java.command" value="/media/rincon/63999417195/eclipse-workspace/EMB-master/jdk_8_maven/cs/rest/original/catwatch/catwatch-backend/target/surefire/surefirebooter3929884320449459998.jar /media/rincon/63999417195/eclipse-workspace/EMB-master/jdk_8_maven/cs/rest/original/catwatch/catwatch-backend/target/surefire 2025-04-16T13-10-03_563-jvmRun1 surefire2446480464710355785tmp surefire_02992048163200224205tmp"/>
    <property name="surefire.test.class.path" value="/media/rincon/63999417195/eclipse-workspace/EMB-master/jdk_8_maven/cs/rest/original/catwatch/catwatch-backend/target/test-classes:/media/rincon/63999417195/eclipse-workspace/EMB-master/jdk_8_maven/cs/rest/original/catwatch/catwatch-backend/target/classes:/home/rincon/.m2/repository/org/kohsuke/github-api/1.77/github-api-1.77.jar:/home/rincon/.m2/repository/commons-lang/commons-lang/2.6/commons-lang-2.6.jar:/home/rincon/.m2/repository/commons-codec/commons-codec/1.10/commons-codec-1.10.jar:/home/rincon/.m2/repository/com/fasterxml/jackson/core/jackson-databind/2.8.8/jackson-databind-2.8.8.jar:/home/rincon/.m2/repository/commons-io/commons-io/1.4/commons-io-1.4.jar:/home/rincon/.m2/repository/com/infradna/tool/bridge-method-annotation/1.14/bridge-method-annotation-1.14.jar:/home/rincon/.m2/repository/com/squareup/okhttp/okhttp/2.4.0/okhttp-2.4.0.jar:/home/rincon/.m2/repository/com/squareup/okio/okio/1.4.0/okio-1.4.0.jar:/home/rincon/.m2/repository/com/squareup/okhttp/okhttp-urlconnection/2.4.0/okhttp-urlconnection-2.4.0.jar:/home/rincon/.m2/repository/org/springframework/boot/spring-boot-starter-web/1.5.4.RELEASE/spring-boot-starter-web-1.5.4.RELEASE.jar:/home/rincon/.m2/repository/org/springframework/boot/spring-boot-starter/1.5.4.RELEASE/spring-boot-starter-1.5.4.RELEASE.jar:/home/rincon/.m2/repository/org/springframework/boot/spring-boot/1.5.4.RELEASE/spring-boot-1.5.4.RELEASE.jar:/home/rincon/.m2/repository/org/springframework/boot/spring-boot-autoconfigure/1.5.4.RELEASE/spring-boot-autoconfigure-1.5.4.RELEASE.jar:/home/rincon/.m2/repository/org/springframework/boot/spring-boot-starter-logging/1.5.4.RELEASE/spring-boot-starter-logging-1.5.4.RELEASE.jar:/home/rincon/.m2/repository/ch/qos/logback/logback-classic/1.1.11/logback-classic-1.1.11.jar:/home/rincon/.m2/repository/ch/qos/logback/logback-core/1.1.11/logback-core-1.1.11.jar:/home/rincon/.m2/repository/org/slf4j/jul-to-slf4j/1.7.25/jul-to-slf4j-1.7.25.jar:/home/rincon/.m2/repository/org/slf4j/log4j-over-slf4j/1.7.25/log4j-over-slf4j-1.7.25.jar:/home/rincon/.m2/repository/org/springframework/boot/spring-boot-starter-tomcat/1.5.4.RELEASE/spring-boot-starter-tomcat-1.5.4.RELEASE.jar:/home/rincon/.m2/repository/org/apache/tomcat/embed/tomcat-embed-core/8.5.15/tomcat-embed-core-8.5.15.jar:/home/rincon/.m2/repository/org/apache/tomcat/embed/tomcat-embed-el/8.5.15/tomcat-embed-el-8.5.15.jar:/home/rincon/.m2/repository/org/apache/tomcat/embed/tomcat-embed-websocket/8.5.15/tomcat-embed-websocket-8.5.15.jar:/home/rincon/.m2/repository/org/hibernate/hibernate-validator/5.3.5.Final/hibernate-validator-5.3.5.Final.jar:/home/rincon/.m2/repository/org/jboss/logging/jboss-logging/3.3.1.Final/jboss-logging-3.3.1.Final.jar:/home/rincon/.m2/repository/org/springframework/spring-web/4.3.9.RELEASE/spring-web-4.3.9.RELEASE.jar:/home/rincon/.m2/repository/org/springframework/spring-webmvc/4.3.9.RELEASE/spring-webmvc-4.3.9.RELEASE.jar:/home/rincon/.m2/repository/org/springframework/spring-expression/4.3.9.RELEASE/spring-expression-4.3.9.RELEASE.jar:/home/rincon/.m2/repository/org/springframework/retry/spring-retry/1.2.0.RELEASE/spring-retry-1.2.0.RELEASE.jar:/home/rincon/.m2/repository/org/springframework/spring-core/4.3.9.RELEASE/spring-core-4.3.9.RELEASE.jar:/home/rincon/.m2/repository/io/swagger/swagger-annotations/1.5.3/swagger-annotations-1.5.3.jar:/home/rincon/.m2/repository/com/fasterxml/jackson/core/jackson-annotations/2.8.0/jackson-annotations-2.8.0.jar:/home/rincon/.m2/repository/org/springframework/boot/spring-boot-starter-security/1.5.4.RELEASE/spring-boot-starter-security-1.5.4.RELEASE.jar:/home/rincon/.m2/repository/org/springframework/spring-aop/4.3.9.RELEASE/spring-aop-4.3.9.RELEASE.jar:/home/rincon/.m2/repository/org/springframework/security/spring-security-config/4.2.3.RELEASE/spring-security-config-4.2.3.RELEASE.jar:/home/rincon/.m2/repository/org/springframework/security/spring-security-core/4.2.3.RELEASE/spring-security-core-4.2.3.RELEASE.jar:/home/rincon/.m2/repository/org/springframework/security/spring-security-web/4.2.3.RELEASE/spring-security-web-4.2.3.RELEASE.jar:/home/rincon/.m2/repository/org/zalando/stups/stups-spring-oauth2-server/1.0.0/stups-spring-oauth2-server-1.0.0.jar:/home/rincon/.m2/repository/org/springframework/security/oauth/spring-security-oauth2/2.0.14.RELEASE/spring-security-oauth2-2.0.14.RELEASE.jar:/home/rincon/.m2/repository/org/codehaus/jackson/jackson-mapper-asl/1.9.13/jackson-mapper-asl-1.9.13.jar:/home/rincon/.m2/repository/org/codehaus/jackson/jackson-core-asl/1.9.13/jackson-core-asl-1.9.13.jar:/home/rincon/.m2/repository/org/slf4j/slf4j-api/1.7.25/slf4j-api-1.7.25.jar:/home/rincon/.m2/repository/org/springframework/boot/spring-boot-starter-data-jpa/1.5.4.RELEASE/spring-boot-starter-data-jpa-1.5.4.RELEASE.jar:/home/rincon/.m2/repository/org/springframework/boot/spring-boot-starter-aop/1.5.4.RELEASE/spring-boot-starter-aop-1.5.4.RELEASE.jar:/home/rincon/.m2/repository/org/aspectj/aspectjweaver/1.8.10/aspectjweaver-1.8.10.jar:/home/rincon/.m2/repository/org/springframework/boot/spring-boot-starter-jdbc/1.5.4.RELEASE/spring-boot-starter-jdbc-1.5.4.RELEASE.jar:/home/rincon/.m2/repository/org/apache/tomcat/tomcat-jdbc/8.5.15/tomcat-jdbc-8.5.15.jar:/home/rincon/.m2/repository/org/apache/tomcat/tomcat-juli/8.5.15/tomcat-juli-8.5.15.jar:/home/rincon/.m2/repository/org/springframework/spring-jdbc/4.3.9.RELEASE/spring-jdbc-4.3.9.RELEASE.jar:/home/rincon/.m2/repository/org/hibernate/hibernate-core/5.0.12.Final/hibernate-core-5.0.12.Final.jar:/home/rincon/.m2/repository/org/hibernate/javax/persistence/hibernate-jpa-2.1-api/1.0.0.Final/hibernate-jpa-2.1-api-1.0.0.Final.jar:/home/rincon/.m2/repository/org/javassist/javassist/3.21.0-GA/javassist-3.21.0-GA.jar:/home/rincon/.m2/repository/antlr/antlr/2.7.7/antlr-2.7.7.jar:/home/rincon/.m2/repository/org/jboss/jandex/2.0.0.Final/jandex-2.0.0.Final.jar:/home/rincon/.m2/repository/dom4j/dom4j/1.6.1/dom4j-1.6.1.jar:/home/rincon/.m2/repository/org/hibernate/common/hibernate-commons-annotations/5.0.1.Final/hibernate-commons-annotations-5.0.1.Final.jar:/home/rincon/.m2/repository/org/hibernate/hibernate-entitymanager/5.0.12.Final/hibernate-entitymanager-5.0.12.Final.jar:/home/rincon/.m2/repository/javax/transaction/javax.transaction-api/1.2/javax.transaction-api-1.2.jar:/home/rincon/.m2/repository/org/springframework/data/spring-data-jpa/1.11.4.RELEASE/spring-data-jpa-1.11.4.RELEASE.jar:/home/rincon/.m2/repository/org/springframework/data/spring-data-commons/1.13.4.RELEASE/spring-data-commons-1.13.4.RELEASE.jar:/home/rincon/.m2/repository/org/springframework/spring-orm/4.3.9.RELEASE/spring-orm-4.3.9.RELEASE.jar:/home/rincon/.m2/repository/org/springframework/spring-tx/4.3.9.RELEASE/spring-tx-4.3.9.RELEASE.jar:/home/rincon/.m2/repository/org/slf4j/jcl-over-slf4j/1.7.25/jcl-over-slf4j-1.7.25.jar:/home/rincon/.m2/repository/org/springframework/spring-aspects/4.3.9.RELEASE/spring-aspects-4.3.9.RELEASE.jar:/home/rincon/.m2/repository/com/mysema/querydsl/querydsl-jpa/3.6.5/querydsl-jpa-3.6.5.jar:/home/rincon/.m2/repository/com/mysema/querydsl/querydsl-core/3.6.5/querydsl-core-3.6.5.jar:/home/rincon/.m2/repository/com/mysema/commons/mysema-commons-lang/0.2.4/mysema-commons-lang-0.2.4.jar:/home/rincon/.m2/repository/org/flywaydb/flyway-core/3.2.1/flyway-core-3.2.1.jar:/home/rincon/.m2/repository/com/h2database/h2/1.4.195/h2-1.4.195.jar:/home/rincon/.m2/repository/org/postgresql/postgresql/9.4-1201-jdbc41/postgresql-9.4-1201-jdbc41.jar:/home/rincon/.m2/repository/org/springframework/boot/spring-boot-starter-actuator/1.5.4.RELEASE/spring-boot-starter-actuator-1.5.4.RELEASE.jar:/home/rincon/.m2/repository/org/springframework/boot/spring-boot-actuator/1.5.4.RELEASE/spring-boot-actuator-1.5.4.RELEASE.jar:/home/rincon/.m2/repository/com/google/guava/guava/19.0/guava-19.0.jar:/home/rincon/.m2/repository/commons-beanutils/commons-beanutils/1.9.2/commons-beanutils-1.9.2.jar:/home/rincon/.m2/repository/commons-logging/commons-logging/1.1.1/commons-logging-1.1.1.jar:/home/rincon/.m2/repository/commons-collections/commons-collections/3.2.2/commons-collections-3.2.2.jar:/home/rincon/.m2/repository/javax/mail/mail/1.4.7/mail-1.4.7.jar:/home/rincon/.m2/repository/javax/activation/activation/1.1/activation-1.1.jar:/home/rincon/.m2/repository/org/springframework/spring-context-support/4.3.9.RELEASE/spring-context-support-4.3.9.RELEASE.jar:/home/rincon/.m2/repository/org/springframework/spring-beans/4.3.9.RELEASE/spring-beans-4.3.9.RELEASE.jar:/home/rincon/.m2/repository/org/springframework/spring-context/4.3.9.RELEASE/spring-context-4.3.9.RELEASE.jar:/home/rincon/.m2/repository/org/springframework/boot/spring-boot-starter-test/1.5.4.RELEASE/spring-boot-starter-test-1.5.4.RELEASE.jar:/home/rincon/.m2/repository/org/springframework/boot/spring-boot-test/1.5.4.RELEASE/spring-boot-test-1.5.4.RELEASE.jar:/home/rincon/.m2/repository/org/springframework/boot/spring-boot-test-autoconfigure/1.5.4.RELEASE/spring-boot-test-autoconfigure-1.5.4.RELEASE.jar:/home/rincon/.m2/repository/org/assertj/assertj-core/2.6.0/assertj-core-2.6.0.jar:/home/rincon/.m2/repository/org/mockito/mockito-core/1.10.19/mockito-core-1.10.19.jar:/home/rincon/.m2/repository/org/objenesis/objenesis/2.1/objenesis-2.1.jar:/home/rincon/.m2/repository/org/hamcrest/hamcrest-core/1.3/hamcrest-core-1.3.jar:/home/rincon/.m2/repository/org/hamcrest/hamcrest-library/1.3/hamcrest-library-1.3.jar:/home/rincon/.m2/repository/org/skyscreamer/jsonassert/1.4.0/jsonassert-1.4.0.jar:/home/rincon/.m2/repository/com/vaadin/external/google/android-json/0.0.20131108.vaadin1/android-json-0.0.20131108.vaadin1.jar:/home/rincon/.m2/repository/org/springframework/spring-test/4.3.9.RELEASE/spring-test-4.3.9.RELEASE.jar:/home/rincon/.m2/repository/com/jayway/jsonpath/json-path/2.2.0/json-path-2.2.0.jar:/home/rincon/.m2/repository/net/minidev/json-smart/2.2.1/json-smart-2.2.1.jar:/home/rincon/.m2/repository/net/minidev/accessors-smart/1.1/accessors-smart-1.1.jar:/home/rincon/.m2/repository/org/ow2/asm/asm/5.0.3/asm-5.0.3.jar:/home/rincon/.m2/repository/org/subethamail/subethasmtp/3.1.7/subethasmtp-3.1.7.jar:/home/rincon/.m2/repository/com/google/code/findbugs/jsr305/1.3.9/jsr305-1.3.9.jar:/home/rincon/.m2/repository/com/fasterxml/jackson/dataformat/jackson-dataformat-yaml/2.8.8/jackson-dataformat-yaml-2.8.8.jar:/home/rincon/.m2/repository/com/fasterxml/jackson/core/jackson-core/2.8.8/jackson-core-2.8.8.jar:/home/rincon/.m2/repository/org/yaml/snakeyaml/1.17/snakeyaml-1.17.jar:/home/rincon/.m2/repository/io/springfox/springfox-spring-web/2.7.0/springfox-spring-web-2.7.0.jar:/home/rincon/.m2/repository/org/reflections/reflections/0.9.11/reflections-0.9.11.jar:/home/rincon/.m2/repository/com/fasterxml/classmate/1.3.3/classmate-1.3.3.jar:/home/rincon/.m2/repository/org/springframework/plugin/spring-plugin-core/1.2.0.RELEASE/spring-plugin-core-1.2.0.RELEASE.jar:/home/rincon/.m2/repository/org/springframework/plugin/spring-plugin-metadata/1.2.0.RELEASE/spring-plugin-metadata-1.2.0.RELEASE.jar:/home/rincon/.m2/repository/io/springfox/springfox-spi/2.7.0/springfox-spi-2.7.0.jar:/home/rincon/.m2/repository/io/springfox/springfox-core/2.7.0/springfox-core-2.7.0.jar:/home/rincon/.m2/repository/net/bytebuddy/byte-buddy/1.6.14/byte-buddy-1.6.14.jar:/home/rincon/.m2/repository/io/springfox/springfox-swagger2/2.7.0/springfox-swagger2-2.7.0.jar:/home/rincon/.m2/repository/io/swagger/swagger-models/1.5.13/swagger-models-1.5.13.jar:/home/rincon/.m2/repository/io/springfox/springfox-schema/2.7.0/springfox-schema-2.7.0.jar:/home/rincon/.m2/repository/io/springfox/springfox-swagger-common/2.7.0/springfox-swagger-common-2.7.0.jar:/home/rincon/.m2/repository/org/mapstruct/mapstruct/1.1.0.Final/mapstruct-1.1.0.Final.jar:/home/rincon/.m2/repository/io/rest-assured/rest-assured/4.3.0/rest-assured-4.3.0.jar:/home/rincon/.m2/repository/org/apache/httpcomponents/httpclient/4.5.3/httpclient-4.5.3.jar:/home/rincon/.m2/repository/org/apache/httpcomponents/httpcore/4.4.6/httpcore-4.4.6.jar:/home/rincon/.m2/repository/org/apache/httpcomponents/httpmime/4.5.3/httpmime-4.5.3.jar:/home/rincon/.m2/repository/org/hamcrest/hamcrest/2.1/hamcrest-2.1.jar:/home/rincon/.m2/repository/org/ccil/cowan/tagsoup/tagsoup/1.2.1/tagsoup-1.2.1.jar:/home/rincon/.m2/repository/io/rest-assured/xml-path/4.3.0/xml-path-4.3.0.jar:/home/rincon/.m2/repository/io/rest-assured/rest-assured-common/4.3.0/rest-assured-common-4.3.0.jar:/home/rincon/.m2/repository/org/apache/commons/commons-lang3/3.4/commons-lang3-3.4.jar:/home/rincon/.m2/repository/jakarta/xml/bind/jakarta.xml.bind-api/2.3.2/jakarta.xml.bind-api-2.3.2.jar:/home/rincon/.m2/repository/jakarta/activation/jakarta.activation-api/1.2.1/jakarta.activation-api-1.2.1.jar:/home/rincon/.m2/repository/com/sun/xml/bind/jaxb-osgi/2.3.0.1/jaxb-osgi-2.3.0.1.jar:/home/rincon/.m2/repository/org/apache/sling/org.apache.sling.javax.activation/0.1.0/org.apache.sling.javax.activation-0.1.0.jar:/home/rincon/.m2/repository/io/rest-assured/json-path/4.3.0/json-path-4.3.0.jar:/home/rincon/.m2/repository/org/codehaus/groovy/groovy-json/2.4.11/groovy-json-2.4.11.jar:/home/rincon/.m2/repository/io/rest-assured/json-schema-validator/4.3.0/json-schema-validator-4.3.0.jar:/home/rincon/.m2/repository/com/github/java-json-tools/json-schema-validator/2.2.10/json-schema-validator-2.2.10.jar:/home/rincon/.m2/repository/com/github/java-json-tools/json-schema-core/1.2.10/json-schema-core-1.2.10.jar:/home/rincon/.m2/repository/com/github/java-json-tools/jackson-coreutils/1.9/jackson-coreutils-1.9.jar:/home/rincon/.m2/repository/com/github/fge/msg-simple/1.1/msg-simple-1.1.jar:/home/rincon/.m2/repository/com/github/fge/btf/1.2/btf-1.2.jar:/home/rincon/.m2/repository/com/github/fge/uri-template/0.9/uri-template-0.9.jar:/home/rincon/.m2/repository/org/mozilla/rhino/1.7.7.1/rhino-1.7.7.1.jar:/home/rincon/.m2/repository/javax/mail/mailapi/1.4.3/mailapi-1.4.3.jar:/home/rincon/.m2/repository/joda-time/joda-time/2.9.9/joda-time-2.9.9.jar:/home/rincon/.m2/repository/com/googlecode/libphonenumber/libphonenumber/8.0.0/libphonenumber-8.0.0.jar:/home/rincon/.m2/repository/net/sf/jopt-simple/jopt-simple/5.0.3/jopt-simple-5.0.3.jar:/home/rincon/.m2/repository/com/google/code/gson/gson/2.8.9/gson-2.8.9.jar:/home/rincon/.m2/repository/org/codehaus/groovy/groovy/3.0.9/groovy-3.0.9.jar:/home/rincon/.m2/repository/org/codehaus/groovy/groovy-xml/3.0.9/groovy-xml-3.0.9.jar:/home/rincon/.m2/repository/org/evomaster/evomaster-client-java-controller-api/3.0.0/evomaster-client-java-controller-api-3.0.0.jar:/home/rincon/.m2/repository/org/evomaster/evomaster-client-java-sql-dto/3.0.0/evomaster-client-java-sql-dto-3.0.0.jar:/home/rincon/.m2/repository/org/evomaster/evomaster-client-java-controller/3.0.0/evomaster-client-java-controller-3.0.0.jar:/home/rincon/.m2/repository/javax/annotation/javax.annotation-api/1.2/javax.annotation-api-1.2.jar:/home/rincon/.m2/repository/javax/inject/javax.inject/1/javax.inject-1.jar:/home/rincon/.m2/repository/javax/validation/validation-api/1.1.0.Final/validation-api-1.1.0.Final.jar:/home/rincon/.m2/repository/javax/servlet/javax.servlet-api/3.1.0/javax.servlet-api-3.1.0.jar:/home/rincon/.m2/repository/javax/ws/rs/javax.ws.rs-api/2.1.1/javax.ws.rs-api-2.1.1.jar:/home/rincon/.m2/repository/junit/junit/4.4/junit-4.4.jar:"/>
    <property name="sun.cpu.endian" value="little"/>
    <property name="user.home" value="/home/rincon"/>
    <property name="user.language" value="pt"/>
    <property name="java.specification.vendor" value="Oracle Corporation"/>
    <property name="java.home" value="/home/rincon/apps/java/jdk-8/jre"/>
    <property name="basedir" value="/media/rincon/63999417195/eclipse-workspace/EMB-master/jdk_8_maven/cs/rest/original/catwatch/catwatch-backend"/>
    <property name="file.separator" value="/"/>
    <property name="line.separator" value="&#10;"/>
    <property name="java.vm.specification.vendor" value="Oracle Corporation"/>
    <property name="java.specification.name" value="Java Platform API Specification"/>
    <property name="java.awt.graphicsenv" value="sun.awt.X11GraphicsEnvironment"/>
    <property name="surefire.real.class.path" value="/media/rincon/63999417195/eclipse-workspace/EMB-master/jdk_8_maven/cs/rest/original/catwatch/catwatch-backend/target/surefire/surefirebooter3929884320449459998.jar:/home/rincon/.m2/repository/org/jacoco/org.jacoco.agent/0.8.7/org.jacoco.agent-0.8.7-runtime.jar"/>
    <property name="sun.boot.class.path" value="/home/rincon/apps/java/jdk-8/jre/lib/resources.jar:/home/rincon/apps/java/jdk-8/jre/lib/rt.jar:/home/rincon/apps/java/jdk-8/jre/lib/sunrsasign.jar:/home/rincon/apps/java/jdk-8/jre/lib/jsse.jar:/home/rincon/apps/java/jdk-8/jre/lib/jce.jar:/home/rincon/apps/java/jdk-8/jre/lib/charsets.jar:/home/rincon/apps/java/jdk-8/jre/lib/jfr.jar:/home/rincon/apps/java/jdk-8/jre/classes"/>
    <property name="sun.management.compiler" value="HotSpot 64-Bit Tiered Compilers"/>
    <property name="java.runtime.version" value="1.8.0_202-b08"/>
    <property name="user.name" value="rincon"/>
    <property name="path.separator" value=":"/>
    <property name="os.version" value="5.15.0-136-generic"/>
    <property name="java.endorsed.dirs" value="/home/rincon/apps/java/jdk-8/jre/lib/endorsed"/>
    <property name="java.runtime.name" value="Java(TM) SE Runtime Environment"/>
    <property name="file.encoding" value="UTF-8"/>
    <property name="java.vm.name" value="Java HotSpot(TM) 64-Bit Server VM"/>
    <property name="localRepository" value="/home/rincon/.m2/repository"/>
    <property name="java.vendor.url.bug" value="http://bugreport.sun.com/bugreport/"/>
    <property name="java.io.tmpdir" value="/tmp"/>
    <property name="java.version" value="1.8.0_202"/>
    <property name="user.dir" value="/media/rincon/63999417195/eclipse-workspace/EMB-master/jdk_8_maven/cs/rest/original/catwatch/catwatch-backend"/>
    <property name="os.arch" value="amd64"/>
    <property name="java.vm.specification.name" value="Java Virtual Machine Specification"/>
    <property name="java.awt.printerjob" value="sun.print.PSPrinterJob"/>
    <property name="sun.os.patch.level" value="unknown"/>
    <property name="java.library.path" value="/usr/java/packages/lib/amd64:/usr/lib64:/lib64:/lib:/usr/lib"/>
    <property name="java.vm.info" value="mixed mode"/>
    <property name="java.vendor" value="Oracle Corporation"/>
    <property name="java.vm.version" value="25.202-b08"/>
    <property name="java.ext.dirs" value="/home/rincon/apps/java/jdk-8/jre/lib/ext:/usr/java/packages/lib/ext"/>
    <property name="sun.io.unicode.encoding" value="UnicodeLittle"/>
    <property name="java.class.version" value="52.0"/>
    <property name="maven.test.failure.ignore" value="true"/>
  </properties>
  <testcase name="testGetPrimaryLanguage" classname="org.zalando.catwatch.backend.sonnet35_run01_ProjectTest" time="0.001"/>
  <testcase name="testGetOrganizationName" classname="org.zalando.catwatch.backend.sonnet35_run01_ProjectTest" time="0.001"/>
  <testcase name="testGetForksCount" classname="org.zalando.catwatch.backend.sonnet35_run01_ProjectTest" time="0.002"/>
  <testcase name="testGetUrl" classname="org.zalando.catwatch.backend.sonnet35_run01_ProjectTest" time="0.001"/>
  <testcase name="testGetName" classname="org.zalando.catwatch.backend.sonnet35_run01_ProjectTest" time="0.001"/>
  <testcase name="testGetLastPushed" classname="org.zalando.catwatch.backend.sonnet35_run01_ProjectTest" time="0.001"/>
  <testcase name="testConstructor" classname="org.zalando.catwatch.backend.sonnet35_run01_ProjectTest" time="0.002"/>
  <testcase name="testGetStarsCount" classname="org.zalando.catwatch.backend.sonnet35_run01_ProjectTest" time="0.001"/>
  <testcase name="testGetDescription" classname="org.zalando.catwatch.backend.sonnet35_run01_ProjectTest" time="0.002"/>
  <testcase name="testToString" classname="org.zalando.catwatch.backend.sonnet35_run01_ProjectTest" time="0.003"/>
  <testcase name="testGetScore" classname="org.zalando.catwatch.backend.sonnet35_run01_ProjectTest" time="0.001"/>
  <testcase name="testGetImage" classname="org.zalando.catwatch.backend.sonnet35_run01_ProjectTest" time="0.001"/>
  <testcase name="testGetTitle" classname="org.zalando.catwatch.backend.sonnet35_run01_ProjectTest" time="0.001"/>
  <testcase name="testGetCommitsCount" classname="org.zalando.catwatch.backend.sonnet35_run01_ProjectTest" time="0.001"/>
  <testcase name="testGetContributorsCount" classname="org.zalando.catwatch.backend.sonnet35_run01_ProjectTest" time="0.001"/>
  <testcase name="testGetExternalContributorsCount" classname="org.zalando.catwatch.backend.sonnet35_run01_ProjectTest" time="0.001"/>
  <testcase name="testGetMaintainers" classname="org.zalando.catwatch.backend.sonnet35_run01_ProjectTest" time="0.002"/>
  <testcase name="testGetSnapshotDate" classname="org.zalando.catwatch.backend.sonnet35_run01_ProjectTest" time="0.003"/>
</testsuite>