<?xml version="1.0" encoding="UTF-8"?>
<testsuite xmlns:xsi="http://www.w3.org/2001/XMLSchema-instance" xsi:noNamespaceSchemaLocation="https://maven.apache.org/surefire/maven-surefire-plugin/xsd/surefire-test-report.xsd" name="org.zalando.catwatch.backend.sonnet35_run01_MailSenderTest" time="1.812" tests="3" errors="0" skipped="1" failures="0">
  <properties>
    <property name="sun.desktop" value="gnome"/>
    <property name="awt.toolkit" value="sun.awt.X11.XToolkit"/>
    <property name="file.encoding.pkg" value="sun.io"/>
    <property name="java.specification.version" value="1.8"/>
    <property name="sun.cpu.isalist" value=""/>
    <property name="sun.jnu.encoding" value="UTF-8"/>
    <property name="java.class.path" value="/media/rincon/63999417195/eclipse-workspace/EMB-master/jdk_8_maven/cs/rest/original/catwatch/catwatch-backend/target/test-classes:/media/rincon/63999417195/eclipse-workspace/EMB-master/jdk_8_maven/cs/rest/original/catwatch/catwatch-backend/target/classes:/home/rincon/.m2/repository/org/kohsuke/github-api/1.77/github-api-1.77.jar:/home/rincon/.m2/repository/commons-lang/commons-lang/2.6/commons-lang-2.6.jar:/home/rincon/.m2/repository/commons-codec/commons-codec/1.10/commons-codec-1.10.jar:/home/rincon/.m2/repository/com/fasterxml/jackson/core/jackson-databind/2.8.8/jackson-databind-2.8.8.jar:/home/rincon/.m2/repository/commons-io/commons-io/1.4/commons-io-1.4.jar:/home/rincon/.m2/repository/com/infradna/tool/bridge-method-annotation/1.14/bridge-method-annotation-1.14.jar:/home/rincon/.m2/repository/com/squareup/okhttp/okhttp/2.4.0/okhttp-2.4.0.jar:/home/rincon/.m2/repository/com/squareup/okio/okio/1.4.0/okio-1.4.0.jar:/home/rincon/.m2/repository/com/squareup/okhttp/okhttp-urlconnection/2.4.0/okhttp-urlconnection-2.4.0.jar:/home/rincon/.m2/repository/org/springframework/boot/spring-boot-starter-web/1.5.4.RELEASE/spring-boot-starter-web-1.5.4.RELEASE.jar:/home/rincon/.m2/repository/org/springframework/boot/spring-boot-starter/1.5.4.RELEASE/spring-boot-starter-1.5.4.RELEASE.jar:/home/rincon/.m2/repository/org/springframework/boot/spring-boot/1.5.4.RELEASE/spring-boot-1.5.4.RELEASE.jar:/home/rincon/.m2/repository/org/springframework/boot/spring-boot-autoconfigure/1.5.4.RELEASE/spring-boot-autoconfigure-1.5.4.RELEASE.jar:/home/rincon/.m2/repository/org/springframework/boot/spring-boot-starter-logging/1.5.4.RELEASE/spring-boot-starter-logging-1.5.4.RELEASE.jar:/home/rincon/.m2/repository/ch/qos/logback/logback-classic/1.1.11/logback-classic-1.1.11.jar:/home/rincon/.m2/repository/ch/qos/logback/logback-core/1.1.11/logback-core-1.1.11.jar:/home/rincon/.m2/repository/org/slf4j/jul-to-slf4j/1.7.25/jul-to-slf4j-1.7.25.jar:/home/rincon/.m2/repository/org/slf4j/log4j-over-slf4j/1.7.25/log4j-over-slf4j-1.7.25.jar:/home/rincon/.m2/repository/org/springframework/boot/spring-boot-starter-tomcat/1.5.4.RELEASE/spring-boot-starter-tomcat-1.5.4.RELEASE.jar:/home/rincon/.m2/repository/org/apache/tomcat/embed/tomcat-embed-core/8.5.15/tomcat-embed-core-8.5.15.jar:/home/rincon/.m2/repository/org/apache/tomcat/embed/tomcat-embed-el/8.5.15/tomcat-embed-el-8.5.15.jar:/home/rincon/.m2/repository/org/apache/tomcat/embed/tomcat-embed-websocket/8.5.15/tomcat-embed-websocket-8.5.15.jar:/home/rincon/.m2/repository/org/hibernate/hibernate-validator/5.3.5.Final/hibernate-validator-5.3.5.Final.jar:/home/rincon/.m2/repository/org/jboss/logging/jboss-logging/3.3.1.Final/jboss-logging-3.3.1.Final.jar:/home/rincon/.m2/repository/org/springframework/spring-web/4.3.9.RELEASE/spring-web-4.3.9.RELEASE.jar:/home/rincon/.m2/repository/org/springframework/spring-webmvc/4.3.9.RELEASE/spring-webmvc-4.3.9.RELEASE.jar:/home/rincon/.m2/repository/org/springframework/spring-expression/4.3.9.RELEASE/spring-expression-4.3.9.RELEASE.jar:/home/rincon/.m2/repository/org/springframework/retry/spring-retry/1.2.0.RELEASE/spring-retry-1.2.0.RELEASE.jar:/home/rincon/.m2/repository/org/springframework/spring-core/4.3.9.RELEASE/spring-core-4.3.9.RELEASE.jar:/home/rincon/.m2/repository/io/swagger/swagger-annotations/1.5.3/swagger-annotations-1.5.3.jar:/home/rincon/.m2/repository/com/fasterxml/jackson/core/jackson-annotations/2.8.0/jackson-annotations-2.8.0.jar:/home/rincon/.m2/repository/org/springframework/boot/spring-boot-starter-security/1.5.4.RELEASE/spring-boot-starter-security-1.5.4.RELEASE.jar:/home/rincon/.m2/repository/org/springframework/spring-aop/4.3.9.RELEASE/spring-aop-4.3.9.RELEASE.jar:/home/rincon/.m2/repository/org/springframework/security/spring-security-config/4.2.3.RELEASE/spring-security-config-4.2.3.RELEASE.jar:/home/rincon/.m2/repository/org/springframework/security/spring-security-core/4.2.3.RELEASE/spring-security-core-4.2.3.RELEASE.jar:/home/rincon/.m2/repository/org/springframework/security/spring-security-web/4.2.3.RELEASE/spring-security-web-4.2.3.RELEASE.jar:/home/rincon/.m2/repository/org/zalando/stups/stups-spring-oauth2-server/1.0.0/stups-spring-oauth2-server-1.0.0.jar:/home/rincon/.m2/repository/org/springframework/security/oauth/spring-security-oauth2/2.0.14.RELEASE/spring-security-oauth2-2.0.14.RELEASE.jar:/home/rincon/.m2/repository/org/codehaus/jackson/jackson-mapper-asl/1.9.13/jackson-mapper-asl-1.9.13.jar:/home/rincon/.m2/repository/org/codehaus/jackson/jackson-core-asl/1.9.13/jackson-core-asl-1.9.13.jar:/home/rincon/.m2/repository/org/slf4j/slf4j-api/1.7.25/slf4j-api-1.7.25.jar:/home/rincon/.m2/repository/org/springframework/boot/spring-boot-starter-data-jpa/1.5.4.RELEASE/spring-boot-starter-data-jpa-1.5.4.RELEASE.jar:/home/rincon/.m2/repository/org/springframework/boot/spring-boot-starter-aop/1.5.4.RELEASE/spring-boot-starter-aop-1.5.4.RELEASE.jar:/home/rincon/.m2/repository/org/aspectj/aspectjweaver/1.8.10/aspectjweaver-1.8.10.jar:/home/rincon/.m2/repository/org/springframework/boot/spring-boot-starter-jdbc/1.5.4.RELEASE/spring-boot-starter-jdbc-1.5.4.RELEASE.jar:/home/rincon/.m2/repository/org/apache/tomcat/tomcat-jdbc/8.5.15/tomcat-jdbc-8.5.15.jar:/home/rincon/.m2/repository/org/apache/tomcat/tomcat-juli/8.5.15/tomcat-juli-8.5.15.jar:/home/rincon/.m2/repository/org/springframework/spring-jdbc/4.3.9.RELEASE/spring-jdbc-4.3.9.RELEASE.jar:/home/rincon/.m2/repository/org/hibernate/hibernate-core/5.0.12.Final/hibernate-core-5.0.12.Final.jar:/home/rincon/.m2/repository/org/hibernate/javax/persistence/hibernate-jpa-2.1-api/1.0.0.Final/hibernate-jpa-2.1-api-1.0.0.Final.jar:/home/rincon/.m2/repository/org/javassist/javassist/3.21.0-GA/javassist-3.21.0-GA.jar:/home/rincon/.m2/repository/antlr/antlr/2.7.7/antlr-2.7.7.jar:/home/rincon/.m2/repository/org/jboss/jandex/2.0.0.Final/jandex-2.0.0.Final.jar:/home/rincon/.m2/repository/dom4j/dom4j/1.6.1/dom4j-1.6.1.jar:/home/rincon/.m2/repository/org/hibernate/common/hibernate-commons-annotations/5.0.1.Final/hibernate-commons-annotations-5.0.1.Final.jar:/home/rincon/.m2/repository/org/hibernate/hibernate-entitymanager/5.0.12.Final/hibernate-entitymanager-5.0.12.Final.jar:/home/rincon/.m2/repository/javax/transaction/javax.transaction-api/1.2/javax.transaction-api-1.2.jar:/home/rincon/.m2/repository/org/springframework/data/spring-data-jpa/1.11.4.RELEASE/spring-data-jpa-1.11.4.RELEASE.jar:/home/rincon/.m2/repository/org/springframework/data/spring-data-commons/1.13.4.RELEASE/spring-data-commons-1.13.4.RELEASE.jar:/home/rincon/.m2/repository/org/springframework/spring-orm/4.3.9.RELEASE/spring-orm-4.3.9.RELEASE.jar:/home/rincon/.m2/repository/org/springframework/spring-tx/4.3.9.RELEASE/spring-tx-4.3.9.RELEASE.jar:/home/rincon/.m2/repository/org/slf4j/jcl-over-slf4j/1.7.25/jcl-over-slf4j-1.7.25.jar:/home/rincon/.m2/repository/org/springframework/spring-aspects/4.3.9.RELEASE/spring-aspects-4.3.9.RELEASE.jar:/home/rincon/.m2/repository/com/mysema/querydsl/querydsl-jpa/3.6.5/querydsl-jpa-3.6.5.jar:/home/rincon/.m2/repository/com/mysema/querydsl/querydsl-core/3.6.5/querydsl-core-3.6.5.jar:/home/rincon/.m2/repository/com/mysema/commons/mysema-commons-lang/0.2.4/mysema-commons-lang-0.2.4.jar:/home/rincon/.m2/repository/org/flywaydb/flyway-core/3.2.1/flyway-core-3.2.1.jar:/home/rincon/.m2/repository/com/h2database/h2/1.4.195/h2-1.4.195.jar:/home/rincon/.m2/repository/org/postgresql/postgresql/9.4-1201-jdbc41/postgresql-9.4-1201-jdbc41.jar:/home/rincon/.m2/repository/org/springframework/boot/spring-boot-starter-actuator/1.5.4.RELEASE/spring-boot-starter-actuator-1.5.4.RELEASE.jar:/home/rincon/.m2/repository/org/springframework/boot/spring-boot-actuator/1.5.4.RELEASE/spring-boot-actuator-1.5.4.RELEASE.jar:/home/rincon/.m2/repository/com/google/guava/guava/19.0/guava-19.0.jar:/home/rincon/.m2/repository/commons-beanutils/commons-beanutils/1.9.2/commons-beanutils-1.9.2.jar:/home/rincon/.m2/repository/commons-logging/commons-logging/1.1.1/commons-logging-1.1.1.jar:/home/rincon/.m2/repository/commons-collections/commons-collections/3.2.2/commons-collections-3.2.2.jar:/home/rincon/.m2/repository/javax/mail/mail/1.4.7/mail-1.4.7.jar:/home/rincon/.m2/repository/javax/activation/activation/1.1/activation-1.1.jar:/home/rincon/.m2/repository/org/springframework/spring-context-support/4.3.9.RELEASE/spring-context-support-4.3.9.RELEASE.jar:/home/rincon/.m2/repository/org/springframework/spring-beans/4.3.9.RELEASE/spring-beans-4.3.9.RELEASE.jar:/home/rincon/.m2/repository/org/springframework/spring-context/4.3.9.RELEASE/spring-context-4.3.9.RELEASE.jar:/home/rincon/.m2/repository/org/springframework/boot/spring-boot-starter-test/1.5.4.RELEASE/spring-boot-starter-test-1.5.4.RELEASE.jar:/home/rincon/.m2/repository/org/springframework/boot/spring-boot-test/1.5.4.RELEASE/spring-boot-test-1.5.4.RELEASE.jar:/home/rincon/.m2/repository/org/springframework/boot/spring-boot-test-autoconfigure/1.5.4.RELEASE/spring-boot-test-autoconfigure-1.5.4.RELEASE.jar:/home/rincon/.m2/repository/org/assertj/assertj-core/2.6.0/assertj-core-2.6.0.jar:/home/rincon/.m2/repository/org/mockito/mockito-core/1.10.19/mockito-core-1.10.19.jar:/home/rincon/.m2/repository/org/objenesis/objenesis/2.1/objenesis-2.1.jar:/home/rincon/.m2/repository/org/hamcrest/hamcrest-core/1.3/hamcrest-core-1.3.jar:/home/rincon/.m2/repository/org/hamcrest/hamcrest-library/1.3/hamcrest-library-1.3.jar:/home/rincon/.m2/repository/org/skyscreamer/jsonassert/1.4.0/jsonassert-1.4.0.jar:/home/rincon/.m2/repository/com/vaadin/external/google/android-json/0.0.20131108.vaadin1/android-json-0.0.20131108.vaadin1.jar:/home/rincon/.m2/repository/org/springframework/spring-test/4.3.9.RELEASE/spring-test-4.3.9.RELEASE.jar:/home/rincon/.m2/repository/com/jayway/jsonpath/json-path/2.2.0/json-path-2.2.0.jar:/home/rincon/.m2/repository/net/minidev/json-smart/2.2.1/json-smart-2.2.1.jar:/home/rincon/.m2/repository/net/minidev/accessors-smart/1.1/accessors-smart-1.1.jar:/home/rincon/.m2/repository/org/ow2/asm/asm/5.0.3/asm-5.0.3.jar:/home/rincon/.m2/repository/org/subethamail/subethasmtp/3.1.7/subethasmtp-3.1.7.jar:/home/rincon/.m2/repository/com/google/code/findbugs/jsr305/1.3.9/jsr305-1.3.9.jar:/home/rincon/.m2/repository/com/fasterxml/jackson/dataformat/jackson-dataformat-yaml/2.8.8/jackson-dataformat-yaml-2.8.8.jar:/home/rincon/.m2/repository/com/fasterxml/jackson/core/jackson-core/2.8.8/jackson-core-2.8.8.jar:/home/rincon/.m2/repository/org/yaml/snakeyaml/1.17/snakeyaml-1.17.jar:/home/rincon/.m2/repository/io/springfox/springfox-spring-web/2.7.0/springfox-spring-web-2.7.0.jar:/home/rincon/.m2/repository/org/reflections/reflections/0.9.11/reflections-0.9.11.jar:/home/rincon/.m2/repository/com/fasterxml/classmate/1.3.3/classmate-1.3.3.jar:/home/rincon/.m2/repository/org/springframework/plugin/spring-plugin-core/1.2.0.RELEASE/spring-plugin-core-1.2.0.RELEASE.jar:/home/rincon/.m2/repository/org/springframework/plugin/spring-plugin-metadata/1.2.0.RELEASE/spring-plugin-metadata-1.2.0.RELEASE.jar:/home/rincon/.m2/repository/io/springfox/springfox-spi/2.7.0/springfox-spi-2.7.0.jar:/home/rincon/.m2/repository/io/springfox/springfox-core/2.7.0/springfox-core-2.7.0.jar:/home/rincon/.m2/repository/net/bytebuddy/byte-buddy/1.6.14/byte-buddy-1.6.14.jar:/home/rincon/.m2/repository/io/springfox/springfox-swagger2/2.7.0/springfox-swagger2-2.7.0.jar:/home/rincon/.m2/repository/io/swagger/swagger-models/1.5.13/swagger-models-1.5.13.jar:/home/rincon/.m2/repository/io/springfox/springfox-schema/2.7.0/springfox-schema-2.7.0.jar:/home/rincon/.m2/repository/io/springfox/springfox-swagger-common/2.7.0/springfox-swagger-common-2.7.0.jar:/home/rincon/.m2/repository/org/mapstruct/mapstruct/1.1.0.Final/mapstruct-1.1.0.Final.jar:/home/rincon/.m2/repository/io/rest-assured/rest-assured/4.3.0/rest-assured-4.3.0.jar:/home/rincon/.m2/repository/org/apache/httpcomponents/httpclient/4.5.3/httpclient-4.5.3.jar:/home/rincon/.m2/repository/org/apache/httpcomponents/httpcore/4.4.6/httpcore-4.4.6.jar:/home/rincon/.m2/repository/org/apache/httpcomponents/httpmime/4.5.3/httpmime-4.5.3.jar:/home/rincon/.m2/repository/org/hamcrest/hamcrest/2.1/hamcrest-2.1.jar:/home/rincon/.m2/repository/org/ccil/cowan/tagsoup/tagsoup/1.2.1/tagsoup-1.2.1.jar:/home/rincon/.m2/repository/io/rest-assured/xml-path/4.3.0/xml-path-4.3.0.jar:/home/rincon/.m2/repository/io/rest-assured/rest-assured-common/4.3.0/rest-assured-common-4.3.0.jar:/home/rincon/.m2/repository/org/apache/commons/commons-lang3/3.4/commons-lang3-3.4.jar:/home/rincon/.m2/repository/jakarta/xml/bind/jakarta.xml.bind-api/2.3.2/jakarta.xml.bind-api-2.3.2.jar:/home/rincon/.m2/repository/jakarta/activation/jakarta.activation-api/1.2.1/jakarta.activation-api-1.2.1.jar:/home/rincon/.m2/repository/com/sun/xml/bind/jaxb-osgi/2.3.0.1/jaxb-osgi-2.3.0.1.jar:/home/rincon/.m2/repository/org/apache/sling/org.apache.sling.javax.activation/0.1.0/org.apache.sling.javax.activation-0.1.0.jar:/home/rincon/.m2/repository/io/rest-assured/json-path/4.3.0/json-path-4.3.0.jar:/home/rincon/.m2/repository/org/codehaus/groovy/groovy-json/2.4.11/groovy-json-2.4.11.jar:/home/rincon/.m2/repository/io/rest-assured/json-schema-validator/4.3.0/json-schema-validator-4.3.0.jar:/home/rincon/.m2/repository/com/github/java-json-tools/json-schema-validator/2.2.10/json-schema-validator-2.2.10.jar:/home/rincon/.m2/repository/com/github/java-json-tools/json-schema-core/1.2.10/json-schema-core-1.2.10.jar:/home/rincon/.m2/repository/com/github/java-json-tools/jackson-coreutils/1.9/jackson-coreutils-1.9.jar:/home/rincon/.m2/repository/com/github/fge/msg-simple/1.1/msg-simple-1.1.jar:/home/rincon/.m2/repository/com/github/fge/btf/1.2/btf-1.2.jar:/home/rincon/.m2/repository/com/github/fge/uri-template/0.9/uri-template-0.9.jar:/home/rincon/.m2/repository/org/mozilla/rhino/1.7.7.1/rhino-1.7.7.1.jar:/home/rincon/.m2/repository/javax/mail/mailapi/1.4.3/mailapi-1.4.3.jar:/home/rincon/.m2/repository/joda-time/joda-time/2.9.9/joda-time-2.9.9.jar:/home/rincon/.m2/repository/com/googlecode/libphonenumber/libphonenumber/8.0.0/libphonenumber-8.0.0.jar:/home/rincon/.m2/repository/net/sf/jopt-simple/jopt-simple/5.0.3/jopt-simple-5.0.3.jar:/home/rincon/.m2/repository/com/google/code/gson/gson/2.8.9/gson-2.8.9.jar:/home/rincon/.m2/repository/org/codehaus/groovy/groovy/3.0.9/groovy-3.0.9.jar:/home/rincon/.m2/repository/org/codehaus/groovy/groovy-xml/3.0.9/groovy-xml-3.0.9.jar:/home/rincon/.m2/repository/org/evomaster/evomaster-client-java-controller-api/3.0.0/evomaster-client-java-controller-api-3.0.0.jar:/home/rincon/.m2/repository/org/evomaster/evomaster-client-java-sql-dto/3.0.0/evomaster-client-java-sql-dto-3.0.0.jar:/home/rincon/.m2/repository/org/evomaster/evomaster-client-java-controller/3.0.0/evomaster-client-java-controller-3.0.0.jar:/home/rincon/.m2/repository/javax/annotation/javax.annotation-api/1.2/javax.annotation-api-1.2.jar:/home/rincon/.m2/repository/javax/inject/javax.inject/1/javax.inject-1.jar:/home/rincon/.m2/repository/javax/validation/validation-api/1.1.0.Final/validation-api-1.1.0.Final.jar:/home/rincon/.m2/repository/javax/servlet/javax.servlet-api/3.1.0/javax.servlet-api-3.1.0.jar:/home/rincon/.m2/repository/javax/ws/rs/javax.ws.rs-api/2.1.1/javax.ws.rs-api-2.1.1.jar:/home/rincon/.m2/repository/junit/junit/4.4/junit-4.4.jar:"/>
    <property name="java.vm.vendor" value="Oracle Corporation"/>
    <property name="sun.arch.data.model" value="64"/>
    <property name="java.vendor.url" value="http://java.oracle.com/"/>
    <property name="user.timezone" value=""/>
    <property name="java.vm.specification.version" value="1.8"/>
    <property name="os.name" value="Linux"/>
    <property name="user.country" value="BR"/>
    <property name="sun.java.launcher" value="SUN_STANDARD"/>
    <property name="sun.boot.library.path" value="/home/rincon/apps/java/jdk-8/jre/lib/amd64"/>
    <property name="sun.java.command" value="/media/rincon/63999417195/eclipse-workspace/EMB-master/jdk_8_maven/cs/rest/original/catwatch/catwatch-backend/target/surefire/surefirebooter3929884320449459998.jar /media/rincon/63999417195/eclipse-workspace/EMB-master/jdk_8_maven/cs/rest/original/catwatch/catwatch-backend/target/surefire 2025-04-16T13-10-03_563-jvmRun1 surefire2446480464710355785tmp surefire_02992048163200224205tmp"/>
    <property name="surefire.test.class.path" value="/media/rincon/63999417195/eclipse-workspace/EMB-master/jdk_8_maven/cs/rest/original/catwatch/catwatch-backend/target/test-classes:/media/rincon/63999417195/eclipse-workspace/EMB-master/jdk_8_maven/cs/rest/original/catwatch/catwatch-backend/target/classes:/home/rincon/.m2/repository/org/kohsuke/github-api/1.77/github-api-1.77.jar:/home/rincon/.m2/repository/commons-lang/commons-lang/2.6/commons-lang-2.6.jar:/home/rincon/.m2/repository/commons-codec/commons-codec/1.10/commons-codec-1.10.jar:/home/rincon/.m2/repository/com/fasterxml/jackson/core/jackson-databind/2.8.8/jackson-databind-2.8.8.jar:/home/rincon/.m2/repository/commons-io/commons-io/1.4/commons-io-1.4.jar:/home/rincon/.m2/repository/com/infradna/tool/bridge-method-annotation/1.14/bridge-method-annotation-1.14.jar:/home/rincon/.m2/repository/com/squareup/okhttp/okhttp/2.4.0/okhttp-2.4.0.jar:/home/rincon/.m2/repository/com/squareup/okio/okio/1.4.0/okio-1.4.0.jar:/home/rincon/.m2/repository/com/squareup/okhttp/okhttp-urlconnection/2.4.0/okhttp-urlconnection-2.4.0.jar:/home/rincon/.m2/repository/org/springframework/boot/spring-boot-starter-web/1.5.4.RELEASE/spring-boot-starter-web-1.5.4.RELEASE.jar:/home/rincon/.m2/repository/org/springframework/boot/spring-boot-starter/1.5.4.RELEASE/spring-boot-starter-1.5.4.RELEASE.jar:/home/rincon/.m2/repository/org/springframework/boot/spring-boot/1.5.4.RELEASE/spring-boot-1.5.4.RELEASE.jar:/home/rincon/.m2/repository/org/springframework/boot/spring-boot-autoconfigure/1.5.4.RELEASE/spring-boot-autoconfigure-1.5.4.RELEASE.jar:/home/rincon/.m2/repository/org/springframework/boot/spring-boot-starter-logging/1.5.4.RELEASE/spring-boot-starter-logging-1.5.4.RELEASE.jar:/home/rincon/.m2/repository/ch/qos/logback/logback-classic/1.1.11/logback-classic-1.1.11.jar:/home/rincon/.m2/repository/ch/qos/logback/logback-core/1.1.11/logback-core-1.1.11.jar:/home/rincon/.m2/repository/org/slf4j/jul-to-slf4j/1.7.25/jul-to-slf4j-1.7.25.jar:/home/rincon/.m2/repository/org/slf4j/log4j-over-slf4j/1.7.25/log4j-over-slf4j-1.7.25.jar:/home/rincon/.m2/repository/org/springframework/boot/spring-boot-starter-tomcat/1.5.4.RELEASE/spring-boot-starter-tomcat-1.5.4.RELEASE.jar:/home/rincon/.m2/repository/org/apache/tomcat/embed/tomcat-embed-core/8.5.15/tomcat-embed-core-8.5.15.jar:/home/rincon/.m2/repository/org/apache/tomcat/embed/tomcat-embed-el/8.5.15/tomcat-embed-el-8.5.15.jar:/home/rincon/.m2/repository/org/apache/tomcat/embed/tomcat-embed-websocket/8.5.15/tomcat-embed-websocket-8.5.15.jar:/home/rincon/.m2/repository/org/hibernate/hibernate-validator/5.3.5.Final/hibernate-validator-5.3.5.Final.jar:/home/rincon/.m2/repository/org/jboss/logging/jboss-logging/3.3.1.Final/jboss-logging-3.3.1.Final.jar:/home/rincon/.m2/repository/org/springframework/spring-web/4.3.9.RELEASE/spring-web-4.3.9.RELEASE.jar:/home/rincon/.m2/repository/org/springframework/spring-webmvc/4.3.9.RELEASE/spring-webmvc-4.3.9.RELEASE.jar:/home/rincon/.m2/repository/org/springframework/spring-expression/4.3.9.RELEASE/spring-expression-4.3.9.RELEASE.jar:/home/rincon/.m2/repository/org/springframework/retry/spring-retry/1.2.0.RELEASE/spring-retry-1.2.0.RELEASE.jar:/home/rincon/.m2/repository/org/springframework/spring-core/4.3.9.RELEASE/spring-core-4.3.9.RELEASE.jar:/home/rincon/.m2/repository/io/swagger/swagger-annotations/1.5.3/swagger-annotations-1.5.3.jar:/home/rincon/.m2/repository/com/fasterxml/jackson/core/jackson-annotations/2.8.0/jackson-annotations-2.8.0.jar:/home/rincon/.m2/repository/org/springframework/boot/spring-boot-starter-security/1.5.4.RELEASE/spring-boot-starter-security-1.5.4.RELEASE.jar:/home/rincon/.m2/repository/org/springframework/spring-aop/4.3.9.RELEASE/spring-aop-4.3.9.RELEASE.jar:/home/rincon/.m2/repository/org/springframework/security/spring-security-config/4.2.3.RELEASE/spring-security-config-4.2.3.RELEASE.jar:/home/rincon/.m2/repository/org/springframework/security/spring-security-core/4.2.3.RELEASE/spring-security-core-4.2.3.RELEASE.jar:/home/rincon/.m2/repository/org/springframework/security/spring-security-web/4.2.3.RELEASE/spring-security-web-4.2.3.RELEASE.jar:/home/rincon/.m2/repository/org/zalando/stups/stups-spring-oauth2-server/1.0.0/stups-spring-oauth2-server-1.0.0.jar:/home/rincon/.m2/repository/org/springframework/security/oauth/spring-security-oauth2/2.0.14.RELEASE/spring-security-oauth2-2.0.14.RELEASE.jar:/home/rincon/.m2/repository/org/codehaus/jackson/jackson-mapper-asl/1.9.13/jackson-mapper-asl-1.9.13.jar:/home/rincon/.m2/repository/org/codehaus/jackson/jackson-core-asl/1.9.13/jackson-core-asl-1.9.13.jar:/home/rincon/.m2/repository/org/slf4j/slf4j-api/1.7.25/slf4j-api-1.7.25.jar:/home/rincon/.m2/repository/org/springframework/boot/spring-boot-starter-data-jpa/1.5.4.RELEASE/spring-boot-starter-data-jpa-1.5.4.RELEASE.jar:/home/rincon/.m2/repository/org/springframework/boot/spring-boot-starter-aop/1.5.4.RELEASE/spring-boot-starter-aop-1.5.4.RELEASE.jar:/home/rincon/.m2/repository/org/aspectj/aspectjweaver/1.8.10/aspectjweaver-1.8.10.jar:/home/rincon/.m2/repository/org/springframework/boot/spring-boot-starter-jdbc/1.5.4.RELEASE/spring-boot-starter-jdbc-1.5.4.RELEASE.jar:/home/rincon/.m2/repository/org/apache/tomcat/tomcat-jdbc/8.5.15/tomcat-jdbc-8.5.15.jar:/home/rincon/.m2/repository/org/apache/tomcat/tomcat-juli/8.5.15/tomcat-juli-8.5.15.jar:/home/rincon/.m2/repository/org/springframework/spring-jdbc/4.3.9.RELEASE/spring-jdbc-4.3.9.RELEASE.jar:/home/rincon/.m2/repository/org/hibernate/hibernate-core/5.0.12.Final/hibernate-core-5.0.12.Final.jar:/home/rincon/.m2/repository/org/hibernate/javax/persistence/hibernate-jpa-2.1-api/1.0.0.Final/hibernate-jpa-2.1-api-1.0.0.Final.jar:/home/rincon/.m2/repository/org/javassist/javassist/3.21.0-GA/javassist-3.21.0-GA.jar:/home/rincon/.m2/repository/antlr/antlr/2.7.7/antlr-2.7.7.jar:/home/rincon/.m2/repository/org/jboss/jandex/2.0.0.Final/jandex-2.0.0.Final.jar:/home/rincon/.m2/repository/dom4j/dom4j/1.6.1/dom4j-1.6.1.jar:/home/rincon/.m2/repository/org/hibernate/common/hibernate-commons-annotations/5.0.1.Final/hibernate-commons-annotations-5.0.1.Final.jar:/home/rincon/.m2/repository/org/hibernate/hibernate-entitymanager/5.0.12.Final/hibernate-entitymanager-5.0.12.Final.jar:/home/rincon/.m2/repository/javax/transaction/javax.transaction-api/1.2/javax.transaction-api-1.2.jar:/home/rincon/.m2/repository/org/springframework/data/spring-data-jpa/1.11.4.RELEASE/spring-data-jpa-1.11.4.RELEASE.jar:/home/rincon/.m2/repository/org/springframework/data/spring-data-commons/1.13.4.RELEASE/spring-data-commons-1.13.4.RELEASE.jar:/home/rincon/.m2/repository/org/springframework/spring-orm/4.3.9.RELEASE/spring-orm-4.3.9.RELEASE.jar:/home/rincon/.m2/repository/org/springframework/spring-tx/4.3.9.RELEASE/spring-tx-4.3.9.RELEASE.jar:/home/rincon/.m2/repository/org/slf4j/jcl-over-slf4j/1.7.25/jcl-over-slf4j-1.7.25.jar:/home/rincon/.m2/repository/org/springframework/spring-aspects/4.3.9.RELEASE/spring-aspects-4.3.9.RELEASE.jar:/home/rincon/.m2/repository/com/mysema/querydsl/querydsl-jpa/3.6.5/querydsl-jpa-3.6.5.jar:/home/rincon/.m2/repository/com/mysema/querydsl/querydsl-core/3.6.5/querydsl-core-3.6.5.jar:/home/rincon/.m2/repository/com/mysema/commons/mysema-commons-lang/0.2.4/mysema-commons-lang-0.2.4.jar:/home/rincon/.m2/repository/org/flywaydb/flyway-core/3.2.1/flyway-core-3.2.1.jar:/home/rincon/.m2/repository/com/h2database/h2/1.4.195/h2-1.4.195.jar:/home/rincon/.m2/repository/org/postgresql/postgresql/9.4-1201-jdbc41/postgresql-9.4-1201-jdbc41.jar:/home/rincon/.m2/repository/org/springframework/boot/spring-boot-starter-actuator/1.5.4.RELEASE/spring-boot-starter-actuator-1.5.4.RELEASE.jar:/home/rincon/.m2/repository/org/springframework/boot/spring-boot-actuator/1.5.4.RELEASE/spring-boot-actuator-1.5.4.RELEASE.jar:/home/rincon/.m2/repository/com/google/guava/guava/19.0/guava-19.0.jar:/home/rincon/.m2/repository/commons-beanutils/commons-beanutils/1.9.2/commons-beanutils-1.9.2.jar:/home/rincon/.m2/repository/commons-logging/commons-logging/1.1.1/commons-logging-1.1.1.jar:/home/rincon/.m2/repository/commons-collections/commons-collections/3.2.2/commons-collections-3.2.2.jar:/home/rincon/.m2/repository/javax/mail/mail/1.4.7/mail-1.4.7.jar:/home/rincon/.m2/repository/javax/activation/activation/1.1/activation-1.1.jar:/home/rincon/.m2/repository/org/springframework/spring-context-support/4.3.9.RELEASE/spring-context-support-4.3.9.RELEASE.jar:/home/rincon/.m2/repository/org/springframework/spring-beans/4.3.9.RELEASE/spring-beans-4.3.9.RELEASE.jar:/home/rincon/.m2/repository/org/springframework/spring-context/4.3.9.RELEASE/spring-context-4.3.9.RELEASE.jar:/home/rincon/.m2/repository/org/springframework/boot/spring-boot-starter-test/1.5.4.RELEASE/spring-boot-starter-test-1.5.4.RELEASE.jar:/home/rincon/.m2/repository/org/springframework/boot/spring-boot-test/1.5.4.RELEASE/spring-boot-test-1.5.4.RELEASE.jar:/home/rincon/.m2/repository/org/springframework/boot/spring-boot-test-autoconfigure/1.5.4.RELEASE/spring-boot-test-autoconfigure-1.5.4.RELEASE.jar:/home/rincon/.m2/repository/org/assertj/assertj-core/2.6.0/assertj-core-2.6.0.jar:/home/rincon/.m2/repository/org/mockito/mockito-core/1.10.19/mockito-core-1.10.19.jar:/home/rincon/.m2/repository/org/objenesis/objenesis/2.1/objenesis-2.1.jar:/home/rincon/.m2/repository/org/hamcrest/hamcrest-core/1.3/hamcrest-core-1.3.jar:/home/rincon/.m2/repository/org/hamcrest/hamcrest-library/1.3/hamcrest-library-1.3.jar:/home/rincon/.m2/repository/org/skyscreamer/jsonassert/1.4.0/jsonassert-1.4.0.jar:/home/rincon/.m2/repository/com/vaadin/external/google/android-json/0.0.20131108.vaadin1/android-json-0.0.20131108.vaadin1.jar:/home/rincon/.m2/repository/org/springframework/spring-test/4.3.9.RELEASE/spring-test-4.3.9.RELEASE.jar:/home/rincon/.m2/repository/com/jayway/jsonpath/json-path/2.2.0/json-path-2.2.0.jar:/home/rincon/.m2/repository/net/minidev/json-smart/2.2.1/json-smart-2.2.1.jar:/home/rincon/.m2/repository/net/minidev/accessors-smart/1.1/accessors-smart-1.1.jar:/home/rincon/.m2/repository/org/ow2/asm/asm/5.0.3/asm-5.0.3.jar:/home/rincon/.m2/repository/org/subethamail/subethasmtp/3.1.7/subethasmtp-3.1.7.jar:/home/rincon/.m2/repository/com/google/code/findbugs/jsr305/1.3.9/jsr305-1.3.9.jar:/home/rincon/.m2/repository/com/fasterxml/jackson/dataformat/jackson-dataformat-yaml/2.8.8/jackson-dataformat-yaml-2.8.8.jar:/home/rincon/.m2/repository/com/fasterxml/jackson/core/jackson-core/2.8.8/jackson-core-2.8.8.jar:/home/rincon/.m2/repository/org/yaml/snakeyaml/1.17/snakeyaml-1.17.jar:/home/rincon/.m2/repository/io/springfox/springfox-spring-web/2.7.0/springfox-spring-web-2.7.0.jar:/home/rincon/.m2/repository/org/reflections/reflections/0.9.11/reflections-0.9.11.jar:/home/rincon/.m2/repository/com/fasterxml/classmate/1.3.3/classmate-1.3.3.jar:/home/rincon/.m2/repository/org/springframework/plugin/spring-plugin-core/1.2.0.RELEASE/spring-plugin-core-1.2.0.RELEASE.jar:/home/rincon/.m2/repository/org/springframework/plugin/spring-plugin-metadata/1.2.0.RELEASE/spring-plugin-metadata-1.2.0.RELEASE.jar:/home/rincon/.m2/repository/io/springfox/springfox-spi/2.7.0/springfox-spi-2.7.0.jar:/home/rincon/.m2/repository/io/springfox/springfox-core/2.7.0/springfox-core-2.7.0.jar:/home/rincon/.m2/repository/net/bytebuddy/byte-buddy/1.6.14/byte-buddy-1.6.14.jar:/home/rincon/.m2/repository/io/springfox/springfox-swagger2/2.7.0/springfox-swagger2-2.7.0.jar:/home/rincon/.m2/repository/io/swagger/swagger-models/1.5.13/swagger-models-1.5.13.jar:/home/rincon/.m2/repository/io/springfox/springfox-schema/2.7.0/springfox-schema-2.7.0.jar:/home/rincon/.m2/repository/io/springfox/springfox-swagger-common/2.7.0/springfox-swagger-common-2.7.0.jar:/home/rincon/.m2/repository/org/mapstruct/mapstruct/1.1.0.Final/mapstruct-1.1.0.Final.jar:/home/rincon/.m2/repository/io/rest-assured/rest-assured/4.3.0/rest-assured-4.3.0.jar:/home/rincon/.m2/repository/org/apache/httpcomponents/httpclient/4.5.3/httpclient-4.5.3.jar:/home/rincon/.m2/repository/org/apache/httpcomponents/httpcore/4.4.6/httpcore-4.4.6.jar:/home/rincon/.m2/repository/org/apache/httpcomponents/httpmime/4.5.3/httpmime-4.5.3.jar:/home/rincon/.m2/repository/org/hamcrest/hamcrest/2.1/hamcrest-2.1.jar:/home/rincon/.m2/repository/org/ccil/cowan/tagsoup/tagsoup/1.2.1/tagsoup-1.2.1.jar:/home/rincon/.m2/repository/io/rest-assured/xml-path/4.3.0/xml-path-4.3.0.jar:/home/rincon/.m2/repository/io/rest-assured/rest-assured-common/4.3.0/rest-assured-common-4.3.0.jar:/home/rincon/.m2/repository/org/apache/commons/commons-lang3/3.4/commons-lang3-3.4.jar:/home/rincon/.m2/repository/jakarta/xml/bind/jakarta.xml.bind-api/2.3.2/jakarta.xml.bind-api-2.3.2.jar:/home/rincon/.m2/repository/jakarta/activation/jakarta.activation-api/1.2.1/jakarta.activation-api-1.2.1.jar:/home/rincon/.m2/repository/com/sun/xml/bind/jaxb-osgi/2.3.0.1/jaxb-osgi-2.3.0.1.jar:/home/rincon/.m2/repository/org/apache/sling/org.apache.sling.javax.activation/0.1.0/org.apache.sling.javax.activation-0.1.0.jar:/home/rincon/.m2/repository/io/rest-assured/json-path/4.3.0/json-path-4.3.0.jar:/home/rincon/.m2/repository/org/codehaus/groovy/groovy-json/2.4.11/groovy-json-2.4.11.jar:/home/rincon/.m2/repository/io/rest-assured/json-schema-validator/4.3.0/json-schema-validator-4.3.0.jar:/home/rincon/.m2/repository/com/github/java-json-tools/json-schema-validator/2.2.10/json-schema-validator-2.2.10.jar:/home/rincon/.m2/repository/com/github/java-json-tools/json-schema-core/1.2.10/json-schema-core-1.2.10.jar:/home/rincon/.m2/repository/com/github/java-json-tools/jackson-coreutils/1.9/jackson-coreutils-1.9.jar:/home/rincon/.m2/repository/com/github/fge/msg-simple/1.1/msg-simple-1.1.jar:/home/rincon/.m2/repository/com/github/fge/btf/1.2/btf-1.2.jar:/home/rincon/.m2/repository/com/github/fge/uri-template/0.9/uri-template-0.9.jar:/home/rincon/.m2/repository/org/mozilla/rhino/1.7.7.1/rhino-1.7.7.1.jar:/home/rincon/.m2/repository/javax/mail/mailapi/1.4.3/mailapi-1.4.3.jar:/home/rincon/.m2/repository/joda-time/joda-time/2.9.9/joda-time-2.9.9.jar:/home/rincon/.m2/repository/com/googlecode/libphonenumber/libphonenumber/8.0.0/libphonenumber-8.0.0.jar:/home/rincon/.m2/repository/net/sf/jopt-simple/jopt-simple/5.0.3/jopt-simple-5.0.3.jar:/home/rincon/.m2/repository/com/google/code/gson/gson/2.8.9/gson-2.8.9.jar:/home/rincon/.m2/repository/org/codehaus/groovy/groovy/3.0.9/groovy-3.0.9.jar:/home/rincon/.m2/repository/org/codehaus/groovy/groovy-xml/3.0.9/groovy-xml-3.0.9.jar:/home/rincon/.m2/repository/org/evomaster/evomaster-client-java-controller-api/3.0.0/evomaster-client-java-controller-api-3.0.0.jar:/home/rincon/.m2/repository/org/evomaster/evomaster-client-java-sql-dto/3.0.0/evomaster-client-java-sql-dto-3.0.0.jar:/home/rincon/.m2/repository/org/evomaster/evomaster-client-java-controller/3.0.0/evomaster-client-java-controller-3.0.0.jar:/home/rincon/.m2/repository/javax/annotation/javax.annotation-api/1.2/javax.annotation-api-1.2.jar:/home/rincon/.m2/repository/javax/inject/javax.inject/1/javax.inject-1.jar:/home/rincon/.m2/repository/javax/validation/validation-api/1.1.0.Final/validation-api-1.1.0.Final.jar:/home/rincon/.m2/repository/javax/servlet/javax.servlet-api/3.1.0/javax.servlet-api-3.1.0.jar:/home/rincon/.m2/repository/javax/ws/rs/javax.ws.rs-api/2.1.1/javax.ws.rs-api-2.1.1.jar:/home/rincon/.m2/repository/junit/junit/4.4/junit-4.4.jar:"/>
    <property name="sun.cpu.endian" value="little"/>
    <property name="user.home" value="/home/rincon"/>
    <property name="user.language" value="pt"/>
    <property name="java.specification.vendor" value="Oracle Corporation"/>
    <property name="java.home" value="/home/rincon/apps/java/jdk-8/jre"/>
    <property name="basedir" value="/media/rincon/63999417195/eclipse-workspace/EMB-master/jdk_8_maven/cs/rest/original/catwatch/catwatch-backend"/>
    <property name="file.separator" value="/"/>
    <property name="line.separator" value="&#10;"/>
    <property name="java.vm.specification.vendor" value="Oracle Corporation"/>
    <property name="java.specification.name" value="Java Platform API Specification"/>
    <property name="java.awt.graphicsenv" value="sun.awt.X11GraphicsEnvironment"/>
    <property name="surefire.real.class.path" value="/media/rincon/63999417195/eclipse-workspace/EMB-master/jdk_8_maven/cs/rest/original/catwatch/catwatch-backend/target/surefire/surefirebooter3929884320449459998.jar:/home/rincon/.m2/repository/org/jacoco/org.jacoco.agent/0.8.7/org.jacoco.agent-0.8.7-runtime.jar"/>
    <property name="sun.boot.class.path" value="/home/rincon/apps/java/jdk-8/jre/lib/resources.jar:/home/rincon/apps/java/jdk-8/jre/lib/rt.jar:/home/rincon/apps/java/jdk-8/jre/lib/sunrsasign.jar:/home/rincon/apps/java/jdk-8/jre/lib/jsse.jar:/home/rincon/apps/java/jdk-8/jre/lib/jce.jar:/home/rincon/apps/java/jdk-8/jre/lib/charsets.jar:/home/rincon/apps/java/jdk-8/jre/lib/jfr.jar:/home/rincon/apps/java/jdk-8/jre/classes"/>
    <property name="sun.management.compiler" value="HotSpot 64-Bit Tiered Compilers"/>
    <property name="java.runtime.version" value="1.8.0_202-b08"/>
    <property name="user.name" value="rincon"/>
    <property name="path.separator" value=":"/>
    <property name="os.version" value="5.15.0-136-generic"/>
    <property name="java.endorsed.dirs" value="/home/rincon/apps/java/jdk-8/jre/lib/endorsed"/>
    <property name="java.runtime.name" value="Java(TM) SE Runtime Environment"/>
    <property name="file.encoding" value="UTF-8"/>
    <property name="java.vm.name" value="Java HotSpot(TM) 64-Bit Server VM"/>
    <property name="localRepository" value="/home/rincon/.m2/repository"/>
    <property name="java.vendor.url.bug" value="http://bugreport.sun.com/bugreport/"/>
    <property name="java.io.tmpdir" value="/tmp"/>
    <property name="java.version" value="1.8.0_202"/>
    <property name="user.dir" value="/media/rincon/63999417195/eclipse-workspace/EMB-master/jdk_8_maven/cs/rest/original/catwatch/catwatch-backend"/>
    <property name="os.arch" value="amd64"/>
    <property name="java.vm.specification.name" value="Java Virtual Machine Specification"/>
    <property name="java.awt.printerjob" value="sun.print.PSPrinterJob"/>
    <property name="sun.os.patch.level" value="unknown"/>
    <property name="java.library.path" value="/usr/java/packages/lib/amd64:/usr/lib64:/lib64:/lib:/usr/lib"/>
    <property name="java.vm.info" value="mixed mode"/>
    <property name="java.vendor" value="Oracle Corporation"/>
    <property name="java.vm.version" value="25.202-b08"/>
    <property name="java.ext.dirs" value="/home/rincon/apps/java/jdk-8/jre/lib/ext:/usr/java/packages/lib/ext"/>
    <property name="sun.io.unicode.encoding" value="UnicodeLittle"/>
    <property name="java.class.version" value="52.0"/>
    <property name="maven.test.failure.ignore" value="true"/>
  </properties>
  <testcase name="testSendWithNullException" classname="org.zalando.catwatch.backend.sonnet35_run01_MailSenderTest" time="0">
    <skipped/>
    <system-out><![CDATA[
  .   ____          _            __ _ _
 /\\ / ___'_ __ _ _(_)_ __  __ _ \ \ \ \
( ( )\___ | '_ | '_| | '_ \/ _` | \ \ \ \
 \\/  ___)| |_)| | | | | || (_| |  ) ) ) )
  '  |____| .__|_| |_|_| |_\__, | / / / /
 =========|_|==============|___/=/_/_/_/
 :: Spring Boot ::        (v1.5.4.RELEASE)

13:11:46.771 [main] INFO  o.a.m.surefire.booter.ForkedBooter - Starting ForkedBooter v2.22.0 on IFTO-PROBOOK with PID 20544 (started by rincon in /media/rincon/63999417195/eclipse-workspace/EMB-master/jdk_8_maven/cs/rest/original/catwatch/catwatch-backend)
13:11:46.771 [main] INFO  o.a.m.surefire.booter.ForkedBooter - No active profile set, falling back to default profiles: default
13:11:46.772 [main] INFO  o.s.b.c.e.AnnotationConfigEmbeddedWebApplicationContext - Refreshing org.springframework.boot.context.embedded.AnnotationConfigEmbeddedWebApplicationContext@2c65c987: startup date [Wed Apr 16 13:11:46 BRT 2025]; root of context hierarchy
13:11:47.096 [main] INFO  o.s.b.f.a.AutowiredAnnotationBeanPostProcessor - JSR-330 'javax.inject.Inject' annotation found and supported for autowiring
13:11:47.171 [main] INFO  o.s.c.s.PostProcessorRegistrationDelegate$BeanPostProcessorChecker - Bean 'org.springframework.retry.annotation.RetryConfiguration' of type [org.springframework.retry.annotation.RetryConfiguration$$EnhancerBySpringCGLIB$$9a377402] is not eligible for getting processed by all BeanPostProcessors (for example: not eligible for auto-proxying)
13:11:47.178 [main] INFO  o.s.c.s.PostProcessorRegistrationDelegate$BeanPostProcessorChecker - Bean 'org.springframework.transaction.annotation.ProxyTransactionManagementConfiguration' of type [org.springframework.transaction.annotation.ProxyTransactionManagementConfiguration$$EnhancerBySpringCGLIB$$a473dbdd] is not eligible for getting processed by all BeanPostProcessors (for example: not eligible for auto-proxying)
13:11:47.244 [main] INFO  o.s.b.c.e.t.TomcatEmbeddedServletContainer - Tomcat initialized with port(s): 0 (http)
13:11:47.244 [main] INFO  o.a.catalina.core.StandardService - Starting service [Tomcat]
13:11:47.244 [main] INFO  o.a.catalina.core.StandardEngine - Starting Servlet Engine: Apache Tomcat/8.5.15
13:11:47.249 [localhost-startStop-1] INFO  o.a.c.c.C.[.[localhost].[/] - Initializing Spring embedded WebApplicationContext
13:11:47.249 [localhost-startStop-1] INFO  o.s.web.context.ContextLoader - Root WebApplicationContext: initialization completed in 477 ms
13:11:47.367 [localhost-startStop-1] INFO  o.s.b.w.s.FilterRegistrationBean - Mapping filter: 'metricsFilter' to: [/*]
13:11:47.367 [localhost-startStop-1] INFO  o.s.b.w.s.FilterRegistrationBean - Mapping filter: 'characterEncodingFilter' to: [/*]
13:11:47.367 [localhost-startStop-1] INFO  o.s.b.w.s.FilterRegistrationBean - Mapping filter: 'hiddenHttpMethodFilter' to: [/*]
13:11:47.367 [localhost-startStop-1] INFO  o.s.b.w.s.FilterRegistrationBean - Mapping filter: 'httpPutFormContentFilter' to: [/*]
13:11:47.367 [localhost-startStop-1] INFO  o.s.b.w.s.FilterRegistrationBean - Mapping filter: 'requestContextFilter' to: [/*]
13:11:47.367 [localhost-startStop-1] INFO  o.s.b.w.s.DelegatingFilterProxyRegistrationBean - Mapping filter: 'springSecurityFilterChain' to: [/*]
13:11:47.368 [localhost-startStop-1] INFO  o.s.b.w.s.FilterRegistrationBean - Mapping filter: 'webRequestLoggingFilter' to: [/*]
13:11:47.368 [localhost-startStop-1] INFO  o.s.b.w.s.FilterRegistrationBean - Mapping filter: 'corsFilter' to: [/*]
13:11:47.368 [localhost-startStop-1] INFO  o.s.b.w.s.FilterRegistrationBean - Mapping filter: 'applicationContextIdFilter' to: [/*]
13:11:47.368 [localhost-startStop-1] INFO  o.s.b.w.s.ServletRegistrationBean - Mapping servlet: 'dispatcherServlet' to [/]
13:11:47.442 [main] INFO  o.f.c.i.dbsupport.DbSupportFactory - Database: jdbc:h2:mem:testdb (H2 1.4)
13:11:47.445 [main] INFO  o.f.core.internal.command.DbValidate - Validated 6 migrations (execution time 00:00.002s)
13:11:47.447 [main] INFO  o.f.core.internal.command.DbMigrate - Current version of schema "PUBLIC": 006
13:11:47.447 [main] INFO  o.f.core.internal.command.DbMigrate - Schema "PUBLIC" is up to date. No migration necessary.
13:11:47.509 [main] INFO  o.s.o.j.LocalContainerEntityManagerFactoryBean - Building JPA container EntityManagerFactory for persistence unit 'default'
13:11:47.509 [main] INFO  o.h.jpa.internal.util.LogHelper - HHH000204: Processing PersistenceUnitInfo [
	name: default
	...]
13:11:47.520 [main] INFO  org.hibernate.dialect.Dialect - HHH000400: Using dialect: org.hibernate.dialect.H2Dialect
13:11:47.526 [main] WARN  org.hibernate.mapping.RootClass - HHH000038: Composite-id class does not override equals(): org.zalando.catwatch.backend.model.StatisticsKey
13:11:47.526 [main] WARN  org.hibernate.mapping.RootClass - HHH000039: Composite-id class does not override hashCode(): org.zalando.catwatch.backend.model.StatisticsKey
13:11:47.526 [main] WARN  org.hibernate.mapping.RootClass - HHH000038: Composite-id class does not override equals(): org.zalando.catwatch.backend.model.ContributorKey
13:11:47.526 [main] WARN  org.hibernate.mapping.RootClass - HHH000039: Composite-id class does not override hashCode(): org.zalando.catwatch.backend.model.ContributorKey
13:11:47.538 [main] INFO  o.h.tool.hbm2ddl.SchemaUpdate - HHH000228: Running hbm2ddl schema update
13:11:47.556 [main] WARN  o.h.j.i.EntityManagerFactoryRegistry - HHH000436: Entity manager factory name (default) is already registered.  If entity manager will be clustered or passivated, specify a unique value for property 'hibernate.ejb.entitymanager_factory_name'
13:11:47.556 [main] INFO  o.s.o.j.LocalContainerEntityManagerFactoryBean - Initialized JPA EntityManagerFactory for persistence unit 'default'
13:11:47.567 [main] INFO  o.z.c.b.github.SnapshotProvider - Cache directory found: /media/rincon/63999417195/eclipse-workspace/EMB-master/jdk_8_maven/cs/rest/original/catwatch/catwatch-backend/target/cache
13:11:47.567 [main] INFO  o.z.c.b.github.SnapshotProvider - Initialized http client with 50 mb cache.
13:11:47.617 [main] INFO  o.h.h.i.QueryTranslatorFactoryInitiator - HHH000397: Using ASTQueryTranslatorFactory
13:11:47.793 [main] INFO  o.s.w.s.m.m.a.RequestMappingHandlerMapping - Mapped "{[/contributors],methods=[GET],produces=[application/json]}" onto public java.util.List<org.zalando.catwatch.backend.model.Contributor> org.zalando.catwatch.backend.web.ContributorsApi.contributorsGet(java.lang.String,java.lang.Integer,java.lang.Integer,java.lang.String,java.lang.String,java.lang.String,java.lang.String)
13:11:47.793 [main] INFO  o.s.w.s.m.m.a.RequestMappingHandlerMapping - Mapped "{[/languages],methods=[GET],produces=[application/json]}" onto public org.springframework.http.ResponseEntity<java.util.Collection<org.zalando.catwatch.backend.model.Language>> org.zalando.catwatch.backend.web.LanguagesApi.languagesGet(java.lang.String,java.lang.Integer,java.lang.Integer,java.lang.String)
13:11:47.793 [main] INFO  o.s.w.s.m.m.a.RequestMappingHandlerMapping - Mapped "{[/projects],methods=[GET],produces=[application/json]}" onto public org.springframework.http.ResponseEntity<java.util.Collection<org.zalando.catwatch.backend.model.Project>> org.zalando.catwatch.backend.web.ProjectsApi.projectsGet(java.lang.String,java.lang.Integer,java.lang.Integer,java.util.Date,java.util.Date,java.lang.String,java.lang.String,java.lang.String)
13:11:47.794 [main] INFO  o.s.w.s.m.m.a.RequestMappingHandlerMapping - Mapped "{[/statistics/projects],methods=[GET],produces=[application/json]}" onto public org.springframework.http.ResponseEntity<java.util.Collection<org.zalando.catwatch.backend.util.ProjectStats>> org.zalando.catwatch.backend.web.StatisticsApi.statisticsProjectGet(java.lang.String,java.lang.String,java.lang.String) throws java.text.ParseException
13:11:47.794 [main] INFO  o.s.w.s.m.m.a.RequestMappingHandlerMapping - Mapped "{[/statistics/contributors],methods=[GET],produces=[application/json]}" onto public org.springframework.http.ResponseEntity<java.util.Collection<org.zalando.catwatch.backend.util.ContributorStats>> org.zalando.catwatch.backend.web.StatisticsApi.statisticsContributorGet(java.lang.String,java.lang.String,java.lang.String) throws java.text.ParseException
13:11:47.794 [main] INFO  o.s.w.s.m.m.a.RequestMappingHandlerMapping - Mapped "{[/statistics/languages],methods=[GET],produces=[application/json]}" onto public org.springframework.http.ResponseEntity<java.util.Collection<org.zalando.catwatch.backend.util.LanguageStats>> org.zalando.catwatch.backend.web.StatisticsApi.statisticsLanguagesGet(java.lang.String,java.lang.String,java.lang.String)
13:11:47.794 [main] INFO  o.s.w.s.m.m.a.RequestMappingHandlerMapping - Mapped "{[/statistics],methods=[GET],produces=[application/json]}" onto public org.springframework.http.ResponseEntity<java.util.Collection<org.zalando.catwatch.backend.model.Statistics>> org.zalando.catwatch.backend.web.StatisticsApi.statisticsGet(java.lang.String,java.lang.String,java.lang.String)
13:11:47.794 [main] INFO  o.s.w.s.m.m.a.RequestMappingHandlerMapping - Mapped "{[/delete],methods=[GET],produces=[application/json;charset=utf-8]}" onto public java.lang.String org.zalando.catwatch.backend.web.admin.AdminController.deleteAll()
13:11:47.794 [main] INFO  o.s.w.s.m.m.a.RequestMappingHandlerMapping - Mapped "{[/export],methods=[GET],produces=[application/json;charset=utf-8]}" onto public org.zalando.catwatch.backend.web.admin.DatabaseDto org.zalando.catwatch.backend.web.admin.AdminController.exportJson()
13:11:47.795 [main] INFO  o.s.w.s.m.m.a.RequestMappingHandlerMapping - Mapped "{[/import],methods=[POST],produces=[application/json;charset=utf-8]}" onto public java.lang.String org.zalando.catwatch.backend.web.admin.AdminController.importJson(org.zalando.catwatch.backend.web.admin.DatabaseDto)
13:11:47.795 [main] INFO  o.s.w.s.m.m.a.RequestMappingHandlerMapping - Mapped "{[/config/scoring.project],methods=[POST],produces=[application/json;charset=utf-8]}" onto public java.util.List<java.lang.String> org.zalando.catwatch.backend.web.admin.AdminController.configScoringProjects(java.lang.String,java.lang.String)
13:11:47.795 [main] INFO  o.s.w.s.m.m.a.RequestMappingHandlerMapping - Mapped "{[/init],methods=[GET],produces=[application/json;charset=utf-8]}" onto public java.lang.String org.zalando.catwatch.backend.web.admin.AdminController.init()
13:11:47.795 [main] INFO  o.s.w.s.m.m.a.RequestMappingHandlerMapping - Mapped "{[/config],methods=[GET],produces=[application/json]}" onto public java.util.Map<java.lang.String, java.lang.String> org.zalando.catwatch.backend.web.config.ConfigController.config() throws java.lang.Exception
13:11:47.795 [main] INFO  o.s.w.s.m.m.a.RequestMappingHandlerMapping - Mapped "{[/fetch],methods=[GET],produces=[application/json;charset=utf-8]}" onto public java.lang.String org.zalando.catwatch.backend.web.fetch.FetchController.fetch() throws java.lang.Exception
13:11:47.796 [main] INFO  o.s.w.s.m.m.a.RequestMappingHandlerMapping - Mapped "{[/swagger-resources]}" onto public org.springframework.http.ResponseEntity<java.util.List<springfox.documentation.swagger.web.SwaggerResource>> springfox.documentation.swagger.web.ApiResourceController.swaggerResources()
13:11:47.796 [main] INFO  o.s.w.s.m.m.a.RequestMappingHandlerMapping - Mapped "{[/swagger-resources/configuration/security]}" onto public org.springframework.http.ResponseEntity<springfox.documentation.swagger.web.SecurityConfiguration> springfox.documentation.swagger.web.ApiResourceController.securityConfiguration()
13:11:47.796 [main] INFO  o.s.w.s.m.m.a.RequestMappingHandlerMapping - Mapped "{[/swagger-resources/configuration/ui]}" onto public org.springframework.http.ResponseEntity<springfox.documentation.swagger.web.UiConfiguration> springfox.documentation.swagger.web.ApiResourceController.uiConfiguration()
13:11:47.797 [main] INFO  o.s.w.s.m.m.a.RequestMappingHandlerMapping - Mapped "{[/error],produces=[text/html]}" onto public org.springframework.web.servlet.ModelAndView org.springframework.boot.autoconfigure.web.BasicErrorController.errorHtml(javax.servlet.http.HttpServletRequest,javax.servlet.http.HttpServletResponse)
13:11:47.797 [main] INFO  o.s.w.s.m.m.a.RequestMappingHandlerMapping - Mapped "{[/error]}" onto public org.springframework.http.ResponseEntity<java.util.Map<java.lang.String, java.lang.Object>> org.springframework.boot.autoconfigure.web.BasicErrorController.error(javax.servlet.http.HttpServletRequest)
13:11:47.953 [main] INFO  o.s.b.a.e.mvc.EndpointHandlerMapping - Mapped "{[/health || /health.json],methods=[GET],produces=[application/vnd.spring-boot.actuator.v1+json || application/json]}" onto public java.lang.Object org.springframework.boot.actuate.endpoint.mvc.HealthMvcEndpoint.invoke(javax.servlet.http.HttpServletRequest,java.security.Principal)
13:11:48.048 [main] INFO  o.s.b.a.s.AuthenticationManagerConfiguration - 

Using default security password: e69bf8cc-997d-4ff0-bea0-470b324ca146

13:11:48.100 [main] INFO  o.s.s.web.DefaultSecurityFilterChain - Creating filter chain: org.springframework.security.web.util.matcher.AnyRequestMatcher@1, [org.springframework.security.web.context.request.async.WebAsyncManagerIntegrationFilter@54897f83, org.springframework.security.web.context.SecurityContextPersistenceFilter@3bbfe689, org.springframework.security.web.header.HeaderWriterFilter@68fc42ff, org.springframework.security.web.authentication.logout.LogoutFilter@3c41d8e4, org.springframework.security.oauth2.provider.authentication.OAuth2AuthenticationProcessingFilter@310bcfcb, org.springframework.security.web.savedrequest.RequestCacheAwareFilter@5556b035, org.springframework.security.web.servletapi.SecurityContextHolderAwareRequestFilter@5fb7fbda, org.springframework.security.web.authentication.AnonymousAuthenticationFilter@6d490c2e, org.springframework.security.web.session.SessionManagementFilter@17be8565, org.springframework.security.web.access.ExceptionTranslationFilter@53f7ae0d, org.springframework.security.web.access.intercept.FilterSecurityInterceptor@7b4c0c01]
13:11:48.110 [main] INFO  o.s.s.web.DefaultSecurityFilterChain - Creating filter chain: org.springframework.boot.actuate.autoconfigure.ManagementWebSecurityAutoConfiguration$LazyEndpointPathRequestMatcher@1a411ef3, [org.springframework.security.web.context.request.async.WebAsyncManagerIntegrationFilter@3c829d98, org.springframework.security.web.context.SecurityContextPersistenceFilter@3bde4ad5, org.springframework.security.web.header.HeaderWriterFilter@23bcc7e, org.springframework.security.web.authentication.logout.LogoutFilter@560a2c6a, org.springframework.security.web.authentication.www.BasicAuthenticationFilter@f1a742c, org.springframework.security.web.savedrequest.RequestCacheAwareFilter@30553d88, org.springframework.security.web.servletapi.SecurityContextHolderAwareRequestFilter@6cd14fc0, org.springframework.security.web.authentication.AnonymousAuthenticationFilter@1184cc03, org.springframework.security.web.session.SessionManagementFilter@7dd8f73f, org.springframework.security.web.access.ExceptionTranslationFilter@3d06d0c6, org.springframework.security.web.access.intercept.FilterSecurityInterceptor@b44dde6]
13:11:48.131 [main] INFO  s.d.s.w.PropertySourcedRequestMappingHandlerMapping - Mapped URL path [/v2/api-docs] onto method [public org.springframework.http.ResponseEntity<springfox.documentation.spring.web.json.Json> springfox.documentation.swagger2.web.Swagger2Controller.getDocumentation(java.lang.String,javax.servlet.http.HttpServletRequest)]
13:11:48.221 [main] INFO  o.s.w.s.m.m.a.RequestMappingHandlerAdapter - Looking for @ControllerAdvice: org.springframework.boot.context.embedded.AnnotationConfigEmbeddedWebApplicationContext@2c65c987: startup date [Wed Apr 16 13:11:46 BRT 2025]; root of context hierarchy
13:11:48.240 [main] INFO  o.s.w.s.h.SimpleUrlHandlerMapping - Mapped URL path [/webjars/**] onto handler of type [class org.springframework.web.servlet.resource.ResourceHttpRequestHandler]
13:11:48.240 [main] INFO  o.s.w.s.h.SimpleUrlHandlerMapping - Mapped URL path [/**] onto handler of type [class org.springframework.web.servlet.resource.ResourceHttpRequestHandler]
13:11:48.266 [main] INFO  o.s.w.s.h.SimpleUrlHandlerMapping - Mapped URL path [/**/favicon.ico] onto handler of type [class org.springframework.web.servlet.resource.ResourceHttpRequestHandler]
13:11:48.278 [main] INFO  o.s.b.a.w.WebMvcAutoConfiguration$WelcomePageHandlerMapping - Adding welcome page: class path resource [static/index.html]
13:11:48.432 [main] INFO  o.s.j.e.a.AnnotationMBeanExporter - Registering beans for JMX exposure on startup
13:11:48.434 [main] INFO  o.s.b.a.e.jmx.EndpointMBeanExporter - Registering beans for JMX exposure on startup
13:11:48.435 [main] INFO  o.s.c.s.DefaultLifecycleProcessor - Starting beans in phase 0
13:11:48.437 [main] INFO  o.s.b.a.e.jmx.EndpointMBeanExporter - Located managed bean 'healthEndpoint': registering with JMX server as MBean [org.springframework.boot:type=Endpoint,name=healthEndpoint]
13:11:48.441 [main] ERROR o.s.b.a.e.jmx.EndpointMBeanExporter - Could not register MBean for endpoint [healthEndpoint]
org.springframework.jmx.export.UnableToRegisterMBeanException: Unable to register MBean [org.springframework.boot.actuate.endpoint.jmx.DataEndpointMBean@1b368a78] with key 'healthEndpoint'; nested exception is javax.management.InstanceAlreadyExistsException: org.springframework.boot:type=Endpoint,name=healthEndpoint
	at org.springframework.jmx.export.MBeanExporter.registerBeanNameOrInstance(MBeanExporter.java:628)
	at org.springframework.boot.actuate.endpoint.jmx.EndpointMBeanExporter.registerEndpoint(EndpointMBeanExporter.java:214)
	at org.springframework.boot.actuate.endpoint.jmx.EndpointMBeanExporter.registerEndpoints(EndpointMBeanExporter.java:191)
	at org.springframework.boot.actuate.endpoint.jmx.EndpointMBeanExporter.locateAndRegisterEndpoints(EndpointMBeanExporter.java:163)
	at org.springframework.boot.actuate.endpoint.jmx.EndpointMBeanExporter.doStart(EndpointMBeanExporter.java:158)
	at org.springframework.boot.actuate.endpoint.jmx.EndpointMBeanExporter.start(EndpointMBeanExporter.java:337)
	at org.springframework.context.support.DefaultLifecycleProcessor.doStart(DefaultLifecycleProcessor.java:175)
	at org.springframework.context.support.DefaultLifecycleProcessor.access$200(DefaultLifecycleProcessor.java:50)
	at org.springframework.context.support.DefaultLifecycleProcessor$LifecycleGroup.start(DefaultLifecycleProcessor.java:348)
	at org.springframework.context.support.DefaultLifecycleProcessor.startBeans(DefaultLifecycleProcessor.java:151)
	at org.springframework.context.support.DefaultLifecycleProcessor.onRefresh(DefaultLifecycleProcessor.java:114)
	at org.springframework.context.support.AbstractApplicationContext.finishRefresh(AbstractApplicationContext.java:880)
	at org.springframework.boot.context.embedded.EmbeddedWebApplicationContext.finishRefresh(EmbeddedWebApplicationContext.java:144)
	at org.springframework.context.support.AbstractApplicationContext.refresh(AbstractApplicationContext.java:546)
	at org.springframework.boot.context.embedded.EmbeddedWebApplicationContext.refresh(EmbeddedWebApplicationContext.java:122)
	at org.springframework.boot.SpringApplication.refresh(SpringApplication.java:693)
	at org.springframework.boot.SpringApplication.refreshContext(SpringApplication.java:360)
	at org.springframework.boot.SpringApplication.run(SpringApplication.java:303)
	at org.springframework.boot.SpringApplication.run(SpringApplication.java:1118)
	at org.springframework.boot.SpringApplication.run(SpringApplication.java:1107)
	at em.embedded.org.zalando.EmbeddedEvoMasterController.startSut(EmbeddedEvoMasterController.java:62)
	at org.zalando.catwatch.backend.sonnet35_run01_MailSenderTest.initClass(sonnet35_run01_MailSenderTest.java:47)
	at sun.reflect.NativeMethodAccessorImpl.invoke0(Native Method)
	at sun.reflect.NativeMethodAccessorImpl.invoke(NativeMethodAccessorImpl.java:62)
	at sun.reflect.DelegatingMethodAccessorImpl.invoke(DelegatingMethodAccessorImpl.java:43)
	at java.lang.reflect.Method.invoke(Method.java:498)
	at org.junit.internal.runners.ClassRoadie.runBefores(ClassRoadie.java:49)
	at org.junit.internal.runners.ClassRoadie.runProtected(ClassRoadie.java:36)
	at org.junit.internal.runners.JUnit4ClassRunner.run(JUnit4ClassRunner.java:42)
	at org.apache.maven.surefire.junit4.JUnit4Provider.execute(JUnit4Provider.java:365)
	at org.apache.maven.surefire.junit4.JUnit4Provider.executeWithRerun(JUnit4Provider.java:273)
	at org.apache.maven.surefire.junit4.JUnit4Provider.executeTestSet(JUnit4Provider.java:238)
	at org.apache.maven.surefire.junit4.JUnit4Provider.invoke(JUnit4Provider.java:159)
	at org.apache.maven.surefire.booter.ForkedBooter.invokeProviderInSameClassLoader(ForkedBooter.java:383)
	at org.apache.maven.surefire.booter.ForkedBooter.runSuitesInProcess(ForkedBooter.java:344)
	at org.apache.maven.surefire.booter.ForkedBooter.execute(ForkedBooter.java:125)
	at org.apache.maven.surefire.booter.ForkedBooter.main(ForkedBooter.java:417)
Caused by: javax.management.InstanceAlreadyExistsException: org.springframework.boot:type=Endpoint,name=healthEndpoint
	at com.sun.jmx.mbeanserver.Repository.addMBean(Repository.java:437)
	at com.sun.jmx.interceptor.DefaultMBeanServerInterceptor.registerWithRepository(DefaultMBeanServerInterceptor.java:1898)
	at com.sun.jmx.interceptor.DefaultMBeanServerInterceptor.registerDynamicMBean(DefaultMBeanServerInterceptor.java:966)
	at com.sun.jmx.interceptor.DefaultMBeanServerInterceptor.registerObject(DefaultMBeanServerInterceptor.java:900)
	at com.sun.jmx.interceptor.DefaultMBeanServerInterceptor.registerMBean(DefaultMBeanServerInterceptor.java:324)
	at com.sun.jmx.mbeanserver.JmxMBeanServer.registerMBean(JmxMBeanServer.java:522)
	at org.springframework.jmx.support.MBeanRegistrationSupport.doRegister(MBeanRegistrationSupport.java:195)
	at org.springframework.jmx.export.MBeanExporter.registerBeanInstance(MBeanExporter.java:682)
	at org.springframework.jmx.export.MBeanExporter.registerBeanNameOrInstance(MBeanExporter.java:624)
	... 36 common frames omitted
13:11:48.441 [main] INFO  o.s.c.s.DefaultLifecycleProcessor - Starting beans in phase 2147483647
13:11:48.441 [main] INFO  s.d.s.w.p.DocumentationPluginsBootstrapper - Context refreshed
13:11:48.442 [main] INFO  s.d.s.w.p.DocumentationPluginsBootstrapper - Found 1 custom documentation plugin(s)
13:11:48.447 [main] INFO  s.d.s.w.s.ApiListingReferenceScanner - Scanning for api listing references
13:11:48.514 [main] INFO  s.d.s.w.r.o.CachingOperationNameGenerator - Generating unique operation named: invokeUsingGET_1
13:11:48.538 [main] INFO  o.s.s.a.ScheduledAnnotationBeanPostProcessor - No TaskScheduler/ScheduledExecutorService bean found for scheduled processing
13:11:48.539 [main] INFO  o.a.coyote.http11.Http11NioProtocol - Initializing ProtocolHandler ["http-nio-auto-39"]
13:11:48.539 [main] INFO  o.a.coyote.http11.Http11NioProtocol - Starting ProtocolHandler ["http-nio-auto-39"]
13:11:48.540 [main] INFO  o.a.tomcat.util.net.NioSelectorPool - Using a shared selector for servlet write/read
13:11:48.543 [main] INFO  o.s.b.c.e.t.TomcatEmbeddedServletContainer - Tomcat started on port(s): 43265 (http)
13:11:48.546 [main] INFO  o.a.m.surefire.booter.ForkedBooter - Started ForkedBooter in 1.801 seconds (JVM running for 104.822)
]]></system-out>
  </testcase>
  <testcase name="testMailSenderConstructor" classname="org.zalando.catwatch.backend.sonnet35_run01_MailSenderTest" time="0.007"/>
  <testcase name="testSendSuccess" classname="org.zalando.catwatch.backend.sonnet35_run01_MailSenderTest" time="0.004"/>
</testsuite>